make -C /home/adityanathan/superopt-project/superopt-tests/build/TSVC_prior_work RUN=0 eqtest_i386 || exit; make -C /home/adityanathan/superopt-project/superopt-tests/build/TSVC_new RUN=0 eqtest_i386 || exit; make -C /home/adityanathan/superopt-project/superopt-tests/build/LORE_mem_write RUN=0 eqtest_i386 || exit; make -C /home/adityanathan/superopt-project/superopt-tests/build/LORE_no_mem_write RUN=0 eqtest_i386 || exit; make -C /home/adityanathan/superopt-project/superopt-tests/build/paper_ex RUN=0 eqtest_i386 || exit; make -C /home/adityanathan/superopt-project/superopt-tests/build/dietlibc RUN=0 eqtest_i386 || exit;
make[1]: Entering directory '/home/adityanathan/superopt-project/superopt-tests/build/TSVC_prior_work'
cat eqtest_i386_gcc.helper eqtest_i386_clang.helper eqtest_i386_srcdst.helper > eqtest_i386
make[1]: Leaving directory '/home/adityanathan/superopt-project/superopt-tests/build/TSVC_prior_work'
make[1]: Entering directory '/home/adityanathan/superopt-project/superopt-tests/build/TSVC_new'
cat eqtest_i386_gcc.helper eqtest_i386_clang.helper eqtest_i386_srcdst.helper > eqtest_i386
make[1]: Leaving directory '/home/adityanathan/superopt-project/superopt-tests/build/TSVC_new'
make[1]: Entering directory '/home/adityanathan/superopt-project/superopt-tests/build/LORE_mem_write'
cat eqtest_i386_gcc.helper eqtest_i386_clang.helper eqtest_i386_srcdst.helper > eqtest_i386
make[1]: Leaving directory '/home/adityanathan/superopt-project/superopt-tests/build/LORE_mem_write'
make[1]: Entering directory '/home/adityanathan/superopt-project/superopt-tests/build/LORE_no_mem_write'
cat eqtest_i386_gcc.helper eqtest_i386_clang.helper eqtest_i386_srcdst.helper > eqtest_i386
make[1]: Leaving directory '/home/adityanathan/superopt-project/superopt-tests/build/LORE_no_mem_write'
make[1]: Entering directory '/home/adityanathan/superopt-project/superopt-tests/build/paper_ex'
cat eqtest_i386_gcc.helper eqtest_i386_clang.helper eqtest_i386_srcdst.helper > eqtest_i386
make[1]: Leaving directory '/home/adityanathan/superopt-project/superopt-tests/build/paper_ex'
make[1]: Entering directory '/home/adityanathan/superopt-project/superopt-tests/build/dietlibc'
cat eqtest_i386_gcc.helper eqtest_i386_clang.helper eqtest_i386_srcdst.helper > eqtest_i386
make[1]: Leaving directory '/home/adityanathan/superopt-project/superopt-tests/build/dietlibc'
true > /home/adityanathan/superopt-project/superopt-tests/build/eqtest_i386
[[ -f /home/adityanathan/superopt-project/superopt-tests/build/TSVC_prior_work/eqtest_i386 ]] && cat /home/adityanathan/superopt-project/superopt-tests/build/TSVC_prior_work/eqtest_i386 >> /home/adityanathan/superopt-project/superopt-tests/build/eqtest_i386 || exit;  [[ -f /home/adityanathan/superopt-project/superopt-tests/build/TSVC_new/eqtest_i386 ]] && cat /home/adityanathan/superopt-project/superopt-tests/build/TSVC_new/eqtest_i386 >> /home/adityanathan/superopt-project/superopt-tests/build/eqtest_i386 || exit;  [[ -f /home/adityanathan/superopt-project/superopt-tests/build/LORE_mem_write/eqtest_i386 ]] && cat /home/adityanathan/superopt-project/superopt-tests/build/LORE_mem_write/eqtest_i386 >> /home/adityanathan/superopt-project/superopt-tests/build/eqtest_i386 || exit;  [[ -f /home/adityanathan/superopt-project/superopt-tests/build/LORE_no_mem_write/eqtest_i386 ]] && cat /home/adityanathan/superopt-project/superopt-tests/build/LORE_no_mem_write/eqtest_i386 >> /home/adityanathan/superopt-project/superopt-tests/build/eqtest_i386 || exit;  [[ -f /home/adityanathan/superopt-project/superopt-tests/build/paper_ex/eqtest_i386 ]] && cat /home/adityanathan/superopt-project/superopt-tests/build/paper_ex/eqtest_i386 >> /home/adityanathan/superopt-project/superopt-tests/build/eqtest_i386 || exit;  [[ -f /home/adityanathan/superopt-project/superopt-tests/build/dietlibc/eqtest_i386 ]] && cat /home/adityanathan/superopt-project/superopt-tests/build/dietlibc/eqtest_i386 >> /home/adityanathan/superopt-project/superopt-tests/build/eqtest_i386 || exit;
parallel --load "33%" < /home/adityanathan/superopt-project/superopt-tests/build/eqtest_i386
s122_s122.gcc.eqchecker.O3.i386.ALL.log passed -  [10.58]
vtv_vtv.gcc.eqchecker.O3.i386.ALL.log passed -  [23.03]
s1112_s1112.gcc.eqchecker.O3.i386.ALL.log passed -  [20.05]
s1221_s1221.gcc.eqchecker.O3.i386.ALL.log passed -  [25.92]
s121_s121.gcc.eqchecker.O3.i386.ALL.log passed -  [28.47]
s1351_s1351.gcc.eqchecker.O3.i386.ALL.log passed -  [26.75]
s452_s452.gcc.eqchecker.O3.i386.ALL.log passed -  [37.8]
vtvtv_vtvtv.gcc.eqchecker.O3.i386.ALL.log passed -  [40.81]
s2244_s2244.gcc.eqchecker.O3.i386.ALL.log passed -  [63.23]
s1251_s1251.gcc.eqchecker.O3.i386.ALL.log passed -  [72.56]
s243_s243.gcc.eqchecker.O3.i386.ALL.log passed -  [33.68]
s1281_s1281.gcc.eqchecker.O3.i386.ALL.log passed -  [80.65]
s000_s000.gcc.eqchecker.O3.i386.ALL.log passed -  [18.6]
vpv_vpv.gcc.eqchecker.O3.i386.ALL.log passed -  [18.62]
s453_s453.gcc.eqchecker.O3.i386.ALL.log passed -  [23.16]
s173_s173.gcc.eqchecker.O3.i386.ALL.log passed -  [21.34]
vpvts_vpvts.gcc.eqchecker.O3.i386.ALL.log passed -  [25.11]
vpvtv_vpvtv.gcc.eqchecker.O3.i386.ALL.log passed -  [32.65]
vdotr_vdotr.gcc.eqchecker.O3.i386.ALL.log passed -  [26.88]
sum1d_sum1d.gcc.eqchecker.O3.i386.ALL.log passed -  [12.98]
s112_s112.clang.eqchecker.O3.i386.ALL.log passed -  [11.35]
vpvpv_vpvpv.gcc.eqchecker.O3.i386.ALL.log passed -  [26.12]
s112_s112.gcc.eqchecker.O3.i386.ALL.log passed -  [29.37]
s1112_s1112.clang.eqchecker.O3.i386.ALL.log FAILED: UNKNOWN -  [8.63]
s1221_s1221.clang.eqchecker.O3.i386.ALL.log FAILED: UNKNOWN -  [9.92]
vtv_vtv.clang.eqchecker.O3.i386.ALL.log FAILED: UNKNOWN -  [14.68]
vpvts_vpvts.clang.eqchecker.O3.i386.ALL.log FAILED: UNKNOWN -  [24.3]
s1351_s1351.clang.eqchecker.O3.i386.ALL.log FAILED: UNKNOWN -  [9.64]
vtvtv_vtvtv.clang.eqchecker.O3.i386.ALL.log FAILED: UNKNOWN -  [52.2]
s121_s121.clang.eqchecker.O3.i386.ALL.log FAILED: UNKNOWN -  [9.54]
s122_s122.clang.eqchecker.O3.i386.ALL.log passed -  [9.49]
s173_s173.clang.eqchecker.O3.i386.ALL.log FAILED: UNKNOWN -  [8.47]
s162_s162.gcc.eqchecker.O3.i386.ALL.log passed -  [4322.5]
vpvpv_vpvpv.clang.eqchecker.O3.i386.ALL.log FAILED: UNKNOWN -  [11.84]
s127_s127.gcc.eqchecker.O3.i386.ALL.log passed -  [4798.28]
s453_s453.clang.eqchecker.O3.i386.ALL.log FAILED: UNKNOWN -  [13.86]
vpvtv_vpvtv.clang.eqchecker.O3.i386.ALL.log FAILED: UNKNOWN -  [23.6]
s251_s251.gcc.eqchecker.O3.i386.ALL.log passed -  [6020.91]
s452_s452.clang.eqchecker.O3.i386.ALL.log FAILED: UNKNOWN -  [38.33]
s162_s162.clang.eqchecker.O3.i386.ALL.log passed -  [5820.85]
s000_s000.clang.eqchecker.O3.i386.ALL.log FAILED: UNKNOWN -  [11.2]
s251_s251.clang.eqchecker.O3.i386.ALL.log passed -  [24920.5]
s131_s131.gcc.eqchecker.O3.i386.ALL.log passed -  [26.78]
s351_s351.clang.eqchecker.O3.i386.ALL.log passed -  [23711.4]
s132_s132.gcc.eqchecker.O3.i386.ALL.log passed -  [50.67]
s319_s319.gcc.eqchecker.O3.i386.ALL.log passed -  [85.01]
s128_s128.gcc.eqchecker.O3.i386.ALL.log passed -  [51.36]
s421_s421.gcc.eqchecker.O3.i386.ALL.log passed -  [61.82]
s471_s471.gcc.eqchecker.O3.i386.ALL.log passed -  [13528.2]
s2233_s2233.gcc.eqchecker.O3.i386.ALL.log FAILED: relocatable-memlabels-check-failed -  [293.59]
s111_s111.gcc.eqchecker.O3.i386.ALL.log passed -  [48.73]
s174_s174.gcc.eqchecker.O3.i386.ALL.log FAILED: UNKNOWN -  [555.42]
s3251_s3251.gcc.eqchecker.O3.i386.ALL.log passed -  [35136.7]
sum1d_sum1d.clang.eqchecker.O3.i386.ALL.log FAILED: TIMEOUT -  [36024.6]
s311_s311.gcc.eqchecker.O3.i386.ALL.log passed -  [14.9]
s127_s127.clang.eqchecker.O3.i386.ALL.log FAILED: TIMEOUT -  [36474.7]
s423_s423.gcc.eqchecker.O3.i386.ALL.log passed -  [137.1]
s113_s113.gcc.eqchecker.O3.i386.ALL.log passed -  [32.83]
s1421_s1421.gcc.eqchecker.O3.i386.ALL.log passed -  [77.87]
s243_s243.clang.eqchecker.O3.i386.ALL.log passed -  [39487.8]
s125_s125.gcc.eqchecker.O3.i386.ALL.log passed -  [2234.02]
s119_s119.gcc.eqchecker.O3.i386.ALL.log FAILED: relocatable-memlabels-check-failed -  [147.61]
va_va.gcc.eqchecker.O3.i386.ALL.log passed -  [14.02]
s1421_s1421.clang.eqchecker.O3.i386.ALL.log FAILED: UNKNOWN -  [14.84]
s1251_s1251.clang.eqchecker.O3.i386.ALL.log passed -  [37644.5]
s171_s171.clang.eqchecker.O3.i386.ALL.log FAILED: UNKNOWN -  [15.0]
s132_s132.clang.eqchecker.O3.i386.ALL.log FAILED: UNKNOWN -  [54.54]
s116_s116.clang.eqchecker.O3.i386.ALL.log passed -  [415.69]
s2244_s2244.clang.eqchecker.O3.i386.ALL.log passed -  [42214.8]
s1111_s1111.gcc.eqchecker.O3.i386.ALL.log passed -  [12779.6]
s174_s174.clang.eqchecker.O3.i386.ALL.log FAILED: UNKNOWN -  [635.03]
s351_s351.gcc.eqchecker.O3.i386.ALL.log passed -  [43236.6]
s254_s254.clang.eqchecker.O3.i386.ALL.log FAILED: UNKNOWN -  [20.65]
s423_s423.clang.eqchecker.O3.i386.ALL.log FAILED: UNKNOWN -  [28.97]
s421_s421.clang.eqchecker.O3.i386.ALL.log FAILED: UNKNOWN -  [32.71]
va_va.clang.eqchecker.O3.i386.ALL.log FAILED: UNKNOWN -  [7.12]
s119_s119.clang.eqchecker.O3.i386.ALL.log passed -  [2400.32]
vdotr_vdotr.clang.eqchecker.O3.i386.ALL.log FAILED: TIMEOUT -  [36041.8]
s1281_s1281.clang.eqchecker.O3.i386.ALL.log passed -  [47123.9]
s352_s352.clang.eqchecker.O3.i386.ALL.log passed -  [1504.01]
