<MSG>Converting LLVM IR bitcode to Transfer Function Graph (TFG) for function s119</MSG>
<MSG>Converting C source code to LLVM IR bitcode...</MSG>
<MSG>Converting LLVM IR bitcode to Transfer Function Graph (TFG)...</MSG>
<MSG>Converting assembly code to object file...</MSG>
<MSG>Harvesting object code to obtain harvested assembly...</MSG>
<MSG>Converting harvested assembly to Transfer Function Graph (TFG)...</MSG>
<MSG>Searching for equivalence at unroll factor 8</MSG>
<MSG>Computing equivalence for function: s119...</MSG>
<MSG>Computing equivalence of the two TFGs (LLVM IR and x86 assembly)...</MSG>
<MSG>Chose product-TFG  from a frontier of size 1...</MSG>
<MSG>Created 6 possibilities in group A...</MSG>
<MSG>Chose product-TFG A6 from a frontier of size 6...</MSG>
<MSG>product-TFG A6 created 1 possibilities in group A6.B...</MSG>
<MSG>Chose product-TFG A6.B1 from a frontier of size 6...</MSG>
<MSG>product-TFG A6.B1 created 3 possibilities in group A6.B1.C...</MSG>
<MSG>Chose product-TFG A6.B1.C3 from a frontier of size 8...</MSG>
<MSG>product-TFG A6.B1.C3 created 27 possibilities in group A6.B1.C3.D...</MSG>
<MSG>Chose product-TFG A6.B1.C3.D20 from a frontier of size 34...</MSG>
<MSG>Chosen product-TFG failed the edge correlation criterion...</MSG>
<MSG>Chose product-TFG A6.B1.C3.D21 from a frontier of size 33...</MSG>
<MSG>Chosen product-TFG failed the edge correlation criterion...</MSG>
<MSG>Chose product-TFG A6.B1.C3.D22 from a frontier of size 32...</MSG>
<MSG>Chosen product-TFG failed the edge correlation criterion...</MSG>
<MSG>Chose product-TFG A6.B1.C3.D23 from a frontier of size 31...</MSG>
<MSG>Chosen product-TFG failed the edge correlation criterion...</MSG>
<MSG>Chose product-TFG A6.B1.C3.D24 from a frontier of size 30...</MSG>
<MSG>Chosen product-TFG failed the edge correlation criterion...</MSG>
<MSG>Chose product-TFG A6.B1.C3.D25 from a frontier of size 29...</MSG>
<MSG>Chosen product-TFG failed the edge correlation criterion...</MSG>
<MSG>Chose product-TFG A6.B1.C3.D26 from a frontier of size 28...</MSG>
<MSG>product-TFG A6.B1.C3.D26 created 1 possibilities in group A6.B1.C3.D26.E...</MSG>
<MSG>Chose product-TFG A6.B1.C3.D26.E1 from a frontier of size 28...</MSG>
<MSG>Chosen product-TFG represents our required correlation graph...</MSG>
<MSG>Checking equivalence proof...</MSG>
<MSG>Equivalence check passed: product CFG has strong enough inductive invariants...</MSG>
<MSG>Checking equivalence proof with relocatable memlabels...</MSG>
<MSG>Forcing use of abstract memlabel assertions...</MSG>
<MSG>Equivalence check passed: product CFG has strong enough inductive invariants...</MSG>
<MSG>Equivalence check passed on product CFG with relocatable memlabels...</MSG>
<MSG>Check passed on product-CFG...</MSG>
<MSG>Safety check passed on product-CFG...</MSG>
<MSG>DST Memlabel check passed on product-CFG...</MSG>
PASS equivalence check for function s119. 2400.74s, query:smt.: 185.414s (num_starts 5205), decide_hoare_triple.ce.: 1791.73s (num_starts 3094), decide_hoare_triple_helper.: 2020.82s (num_starts 3832)
Time taken for equivalence check.: 2400.32s (num_starts 1)
Equivalence proof found. The programs are equivalent.
