<MSG>Converting LLVM IR bitcode to Transfer Function Graph (TFG) for function s119</MSG>
<MSG>Converting C source code to LLVM IR bitcode...</MSG>
<MSG>Converting LLVM IR bitcode to Transfer Function Graph (TFG)...</MSG>
<MSG>Converting assembly code to object file...</MSG>
<MSG>Harvesting object code to obtain harvested assembly...</MSG>
<MSG>Converting harvested assembly to Transfer Function Graph (TFG)...</MSG>
<MSG>Searching for equivalence at unroll factor 4</MSG>
<MSG>Computing equivalence for function: s119...</MSG>
<MSG>Computing equivalence of the two TFGs (LLVM IR and x86 assembly)...</MSG>
<MSG>Chose product-TFG  from a frontier of size 1...</MSG>
<MSG>Created 6 possibilities in group A...</MSG>
<MSG>Chose product-TFG A6 from a frontier of size 6...</MSG>
<MSG>product-TFG A6 created 1 possibilities in group A6.B...</MSG>
<MSG>Chose product-TFG A6.B1 from a frontier of size 6...</MSG>
<MSG>product-TFG A6.B1 created 3 possibilities in group A6.B1.C...</MSG>
<MSG>Chose product-TFG A6.B1.C3 from a frontier of size 8...</MSG>
<MSG>product-TFG A6.B1.C3 created 16 possibilities in group A6.B1.C3.D...</MSG>
<MSG>Chose product-TFG A6.B1.C3.D12 from a frontier of size 23...</MSG>
<MSG>Chosen product-TFG failed the edge correlation criterion...</MSG>
<MSG>Chose product-TFG A6.B1.C3.D13 from a frontier of size 22...</MSG>
<MSG>Chosen product-TFG failed the edge correlation criterion...</MSG>
<MSG>Chose product-TFG A6.B1.C3.D14 from a frontier of size 21...</MSG>
<MSG>Chosen product-TFG failed the edge correlation criterion...</MSG>
<MSG>Chose product-TFG A6.B1.C3.D15 from a frontier of size 20...</MSG>
<MSG>Chosen product-TFG failed the edge correlation criterion...</MSG>
<MSG>Chose product-TFG A6.B1.C3.D3 from a frontier of size 19...</MSG>
<MSG>product-TFG A6.B1.C3.D3 created 13 possibilities in group A6.B1.C3.D3.E...</MSG>
<MSG>Chose product-TFG A6.B1.C3.D3.E10 from a frontier of size 31...</MSG>
<MSG>product-TFG A6.B1.C3.D3.E10 created 1 possibilities in group A6.B1.C3.D3.E10.F...</MSG>
<MSG>Chose product-TFG A6.B1.C3.D3.E10.F1 from a frontier of size 31...</MSG>
<MSG>Chosen product-TFG represents our required correlation graph...</MSG>
<MSG>Checking equivalence proof...</MSG>
<MSG>Equivalence check passed: product CFG has strong enough inductive invariants...</MSG>
<MSG>Checking equivalence proof with relocatable memlabels...</MSG>
<MSG>Forcing use of abstract memlabel assertions...</MSG>
<MSG>Equivalence check failed on product CFG with relocatable memlabels...</MSG>
FAIL equivalence check for function s119. 147.98s, query:smt.: 60.0461s (num_starts 1188), decide_hoare_triple.ce.: 131.153s (num_starts 1400), decide_hoare_triple_helper.: 120.737s (num_starts 1638)
Could not ascertain equivalence for function s119
<ERR>Could not ascertain equivalence for function s119</ERR>
Time taken for equivalence check.: 147.611s (num_starts 1)
Equivalence proof not found after an exhaustive search.
