<MSG>Converting LLVM IR bitcode to Transfer Function Graph (TFG) for function s122</MSG>
<MSG>Converting C source code to LLVM IR bitcode...</MSG>
<MSG>Converting LLVM IR bitcode to Transfer Function Graph (TFG)...</MSG>
<MSG>Converting assembly code to object file...</MSG>
<MSG>Harvesting object code to obtain harvested assembly...</MSG>
<MSG>Converting harvested assembly to Transfer Function Graph (TFG)...</MSG>
<MSG>Searching for equivalence at unroll factor 2</MSG>
<MSG>Computing equivalence for function: s122...</MSG>
<MSG>Computing equivalence of the two TFGs (LLVM IR and x86 assembly)...</MSG>
<MSG>Chose product-TFG  from a frontier of size 1...</MSG>
<MSG>Created 3 possibilities in group A...</MSG>
<MSG>Chose product-TFG A3 from a frontier of size 3...</MSG>
<MSG>product-TFG A3 created 3 possibilities in group A3.B...</MSG>
<MSG>Chose product-TFG A3.B3 from a frontier of size 5...</MSG>
<MSG>product-TFG A3.B3 created 1 possibilities in group A3.B3.C...</MSG>
<MSG>Chose product-TFG A3.B3.C1 from a frontier of size 5...</MSG>
<MSG>product-TFG A3.B3.C1 created 1 possibilities in group A3.B3.C1.D...</MSG>
<MSG>Chose product-TFG A3.B3.C1.D1 from a frontier of size 5...</MSG>
<MSG>Chosen product-TFG represents our required correlation graph...</MSG>
<MSG>Checking equivalence proof...</MSG>
<MSG>Equivalence check passed: product CFG has strong enough inductive invariants...</MSG>
<MSG>Checking equivalence proof with relocatable memlabels...</MSG>
<MSG>Forcing use of abstract memlabel assertions...</MSG>
<MSG>Equivalence check passed: product CFG has strong enough inductive invariants...</MSG>
<MSG>Equivalence check passed on product CFG with relocatable memlabels...</MSG>
<MSG>Check passed on product-CFG...</MSG>
<MSG>Safety check passed on product-CFG...</MSG>
<MSG>DST Memlabel check passed on product-CFG...</MSG>
PASS equivalence check for function s122. 9.89s, query:smt.: 5.26079s (num_starts 194), decide_hoare_triple.ce.: 7.36948s (num_starts 375), decide_hoare_triple_helper.: 6.20332s (num_starts 496)
Time taken for equivalence check.: 9.48797s (num_starts 1)
Equivalence proof found. The programs are equivalent.
