<MSG>Converting LLVM IR bitcode to Transfer Function Graph (TFG) for function s127</MSG>
<MSG>Converting C source code to LLVM IR bitcode...</MSG>
<MSG>Converting LLVM IR bitcode to Transfer Function Graph (TFG)...</MSG>
<MSG>Converting assembly code to object file...</MSG>
<MSG>Harvesting object code to obtain harvested assembly...</MSG>
<MSG>Converting harvested assembly to Transfer Function Graph (TFG)...</MSG>
<MSG>Searching for equivalence at unroll factor 8</MSG>
<MSG>Computing equivalence for function: s127...</MSG>
<MSG>Computing equivalence of the two TFGs (LLVM IR and x86 assembly)...</MSG>
<MSG>Chose product-TFG  from a frontier of size 1...</MSG>
<MSG>Created 3 possibilities in group A...</MSG>
<MSG>Chose product-TFG A3 from a frontier of size 3...</MSG>
<MSG>product-TFG A3 created 3 possibilities in group A3.B...</MSG>
<MSG>Chose product-TFG A3.B3 from a frontier of size 5...</MSG>
WARNING : Solver timeout
WARNING : Solver timeout
<MSG>product-TFG A3.B3 created 1 possibilities in group A3.B3.C...</MSG>
find_correlation 172: Equivalence check timed out after 36474.67 seconds.
check_eq 149: correlation check failed
FAIL equivalence check for function s127. 36475.53s, query:smt.: 34763.9s (num_starts 17512), decide_hoare_triple.ce.: 36443.4s (num_starts 383), decide_hoare_triple_helper.: 36435.6s (num_starts 383)
Could not ascertain equivalence for function s127
<ERR>Could not ascertain equivalence for function s127</ERR>
Time taken for equivalence check.: 36474.7s (num_starts 1)
Equivalence proof not found after an exhaustive search.
