<MSG>Converting LLVM IR bitcode to Transfer Function Graph (TFG) for function s132</MSG>
<MSG>Converting C source code to LLVM IR bitcode...</MSG>
<MSG>Converting LLVM IR bitcode to Transfer Function Graph (TFG)...</MSG>
<MSG>Converting assembly code to object file...</MSG>
<MSG>Harvesting object code to obtain harvested assembly...</MSG>
<MSG>Converting harvested assembly to Transfer Function Graph (TFG)...</MSG>
<MSG>Searching for equivalence at unroll factor 8</MSG>
<MSG>Computing equivalence for function: s132...</MSG>
<MSG>Computing equivalence of the two TFGs (LLVM IR and x86 assembly)...</MSG>
<MSG>Chose product-TFG  from a frontier of size 1...</MSG>
<MSG>Created 3 possibilities in group A...</MSG>
<MSG>Chose product-TFG A3 from a frontier of size 3...</MSG>
<MSG>product-TFG A3 created 3 possibilities in group A3.B...</MSG>
<MSG>Chose product-TFG A3.B3 from a frontier of size 5...</MSG>
<MSG>Chosen product-TFG failed the edge correlation criterion...</MSG>
<MSG>Chose product-TFG A3.B2 from a frontier of size 4...</MSG>
<MSG>Chosen product-TFG failed the edge correlation criterion...</MSG>
<MSG>Chose product-TFG A3.B1 from a frontier of size 3...</MSG>
<MSG>Chosen product-TFG failed the edge correlation criterion...</MSG>
<MSG>Chose product-TFG A2 from a frontier of size 2...</MSG>
<MSG>product-TFG was not fruitful.
</MSG>
<MSG>Chose product-TFG A1 from a frontier of size 1...</MSG>
<MSG>product-TFG was not fruitful.
</MSG>
check_eq 149: correlation check failed
FAIL equivalence check for function s132. 55.64s, query:smt.: 5.39655s (num_starts 141), decide_hoare_triple.ce.: 13.3744s (num_starts 587), decide_hoare_triple_helper.: 6.29606s (num_starts 587)
Could not ascertain equivalence for function s132
<ERR>Could not ascertain equivalence for function s132</ERR>
Time taken for equivalence check.: 54.5428s (num_starts 1)
Equivalence proof not found after an exhaustive search.
