<MSG>Converting LLVM IR bitcode to Transfer Function Graph (TFG) for function s1421</MSG>
<MSG>Converting C source code to LLVM IR bitcode...</MSG>
<MSG>Converting LLVM IR bitcode to Transfer Function Graph (TFG)...</MSG>
<MSG>Converting assembly code to object file...</MSG>
<MSG>Harvesting object code to obtain harvested assembly...</MSG>
<MSG>Converting harvested assembly to Transfer Function Graph (TFG)...</MSG>
<MSG>Searching for equivalence at unroll factor 4</MSG>
<MSG>Computing equivalence for function: s1421...</MSG>
<MSG>Computing equivalence of the two TFGs (LLVM IR and x86 assembly)...</MSG>
<MSG>Chose product-TFG  from a frontier of size 1...</MSG>
<MSG>Created 3 possibilities in group A...</MSG>
<MSG>Chose product-TFG A3 from a frontier of size 3...</MSG>
<MSG>product-TFG A3 created 3 possibilities in group A3.B...</MSG>
<MSG>Chose product-TFG A3.B3 from a frontier of size 5...</MSG>
<MSG>product-TFG A3.B3 created 14 possibilities in group A3.B3.C...</MSG>
<MSG>Chose product-TFG A3.B3.C11 from a frontier of size 18...</MSG>
<MSG>product-TFG A3.B3.C11 created 12 possibilities in group A3.B3.C11.D...</MSG>
<MSG>Chose product-TFG A3.B3.C11.D12 from a frontier of size 29...</MSG>
<MSG>product-TFG A3.B3.C11.D12 created 1 possibilities in group A3.B3.C11.D12.E...</MSG>
<MSG>Chose product-TFG A3.B3.C11.D12.E1 from a frontier of size 29...</MSG>
<MSG>Chosen product-TFG represents our required correlation graph...</MSG>
<MSG>Checking equivalence proof...</MSG>
<MSG>Equivalence check passed: product CFG has strong enough inductive invariants...</MSG>
<MSG>Checking equivalence proof with relocatable memlabels...</MSG>
<MSG>Forcing use of abstract memlabel assertions...</MSG>
<MSG>Equivalence check passed: product CFG has strong enough inductive invariants...</MSG>
<MSG>Equivalence check passed on product CFG with relocatable memlabels...</MSG>
<MSG>Check passed on product-CFG...</MSG>
<MSG>Safety check passed on product-CFG...</MSG>
<MSG>DST Memlabel check passed on product-CFG...</MSG>
PASS equivalence check for function s1421. 78.32s, query:smt.: 40.8869s (num_starts 537), decide_hoare_triple.ce.: 63.3115s (num_starts 974), decide_hoare_triple_helper.: 61.4463s (num_starts 1280)
Time taken for equivalence check.: 77.8699s (num_starts 1)
Equivalence proof found. The programs are equivalent.
