<MSG>Converting LLVM IR bitcode to Transfer Function Graph (TFG) for function s162</MSG>
<MSG>Converting C source code to LLVM IR bitcode...</MSG>
<MSG>Converting LLVM IR bitcode to Transfer Function Graph (TFG)...</MSG>
<MSG>Converting assembly code to object file...</MSG>
<MSG>Harvesting object code to obtain harvested assembly...</MSG>
<MSG>Converting harvested assembly to Transfer Function Graph (TFG)...</MSG>
<MSG>Searching for equivalence at unroll factor 4</MSG>
<MSG>Computing equivalence for function: s162...</MSG>
<MSG>Computing equivalence of the two TFGs (LLVM IR and x86 assembly)...</MSG>
<MSG>Chose product-TFG  from a frontier of size 1...</MSG>
<MSG>Created 12 possibilities in group A...</MSG>
<MSG>Chose product-TFG A9 from a frontier of size 12...</MSG>
<MSG>product-TFG A9 created 12 possibilities in group A9.B...</MSG>
<MSG>Chose product-TFG A9.B9 from a frontier of size 23...</MSG>
<MSG>Chosen product-TFG failed the edge correlation criterion...</MSG>
<MSG>Chose product-TFG A9.B10 from a frontier of size 22...</MSG>
<MSG>Chosen product-TFG failed the edge correlation criterion...</MSG>
<MSG>Chose product-TFG A9.B11 from a frontier of size 21...</MSG>
<MSG>Chosen product-TFG failed the edge correlation criterion...</MSG>
<MSG>Chose product-TFG A9.B12 from a frontier of size 20...</MSG>
<MSG>product-TFG A9.B12 created 3 possibilities in group A9.B12.C...</MSG>
<MSG>Chose product-TFG A9.B12.C3 from a frontier of size 22...</MSG>
<MSG>product-TFG A9.B12.C3 created 3 possibilities in group A9.B12.C3.D...</MSG>
<MSG>Chose product-TFG A9.B12.C3.D3 from a frontier of size 24...</MSG>
<MSG>product-TFG A9.B12.C3.D3 created 1 possibilities in group A9.B12.C3.D3.E...</MSG>
<MSG>Chose product-TFG A9.B12.C3.D3.E1 from a frontier of size 24...</MSG>
<MSG>product-TFG A9.B12.C3.D3.E1 created 1 possibilities in group A9.B12.C3.D3.E1.F...</MSG>
<MSG>Chose product-TFG A9.B12.C3.D3.E1.F1 from a frontier of size 24...</MSG>
<MSG>product-TFG A9.B12.C3.D3.E1.F1 created 1 possibilities in group A9.B12.C3.D3.E1.F1.G...</MSG>
<MSG>Chose product-TFG A9.B12.C3.D3.E1.F1.G1 from a frontier of size 24...</MSG>
<MSG>Chosen product-TFG represents our required correlation graph...</MSG>
<MSG>Checking equivalence proof...</MSG>
<MSG>Equivalence check passed: product CFG has strong enough inductive invariants...</MSG>
<MSG>Checking equivalence proof with relocatable memlabels...</MSG>
<MSG>Forcing use of abstract memlabel assertions...</MSG>
WARNING : Solver timeout
WARNING : Solver timeout
<MSG>Equivalence check passed: product CFG has strong enough inductive invariants...</MSG>
<MSG>Equivalence check passed on product CFG with relocatable memlabels...</MSG>
<MSG>Check passed on product-CFG...</MSG>
<MSG>Safety check passed on product-CFG...</MSG>
<MSG>DST Memlabel check passed on product-CFG...</MSG>
PASS equivalence check for function s162. 4323.33s, query:smt.: 4017s (num_starts 3770), decide_hoare_triple.ce.: 4175.53s (num_starts 1296), decide_hoare_triple_helper.: 4282.48s (num_starts 1729)
Time taken for equivalence check.: 4322.5s (num_starts 1)
Equivalence proof found. The programs are equivalent.
