<MSG>Converting LLVM IR bitcode to Transfer Function Graph (TFG) for function s162</MSG>
<MSG>Converting C source code to LLVM IR bitcode...</MSG>
<MSG>Converting LLVM IR bitcode to Transfer Function Graph (TFG)...</MSG>
<MSG>Converting assembly code to object file...</MSG>
<MSG>Harvesting object code to obtain harvested assembly...</MSG>
<MSG>Converting harvested assembly to Transfer Function Graph (TFG)...</MSG>
<MSG>Searching for equivalence at unroll factor 8</MSG>
<MSG>Computing equivalence for function: s162...</MSG>
<MSG>Computing equivalence of the two TFGs (LLVM IR and x86 assembly)...</MSG>
<MSG>Chose product-TFG  from a frontier of size 1...</MSG>
<MSG>Created 24 possibilities in group A...</MSG>
<MSG>Chose product-TFG A17 from a frontier of size 24...</MSG>
<MSG>product-TFG A17 created 24 possibilities in group A17.B...</MSG>
<MSG>Chose product-TFG A17.B17 from a frontier of size 47...</MSG>
<MSG>Chosen product-TFG failed the edge correlation criterion...</MSG>
<MSG>Chose product-TFG A17.B18 from a frontier of size 46...</MSG>
<MSG>Chosen product-TFG failed the edge correlation criterion...</MSG>
<MSG>Chose product-TFG A17.B19 from a frontier of size 45...</MSG>
<MSG>Chosen product-TFG failed the edge correlation criterion...</MSG>
<MSG>Chose product-TFG A17.B20 from a frontier of size 44...</MSG>
<MSG>Chosen product-TFG failed the edge correlation criterion...</MSG>
<MSG>Chose product-TFG A17.B21 from a frontier of size 43...</MSG>
<MSG>Chosen product-TFG failed the edge correlation criterion...</MSG>
<MSG>Chose product-TFG A17.B22 from a frontier of size 42...</MSG>
<MSG>Chosen product-TFG failed the edge correlation criterion...</MSG>
<MSG>Chose product-TFG A17.B23 from a frontier of size 41...</MSG>
<MSG>Chosen product-TFG failed the edge correlation criterion...</MSG>
<MSG>Chose product-TFG A17.B24 from a frontier of size 40...</MSG>
<MSG>product-TFG A17.B24 created 24 possibilities in group A17.B24.C...</MSG>
<MSG>Chose product-TFG A17.B24.C17 from a frontier of size 63...</MSG>
<MSG>Chosen product-TFG failed the edge correlation criterion...</MSG>
<MSG>Chose product-TFG A17.B24.C1 from a frontier of size 62...</MSG>
<MSG>Chosen product-TFG failed the edge correlation criterion...</MSG>
<MSG>Chose product-TFG A17.B24.C9 from a frontier of size 61...</MSG>
<MSG>Chosen product-TFG failed the edge correlation criterion...</MSG>
<MSG>Chose product-TFG A17.B24.C18 from a frontier of size 60...</MSG>
<MSG>Chosen product-TFG failed the edge correlation criterion...</MSG>
<MSG>Chose product-TFG A17.B24.C2 from a frontier of size 59...</MSG>
<MSG>Chosen product-TFG failed the edge correlation criterion...</MSG>
<MSG>Chose product-TFG A17.B24.C10 from a frontier of size 58...</MSG>
<MSG>Chosen product-TFG failed the edge correlation criterion...</MSG>
<MSG>Chose product-TFG A17.B24.C19 from a frontier of size 57...</MSG>
<MSG>Chosen product-TFG failed the edge correlation criterion...</MSG>
<MSG>Chose product-TFG A17.B24.C3 from a frontier of size 56...</MSG>
<MSG>Chosen product-TFG failed the edge correlation criterion...</MSG>
<MSG>Chose product-TFG A17.B24.C11 from a frontier of size 55...</MSG>
<MSG>Chosen product-TFG failed the edge correlation criterion...</MSG>
<MSG>Chose product-TFG A17.B24.C20 from a frontier of size 54...</MSG>
<MSG>Chosen product-TFG failed the edge correlation criterion...</MSG>
<MSG>Chose product-TFG A17.B24.C4 from a frontier of size 53...</MSG>
<MSG>Chosen product-TFG failed the edge correlation criterion...</MSG>
<MSG>Chose product-TFG A17.B24.C12 from a frontier of size 52...</MSG>
<MSG>Chosen product-TFG failed the edge correlation criterion...</MSG>
<MSG>Chose product-TFG A17.B24.C21 from a frontier of size 51...</MSG>
<MSG>Chosen product-TFG failed the edge correlation criterion...</MSG>
<MSG>Chose product-TFG A17.B24.C5 from a frontier of size 50...</MSG>
<MSG>Chosen product-TFG failed the edge correlation criterion...</MSG>
<MSG>Chose product-TFG A17.B24.C13 from a frontier of size 49...</MSG>
<MSG>Chosen product-TFG failed the edge correlation criterion...</MSG>
<MSG>Chose product-TFG A17.B24.C22 from a frontier of size 48...</MSG>
<MSG>Chosen product-TFG failed the edge correlation criterion...</MSG>
<MSG>Chose product-TFG A17.B24.C6 from a frontier of size 47...</MSG>
<MSG>Chosen product-TFG failed the edge correlation criterion...</MSG>
<MSG>Chose product-TFG A17.B24.C14 from a frontier of size 46...</MSG>
<MSG>Chosen product-TFG failed the edge correlation criterion...</MSG>
<MSG>Chose product-TFG A17.B24.C23 from a frontier of size 45...</MSG>
<MSG>Chosen product-TFG failed the edge correlation criterion...</MSG>
<MSG>Chose product-TFG A17.B24.C7 from a frontier of size 44...</MSG>
<MSG>Chosen product-TFG failed the edge correlation criterion...</MSG>
<MSG>Chose product-TFG A17.B24.C15 from a frontier of size 43...</MSG>
<MSG>Chosen product-TFG failed the edge correlation criterion...</MSG>
<MSG>Chose product-TFG A17.B24.C24 from a frontier of size 42...</MSG>
<MSG>Chosen product-TFG failed the edge correlation criterion...</MSG>
<MSG>Chose product-TFG A17.B24.C8 from a frontier of size 41...</MSG>
<MSG>Chosen product-TFG failed the edge correlation criterion...</MSG>
<MSG>Chose product-TFG A17.B24.C16 from a frontier of size 40...</MSG>
<MSG>Chosen product-TFG failed the edge correlation criterion...</MSG>
<MSG>Chose product-TFG A17.B1 from a frontier of size 39...</MSG>
<MSG>Chosen product-TFG failed the edge correlation criterion...</MSG>
<MSG>Chose product-TFG A17.B9 from a frontier of size 38...</MSG>
<MSG>Chosen product-TFG failed the edge correlation criterion...</MSG>
<MSG>Chose product-TFG A17.B2 from a frontier of size 37...</MSG>
<MSG>Chosen product-TFG failed the edge correlation criterion...</MSG>
<MSG>Chose product-TFG A17.B10 from a frontier of size 36...</MSG>
<MSG>Chosen product-TFG failed the edge correlation criterion...</MSG>
<MSG>Chose product-TFG A17.B3 from a frontier of size 35...</MSG>
<MSG>Chosen product-TFG failed the edge correlation criterion...</MSG>
<MSG>Chose product-TFG A17.B11 from a frontier of size 34...</MSG>
<MSG>Chosen product-TFG failed the edge correlation criterion...</MSG>
<MSG>Chose product-TFG A17.B4 from a frontier of size 33...</MSG>
<MSG>Chosen product-TFG failed the edge correlation criterion...</MSG>
<MSG>Chose product-TFG A17.B12 from a frontier of size 32...</MSG>
<MSG>Chosen product-TFG failed the edge correlation criterion...</MSG>
<MSG>Chose product-TFG A17.B5 from a frontier of size 31...</MSG>
<MSG>Chosen product-TFG failed the edge correlation criterion...</MSG>
<MSG>Chose product-TFG A17.B13 from a frontier of size 30...</MSG>
<MSG>Chosen product-TFG failed the edge correlation criterion...</MSG>
<MSG>Chose product-TFG A17.B6 from a frontier of size 29...</MSG>
<MSG>Chosen product-TFG failed the edge correlation criterion...</MSG>
<MSG>Chose product-TFG A17.B14 from a frontier of size 28...</MSG>
<MSG>Chosen product-TFG failed the edge correlation criterion...</MSG>
<MSG>Chose product-TFG A17.B7 from a frontier of size 27...</MSG>
<MSG>Chosen product-TFG failed the edge correlation criterion...</MSG>
<MSG>Chose product-TFG A17.B15 from a frontier of size 26...</MSG>
<MSG>Chosen product-TFG failed the edge correlation criterion...</MSG>
<MSG>Chose product-TFG A17.B8 from a frontier of size 25...</MSG>
<MSG>product-TFG A17.B8 created 1 possibilities in group A17.B8.C...</MSG>
<MSG>Chose product-TFG A17.B8.C1 from a frontier of size 25...</MSG>
<MSG>product-TFG was not fruitful.
</MSG>
<MSG>Chose product-TFG A17.B16 from a frontier of size 24...</MSG>
<MSG>product-TFG A17.B16 created 2 possibilities in group A17.B16.C...</MSG>
<MSG>Chose product-TFG A17.B16.C2 from a frontier of size 25...</MSG>
<MSG>product-TFG was not fruitful.
</MSG>
<MSG>Chose product-TFG A17.B16.C1 from a frontier of size 24...</MSG>
<MSG>product-TFG A17.B16.C1 created 1 possibilities in group A17.B16.C1.D...</MSG>
<MSG>Chose product-TFG A17.B16.C1.D1 from a frontier of size 24...</MSG>
<MSG>product-TFG was not fruitful.
</MSG>
<MSG>Chose product-TFG A9 from a frontier of size 23...</MSG>
<MSG>product-TFG A9 created 23 possibilities in group A9.B...</MSG>
<MSG>Chose product-TFG A9.B9 from a frontier of size 45...</MSG>
<MSG>Chosen product-TFG failed the edge correlation criterion...</MSG>
<MSG>Chose product-TFG A9.B10 from a frontier of size 44...</MSG>
<MSG>Chosen product-TFG failed the edge correlation criterion...</MSG>
<MSG>Chose product-TFG A9.B11 from a frontier of size 43...</MSG>
<MSG>Chosen product-TFG failed the edge correlation criterion...</MSG>
<MSG>Chose product-TFG A9.B12 from a frontier of size 42...</MSG>
<MSG>Chosen product-TFG failed the edge correlation criterion...</MSG>
<MSG>Chose product-TFG A9.B13 from a frontier of size 41...</MSG>
<MSG>Chosen product-TFG failed the edge correlation criterion...</MSG>
<MSG>Chose product-TFG A9.B14 from a frontier of size 40...</MSG>
<MSG>Chosen product-TFG failed the edge correlation criterion...</MSG>
<MSG>Chose product-TFG A9.B15 from a frontier of size 39...</MSG>
<MSG>Chosen product-TFG failed the edge correlation criterion...</MSG>
<MSG>Chose product-TFG A9.B16 from a frontier of size 38...</MSG>
<MSG>product-TFG A9.B16 created 23 possibilities in group A9.B16.C...</MSG>
<MSG>Chose product-TFG A9.B16.C9 from a frontier of size 60...</MSG>
<MSG>Chosen product-TFG failed the edge correlation criterion...</MSG>
<MSG>Chose product-TFG A9.B16.C1 from a frontier of size 59...</MSG>
<MSG>Chosen product-TFG failed the edge correlation criterion...</MSG>
<MSG>Chose product-TFG A9.B16.C10 from a frontier of size 58...</MSG>
<MSG>Chosen product-TFG failed the edge correlation criterion...</MSG>
<MSG>Chose product-TFG A9.B16.C2 from a frontier of size 57...</MSG>
<MSG>Chosen product-TFG failed the edge correlation criterion...</MSG>
<MSG>Chose product-TFG A9.B16.C17 from a frontier of size 56...</MSG>
<MSG>Chosen product-TFG failed the edge correlation criterion...</MSG>
<MSG>Chose product-TFG A9.B16.C11 from a frontier of size 55...</MSG>
<MSG>Chosen product-TFG failed the edge correlation criterion...</MSG>
<MSG>Chose product-TFG A9.B16.C3 from a frontier of size 54...</MSG>
<MSG>Chosen product-TFG failed the edge correlation criterion...</MSG>
<MSG>Chose product-TFG A9.B16.C18 from a frontier of size 53...</MSG>
<MSG>Chosen product-TFG failed the edge correlation criterion...</MSG>
<MSG>Chose product-TFG A9.B16.C12 from a frontier of size 52...</MSG>
<MSG>Chosen product-TFG failed the edge correlation criterion...</MSG>
<MSG>Chose product-TFG A9.B16.C4 from a frontier of size 51...</MSG>
<MSG>Chosen product-TFG failed the edge correlation criterion...</MSG>
<MSG>Chose product-TFG A9.B16.C19 from a frontier of size 50...</MSG>
<MSG>Chosen product-TFG failed the edge correlation criterion...</MSG>
<MSG>Chose product-TFG A9.B16.C13 from a frontier of size 49...</MSG>
<MSG>Chosen product-TFG failed the edge correlation criterion...</MSG>
<MSG>Chose product-TFG A9.B16.C5 from a frontier of size 48...</MSG>
<MSG>Chosen product-TFG failed the edge correlation criterion...</MSG>
<MSG>Chose product-TFG A9.B16.C20 from a frontier of size 47...</MSG>
<MSG>Chosen product-TFG failed the edge correlation criterion...</MSG>
<MSG>Chose product-TFG A9.B16.C14 from a frontier of size 46...</MSG>
<MSG>Chosen product-TFG failed the edge correlation criterion...</MSG>
<MSG>Chose product-TFG A9.B16.C6 from a frontier of size 45...</MSG>
<MSG>Chosen product-TFG failed the edge correlation criterion...</MSG>
<MSG>Chose product-TFG A9.B16.C21 from a frontier of size 44...</MSG>
<MSG>Chosen product-TFG failed the edge correlation criterion...</MSG>
<MSG>Chose product-TFG A9.B16.C15 from a frontier of size 43...</MSG>
<MSG>Chosen product-TFG failed the edge correlation criterion...</MSG>
<MSG>Chose product-TFG A9.B16.C7 from a frontier of size 42...</MSG>
<MSG>Chosen product-TFG failed the edge correlation criterion...</MSG>
<MSG>Chose product-TFG A9.B16.C22 from a frontier of size 41...</MSG>
<MSG>Chosen product-TFG failed the edge correlation criterion...</MSG>
<MSG>Chose product-TFG A9.B16.C16 from a frontier of size 40...</MSG>
<MSG>Chosen product-TFG failed the edge correlation criterion...</MSG>
<MSG>Chose product-TFG A9.B16.C8 from a frontier of size 39...</MSG>
<MSG>Chosen product-TFG failed the edge correlation criterion...</MSG>
<MSG>Chose product-TFG A9.B16.C23 from a frontier of size 38...</MSG>
<MSG>Chosen product-TFG failed the edge correlation criterion...</MSG>
<MSG>Chose product-TFG A9.B1 from a frontier of size 37...</MSG>
<MSG>Chosen product-TFG failed the edge correlation criterion...</MSG>
<MSG>Chose product-TFG A9.B2 from a frontier of size 36...</MSG>
<MSG>Chosen product-TFG failed the edge correlation criterion...</MSG>
<MSG>Chose product-TFG A9.B17 from a frontier of size 35...</MSG>
<MSG>Chosen product-TFG failed the edge correlation criterion...</MSG>
<MSG>Chose product-TFG A9.B3 from a frontier of size 34...</MSG>
<MSG>Chosen product-TFG failed the edge correlation criterion...</MSG>
<MSG>Chose product-TFG A9.B18 from a frontier of size 33...</MSG>
<MSG>Chosen product-TFG failed the edge correlation criterion...</MSG>
<MSG>Chose product-TFG A9.B4 from a frontier of size 32...</MSG>
<MSG>Chosen product-TFG failed the edge correlation criterion...</MSG>
<MSG>Chose product-TFG A9.B19 from a frontier of size 31...</MSG>
<MSG>Chosen product-TFG failed the edge correlation criterion...</MSG>
<MSG>Chose product-TFG A9.B5 from a frontier of size 30...</MSG>
<MSG>Chosen product-TFG failed the edge correlation criterion...</MSG>
<MSG>Chose product-TFG A9.B20 from a frontier of size 29...</MSG>
<MSG>Chosen product-TFG failed the edge correlation criterion...</MSG>
<MSG>Chose product-TFG A9.B6 from a frontier of size 28...</MSG>
<MSG>Chosen product-TFG failed the edge correlation criterion...</MSG>
<MSG>Chose product-TFG A9.B21 from a frontier of size 27...</MSG>
<MSG>Chosen product-TFG failed the edge correlation criterion...</MSG>
<MSG>Chose product-TFG A9.B7 from a frontier of size 26...</MSG>
<MSG>Chosen product-TFG failed the edge correlation criterion...</MSG>
<MSG>Chose product-TFG A9.B22 from a frontier of size 25...</MSG>
<MSG>Chosen product-TFG failed the edge correlation criterion...</MSG>
<MSG>Chose product-TFG A9.B8 from a frontier of size 24...</MSG>
<MSG>product-TFG A9.B8 created 1 possibilities in group A9.B8.C...</MSG>
<MSG>Chose product-TFG A9.B8.C1 from a frontier of size 24...</MSG>
<MSG>product-TFG was not fruitful.
</MSG>
<MSG>Chose product-TFG A9.B23 from a frontier of size 23...</MSG>
<MSG>Chosen product-TFG failed the edge correlation criterion...</MSG>
<MSG>Chose product-TFG A1 from a frontier of size 22...</MSG>
<MSG>product-TFG A1 created 22 possibilities in group A1.B...</MSG>
<MSG>Chose product-TFG A1.B1 from a frontier of size 43...</MSG>
<MSG>Chosen product-TFG failed the edge correlation criterion...</MSG>
<MSG>Chose product-TFG A1.B2 from a frontier of size 42...</MSG>
<MSG>Chosen product-TFG failed the edge correlation criterion...</MSG>
<MSG>Chose product-TFG A1.B3 from a frontier of size 41...</MSG>
<MSG>Chosen product-TFG failed the edge correlation criterion...</MSG>
<MSG>Chose product-TFG A1.B4 from a frontier of size 40...</MSG>
<MSG>Chosen product-TFG failed the edge correlation criterion...</MSG>
<MSG>Chose product-TFG A1.B5 from a frontier of size 39...</MSG>
<MSG>Chosen product-TFG failed the edge correlation criterion...</MSG>
<MSG>Chose product-TFG A1.B6 from a frontier of size 38...</MSG>
<MSG>Chosen product-TFG failed the edge correlation criterion...</MSG>
<MSG>Chose product-TFG A1.B7 from a frontier of size 37...</MSG>
<MSG>Chosen product-TFG failed the edge correlation criterion...</MSG>
<MSG>Chose product-TFG A1.B8 from a frontier of size 36...</MSG>
<MSG>product-TFG A1.B8 created 22 possibilities in group A1.B8.C...</MSG>
<MSG>Chose product-TFG A1.B8.C1 from a frontier of size 57...</MSG>
<MSG>Chosen product-TFG failed the edge correlation criterion...</MSG>
<MSG>Chose product-TFG A1.B8.C2 from a frontier of size 56...</MSG>
<MSG>Chosen product-TFG failed the edge correlation criterion...</MSG>
<MSG>Chose product-TFG A1.B8.C16 from a frontier of size 55...</MSG>
<MSG>Chosen product-TFG failed the edge correlation criterion...</MSG>
<MSG>Chose product-TFG A1.B8.C9 from a frontier of size 54...</MSG>
<MSG>Chosen product-TFG failed the edge correlation criterion...</MSG>
<MSG>Chose product-TFG A1.B8.C3 from a frontier of size 53...</MSG>
<MSG>Chosen product-TFG failed the edge correlation criterion...</MSG>
<MSG>Chose product-TFG A1.B8.C17 from a frontier of size 52...</MSG>
<MSG>Chosen product-TFG failed the edge correlation criterion...</MSG>
<MSG>Chose product-TFG A1.B8.C10 from a frontier of size 51...</MSG>
<MSG>Chosen product-TFG failed the edge correlation criterion...</MSG>
<MSG>Chose product-TFG A1.B8.C4 from a frontier of size 50...</MSG>
<MSG>Chosen product-TFG failed the edge correlation criterion...</MSG>
<MSG>Chose product-TFG A1.B8.C18 from a frontier of size 49...</MSG>
<MSG>Chosen product-TFG failed the edge correlation criterion...</MSG>
<MSG>Chose product-TFG A1.B8.C11 from a frontier of size 48...</MSG>
<MSG>Chosen product-TFG failed the edge correlation criterion...</MSG>
<MSG>Chose product-TFG A1.B8.C5 from a frontier of size 47...</MSG>
<MSG>Chosen product-TFG failed the edge correlation criterion...</MSG>
<MSG>Chose product-TFG A1.B8.C19 from a frontier of size 46...</MSG>
<MSG>Chosen product-TFG failed the edge correlation criterion...</MSG>
<MSG>Chose product-TFG A1.B8.C12 from a frontier of size 45...</MSG>
<MSG>Chosen product-TFG failed the edge correlation criterion...</MSG>
<MSG>Chose product-TFG A1.B8.C6 from a frontier of size 44...</MSG>
<MSG>Chosen product-TFG failed the edge correlation criterion...</MSG>
<MSG>Chose product-TFG A1.B8.C20 from a frontier of size 43...</MSG>
<MSG>Chosen product-TFG failed the edge correlation criterion...</MSG>
<MSG>Chose product-TFG A1.B8.C13 from a frontier of size 42...</MSG>
<MSG>Chosen product-TFG failed the edge correlation criterion...</MSG>
<MSG>Chose product-TFG A1.B8.C7 from a frontier of size 41...</MSG>
<MSG>Chosen product-TFG failed the edge correlation criterion...</MSG>
<MSG>Chose product-TFG A1.B8.C21 from a frontier of size 40...</MSG>
<MSG>Chosen product-TFG failed the edge correlation criterion...</MSG>
<MSG>Chose product-TFG A1.B8.C14 from a frontier of size 39...</MSG>
<MSG>Chosen product-TFG failed the edge correlation criterion...</MSG>
<MSG>Chose product-TFG A1.B8.C8 from a frontier of size 38...</MSG>
<MSG>Chosen product-TFG failed the edge correlation criterion...</MSG>
<MSG>Chose product-TFG A1.B8.C22 from a frontier of size 37...</MSG>
<MSG>Chosen product-TFG failed the edge correlation criterion...</MSG>
<MSG>Chose product-TFG A1.B8.C15 from a frontier of size 36...</MSG>
<MSG>Chosen product-TFG failed the edge correlation criterion...</MSG>
<MSG>Chose product-TFG A1.B16 from a frontier of size 35...</MSG>
<MSG>Chosen product-TFG failed the edge correlation criterion...</MSG>
<MSG>Chose product-TFG A1.B9 from a frontier of size 34...</MSG>
<MSG>Chosen product-TFG failed the edge correlation criterion...</MSG>
<MSG>Chose product-TFG A1.B17 from a frontier of size 33...</MSG>
<MSG>Chosen product-TFG failed the edge correlation criterion...</MSG>
<MSG>Chose product-TFG A1.B10 from a frontier of size 32...</MSG>
<MSG>Chosen product-TFG failed the edge correlation criterion...</MSG>
<MSG>Chose product-TFG A1.B18 from a frontier of size 31...</MSG>
<MSG>Chosen product-TFG failed the edge correlation criterion...</MSG>
<MSG>Chose product-TFG A1.B11 from a frontier of size 30...</MSG>
<MSG>Chosen product-TFG failed the edge correlation criterion...</MSG>
<MSG>Chose product-TFG A1.B19 from a frontier of size 29...</MSG>
<MSG>Chosen product-TFG failed the edge correlation criterion...</MSG>
<MSG>Chose product-TFG A1.B12 from a frontier of size 28...</MSG>
<MSG>Chosen product-TFG failed the edge correlation criterion...</MSG>
<MSG>Chose product-TFG A1.B20 from a frontier of size 27...</MSG>
<MSG>Chosen product-TFG failed the edge correlation criterion...</MSG>
<MSG>Chose product-TFG A1.B13 from a frontier of size 26...</MSG>
<MSG>Chosen product-TFG failed the edge correlation criterion...</MSG>
<MSG>Chose product-TFG A1.B21 from a frontier of size 25...</MSG>
<MSG>Chosen product-TFG failed the edge correlation criterion...</MSG>
<MSG>Chose product-TFG A1.B14 from a frontier of size 24...</MSG>
<MSG>Chosen product-TFG failed the edge correlation criterion...</MSG>
<MSG>Chose product-TFG A1.B22 from a frontier of size 23...</MSG>
<MSG>Chosen product-TFG failed the edge correlation criterion...</MSG>
<MSG>Chose product-TFG A1.B15 from a frontier of size 22...</MSG>
<MSG>Chosen product-TFG failed the edge correlation criterion...</MSG>
<MSG>Chose product-TFG A18 from a frontier of size 21...</MSG>
<MSG>Chosen product-TFG failed the edge correlation criterion...</MSG>
<MSG>Chose product-TFG A2 from a frontier of size 20...</MSG>
<MSG>Chosen product-TFG failed the edge correlation criterion...</MSG>
<MSG>Chose product-TFG A10 from a frontier of size 19...</MSG>
<MSG>Chosen product-TFG failed the edge correlation criterion...</MSG>
<MSG>Chose product-TFG A19 from a frontier of size 18...</MSG>
<MSG>product-TFG A19 created 3 possibilities in group A19.B...</MSG>
<MSG>Chose product-TFG A19.B3 from a frontier of size 20...</MSG>
<MSG>product-TFG A19.B3 created 3 possibilities in group A19.B3.C...</MSG>
<MSG>Chose product-TFG A19.B3.C3 from a frontier of size 22...</MSG>
<MSG>product-TFG A19.B3.C3 created 1 possibilities in group A19.B3.C3.D...</MSG>
<MSG>Chose product-TFG A19.B3.C3.D1 from a frontier of size 22...</MSG>
<MSG>product-TFG A19.B3.C3.D1 created 1 possibilities in group A19.B3.C3.D1.E...</MSG>
<MSG>Chose product-TFG A19.B3.C3.D1.E1 from a frontier of size 22...</MSG>
<MSG>Chosen product-TFG represents our required correlation graph...</MSG>
<MSG>Checking equivalence proof...</MSG>
<MSG>Equivalence check passed: product CFG has strong enough inductive invariants...</MSG>
<MSG>Checking equivalence proof with relocatable memlabels...</MSG>
<MSG>Forcing use of abstract memlabel assertions...</MSG>
WARNING : Solver timeout
WARNING : Solver timeout
WARNING : Solver timeout
WARNING : Solver timeout
WARNING : Solver timeout
WARNING : Solver timeout
<MSG>Equivalence check passed: product CFG has strong enough inductive invariants...</MSG>
<MSG>Equivalence check passed on product CFG with relocatable memlabels...</MSG>
<MSG>Check passed on product-CFG...</MSG>
<MSG>Safety check passed on product-CFG...</MSG>
<MSG>DST Memlabel check passed on product-CFG...</MSG>
PASS equivalence check for function s162. 5821.56s, query:smt.: 5082.75s (num_starts 4292), decide_hoare_triple.ce.: 5482.18s (num_starts 5540), decide_hoare_triple_helper.: 5417.81s (num_starts 5867)
Time taken for equivalence check.: 5820.85s (num_starts 1)
Equivalence proof found. The programs are equivalent.
