<MSG>Converting LLVM IR bitcode to Transfer Function Graph (TFG) for function s174</MSG>
<MSG>Converting C source code to LLVM IR bitcode...</MSG>
<MSG>Converting LLVM IR bitcode to Transfer Function Graph (TFG)...</MSG>
<MSG>Converting assembly code to object file...</MSG>
<MSG>Harvesting object code to obtain harvested assembly...</MSG>
<MSG>Converting harvested assembly to Transfer Function Graph (TFG)...</MSG>
<MSG>Searching for equivalence at unroll factor 8</MSG>
<MSG>Computing equivalence for function: s174...</MSG>
<MSG>Computing equivalence of the two TFGs (LLVM IR and x86 assembly)...</MSG>
<MSG>Chose product-TFG  from a frontier of size 1...</MSG>
<MSG>Created 24 possibilities in group A...</MSG>
<MSG>Chose product-TFG A17 from a frontier of size 24...</MSG>
<MSG>product-TFG was not fruitful.
</MSG>
<MSG>Chose product-TFG A9 from a frontier of size 23...</MSG>
<MSG>product-TFG was not fruitful.
</MSG>
<MSG>Chose product-TFG A1 from a frontier of size 22...</MSG>
<MSG>product-TFG A1 created 10 possibilities in group A1.B...</MSG>
<MSG>Chose product-TFG A1.B1 from a frontier of size 31...</MSG>
<MSG>Chosen product-TFG failed the edge correlation criterion...</MSG>
<MSG>Chose product-TFG A1.B2 from a frontier of size 30...</MSG>
<MSG>Chosen product-TFG failed the edge correlation criterion...</MSG>
<MSG>Chose product-TFG A1.B3 from a frontier of size 29...</MSG>
<MSG>Chosen product-TFG failed the edge correlation criterion...</MSG>
<MSG>Chose product-TFG A1.B4 from a frontier of size 28...</MSG>
<MSG>Chosen product-TFG failed the edge correlation criterion...</MSG>
<MSG>Chose product-TFG A1.B8 from a frontier of size 27...</MSG>
<MSG>Chosen product-TFG failed the edge correlation criterion...</MSG>
<MSG>Chose product-TFG A1.B5 from a frontier of size 26...</MSG>
<MSG>Chosen product-TFG failed the edge correlation criterion...</MSG>
<MSG>Chose product-TFG A1.B9 from a frontier of size 25...</MSG>
<MSG>Chosen product-TFG failed the edge correlation criterion...</MSG>
<MSG>Chose product-TFG A1.B6 from a frontier of size 24...</MSG>
<MSG>Chosen product-TFG failed the edge correlation criterion...</MSG>
<MSG>Chose product-TFG A1.B10 from a frontier of size 23...</MSG>
<MSG>Chosen product-TFG failed the edge correlation criterion...</MSG>
<MSG>Chose product-TFG A1.B7 from a frontier of size 22...</MSG>
<MSG>Chosen product-TFG failed the edge correlation criterion...</MSG>
<MSG>Chose product-TFG A18 from a frontier of size 21...</MSG>
<MSG>Chosen product-TFG failed the edge correlation criterion...</MSG>
<MSG>Chose product-TFG A10 from a frontier of size 20...</MSG>
<MSG>Chosen product-TFG failed the edge correlation criterion...</MSG>
<MSG>Chose product-TFG A2 from a frontier of size 19...</MSG>
<MSG>Chosen product-TFG failed the edge correlation criterion...</MSG>
<MSG>Chose product-TFG A19 from a frontier of size 18...</MSG>
<MSG>Chosen product-TFG failed the edge correlation criterion...</MSG>
<MSG>Chose product-TFG A11 from a frontier of size 17...</MSG>
<MSG>Chosen product-TFG failed the edge correlation criterion...</MSG>
<MSG>Chose product-TFG A3 from a frontier of size 16...</MSG>
<MSG>Chosen product-TFG failed the edge correlation criterion...</MSG>
<MSG>Chose product-TFG A20 from a frontier of size 15...</MSG>
<MSG>Chosen product-TFG failed the edge correlation criterion...</MSG>
<MSG>Chose product-TFG A12 from a frontier of size 14...</MSG>
<MSG>Chosen product-TFG failed the edge correlation criterion...</MSG>
<MSG>Chose product-TFG A4 from a frontier of size 13...</MSG>
<MSG>Chosen product-TFG failed the edge correlation criterion...</MSG>
<MSG>Chose product-TFG A21 from a frontier of size 12...</MSG>
<MSG>Chosen product-TFG failed the edge correlation criterion...</MSG>
<MSG>Chose product-TFG A13 from a frontier of size 11...</MSG>
<MSG>Chosen product-TFG failed the edge correlation criterion...</MSG>
<MSG>Chose product-TFG A5 from a frontier of size 10...</MSG>
<MSG>Chosen product-TFG failed the edge correlation criterion...</MSG>
<MSG>Chose product-TFG A22 from a frontier of size 9...</MSG>
<MSG>Chosen product-TFG failed the edge correlation criterion...</MSG>
<MSG>Chose product-TFG A14 from a frontier of size 8...</MSG>
<MSG>Chosen product-TFG failed the edge correlation criterion...</MSG>
<MSG>Chose product-TFG A6 from a frontier of size 7...</MSG>
<MSG>Chosen product-TFG failed the edge correlation criterion...</MSG>
<MSG>Chose product-TFG A23 from a frontier of size 6...</MSG>
<MSG>Chosen product-TFG failed the edge correlation criterion...</MSG>
<MSG>Chose product-TFG A15 from a frontier of size 5...</MSG>
<MSG>Chosen product-TFG failed the edge correlation criterion...</MSG>
<MSG>Chose product-TFG A7 from a frontier of size 4...</MSG>
<MSG>Chosen product-TFG failed the edge correlation criterion...</MSG>
<MSG>Chose product-TFG A24 from a frontier of size 3...</MSG>
<MSG>Chosen product-TFG failed the edge correlation criterion...</MSG>
<MSG>Chose product-TFG A16 from a frontier of size 2...</MSG>
<MSG>Chosen product-TFG failed the edge correlation criterion...</MSG>
<MSG>Chose product-TFG A8 from a frontier of size 1...</MSG>
<MSG>Chosen product-TFG failed the edge correlation criterion...</MSG>
check_eq 149: correlation check failed
FAIL equivalence check for function s174. 636.11s, query:smt.: 612.257s (num_starts 244), decide_hoare_triple.ce.: 618.786s (num_starts 571), decide_hoare_triple_helper.: 615.186s (num_starts 571)
Could not ascertain equivalence for function s174
<ERR>Could not ascertain equivalence for function s174</ERR>
Time taken for equivalence check.: 635.027s (num_starts 1)
Equivalence proof not found after an exhaustive search.
