<MSG>Converting LLVM IR bitcode to Transfer Function Graph (TFG) for function s2233</MSG>
<MSG>Converting C source code to LLVM IR bitcode...</MSG>
<MSG>Converting LLVM IR bitcode to Transfer Function Graph (TFG)...</MSG>
<MSG>Converting assembly code to object file...</MSG>
<MSG>Harvesting object code to obtain harvested assembly...</MSG>
<MSG>Converting harvested assembly to Transfer Function Graph (TFG)...</MSG>
<MSG>Searching for equivalence at unroll factor 4</MSG>
<MSG>Computing equivalence for function: s2233...</MSG>
<MSG>Computing equivalence of the two TFGs (LLVM IR and x86 assembly)...</MSG>
<MSG>Chose product-TFG  from a frontier of size 1...</MSG>
<MSG>Created 6 possibilities in group A...</MSG>
<MSG>Chose product-TFG A6 from a frontier of size 6...</MSG>
<MSG>product-TFG A6 created 1 possibilities in group A6.B...</MSG>
<MSG>Chose product-TFG A6.B1 from a frontier of size 6...</MSG>
<MSG>product-TFG A6.B1 created 3 possibilities in group A6.B1.C...</MSG>
<MSG>Chose product-TFG A6.B1.C3 from a frontier of size 8...</MSG>
<MSG>product-TFG A6.B1.C3 created 15 possibilities in group A6.B1.C3.D...</MSG>
<MSG>Chose product-TFG A6.B1.C3.D12 from a frontier of size 22...</MSG>
<MSG>product-TFG A6.B1.C3.D12 created 3 possibilities in group A6.B1.C3.D12.E...</MSG>
<MSG>Chose product-TFG A6.B1.C3.D12.E3 from a frontier of size 24...</MSG>
<MSG>product-TFG A6.B1.C3.D12.E3 created 7 possibilities in group A6.B1.C3.D12.E3.F...</MSG>
<MSG>Chose product-TFG A6.B1.C3.D12.E3.F6 from a frontier of size 30...</MSG>
<MSG>product-TFG A6.B1.C3.D12.E3.F6 created 1 possibilities in group A6.B1.C3.D12.E3.F6.G...</MSG>
<MSG>Chose product-TFG A6.B1.C3.D12.E3.F6.G1 from a frontier of size 30...</MSG>
<MSG>Chosen product-TFG represents our required correlation graph...</MSG>
<MSG>Checking equivalence proof...</MSG>
<MSG>Equivalence check passed: product CFG has strong enough inductive invariants...</MSG>
<MSG>Checking equivalence proof with relocatable memlabels...</MSG>
<MSG>Forcing use of abstract memlabel assertions...</MSG>
<MSG>Equivalence check failed on product CFG with relocatable memlabels...</MSG>
FAIL equivalence check for function s2233. 294.30s, query:smt.: 51.608s (num_starts 1607), decide_hoare_triple.ce.: 145.744s (num_starts 3397), decide_hoare_triple_helper.: 144.083s (num_starts 3678)
Could not ascertain equivalence for function s2233
<ERR>Could not ascertain equivalence for function s2233</ERR>
Time taken for equivalence check.: 293.594s (num_starts 1)
Equivalence proof not found after an exhaustive search.
