<MSG>Converting LLVM IR bitcode to Transfer Function Graph (TFG) for function s3251</MSG>
<MSG>Converting C source code to LLVM IR bitcode...</MSG>
<MSG>Converting LLVM IR bitcode to Transfer Function Graph (TFG)...</MSG>
<MSG>Converting assembly code to object file...</MSG>
<MSG>Harvesting object code to obtain harvested assembly...</MSG>
<MSG>Converting harvested assembly to Transfer Function Graph (TFG)...</MSG>
<MSG>Searching for equivalence at unroll factor 8</MSG>
<MSG>Computing equivalence for function: s3251...</MSG>
<MSG>Computing equivalence of the two TFGs (LLVM IR and x86 assembly)...</MSG>
<MSG>Chose product-TFG  from a frontier of size 1...</MSG>
<MSG>Created 3 possibilities in group A...</MSG>
<MSG>Chose product-TFG A3 from a frontier of size 3...</MSG>
<MSG>product-TFG A3 created 3 possibilities in group A3.B...</MSG>
<MSG>Chose product-TFG A3.B2 from a frontier of size 5...</MSG>
<MSG>Decided to explore product-TFG later after re-evaluating its best-first-search rank...</MSG>
<MSG>Chose product-TFG A3.B1 from a frontier of size 5...</MSG>
<MSG>Decided to explore product-TFG later after re-evaluating its best-first-search rank...</MSG>
<MSG>Chose product-TFG A3.B3 from a frontier of size 5...</MSG>
<MSG>product-TFG A3.B3 created 1 possibilities in group A3.B3.C...</MSG>
<MSG>Chose product-TFG A3.B3.C1 from a frontier of size 5...</MSG>
<MSG>Chosen product-TFG represents our required correlation graph...</MSG>
<MSG>Checking equivalence proof...</MSG>
<MSG>Equivalence check passed: product CFG has strong enough inductive invariants...</MSG>
<MSG>Checking equivalence proof with relocatable memlabels...</MSG>
<MSG>Forcing use of abstract memlabel assertions...</MSG>
WARNING : Solver timeout
WARNING : Solver timeout
WARNING : Solver timeout
WARNING : Solver timeout
