<MSG>Converting LLVM IR bitcode to Transfer Function Graph (TFG) for function s352</MSG>
<MSG>Converting C source code to LLVM IR bitcode...</MSG>
<MSG>Converting LLVM IR bitcode to Transfer Function Graph (TFG)...</MSG>
<MSG>Converting assembly code to object file...</MSG>
<MSG>Harvesting object code to obtain harvested assembly...</MSG>
<MSG>Converting harvested assembly to Transfer Function Graph (TFG)...</MSG>
<MSG>Searching for equivalence at unroll factor 8</MSG>
<MSG>Computing equivalence for function: s352...</MSG>
<MSG>Computing equivalence of the two TFGs (LLVM IR and x86 assembly)...</MSG>
<MSG>Chose product-TFG  from a frontier of size 1...</MSG>
<MSG>Created 24 possibilities in group A...</MSG>
<MSG>Chose product-TFG A17 from a frontier of size 24...</MSG>
<MSG>product-TFG A17 created 24 possibilities in group A17.B...</MSG>
<MSG>Chose product-TFG A17.B18 from a frontier of size 47...</MSG>
<MSG>product-TFG A17.B18 created 1 possibilities in group A17.B18.C...</MSG>
<MSG>Chose product-TFG A17.B18.C1 from a frontier of size 47...</MSG>
<MSG>Chosen product-TFG represents our required correlation graph...</MSG>
<MSG>Checking equivalence proof...</MSG>
<MSG>Equivalence check passed: product CFG has strong enough inductive invariants...</MSG>
<MSG>Checking equivalence proof with relocatable memlabels...</MSG>
<MSG>Forcing use of abstract memlabel assertions...</MSG>
<MSG>Equivalence check passed: product CFG has strong enough inductive invariants...</MSG>
<MSG>Equivalence check passed on product CFG with relocatable memlabels...</MSG>
<MSG>Check passed on product-CFG...</MSG>
<MSG>Safety check passed on product-CFG...</MSG>
<MSG>DST Memlabel check passed on product-CFG...</MSG>
PASS equivalence check for function s352. 1504.58s, query:smt.: 93.7794s (num_starts 578), decide_hoare_triple.ce.: 407.311s (num_starts 1227), decide_hoare_triple_helper.: 183.416s (num_starts 1387)
Time taken for equivalence check.: 1504.01s (num_starts 1)
Equivalence proof found. The programs are equivalent.
