<MSG>Converting LLVM IR bitcode to Transfer Function Graph (TFG) for function s453</MSG>
<MSG>Converting C source code to LLVM IR bitcode...</MSG>
<MSG>Converting LLVM IR bitcode to Transfer Function Graph (TFG)...</MSG>
<MSG>Converting assembly code to object file...</MSG>
<MSG>Harvesting object code to obtain harvested assembly...</MSG>
<MSG>Converting harvested assembly to Transfer Function Graph (TFG)...</MSG>
<MSG>Searching for equivalence at unroll factor 8</MSG>
<MSG>Computing equivalence for function: s453...</MSG>
<MSG>Computing equivalence of the two TFGs (LLVM IR and x86 assembly)...</MSG>
<MSG>Chose product-TFG  from a frontier of size 1...</MSG>
<MSG>Created 3 possibilities in group A...</MSG>
<MSG>Chose product-TFG A3 from a frontier of size 3...</MSG>
<MSG>product-TFG was not fruitful.
</MSG>
<MSG>Chose product-TFG A2 from a frontier of size 2...</MSG>
<MSG>product-TFG was not fruitful.
</MSG>
<MSG>Chose product-TFG A1 from a frontier of size 1...</MSG>
<MSG>product-TFG was not fruitful.
</MSG>
check_eq 149: correlation check failed
FAIL equivalence check for function s453. 14.17s, query:smt.: 2.49354s (num_starts 59), decide_hoare_triple.ce.: 3.69252s (num_starts 419), decide_hoare_triple_helper.: 2.74568s (num_starts 419)
Could not ascertain equivalence for function s453
<ERR>Could not ascertain equivalence for function s453</ERR>
Time taken for equivalence check.: 13.8608s (num_starts 1)
Equivalence proof not found after an exhaustive search.
