<MSG>Converting LLVM IR bitcode to Transfer Function Graph (TFG) for function vtv</MSG>
<MSG>Converting C source code to LLVM IR bitcode...</MSG>
<MSG>Converting LLVM IR bitcode to Transfer Function Graph (TFG)...</MSG>
<MSG>Converting assembly code to object file...</MSG>
<MSG>Harvesting object code to obtain harvested assembly...</MSG>
<MSG>Converting harvested assembly to Transfer Function Graph (TFG)...</MSG>
<MSG>Searching for equivalence at unroll factor 8</MSG>
<MSG>Computing equivalence for function: vtv...</MSG>
<MSG>Computing equivalence of the two TFGs (LLVM IR and x86 assembly)...</MSG>
<MSG>Chose product-TFG  from a frontier of size 1...</MSG>
<MSG>Created 3 possibilities in group A...</MSG>
<MSG>Chose product-TFG A3 from a frontier of size 3...</MSG>
<MSG>product-TFG was not fruitful.
</MSG>
<MSG>Chose product-TFG A2 from a frontier of size 2...</MSG>
<MSG>product-TFG was not fruitful.
</MSG>
<MSG>Chose product-TFG A1 from a frontier of size 1...</MSG>
<MSG>product-TFG was not fruitful.
</MSG>
check_eq 149: correlation check failed
FAIL equivalence check for function vtv. 15.00s, query:smt.: 4.16407s (num_starts 75), decide_hoare_triple.ce.: 5.83214s (num_starts 346), decide_hoare_triple_helper.: 4.49247s (num_starts 346)
Could not ascertain equivalence for function vtv
<ERR>Could not ascertain equivalence for function vtv</ERR>
Time taken for equivalence check.: 14.6834s (num_starts 1)
Equivalence proof not found after an exhaustive search.
