argv[0] = /home/adityanathan/superopt-project/superopt/build/etfg_i386/eq
argv[1] = --unroll-factor
argv[2] = 16
argv[3] = --proof
argv[4] = logs/ddec_ddec.clang.eqchecker.O3.i386.ALL.proof
argv[5] = -f
argv[6] = ALL
argv[7] = /home/adityanathan/superopt-project/superopt-tests/micro/ddec.c
argv[8] = /home/adityanathan/superopt-project/superopt-tests/build/micro/ddec.clang.eqchecker.O3.i386.s
argv[0] = /home/adityanathan/superopt-project/usr/local/bin/clang
argv[1] = -Xclang
argv[2] = -disable-llvm-passes
argv[3] = -Xclang
argv[4] = -disable-O0-optnone
argv[5] = -c
argv[6] = -g
argv[7] = -emit-llvm
argv[8] = -O0
argv[9] = /home/adityanathan/superopt-project/superopt-tests/micro/ddec.c
argv[10] = -o
argv[11] = /home/adityanathan/superopt-project/superopt-tests/micro/ddec.c.bc.tmp
argv[12] = -m32

<MSG>0:00 : Converting LLVM IR bitcode to Transfer Function Graph (TFG) for function ddec</MSG>
 /home/adityanathan/superopt-project/usr/local/bin/harvest32 -functions_only -live_callee_save -allow_unsupported -no_canonicalize_imms -no_eliminate_unreachable_bbls -no_eliminate_duplicates -f ALL -o /home/adityanathan/superopt-project/superopt-tests/build/micro/ddec.clang.eqchecker.O3.i386.s.o.harvest -l /home/adityanathan/superopt-project/superopt-tests/build/micro/ddec.clang.eqchecker.O3.i386.s.o.harvest.log /home/adityanathan/superopt-project/superopt-tests/build/micro/ddec.clang.eqchecker.O3.i386.s.o
 /home/adityanathan/superopt-project/usr/local/bin/eqgen32 -tfg_llvm /home/adityanathan/superopt-project/superopt-tests/micro/ddec.c.bc.etfg -l /home/adityanathan/superopt-project/superopt-tests/build/micro/ddec.clang.eqchecker.O3.i386.s.o.harvest.log -o /home/adityanathan/superopt-project/superopt-tests/build/micro/ddec.clang.eqchecker.O3.i386.s.o.tfg -e /home/adityanathan/superopt-project/superopt-tests/build/micro/ddec.clang.eqchecker.O3.i386.s.o -f ALL /home/adityanathan/superopt-project/superopt-tests/build/micro/ddec.clang.eqchecker.O3.i386.s.o.harvest
tfg_llvm_t 274: all_pcs = (size 50): L0%0%1 Lentry%1%1 Lentry%1%100003 Lentry%1%100004 Lentry%1%100005 Lentry%1%100006 Lentry%1%100007 Lentry%1%100008 Lentry%1%100009 Lentry%1%100010 Lfor.cond%1%0 Lfor.cond%1%1 Lfor.cond%2%1 Lfor.cond%2%100003 Lfor.cond%2%100004 Lfor.cond%2%100005 Lfor.cond%2%100006 Lfor.body%1%1 Lfor.body%2%1 Lfor.body%3%1 Lfor.body%4%1 Lfor.body%5%1 Lfor.body%5%100003 Lfor.body%5%100004 Lfor.body%5%100005 Lfor.body%5%100006 Lfor.body%5%100007 Lfor.body%5%100008 Lfor.end%1%1 Lif.then%1%1 Lif.then%2%1 Lif.then%2%100003 Lif.then%2%100004 Lif.then%2%100005 Lif.then%2%100006 Lif.end%1%0 Lif.end%1%1 Lif.end%1%100003 Lif.end%1%100004 Lfor.inc%1%1 Lfor.inc%2%1 Lfor.inc%2%100003 Lfor.inc%2%100004 Lfor.inc%2%100005 Lfor.inc%2%100006 Lfor.inc%2%100007 Lfor.inc%2%100008 Lfor.inc%2%100009 Lfor.inc%2%100010 E0%0%1
main 459:Printing stats:

expr_simplify_solver: num_starts 14868 time spent: 0:0:0 [0.321357]
expr_simplify_syntactic: num_starts 14868 time spent: 0:0:0 [0.064420]
insn_md_assemble: num_starts 148 time spent: 0:0:0 [0.000123]
expr_linear_relation_holds_visit: num_starts 3564 time spent: 0:0:0 [0.006110]
expr_is_consts_struct_constant: num_starts 164460 time spent: 0:0:0 [0.034130]
graph_loc_get_value: num_starts 7980 time spent: 0:0:0 [0.018230]
manager_register_object: num_starts 1756629 time spent: 0:0:0 [0.459023]
manager_deregister_object: num_starts 11085 time spent: 0:0:0 [0.091219]
expr_do_simplify_helper: num_starts 44087 time spent: 0:0:0 [0.588710]
expr_do_simplify_helper_cache: num_starts 44087 time spent: 0:0:0 [0.016012]
expr_prune_obviously_false_branches_using_assume_clause_visitor_cache: num_starts 942 time spent: 0:0:0 [0.000113]
expr_prune_obviously_false_branches_using_assume_clause_visitor: num_starts 942 time spent: 0:0:0 [0.000784]
expr_evaluates_to_constant: num_starts 34993 time spent: 0:0:0 [0.035353]
is_overlapping_syntactic_using_lhs_set_and_precond: num_starts 96 time spent: 0:0:0 [0.004544]
is_overlapping_atoms_pair_syntactic: num_starts 96 time spent: 0:0:0 [0.003848]
total: num_starts 1 time spent: 0:0:16 [16.122948]
num_syntactic_match_tests = 0.
num_execution_tests = 0.
num_boolean_tests = 0.
fingerprinting rate: 0.00 per second (total), -nan per second (itable_enumerate_timer), -nan per second (excluding execution/boolean tests).

timers:
i386_init_costfns.: 0s (num_starts 1)
context_constructor.init.: 1e-06s (num_starts 1)
etfg_init.: 1e-06s (num_starts 1)
context_constructor.solver.: 1.2e-05s (num_starts 1)
context_constructor.: 2.1e-05s (num_starts 1)
alias_val_t::constructor_with_map_arg.: 4.8e-05s (num_starts 180)
vconstants_alloc.: 5e-05s (num_starts 1)
i386_iseq_copy.: 6.3e-05s (num_starts 1)
allocate_stack_memory_at_start_pc.: 7.4e-05s (num_starts 1)
graph_locs_add_location_memmasked.: 7.6e-05s (num_starts 28)
lr_status_meet.: 0.000147s (num_starts 140)
x86_assemble.: 0.000204s (num_starts 1)
regmap_assign_using_regcons.: 0.00021s (num_starts 1)
dst_iseq_inv_rename.: 0.000339s (num_starts 1)
determinize_value_expr_map.: 0.000392s (num_starts 544)
peep_preprocess_using_regmap.: 0.000486s (num_starts 74)
alias_val_meet.: 0.000529s (num_starts 178)
graph_locs_add_all_llvmvars.: 0.000582s (num_starts 7)
expr_label_memlabels_using_memlabel_map_visitor.memaccess.: 0.000602s (num_starts 280)
dst_iseq_disassemble_with_bin_offsets.: 0.000788s (num_starts 1)
i386_infer_regcons_from_assembly.: 0.000869s (num_starts 1)
tfg::collect_assumes_around_edge.: 0.000953s (num_starts 229)
imm_vt_map_copy.: 0.001055s (num_starts 7417)
populate_branch_affecting_locs.: 0.001323s (num_starts 1)
i386_insn_init_constants.: 0.001394s (num_starts 1)
graph_edge_composition_get_edge_cond.: 0.001525s (num_starts 50)
tfg_suffixpath_get_expr_helper.: 0.001543s (num_starts 50)
expr_represents_llvm_undef.: 0.001695s (num_starts 984)
gas_init.: 0.002049s (num_starts 1)
compute_new_lr_status_on_locs.loc_lr_status.simplify_and_compute_lr_status.: 0.002836s (num_starts 162)
dst_iseq_from_string.: 0.003026s (num_starts 1)
compute_new_lr_status_on_locs.: 0.00385s (num_starts 178)
populate_memlabel_map.visit.: 0.004621s (num_starts 20270)
opctable_init.: 0.004809s (num_starts 1)
populate_simplified_to_state.: 0.004951s (num_starts 2)
expr_linear_relation_holds::visit.var.: 0.005154s (num_starts 1580)
graph_add_location_slots_using_state_mem_acc_map.: 0.006853s (num_starts 7)
populate_locid2expr_map.: 0.007387s (num_starts 8)
compute_lr_status_for_expr.: 0.007856s (num_starts 1638)
compute_sprel_relations.: 0.014049s (num_starts 9)
graph_locs_add_all_exvregs.: 0.015157s (num_starts 7)
propagate_sprels.: 0.017408s (num_starts 9)
src_usedef_tab_read_from_file.: 0.023849s (num_starts 1)
src_usedef_tab_init.: 0.023854s (num_starts 1)
query:convert_to_z3.: 0.038748s (num_starts 2652)
expr_simplify_using_sprel_and_memlabel_maps.sprel.: 0.048677s (num_starts 5670)
graph_visit_exprs.: 0.049852s (num_starts 81)
insn_db_list_get_all_matches.: 0.049933s (num_starts 74)
xfer_and_meet.: 0.050508s (num_starts 2517)
insn_db_get_all_matches.: 0.050647s (num_starts 74)
populate_loc_liveness.: 0.05734s (num_starts 16)
graph_visit_exprs_const.const.: 0.0594s (num_starts 11)
expr_simplify_syntactic().: 0.069285s (num_starts 14868)
edge_update_memlabel_map_for_mlvars.populate_memlabel_map.update_potentially_mod_locs.: 0.083695s (num_starts 178)
canonicalize_expr_tree.: 0.092183s (num_starts 14868)
edge_update_memlabel_map_for_mlvars.populate_memlabel_map.: 0.097606s (num_starts 178)
edge_update_memlabel_map_for_mlvars.: 0.098038s (num_starts 178)
expr_simplify_using_sprel_pair_and_memlabel_maps.sprel.: 0.098617s (num_starts 11983)
alias_analysis.xfer_and_meet.: 0.103126s (num_starts 178)
split_memory_in_graph.: 0.108335s (num_starts 2)
graph_to_stream.: 0.108842s (num_starts 1)
avail_exprs_analysis.meet.: 0.119048s (num_starts 858)
expr_model_callee_readable_writeable_regions_in_fcalls_visitor.other.: 0.125119s (num_starts 120440)
query:convert_from_z3.: 0.13777s (num_starts 2652)
expr_label_memlabels_using_memlabel_map_visitor.: 0.172432s (num_starts 199845)
parse_consts_db.: 0.185386s (num_starts 1)
dst_insn_get_tfg.: 0.195564s (num_starts 74)
expr_model_callee_readable_writeable_regions_in_fcalls_visitor.: 0.210205s (num_starts 200366)
query:simplify_internal.: 0.232563s (num_starts 2652)
query:simplify-z3.: 0.250706s (num_starts 2652)
expr_model_callee_readable_writeable_regions_in_fcalls.: 0.298239s (num_starts 17653)
expr_simplify_using_sprel_pair_and_memlabel_maps.model.: 0.312666s (num_starts 11983)
populate_locs_potentially_modified_on_edge.: 0.414559s (num_starts 9)
expr_simplify_using_sprel_pair_and_memlabel_maps.: 0.48649s (num_starts 11983)
expr_simplify_using_sprel_and_memlabel_maps.model.: 0.514658s (num_starts 5670)
expr_label_memlabels_using_memlabel_map_visitor.simplify.: 0.514796s (num_starts 17653)
expr_simplify_using_lhs_set_helper.: 0.567252s (num_starts 1408)
expr_do_simplify_using_lhs_set_and_precond.: 0.56837s (num_starts 1408)
expr_simplify_using_sprel_and_memlabel_maps.: 0.664686s (num_starts 5670)
compute_loc_avail_exprs.: 0.955651s (num_starts 9)
refresh_graph_locs.: 0.96774s (num_starts 7)
populate_auxilliary_structures_dependent_on_locs.: 0.97222s (num_starts 7)
init_graph_locs.: 1.97897s (num_starts 2)
split_memory_in_graph_initialize.: 1.98247s (num_starts 2)
dst_parse_sym_exec_db.: 2.42965s (num_starts 1)
split_memory_in_graph_and_propagate_sprels_until_fixpoint.: 2.56051s (num_starts 1)
total-preprocess-split_memory.: 2.56051s (num_starts 1)
total-preprocess.: 2.58229s (num_starts 1)
tfg_preprocess.dst.: 2.58613s (num_starts 1)
tfg_preprocess.: 2.58613s (num_starts 1)
dst_iseq_deserialize.: 3.83194s (num_starts 88172)
opc_init.: 4.18703s (num_starts 1)
i386_init.: 4.1891s (num_starts 1)
dst_usedef_tab_read_from_file.: 6.05939s (num_starts 1)
dst_usedef_tab_init.: 6.05939s (num_starts 1)
usedef_init.: 6.08325s (num_starts 1)

counters:

flags:

info:

Context stats:
exprs: count: 28506
sorts: count: 162
num_proof_queries: 0
num_proof_queries_answered_by_syntactic_check: 0
num_proof_queries_answered_by_counter_examples: 0
cache_stats:
m_simplify:
	----------- total:	44087
	        hit ratio:	0.968063
m_simplify_solver:
	----------- total:	14868
	        hit ratio:	0.821294
m_prune_obviously_false_branches_using_assume_clause:
	----------- total:	3246
	        hit ratio:	0.419593
m_z3_solver_simplify:
	----------- total:	2652
	        hit ratio:	0
m_z3_solver_simplify_internal:
	----------- total:	2652
	        hit ratio:	0
m_replace_donotsimplify_using_solver_expressions_by_free_vars:
	----------- total:	2657
	        hit ratio:	0
m_is_expr_not_equal_syntactic:
	----------- total:	57
	        hit ratio:	0.964912
m_expr_size:
	----------- total:	33802
	        hit ratio:	0.897817
m_contains_only_constants_or_arguments_or_esp_versions:
	----------- total:	11903
	        hit ratio:	0.996051
m_expr_evaluates_to_constant_visitor:
	----------- total:	58746
	        hit ratio:	0.787373

stats 170:z3_solver expr_query_cache entry count: 0
histogram:

<MSG>0:00 : Converting C source code to LLVM IR bitcode...</MSG>
<MSG>0:01 : Converting LLVM IR bitcode to Transfer Function Graph (TFG)...</MSG>
<MSG>0:02 : Converting assembly code to object file...</MSG>
<MSG>0:02 : Harvesting object code to obtain harvested assembly...</MSG>
<MSG>0:13 : Converting harvested assembly to Transfer Function Graph (TFG)...</MSG>
<MSG>0:29 : Searching for equivalence at unroll factor 16</MSG>
tfg_llvm_t 274: all_pcs = (size 50): L0%0%1 Lentry%1%1 Lentry%1%100003 Lentry%1%100004 Lentry%1%100005 Lentry%1%100006 Lentry%1%100007 Lentry%1%100008 Lentry%1%100009 Lentry%1%100010 Lfor.cond%1%0 Lfor.cond%1%1 Lfor.cond%2%1 Lfor.cond%2%100003 Lfor.cond%2%100004 Lfor.cond%2%100005 Lfor.cond%2%100006 Lfor.body%1%1 Lfor.body%2%1 Lfor.body%3%1 Lfor.body%4%1 Lfor.body%5%1 Lfor.body%5%100003 Lfor.body%5%100004 Lfor.body%5%100005 Lfor.body%5%100006 Lfor.body%5%100007 Lfor.body%5%100008 Lfor.end%1%1 Lif.then%1%1 Lif.then%2%1 Lif.then%2%100003 Lif.then%2%100004 Lif.then%2%100005 Lif.then%2%100006 Lif.end%1%0 Lif.end%1%1 Lif.end%1%100003 Lif.end%1%100004 Lfor.inc%1%1 Lfor.inc%2%1 Lfor.inc%2%100003 Lfor.inc%2%100004 Lfor.inc%2%100005 Lfor.inc%2%100006 Lfor.inc%2%100007 Lfor.inc%2%100008 Lfor.inc%2%100009 Lfor.inc%2%100010 E0%0%1
<MSG>0:29 : Computing equivalence for function: ddec...</MSG>

ERROR_KILLED_TERM
