argv[0] = /home/adityanathan/superopt-project/superopt/build/etfg_x64/eq
argv[1] = --unroll-factor
argv[2] = 1
argv[3] = --proof
argv[4] = logs/paper_ex_src_paper_ex_dst.ALL.proof
argv[5] = -f
argv[6] = ALL
argv[7] = /home/adityanathan/superopt-project/superopt-tests/paper_ex/paper_ex_src.c
argv[8] = /home/adityanathan/superopt-project/superopt-tests/paper_ex/paper_ex_dst.c
argv[0] = /home/adityanathan/superopt-project/usr/local/bin/clang
argv[1] = -Xclang
argv[2] = -disable-llvm-passes
argv[3] = -Xclang
argv[4] = -disable-O0-optnone
argv[5] = -c
argv[6] = -g
argv[7] = -emit-llvm
argv[8] = -O0
argv[9] = /home/adityanathan/superopt-project/superopt-tests/paper_ex/paper_ex_src.c
argv[10] = -o
argv[11] = /home/adityanathan/superopt-project/superopt-tests/paper_ex/paper_ex_src.c.bc.tmp

<MSG>0:00 : Converting LLVM IR bitcode to Transfer Function Graph (TFG) for function strcpy</MSG>
argv[0] = /home/adityanathan/superopt-project/usr/local/bin/clang
argv[1] = -Xclang
argv[2] = -disable-llvm-passes
argv[3] = -Xclang
argv[4] = -disable-O0-optnone
argv[5] = -c
argv[6] = -g
argv[7] = -emit-llvm
argv[8] = -O0
argv[9] = /home/adityanathan/superopt-project/superopt-tests/paper_ex/paper_ex_dst.c
argv[10] = -o
argv[11] = /home/adityanathan/superopt-project/superopt-tests/paper_ex/paper_ex_dst.c.bc.tmp

tfg_llvm_t 274: all_pcs = (size 33): L0%0%1 Lentry%1%1 Lentry%1%100003 Lentry%1%100004 Lentry%1%100005 Lentry%1%100006 Lentry%1%100007 Lentry%1%100008 Lwhile.cond%1%0 Lwhile.cond%1%1 Lwhile.cond%1%100003 Lwhile.cond%1%100004 Lwhile.cond%2%1 Lwhile.cond%2%100003 Lwhile.cond%3%1 Lwhile.cond%3%100003 Lwhile.cond%3%100004 Lwhile.cond%4%1 Lwhile.cond%5%1 Lwhile.cond%6%1 Lwhile.cond%6%100003 Lwhile.cond%6%100004 Lwhile.cond%6%100005 Lwhile.cond%6%100006 Lwhile.body%1%1 Lwhile.body%1%100003 Lwhile.body%1%100004 Lwhile.body%1%100005 Lwhile.body%1%100006 Lwhile.body%1%100007 Lwhile.body%1%100008 Lwhile.end%1%1 E0%0%1
<MSG>0:00 : Converting LLVM IR bitcode to Transfer Function Graph (TFG) for function strcpy</MSG>
<MSG>0:00 : Converting C source code to LLVM IR bitcode...</MSG>
<MSG>0:01 : Converting LLVM IR bitcode to Transfer Function Graph (TFG)...</MSG>
<MSG>0:02 : Converting C source code to LLVM IR bitcode...</MSG>
<MSG>0:02 : Converting LLVM IR bitcode to Transfer Function Graph (TFG)...</MSG>
<MSG>0:03 : Searching for equivalence at unroll factor 1</MSG>
tfg_llvm_t 274: all_pcs = (size 33): L0%0%1 Lentry%1%1 Lentry%1%100003 Lentry%1%100004 Lentry%1%100005 Lentry%1%100006 Lentry%1%100007 Lentry%1%100008 Lwhile.cond%1%0 Lwhile.cond%1%1 Lwhile.cond%1%100003 Lwhile.cond%1%100004 Lwhile.cond%2%1 Lwhile.cond%2%100003 Lwhile.cond%3%1 Lwhile.cond%3%100003 Lwhile.cond%3%100004 Lwhile.cond%4%1 Lwhile.cond%5%1 Lwhile.cond%6%1 Lwhile.cond%6%100003 Lwhile.cond%6%100004 Lwhile.cond%6%100005 Lwhile.cond%6%100006 Lwhile.body%1%1 Lwhile.body%1%100003 Lwhile.body%1%100004 Lwhile.body%1%100005 Lwhile.body%1%100006 Lwhile.body%1%100007 Lwhile.body%1%100008 Lwhile.end%1%1 E0%0%1
tfg_llvm_t 274: all_pcs = (size 213): L0%0%1 Lentry%1%1 Lentry%2%1 Lentry%3%1 Lentry%4%1 Lentry%5%1 Lentry%6%1 Lentry%7%1 Lentry%7%100003 Lentry%7%100004 Lentry%7%100005 Lentry%7%100006 Lwhile.cond%1%0 Lwhile.cond%1%1 Lwhile.cond%1%100003 Lwhile.cond%1%100004 Lwhile.cond%2%1 Lwhile.cond%2%100003 Lwhile.cond%3%1 Lwhile.cond%3%100003 Lwhile.cond%3%100004 Lwhile.cond%4%1 Lwhile.cond%5%1 Lwhile.cond%6%1 Lwhile.cond%6%100003 Lwhile.cond%6%100004 Lwhile.cond%6%100005 Lwhile.cond%6%100006 Lwhile.body%1%1 Lwhile.body%1%100003 Lwhile.body%1%100004 Lwhile.body%1%100005 Lwhile.body%1%100006 Lwhile.body%1%100007 Lwhile.body%1%100008 Lwhile.end%1%1 Lwhile.end%1%100003 Lwhile.end%1%100004 Lif.then%1%1 Lif.then%1%100003 Lif.then%1%100004 Lif.then%1%100005 Lif.then%1%100006 Lif.then%1%100007 Lif.then%1%100008 Lif.end%1%1 Lif.end%2%1 Lif.end%3%1 Lif.end%4%1 Lif.end%5%1 Lif.end%6%1 Lif.end%7%1 Lif.end%8%1 Lif.end%9%1 Lif.end%9%100003 Lif.end%9%100004 Lif.end%9%100005 Lif.end%9%100006 Lif.end%9%100007 Lif.end%9%100008 Lif.end%9%100009 Lif.end%9%100010 Lreturn%1%0 Lreturn%1%1 Lif.then7%1%1 Lif.then7%1%100003 Lif.then7%1%100004 Lif.then7%1%100005 Lif.then7%1%100006 Lif.then7%1%100007 Lif.then7%1%100008 Lif.then7%1%100009 Lif.then7%1%100010 Lif.end19%1%0 Lif.end19%1%1 Lif.end19%1%100003 Lif.end19%1%100004 Lif.end19%1%100005 Lif.end19%1%100006 Lif.end19%1%100007 Lif.end19%1%100008 Lwhile.cond8%1%0 Lwhile.cond8%1%1 Lwhile.cond8%2%1 Lwhile.cond8%3%1 Lwhile.cond8%3%100003 Lwhile.cond8%3%100004 Lwhile.cond8%3%100005 Lwhile.cond8%3%100006 Lwhile.cond8%3%100007 Lwhile.cond8%3%100008 Lwhile.cond8%3%100009 Lwhile.cond8%3%100010 Lwhile.cond8%3%100011 Lwhile.cond8%3%100012 Lland.rhs%1%1 Lland.rhs%1%100003 Lland.rhs%1%100004 Lland.rhs%2%1 Lland.rhs%2%100003 Lland.rhs%3%1 Lland.rhs%3%100003 Lland.rhs%3%100004 Lland.rhs%4%1 Lland.rhs%5%1 Lland.rhs%6%1 Lland.rhs%7%1 Lland.rhs%7%100003 Lland.rhs%7%100004 Lland.rhs%7%100005 Lland.rhs%7%100006 Lland.rhs%7%100007 Lland.rhs%7%100008 Lland.rhs%7%100009 Lland.rhs%7%100010 Lland.end%1%0 Lland.end%1%1 Lland.end%1%100003 Lland.end%1%100004 Lland.end%1%100005 Lland.end%1%100006 Lwhile.body14%1%1 Lwhile.body14%1%100003 Lwhile.body14%1%100004 Lwhile.body14%1%100005 Lwhile.body14%1%100006 Lwhile.body14%1%100007 Lwhile.body14%1%100008 Lwhile.body14%1%100009 Lwhile.body14%1%100010 Lwhile.end15%1%1 Lwhile.end15%2%1 Lwhile.end15%2%100003 Lwhile.end15%2%100004 Lwhile.end15%2%100005 Lwhile.end15%2%100006 Lif.then17%1%1 Lif.then17%1%100003 Lif.then17%1%100004 Lif.end18%1%1 Lif.end18%1%100003 Lif.end18%1%100004 Lif.end18%1%100005 Lif.end18%1%100006 Lif.end18%1%100007 Lif.end18%1%100008 Lwhile.body21%1%0 Lwhile.body21%1%1 Lwhile.body21%2%1 Lwhile.body21%2%100003 Lwhile.body21%3%1 Lwhile.body21%4%1 Lwhile.body21%5%1 Lwhile.body21%6%1 Lwhile.body21%7%1 Lwhile.body21%8%1 Lwhile.body21%8%100003 Lwhile.body21%8%100004 Lwhile.body21%8%100005 Lwhile.body21%8%100006 Lif.then26%1%1 Lif.then26%1%100003 Lif.then26%1%100004 Lif.then26%1%100005 Lif.then26%1%100006 Lif.then26%1%100007 Lif.then26%1%100008 Lif.end34%1%1 Lif.end34%2%1 Lif.end34%3%1 Lif.end34%3%100003 Lif.end34%3%100004 Lif.end34%4%1 Lif.end34%4%100003 Lif.end34%4%100004 Lif.end34%5%1 Lif.end34%5%100003 Lif.end34%5%100004 Lif.end34%5%100005 Lif.end34%5%100006 Lif.end34%5%100007 Lif.end34%5%100008 Lwhile.cond27%1%0 Lwhile.cond27%1%1 Lwhile.cond27%2%1 Lwhile.cond27%3%1 Lwhile.cond27%3%100003 Lwhile.cond27%3%100004 Lwhile.cond27%4%1 Lwhile.cond27%5%1 Lwhile.cond27%6%1 Lwhile.cond27%6%100003 Lwhile.cond27%6%100004 Lwhile.cond27%6%100005 Lwhile.cond27%6%100006 Lwhile.body32%1%1 Lwhile.body32%1%100003 Lwhile.body32%1%100004 Lwhile.end33%1%1 Lwhile.end33%1%100003 Lwhile.end33%1%100004 Ldo.body%1%1 Ldo.body%2%1 Ldo.body%2%100003 Ldo.body%2%100004 Ldo.end%1%1 Ldo.end%1%100003 Ldo.end%1%100004 Ldo.end%1%100005 Ldo.end%1%100006 Ldo.end%1%100007 Ldo.end%1%100008 E0%0%1
<MSG>0:05 : Computing equivalence for function: strcpy...</MSG>
<MSG>0:06 : Computing equivalence of the two TFGs (LLVM IR and x86 assembly)...</MSG>
<MSG>0:06 : Chose product-TFG strcpy from a frontier of size 1...</MSG>
<cg>
  Nodes: L0%0%1_L0%0%1 (C L0%0%1, A L0%0%1)
                L0%0%1_L0%0%1 contains 0 counterexamples (for correlating 0 bv exprs)

</cg>
<MSG>0:06 : product-TFG strcpy: Enumerating correlations for L0%0%1=>Lwhile.cond%1%0[mu 1, delta 1] starting at L0%0%1_L0%0%1
</MSG>
<MSG>0:06 : Considering 1 paths to src pc Lwhile.cond%1%0 as correlation candidates for L0%0%1=>Lwhile.cond%1%0[mu 1, delta 1] at L0%0%1_L0%0%1
</MSG>
<MSG>0:06 : Attempting correlation of src pathset L0%0%1=>Lwhile.cond%1%0[mu 1, delta 1] as correlation candidate for L0%0%1=>Lwhile.cond%1%0[mu 1, delta 1] at L0%0%1_L0%0%1
</MSG>
<MSG>0:06 : Found 1 feasible correlations for paths to src pc Lwhile.cond%1%0 as correlation candidates for L0%0%1=>Lwhile.cond%1%0[mu 1, delta 1] at L0%0%1_L0%0%1
</MSG>
<MSG>0:06 : Considering 1 paths to src pc Lwhile.cond%6%1 as correlation candidates for L0%0%1=>Lwhile.cond%1%0[mu 1, delta 1] at L0%0%1_L0%0%1
</MSG>
<MSG>0:06 : Attempting correlation of src pathset L0%0%1=>Lwhile.cond%6%1[mu 1, delta 1] as correlation candidate for L0%0%1=>Lwhile.cond%1%0[mu 1, delta 1] at L0%0%1_L0%0%1
</MSG>
<MSG>0:06 : Failed correlation of src pathset L0%0%1=>Lwhile.cond%6%1[mu 1, delta 1] as correlation candidate for L0%0%1=>Lwhile.cond%1%0[mu 1, delta 1] at L0%0%1_L0%0%1: failcond = invariant_state_instability
</MSG>
<MSG>0:06 : Found 0 feasible correlations for paths to src pc Lwhile.cond%6%1 as correlation candidates for L0%0%1=>Lwhile.cond%1%0[mu 1, delta 1] at L0%0%1_L0%0%1
</MSG>
<MSG>0:06 : Considering 1 paths to src pc Lwhile.body%1%100003 as correlation candidates for L0%0%1=>Lwhile.cond%1%0[mu 1, delta 1] at L0%0%1_L0%0%1
</MSG>
<MSG>0:06 : Attempting correlation of src pathset L0%0%1=>Lwhile.body%1%100003[mu 1, delta 1] as correlation candidate for L0%0%1=>Lwhile.cond%1%0[mu 1, delta 1] at L0%0%1_L0%0%1
</MSG>
<MSG>0:06 : Failed correlation of src pathset L0%0%1=>Lwhile.body%1%100003[mu 1, delta 1] as correlation candidate for L0%0%1=>Lwhile.cond%1%0[mu 1, delta 1] at L0%0%1_L0%0%1: failcond = compute_well_formedness_conditions_for_edge for L0%0%1_L0%0%1=>Lwhile.body%1%100003_Lwhile.cond%1%0[ src: ((L0%0%1=>Lwhile.cond%1%0)*((Lwhile.cond%1%0=>Lwhile.cond%6%1)*(Lwhile.cond%6%1=>Lwhile.body%1%100003))); dst: ((L0%0%1=>Lentry%7%1)*((Lentry%7%1=>Lif.then%1%100003)*(Lif.then%1%100003=>Lwhile.cond%1%0)))]
</MSG>
<MSG>0:06 : Found 0 feasible correlations for paths to src pc Lwhile.body%1%100003 as correlation candidates for L0%0%1=>Lwhile.cond%1%0[mu 1, delta 1] at L0%0%1_L0%0%1
</MSG>
<MSG>0:06 : Considering 1 paths to src pc Lwhile.end%1%1 as correlation candidates for L0%0%1=>Lwhile.cond%1%0[mu 1, delta 1] at L0%0%1_L0%0%1
</MSG>
<MSG>0:06 : Attempting correlation of src pathset L0%0%1=>Lwhile.end%1%1[mu 1, delta 1] as correlation candidate for L0%0%1=>Lwhile.cond%1%0[mu 1, delta 1] at L0%0%1_L0%0%1
</MSG>
<MSG>0:06 : Failed correlation of src pathset L0%0%1=>Lwhile.end%1%1[mu 1, delta 1] as correlation candidate for L0%0%1=>Lwhile.cond%1%0[mu 1, delta 1] at L0%0%1_L0%0%1: failcond = compute_well_formedness_conditions_for_edge for L0%0%1_L0%0%1=>Lwhile.end%1%1_Lwhile.cond%1%0[ src: ((L0%0%1=>Lwhile.cond%1%0)*((Lwhile.cond%1%0=>Lwhile.cond%6%1)*(Lwhile.cond%6%1=>Lwhile.end%1%1))); dst: ((L0%0%1=>Lentry%7%1)*((Lentry%7%1=>Lif.then%1%100003)*(Lif.then%1%100003=>Lwhile.cond%1%0)))]
</MSG>
<MSG>0:06 : Found 0 feasible correlations for paths to src pc Lwhile.end%1%1 as correlation candidates for L0%0%1=>Lwhile.cond%1%0[mu 1, delta 1] at L0%0%1_L0%0%1
</MSG>
<MSG>0:06 : product-TFG strcpy: Found 1 correlations for L0%0%1=>Lwhile.cond%1%0[mu 1, delta 1] starting at L0%0%1_L0%0%1
</MSG>
<MSG>0:06 : product-TFG strcpy created 1 possibilities in group strcpy.A...</MSG>
<MSG>0:06 : Chose product-TFG strcpy.A1 from a frontier of size 1...</MSG>
<cg>
  Edges: L0%0%1_L0%0%1=>Lwhile.cond%1%0_Lwhile.cond%1%0 (C L0%0%1 => C (line 23 at column 25) at mu 1 delta 1, A L0%0%1 => A (line 11 at column 29) at mu 1 delta 1)
  Nodes: L0%0%1_L0%0%1 (C L0%0%1, A L0%0%1)
                L0%0%1_L0%0%1 contains 9 counterexamples (for correlating 0 bv exprs)
         Lwhile.cond%1%0_Lwhile.cond%1%0 (C (line 23 at column 25), A (line 11 at column 29))
                Lwhile.cond%1%0_Lwhile.cond%1%0 contains 3 counterexamples (for correlating 12 bv exprs)
                SRCMEM{heap} = DSTMEM{heap}
                (-2696097265510483993) + bvmul(src, (-6690250288934296692)) + bvmul(0..not(SRCMEM[src]_1 = 0), 7790482900051873994) = return-address
                dest = input.dst.llvm-%dest
                dest = bvand(input.dst.llvm-%dest, 7)
                src = input.dst.llvm-%src{Lentry%4%1}
                src = src'
                src = bvand(input.dst.llvm-%src, 7)
                dest = dest'
                bvmul(0..not(SRCMEM[src]_1 = 0), 160) = 0..SRCMEM[src]_1
                bvmul(4, 0..not(SRCMEM[src]_1 = 0)) = dest
                dest = input.dst.llvm-%dest{Lentry%2%1}
                (src' >=_s 0)
                (src' <=_s 4)
                (src' <= 4)
                (dest' >=_s 0)
                ((src - input.src.llvm-%src) <=_s 0)
                ((dest - input.src.llvm-%src) <=_s 4)
                (dest' <= 4)
                ((dest - input.src.llvm-%src) >= 4)
                ((src - input.src.llvm-%src) <= 0)
                (dest <=_s 4)
                ((dest - input.src.llvm-%dest) >=_s 0)
                ((dest - input.src.llvm-%dest) <=_s 0)
                (dest <= 4)
                ((dest - input.src.llvm-%dest) <= 0)
                ((src - input.src.llvm-%dest) >= 1)
                ((src - input.src.llvm-%dest) >=_s (-4))
                ((dest - input.src.llvm-%src) >=_s (-4))
                (src <= 4)
                (src <=_s 4)
                (dest >=_s 0)
                (src >=_s 0)
                ((src - input.src.llvm-%dest) <=_s 4)
                (dest' <=_s 4)
                ((src - input.src.llvm-%src) >=_s 0)
                ismemlabel(src, 1, memlabel-mem-heap)

</cg>
<MSG>0:07 : strcpy.A1: checked newly added edge and inferred invariants...</MSG>
<MSG>0:07 : strcpy.A1: Chosen CG is still the most promising correlation entry; proceeding with it...</MSG>
<MSG>0:07 : product-TFG strcpy.A1: Enumerating correlations for Lwhile.cond%1%0=>Lwhile.cond%1%0[mu 1, delta 1] starting at Lwhile.cond%1%0_Lwhile.cond%1%0
</MSG>
<MSG>0:07 : Considering 2 paths to src pc Lwhile.cond%1%0 as correlation candidates for Lwhile.cond%1%0=>Lwhile.cond%1%0[mu 1, delta 1] at Lwhile.cond%1%0_Lwhile.cond%1%0
</MSG>
<MSG>0:07 : Attempting correlation of src pathset Lwhile.cond%1%0=>Lwhile.cond%1%0[mu 1, delta 0] as correlation candidate for Lwhile.cond%1%0=>Lwhile.cond%1%0[mu 1, delta 1] at Lwhile.cond%1%0_Lwhile.cond%1%0
</MSG>
<MSG>0:07 : Failed correlation of src pathset Lwhile.cond%1%0=>Lwhile.cond%1%0[mu 1, delta 0] as correlation candidate for Lwhile.cond%1%0=>Lwhile.cond%1%0[mu 1, delta 1] at Lwhile.cond%1%0_Lwhile.cond%1%0: failcond = invariant_state_instability
</MSG>
<MSG>0:07 : Attempting correlation of src pathset Lwhile.cond%1%0=>Lwhile.cond%1%0[mu 1, delta 1] as correlation candidate for Lwhile.cond%1%0=>Lwhile.cond%1%0[mu 1, delta 1] at Lwhile.cond%1%0_Lwhile.cond%1%0
</MSG>
<MSG>0:07 : Found 1 feasible correlations for paths to src pc Lwhile.cond%1%0 as correlation candidates for Lwhile.cond%1%0=>Lwhile.cond%1%0[mu 1, delta 1] at Lwhile.cond%1%0_Lwhile.cond%1%0
</MSG>
<MSG>0:07 : Considering 1 paths to src pc Lwhile.cond%6%1 as correlation candidates for Lwhile.cond%1%0=>Lwhile.cond%1%0[mu 1, delta 1] at Lwhile.cond%1%0_Lwhile.cond%1%0
</MSG>
<MSG>0:07 : Attempting correlation of src pathset Lwhile.cond%1%0=>Lwhile.cond%6%1[mu 1, delta 1] as correlation candidate for Lwhile.cond%1%0=>Lwhile.cond%1%0[mu 1, delta 1] at Lwhile.cond%1%0_Lwhile.cond%1%0
</MSG>
<MSG>0:07 : Found 1 feasible correlations for paths to src pc Lwhile.cond%6%1 as correlation candidates for Lwhile.cond%1%0=>Lwhile.cond%1%0[mu 1, delta 1] at Lwhile.cond%1%0_Lwhile.cond%1%0
</MSG>
<MSG>0:07 : Considering 1 paths to src pc Lwhile.body%1%100003 as correlation candidates for Lwhile.cond%1%0=>Lwhile.cond%1%0[mu 1, delta 1] at Lwhile.cond%1%0_Lwhile.cond%1%0
</MSG>
<MSG>0:07 : Attempting correlation of src pathset Lwhile.cond%1%0=>Lwhile.body%1%100003[mu 1, delta 1] as correlation candidate for Lwhile.cond%1%0=>Lwhile.cond%1%0[mu 1, delta 1] at Lwhile.cond%1%0_Lwhile.cond%1%0
</MSG>
<MSG>0:07 : Found 1 feasible correlations for paths to src pc Lwhile.body%1%100003 as correlation candidates for Lwhile.cond%1%0=>Lwhile.cond%1%0[mu 1, delta 1] at Lwhile.cond%1%0_Lwhile.cond%1%0
</MSG>
<MSG>0:07 : Considering 1 paths to src pc Lwhile.end%1%1 as correlation candidates for Lwhile.cond%1%0=>Lwhile.cond%1%0[mu 1, delta 1] at Lwhile.cond%1%0_Lwhile.cond%1%0
</MSG>
<MSG>0:07 : Attempting correlation of src pathset Lwhile.cond%1%0=>Lwhile.end%1%1[mu 1, delta 1] as correlation candidate for Lwhile.cond%1%0=>Lwhile.cond%1%0[mu 1, delta 1] at Lwhile.cond%1%0_Lwhile.cond%1%0
</MSG>
<MSG>0:07 : Failed correlation of src pathset Lwhile.cond%1%0=>Lwhile.end%1%1[mu 1, delta 1] as correlation candidate for Lwhile.cond%1%0=>Lwhile.cond%1%0[mu 1, delta 1] at Lwhile.cond%1%0_Lwhile.cond%1%0: failcond = compute_well_formedness_conditions_for_edge for Lwhile.cond%1%0_Lwhile.cond%1%0=>Lwhile.end%1%1_Lwhile.cond%1%0[ src: ((Lwhile.cond%1%0=>Lwhile.cond%6%1)*(Lwhile.cond%6%1=>Lwhile.end%1%1)); dst: ((Lwhile.cond%1%0=>Lwhile.cond%6%1)*((Lwhile.cond%6%1=>Lwhile.body%1%100003)*(Lwhile.body%1%100003=>Lwhile.cond%1%0)))]
</MSG>
<MSG>0:07 : Found 0 feasible correlations for paths to src pc Lwhile.end%1%1 as correlation candidates for Lwhile.cond%1%0=>Lwhile.cond%1%0[mu 1, delta 1] at Lwhile.cond%1%0_Lwhile.cond%1%0
</MSG>
<MSG>0:07 : product-TFG strcpy.A1: Found 3 correlations for Lwhile.cond%1%0=>Lwhile.cond%1%0[mu 1, delta 1] starting at Lwhile.cond%1%0_Lwhile.cond%1%0
</MSG>
<MSG>0:07 : product-TFG strcpy.A1 created 3 possibilities in group strcpy.A1.B...</MSG>
<MSG>0:07 : Chose product-TFG strcpy.A1.B1 from a frontier of size 3...</MSG>
<cg>
  Edges: L0%0%1_L0%0%1=>Lwhile.cond%1%0_Lwhile.cond%1%0 (C L0%0%1 => C (line 23 at column 25) at mu 1 delta 1, A L0%0%1 => A (line 11 at column 29) at mu 1 delta 1)
         Lwhile.cond%1%0_Lwhile.cond%1%0=>Lwhile.cond%1%0_Lwhile.cond%1%0 (C (line 23 at column 25) => C (line 23 at column 25) at mu 1 delta 1, A (line 11 at column 29) => A (line 11 at column 29) at mu 1 delta 1)
  Nodes: L0%0%1_L0%0%1 (C L0%0%1, A L0%0%1)
                L0%0%1_L0%0%1 contains 36 counterexamples (for correlating 0 bv exprs)
         Lwhile.cond%1%0_Lwhile.cond%1%0 (C (line 23 at column 25), A (line 11 at column 29))
                Lwhile.cond%1%0_Lwhile.cond%1%0 contains 19 counterexamples (for correlating 12 bv exprs)
                SRCMEM{heap} = DSTMEM{heap}
                (src - dest) = (input.dst.llvm-%dest + input.dst.llvm-%src{Lentry%4%1})
                input.dst.llvm-%dest{Lentry%2%1} = bvneg(bvmul((-1), input.dst.llvm-%dest))
                dest = dest'
                src = src'
                (src[2:0]*2 - 2*dest[2:0]) = (bvand(input.dst.llvm-%dest, 7)[2:0] + bvand(input.dst.llvm-%src, 7)[2:0]*2 - input.dst.llvm-%dest[2:0]*3)
                (src[2:0] - dest[2:0]) = (bvand(input.dst.llvm-%src, 7)[2:0] - input.dst.llvm-%dest[2:0])
                ((src - input.src.llvm-%src) >=_s 0)
                ((src - input.src.llvm-%src) <=_s 4)
                ((src - input.src.llvm-%src) <= 4)
                ((dest - input.src.llvm-%dest) <= 4)
                ((dest - input.src.llvm-%dest) <=_s 4)
                ((dest - input.src.llvm-%dest) >=_s 0)
                ((dest - input.src.llvm-%src) >= 1)
                ((src - input.src.llvm-%dest) >= 1)

</cg>
<MSG>0:30 : strcpy.A1.B1: checked newly added edge and inferred invariants...</MSG>
<MSG>0:30 : strcpy.A1.B1: Chosen CG is still the most promising correlation entry; proceeding with it...</MSG>
<MSG>0:30 : product-TFG strcpy.A1.B1: Enumerating correlations for L0%0%1=>Lwhile.cond8%1%0[mu 1, delta 1] starting at L0%0%1_L0%0%1
</MSG>
<MSG>0:30 : Considering 1 paths to src pc Lwhile.cond%1%0 as correlation candidates for L0%0%1=>Lwhile.cond8%1%0[mu 1, delta 1] at L0%0%1_L0%0%1
</MSG>
<MSG>0:30 : Attempting correlation of src pathset L0%0%1=>Lwhile.cond%1%0[mu 1, delta 1] as correlation candidate for L0%0%1=>Lwhile.cond8%1%0[mu 1, delta 1] at L0%0%1_L0%0%1
</MSG>
<MSG>0:30 : Found 1 feasible correlations for paths to src pc Lwhile.cond%1%0 as correlation candidates for L0%0%1=>Lwhile.cond8%1%0[mu 1, delta 1] at L0%0%1_L0%0%1
</MSG>
<MSG>0:30 : Considering 1 paths to src pc Lwhile.cond%6%1 as correlation candidates for L0%0%1=>Lwhile.cond8%1%0[mu 1, delta 1] at L0%0%1_L0%0%1
</MSG>
<MSG>0:30 : Attempting correlation of src pathset L0%0%1=>Lwhile.cond%6%1[mu 1, delta 1] as correlation candidate for L0%0%1=>Lwhile.cond8%1%0[mu 1, delta 1] at L0%0%1_L0%0%1
</MSG>
<MSG>0:30 : Failed correlation of src pathset L0%0%1=>Lwhile.cond%6%1[mu 1, delta 1] as correlation candidate for L0%0%1=>Lwhile.cond8%1%0[mu 1, delta 1] at L0%0%1_L0%0%1: failcond = invariant_state_instability
</MSG>
<MSG>0:30 : Found 0 feasible correlations for paths to src pc Lwhile.cond%6%1 as correlation candidates for L0%0%1=>Lwhile.cond8%1%0[mu 1, delta 1] at L0%0%1_L0%0%1
</MSG>
<MSG>0:30 : Considering 1 paths to src pc Lwhile.body%1%100003 as correlation candidates for L0%0%1=>Lwhile.cond8%1%0[mu 1, delta 1] at L0%0%1_L0%0%1
</MSG>
<MSG>0:30 : Attempting correlation of src pathset L0%0%1=>Lwhile.body%1%100003[mu 1, delta 1] as correlation candidate for L0%0%1=>Lwhile.cond8%1%0[mu 1, delta 1] at L0%0%1_L0%0%1
</MSG>
<MSG>0:30 : Failed correlation of src pathset L0%0%1=>Lwhile.body%1%100003[mu 1, delta 1] as correlation candidate for L0%0%1=>Lwhile.cond8%1%0[mu 1, delta 1] at L0%0%1_L0%0%1: failcond = compute_well_formedness_conditions_for_edge for L0%0%1_L0%0%1=>Lwhile.body%1%100003_Lwhile.cond8%1%0[ src: ((L0%0%1=>Lwhile.cond%1%0)*((Lwhile.cond%1%0=>Lwhile.cond%6%1)*(Lwhile.cond%6%1=>Lwhile.body%1%100003))); dst: ((L0%0%1=>Lentry%7%1)*((Lentry%7%1=>Lif.end%1%1)*((Lif.end%1%1=>Lif.end%9%1)*((Lif.end%9%1=>Lif.then7%1%100003)*(Lif.then7%1%100003=>Lwhile.cond8%1%0)))))]
</MSG>
<MSG>0:30 : Found 0 feasible correlations for paths to src pc Lwhile.body%1%100003 as correlation candidates for L0%0%1=>Lwhile.cond8%1%0[mu 1, delta 1] at L0%0%1_L0%0%1
</MSG>
<MSG>0:30 : Considering 1 paths to src pc Lwhile.end%1%1 as correlation candidates for L0%0%1=>Lwhile.cond8%1%0[mu 1, delta 1] at L0%0%1_L0%0%1
</MSG>
<MSG>0:30 : Attempting correlation of src pathset L0%0%1=>Lwhile.end%1%1[mu 1, delta 1] as correlation candidate for L0%0%1=>Lwhile.cond8%1%0[mu 1, delta 1] at L0%0%1_L0%0%1
</MSG>
<MSG>0:30 : Failed correlation of src pathset L0%0%1=>Lwhile.end%1%1[mu 1, delta 1] as correlation candidate for L0%0%1=>Lwhile.cond8%1%0[mu 1, delta 1] at L0%0%1_L0%0%1: failcond = compute_well_formedness_conditions_for_edge for L0%0%1_L0%0%1=>Lwhile.end%1%1_Lwhile.cond8%1%0[ src: ((L0%0%1=>Lwhile.cond%1%0)*((Lwhile.cond%1%0=>Lwhile.cond%6%1)*(Lwhile.cond%6%1=>Lwhile.end%1%1))); dst: ((L0%0%1=>Lentry%7%1)*((Lentry%7%1=>Lif.end%1%1)*((Lif.end%1%1=>Lif.end%9%1)*((Lif.end%9%1=>Lif.then7%1%100003)*(Lif.then7%1%100003=>Lwhile.cond8%1%0)))))]
</MSG>
<MSG>0:30 : Found 0 feasible correlations for paths to src pc Lwhile.end%1%1 as correlation candidates for L0%0%1=>Lwhile.cond8%1%0[mu 1, delta 1] at L0%0%1_L0%0%1
</MSG>
<MSG>0:30 : product-TFG strcpy.A1.B1: Found 1 correlations for L0%0%1=>Lwhile.cond8%1%0[mu 1, delta 1] starting at L0%0%1_L0%0%1
</MSG>
<MSG>0:30 : product-TFG strcpy.A1.B1 created 1 possibilities in group strcpy.A1.B1.C...</MSG>
<MSG>0:30 : Chose product-TFG strcpy.A1.B1.C1 from a frontier of size 3...</MSG>
<cg>
  Edges: L0%0%1_L0%0%1=>Lwhile.cond%1%0_Lwhile.cond%1%0 (C L0%0%1 => C (line 23 at column 25) at mu 1 delta 1, A L0%0%1 => A (line 11 at column 29) at mu 1 delta 1)
         Lwhile.cond%1%0_Lwhile.cond%1%0=>Lwhile.cond%1%0_Lwhile.cond%1%0 (C (line 23 at column 25) => C (line 23 at column 25) at mu 1 delta 1, A (line 11 at column 29) => A (line 11 at column 29) at mu 1 delta 1)
         L0%0%1_L0%0%1=>Lwhile.cond%1%0_Lwhile.cond8%1%0 (C L0%0%1 => C (line 23 at column 25) at mu 1 delta 1, A L0%0%1 => A (line 16 at column 17) at mu 1 delta 1)
  Nodes: L0%0%1_L0%0%1 (C L0%0%1, A L0%0%1)
                L0%0%1_L0%0%1 contains 42 counterexamples (for correlating 0 bv exprs)
         Lwhile.cond%1%0_Lwhile.cond%1%0 (C (line 23 at column 25), A (line 11 at column 29))
                Lwhile.cond%1%0_Lwhile.cond%1%0 contains 141 counterexamples (for correlating 12 bv exprs)
                SRCMEM{heap} = DSTMEM{heap}
                (src[2:0]*2 - 2*dest[2:0]) = (bvand(input.dst.llvm-%dest, 7)[2:0] + bvand(input.dst.llvm-%src, 7)[2:0]*2 - input.dst.llvm-%dest[2:0]*3)
                (src[2:0] - dest[2:0]) = (bvand(input.dst.llvm-%src, 7)[2:0] - input.dst.llvm-%dest[2:0])
                src = src'
                dest = dest'
                input.dst.llvm-%dest{Lentry%2%1} = bvneg(bvmul((-1), input.dst.llvm-%dest))
                (src - dest) = (input.dst.llvm-%dest + input.dst.llvm-%src{Lentry%4%1})
         Lwhile.cond%1%0_Lwhile.cond8%1%0 (C (line 23 at column 25), A (line 16 at column 17))
                Lwhile.cond%1%0_Lwhile.cond8%1%0 contains 7 counterexamples (for correlating 20 bv exprs)
                SRCMEM{heap} = DSTMEM{heap}
                dest = input.dst.llvm-%dest{Lif.end%6%1}
                dest = dest'{Lwhile.cond8%1%0}
                dest = input.dst.llvm-%dest{Lentry%2%1}
                (-3777815664593993720) + bvmul(dest, (-1712992202998677503)) + bvmul(0..not(SRCMEM[src]_1 = 0), 582769745729159168) = src
                bvmul(0..not(SRCMEM[src]_1 = 0), 186) = 0..SRCMEM[src]_1
                src = bvand(input.dst.llvm-%dest, 7)
                src = bvand(input.dst.llvm-%src, 7)
                dest = input.dst.llvm-%dest
                (dest + 7) = (input.dst.llvm-%dest + 7)
                src = input.dst.llvm-%src{Lentry%4%1}
                bvmul((-1), (bvand((-8), (input.dst.llvm-%dest + 7)) - input.dst.llvm-%dest)) = bvneg(0..tmp')
                (dest + 8) = (input.dst.llvm-%dest + 8)
                (-4803638082185494920) + bvmul(dest, 7241336813002394377) + bvmul(0..not(SRCMEM[src]_1 = 0), 15913665502810154) = return-address
                dest = input.dst.llvm-%dest{Lif.end%2%1}
                (dest*1712992202998677503 - 0..not(SRCMEM[src]_1 = 0)*582769745729159168 + 3777815664593993728) = (bvand((-8), (input.dst.llvm-%dest + 7)) - input.dst.llvm-%dest)
                bvmul((-1), (bvand((-8), (input.dst.llvm-%dest + 7)) - input.dst.llvm-%dest)) = bvneg(0..input.dst.llvm-%conv)
                (0..not(SRCMEM[src]_1 = 0)*582769745729159168 + 3777815664593993728 + dest*1712992202998677504) = bvand((-8), (input.dst.llvm-%dest + 7))
                src = src'{Lwhile.cond8%1%0}
                (src'{Lwhile.cond8%1%0} <= 4)
                (dest'{Lwhile.cond8%1%0} >=_s 262144)
                (tmp' <=_s 8)
                (dest'{Lwhile.cond8%1%0} <=_s 4294967296)
                ((src - input.src.llvm-%src) <=_s 0)
                (dest'{Lwhile.cond8%1%0} >= 262144)
                ((src - input.src.llvm-%dest) >=_s (-4294967296))
                ((src - input.src.llvm-%dest) >= (-9223372036854775808))
                ((src - input.src.llvm-%dest) <=_s (-262144))
                (src >=_s 1)
                (src <=_s 4)
                (src >= 1)
                (src <= 4)
                ((dest - input.src.llvm-%src) >=_s 262144)
                ((dest - input.src.llvm-%src) <=_s 4294967296)
                (src'{Lwhile.cond8%1%0} >= 1)
                (dest'{Lwhile.cond8%1%0} <= 4294967296)
                ((dest - input.src.llvm-%src) >= 262144)
                ((dest - input.src.llvm-%src) <= 4294967296)
                (tmp' >= 4)
                (dest >= 262144)
                (dest <=_s 4294967296)
                ((dest - input.src.llvm-%dest) <= 0)
                (tmp' >=_s 4)
                (src'{Lwhile.cond8%1%0} >=_s 1)
                ((src - input.src.llvm-%src) >=_s 0)
                (src'{Lwhile.cond8%1%0} <=_s 4)
                ((src - input.src.llvm-%src) <= 0)
                (dest <= 4294967296)
                (tmp' <= 8)
                (dest >=_s 262144)
                ((dest - input.src.llvm-%dest) <=_s 0)
                ((dest - input.src.llvm-%dest) >=_s 0)
                ismemlabel(src, 1, memlabel-mem-heap)

</cg>
<MSG>0:31 : strcpy.A1.B1.C1: checked newly added edge and inferred invariants...</MSG>
<MSG>0:31 : strcpy.A1.B1.C1: Chosen CG is still the most promising correlation entry; proceeding with it...</MSG>
<MSG>0:31 : product-TFG strcpy.A1.B1.C1: Enumerating correlations for Lwhile.cond8%1%0=>Lwhile.cond8%1%0[mu 1, delta 1] starting at Lwhile.cond%1%0_Lwhile.cond8%1%0
</MSG>
<MSG>0:31 : Considering 2 paths to src pc Lwhile.cond%1%0 as correlation candidates for Lwhile.cond8%1%0=>Lwhile.cond8%1%0[mu 1, delta 1] at Lwhile.cond%1%0_Lwhile.cond8%1%0
</MSG>
<MSG>0:31 : Attempting correlation of src pathset Lwhile.cond%1%0=>Lwhile.cond%1%0[mu 1, delta 0] as correlation candidate for Lwhile.cond8%1%0=>Lwhile.cond8%1%0[mu 1, delta 1] at Lwhile.cond%1%0_Lwhile.cond8%1%0
</MSG>
<MSG>0:31 : Failed correlation of src pathset Lwhile.cond%1%0=>Lwhile.cond%1%0[mu 1, delta 0] as correlation candidate for Lwhile.cond8%1%0=>Lwhile.cond8%1%0[mu 1, delta 1] at Lwhile.cond%1%0_Lwhile.cond8%1%0: failcond = invariant_state_instability
</MSG>
<MSG>0:31 : Attempting correlation of src pathset Lwhile.cond%1%0=>Lwhile.cond%1%0[mu 1, delta 1] as correlation candidate for Lwhile.cond8%1%0=>Lwhile.cond8%1%0[mu 1, delta 1] at Lwhile.cond%1%0_Lwhile.cond8%1%0
</MSG>
<MSG>0:31 : Found 1 feasible correlations for paths to src pc Lwhile.cond%1%0 as correlation candidates for Lwhile.cond8%1%0=>Lwhile.cond8%1%0[mu 1, delta 1] at Lwhile.cond%1%0_Lwhile.cond8%1%0
</MSG>
<MSG>0:31 : Considering 1 paths to src pc Lwhile.cond%6%1 as correlation candidates for Lwhile.cond8%1%0=>Lwhile.cond8%1%0[mu 1, delta 1] at Lwhile.cond%1%0_Lwhile.cond8%1%0
</MSG>
<MSG>0:31 : Attempting correlation of src pathset Lwhile.cond%1%0=>Lwhile.cond%6%1[mu 1, delta 1] as correlation candidate for Lwhile.cond8%1%0=>Lwhile.cond8%1%0[mu 1, delta 1] at Lwhile.cond%1%0_Lwhile.cond8%1%0
</MSG>
<MSG>0:31 : Found 1 feasible correlations for paths to src pc Lwhile.cond%6%1 as correlation candidates for Lwhile.cond8%1%0=>Lwhile.cond8%1%0[mu 1, delta 1] at Lwhile.cond%1%0_Lwhile.cond8%1%0
</MSG>
<MSG>0:31 : Considering 1 paths to src pc Lwhile.body%1%100003 as correlation candidates for Lwhile.cond8%1%0=>Lwhile.cond8%1%0[mu 1, delta 1] at Lwhile.cond%1%0_Lwhile.cond8%1%0
</MSG>
<MSG>0:31 : Attempting correlation of src pathset Lwhile.cond%1%0=>Lwhile.body%1%100003[mu 1, delta 1] as correlation candidate for Lwhile.cond8%1%0=>Lwhile.cond8%1%0[mu 1, delta 1] at Lwhile.cond%1%0_Lwhile.cond8%1%0
</MSG>
<MSG>0:32 : Found 1 feasible correlations for paths to src pc Lwhile.body%1%100003 as correlation candidates for Lwhile.cond8%1%0=>Lwhile.cond8%1%0[mu 1, delta 1] at Lwhile.cond%1%0_Lwhile.cond8%1%0
</MSG>
<MSG>0:32 : Considering 1 paths to src pc Lwhile.end%1%1 as correlation candidates for Lwhile.cond8%1%0=>Lwhile.cond8%1%0[mu 1, delta 1] at Lwhile.cond%1%0_Lwhile.cond8%1%0
</MSG>
<MSG>0:32 : Attempting correlation of src pathset Lwhile.cond%1%0=>Lwhile.end%1%1[mu 1, delta 1] as correlation candidate for Lwhile.cond8%1%0=>Lwhile.cond8%1%0[mu 1, delta 1] at Lwhile.cond%1%0_Lwhile.cond8%1%0
</MSG>
<MSG>0:32 : Failed correlation of src pathset Lwhile.cond%1%0=>Lwhile.end%1%1[mu 1, delta 1] as correlation candidate for Lwhile.cond8%1%0=>Lwhile.cond8%1%0[mu 1, delta 1] at Lwhile.cond%1%0_Lwhile.cond8%1%0: failcond = compute_well_formedness_conditions_for_edge for Lwhile.cond%1%0_Lwhile.cond8%1%0=>Lwhile.end%1%1_Lwhile.cond8%1%0[ src: ((Lwhile.cond%1%0=>Lwhile.cond%6%1)*(Lwhile.cond%6%1=>Lwhile.end%1%1)); dst: ((Lwhile.cond8%1%0=>Lwhile.cond8%3%1)*((((Lwhile.cond8%3%1=>Lwhile.cond8%3%100005)*(Lwhile.cond8%3%100005=>Lland.end%1%0))+((Lwhile.cond8%3%1=>Lland.rhs%1%1)*(Lland.rhs%1%1=>Lland.end%1%0)))*((Lland.end%1%0=>Lland.end%1%1)*((Lland.end%1%1=>Lwhile.body14%1%100003)*(Lwhile.body14%1%100003=>Lwhile.cond8%1%0)))))]
</MSG>
<MSG>0:32 : Found 0 feasible correlations for paths to src pc Lwhile.end%1%1 as correlation candidates for Lwhile.cond8%1%0=>Lwhile.cond8%1%0[mu 1, delta 1] at Lwhile.cond%1%0_Lwhile.cond8%1%0
</MSG>
<MSG>0:32 : product-TFG strcpy.A1.B1.C1: Found 3 correlations for Lwhile.cond8%1%0=>Lwhile.cond8%1%0[mu 1, delta 1] starting at Lwhile.cond%1%0_Lwhile.cond8%1%0
</MSG>
<MSG>0:32 : product-TFG strcpy.A1.B1.C1 created 3 possibilities in group strcpy.A1.B1.C1.D...</MSG>
<MSG>0:32 : Chose product-TFG strcpy.A1.B1.C1.D1 from a frontier of size 5...</MSG>
<cg>
  Edges: L0%0%1_L0%0%1=>Lwhile.cond%1%0_Lwhile.cond%1%0 (C L0%0%1 => C (line 23 at column 25) at mu 1 delta 1, A L0%0%1 => A (line 11 at column 29) at mu 1 delta 1)
         Lwhile.cond%1%0_Lwhile.cond%1%0=>Lwhile.cond%1%0_Lwhile.cond%1%0 (C (line 23 at column 25) => C (line 23 at column 25) at mu 1 delta 1, A (line 11 at column 29) => A (line 11 at column 29) at mu 1 delta 1)
         L0%0%1_L0%0%1=>Lwhile.cond%1%0_Lwhile.cond8%1%0 (C L0%0%1 => C (line 23 at column 25) at mu 1 delta 1, A L0%0%1 => A (line 16 at column 17) at mu 1 delta 1)
         Lwhile.cond%1%0_Lwhile.cond8%1%0=>Lwhile.cond%1%0_Lwhile.cond8%1%0 (C (line 23 at column 25) => C (line 23 at column 25) at mu 1 delta 1, A (line 16 at column 17) => A (line 16 at column 17) at mu 1 delta 1)
  Nodes: L0%0%1_L0%0%1 (C L0%0%1, A L0%0%1)
                L0%0%1_L0%0%1 contains 71 counterexamples (for correlating 0 bv exprs)
         Lwhile.cond%1%0_Lwhile.cond%1%0 (C (line 23 at column 25), A (line 11 at column 29))
                Lwhile.cond%1%0_Lwhile.cond%1%0 contains 141 counterexamples (for correlating 12 bv exprs)
                SRCMEM{heap} = DSTMEM{heap}
                (src[2:0]*2 - 2*dest[2:0]) = (bvand(input.dst.llvm-%dest, 7)[2:0] + bvand(input.dst.llvm-%src, 7)[2:0]*2 - input.dst.llvm-%dest[2:0]*3)
                (src[2:0] - dest[2:0]) = (bvand(input.dst.llvm-%src, 7)[2:0] - input.dst.llvm-%dest[2:0])
                src = src'
                dest = dest'
                input.dst.llvm-%dest{Lentry%2%1} = bvneg(bvmul((-1), input.dst.llvm-%dest))
                (src - dest) = (input.dst.llvm-%dest + input.dst.llvm-%src{Lentry%4%1})
         Lwhile.cond%1%0_Lwhile.cond8%1%0 (C (line 23 at column 25), A (line 16 at column 17))
                Lwhile.cond%1%0_Lwhile.cond8%1%0 contains 23 counterexamples (for correlating 20 bv exprs)
                SRCMEM{heap} = DSTMEM{heap}
                dest[2:0] = src[2:0]
                input.dst.llvm-%dest{Lif.end%6%1} = bvneg(bvmul((-1), input.dst.llvm-%dest))
                (src[2:0] - dest[2:0]) = (bvand(input.dst.llvm-%dest, 7)[2:0] - input.dst.llvm-%dest[2:0])
                input.dst.llvm-%dest{Lif.end%2%1} = bvneg(bvmul((-1), input.dst.llvm-%dest))
                (src - dest) = (input.dst.llvm-%dest + input.dst.llvm-%src{Lentry%4%1})
                bvmul((-1), bvand(input.dst.llvm-%dest, 7)) = bvneg(bvand(input.dst.llvm-%src, 7))
                8 = ((input.dst.llvm-%dest + 8) - input.dst.llvm-%dest)
                8 = ((bvand((-8), (input.dst.llvm-%dest + 7)) - input.dst.llvm-%dest) - bvand(input.dst.llvm-%dest, 7)*2305843009213693951 + input.dst.llvm-%dest*2305843009213693952)
                (8 - dest) = (0..tmp' - bvand(input.dst.llvm-%dest, 7)*2305843009213693951 + input.dst.llvm-%dest*2305843009213693951)
                src = src'{Lwhile.cond8%1%0}
                bvmul((-1), (bvand((-8), (input.dst.llvm-%dest + 7)) - input.dst.llvm-%dest)) = bvneg(0..input.dst.llvm-%conv)
                7 = ((input.dst.llvm-%dest + 7) - input.dst.llvm-%dest)
                dest = dest'{Lwhile.cond8%1%0}
                input.dst.llvm-%dest{Lentry%2%1} = bvneg(bvmul((-1), input.dst.llvm-%dest))
                8 = (bvand((-8), (input.dst.llvm-%dest + 7)) - bvand(input.dst.llvm-%dest, 7)*2305843009213693951 + input.dst.llvm-%dest*2305843009213693951)
                (tmp' <=_s 8)
                (tmp' >= 1)
                (dest'{Lwhile.cond8%1%0} >= 1)
                (tmp' >=_s 1)
                (src >= 1)
                ((src - input.src.llvm-%src) <=_s 4)
                (tmp' <= 8)
                ((dest - input.src.llvm-%dest) <=_s 4)
                (dest >= 1)
                ((dest - input.src.llvm-%dest) <= 4)
                ((dest - input.src.llvm-%dest) >=_s 0)
                ((src - input.src.llvm-%src) <= 4)
                ((src - input.src.llvm-%src) >=_s 0)
                (src'{Lwhile.cond8%1%0} >= 1)

</cg>
<MSG>1:00 : strcpy.A1.B1.C1.D1: checked newly added edge and inferred invariants...</MSG>
<MSG>1:00 : strcpy.A1.B1.C1.D1: Chosen CG is still the most promising correlation entry; proceeding with it...</MSG>
<MSG>1:00 : product-TFG strcpy.A1.B1.C1.D1: Enumerating correlations for Lwhile.cond8%1%0=>Lwhile.body21%1%0[mu 1, delta 1] starting at Lwhile.cond%1%0_Lwhile.cond8%1%0
</MSG>
<MSG>1:00 : Considering 2 paths to src pc Lwhile.cond%1%0 as correlation candidates for Lwhile.cond8%1%0=>Lwhile.body21%1%0[mu 1, delta 1] at Lwhile.cond%1%0_Lwhile.cond8%1%0
</MSG>
<MSG>1:00 : Attempting correlation of src pathset Lwhile.cond%1%0=>Lwhile.cond%1%0[mu 1, delta 0] as correlation candidate for Lwhile.cond8%1%0=>Lwhile.body21%1%0[mu 1, delta 1] at Lwhile.cond%1%0_Lwhile.cond8%1%0
</MSG>
<MSG>1:01 : Attempting correlation of src pathset Lwhile.cond%1%0=>Lwhile.cond%1%0[mu 1, delta 1] as correlation candidate for Lwhile.cond8%1%0=>Lwhile.body21%1%0[mu 1, delta 1] at Lwhile.cond%1%0_Lwhile.cond8%1%0
</MSG>
<MSG>1:01 : Failed correlation of src pathset Lwhile.cond%1%0=>Lwhile.cond%1%0[mu 1, delta 1] as correlation candidate for Lwhile.cond8%1%0=>Lwhile.body21%1%0[mu 1, delta 1] at Lwhile.cond%1%0_Lwhile.cond8%1%0: failcond = compute_well_formedness_conditions_for_edge for Lwhile.cond%1%0_Lwhile.cond8%1%0=>Lwhile.cond%1%0_Lwhile.body21%1%0[ src: ((Lwhile.cond%1%0=>Lwhile.cond%6%1)*((Lwhile.cond%6%1=>Lwhile.body%1%100003)*(Lwhile.body%1%100003=>Lwhile.cond%1%0))); dst: ((Lwhile.cond8%1%0=>Lwhile.cond8%3%1)*((((Lwhile.cond8%3%1=>Lwhile.cond8%3%100005)*(Lwhile.cond8%3%100005=>Lland.end%1%0))+((Lwhile.cond8%3%1=>Lland.rhs%1%1)*(Lland.rhs%1%1=>Lland.end%1%0)))*((Lland.end%1%0=>Lland.end%1%1)*((Lland.end%1%1=>Lwhile.end15%1%1)*((Lwhile.end15%1%1=>Lwhile.end15%2%1)*((Lwhile.end15%2%1=>Lif.end18%1%100003)*((Lif.end18%1%100003=>Lif.end19%1%0)*(Lif.end19%1%0=>Lwhile.body21%1%0))))))))]
</MSG>
<MSG>1:01 : Found 1 feasible correlations for paths to src pc Lwhile.cond%1%0 as correlation candidates for Lwhile.cond8%1%0=>Lwhile.body21%1%0[mu 1, delta 1] at Lwhile.cond%1%0_Lwhile.cond8%1%0
</MSG>
<MSG>1:01 : Considering 1 paths to src pc Lwhile.cond%6%1 as correlation candidates for Lwhile.cond8%1%0=>Lwhile.body21%1%0[mu 1, delta 1] at Lwhile.cond%1%0_Lwhile.cond8%1%0
</MSG>
<MSG>1:01 : Attempting correlation of src pathset Lwhile.cond%1%0=>Lwhile.cond%6%1[mu 1, delta 1] as correlation candidate for Lwhile.cond8%1%0=>Lwhile.body21%1%0[mu 1, delta 1] at Lwhile.cond%1%0_Lwhile.cond8%1%0
</MSG>
<MSG>1:01 : Found 1 feasible correlations for paths to src pc Lwhile.cond%6%1 as correlation candidates for Lwhile.cond8%1%0=>Lwhile.body21%1%0[mu 1, delta 1] at Lwhile.cond%1%0_Lwhile.cond8%1%0
</MSG>
<MSG>1:01 : Considering 1 paths to src pc Lwhile.body%1%100003 as correlation candidates for Lwhile.cond8%1%0=>Lwhile.body21%1%0[mu 1, delta 1] at Lwhile.cond%1%0_Lwhile.cond8%1%0
</MSG>
<MSG>1:01 : Attempting correlation of src pathset Lwhile.cond%1%0=>Lwhile.body%1%100003[mu 1, delta 1] as correlation candidate for Lwhile.cond8%1%0=>Lwhile.body21%1%0[mu 1, delta 1] at Lwhile.cond%1%0_Lwhile.cond8%1%0
</MSG>
<MSG>1:01 : Failed correlation of src pathset Lwhile.cond%1%0=>Lwhile.body%1%100003[mu 1, delta 1] as correlation candidate for Lwhile.cond8%1%0=>Lwhile.body21%1%0[mu 1, delta 1] at Lwhile.cond%1%0_Lwhile.cond8%1%0: failcond = compute_well_formedness_conditions_for_edge for Lwhile.cond%1%0_Lwhile.cond8%1%0=>Lwhile.cond%1%0_Lwhile.body21%1%0[ src: ((Lwhile.cond%1%0=>Lwhile.cond%6%1)*((Lwhile.cond%6%1=>Lwhile.body%1%100003)*(Lwhile.body%1%100003=>Lwhile.cond%1%0))); dst: ((Lwhile.cond8%1%0=>Lwhile.cond8%3%1)*((((Lwhile.cond8%3%1=>Lwhile.cond8%3%100005)*(Lwhile.cond8%3%100005=>Lland.end%1%0))+((Lwhile.cond8%3%1=>Lland.rhs%1%1)*(Lland.rhs%1%1=>Lland.end%1%0)))*((Lland.end%1%0=>Lland.end%1%1)*((Lland.end%1%1=>Lwhile.end15%1%1)*((Lwhile.end15%1%1=>Lwhile.end15%2%1)*((Lwhile.end15%2%1=>Lif.end18%1%100003)*((Lif.end18%1%100003=>Lif.end19%1%0)*(Lif.end19%1%0=>Lwhile.body21%1%0))))))))]
</MSG>
<MSG>1:01 : Found 0 feasible correlations for paths to src pc Lwhile.body%1%100003 as correlation candidates for Lwhile.cond8%1%0=>Lwhile.body21%1%0[mu 1, delta 1] at Lwhile.cond%1%0_Lwhile.cond8%1%0
</MSG>
<MSG>1:01 : Considering 1 paths to src pc Lwhile.end%1%1 as correlation candidates for Lwhile.cond8%1%0=>Lwhile.body21%1%0[mu 1, delta 1] at Lwhile.cond%1%0_Lwhile.cond8%1%0
</MSG>
<MSG>1:01 : Attempting correlation of src pathset Lwhile.cond%1%0=>Lwhile.end%1%1[mu 1, delta 1] as correlation candidate for Lwhile.cond8%1%0=>Lwhile.body21%1%0[mu 1, delta 1] at Lwhile.cond%1%0_Lwhile.cond8%1%0
</MSG>
<MSG>1:01 : Failed correlation of src pathset Lwhile.cond%1%0=>Lwhile.end%1%1[mu 1, delta 1] as correlation candidate for Lwhile.cond8%1%0=>Lwhile.body21%1%0[mu 1, delta 1] at Lwhile.cond%1%0_Lwhile.cond8%1%0: failcond = compute_well_formedness_conditions_for_edge for Lwhile.cond%1%0_Lwhile.cond8%1%0=>Lwhile.end%1%1_Lwhile.body21%1%0[ src: ((Lwhile.cond%1%0=>Lwhile.cond%6%1)*(Lwhile.cond%6%1=>Lwhile.end%1%1)); dst: ((Lwhile.cond8%1%0=>Lwhile.cond8%3%1)*((((Lwhile.cond8%3%1=>Lwhile.cond8%3%100005)*(Lwhile.cond8%3%100005=>Lland.end%1%0))+((Lwhile.cond8%3%1=>Lland.rhs%1%1)*(Lland.rhs%1%1=>Lland.end%1%0)))*((Lland.end%1%0=>Lland.end%1%1)*((Lland.end%1%1=>Lwhile.end15%1%1)*((Lwhile.end15%1%1=>Lwhile.end15%2%1)*((Lwhile.end15%2%1=>Lif.end18%1%100003)*((Lif.end18%1%100003=>Lif.end19%1%0)*(Lif.end19%1%0=>Lwhile.body21%1%0))))))))]
</MSG>
<MSG>1:01 : Found 0 feasible correlations for paths to src pc Lwhile.end%1%1 as correlation candidates for Lwhile.cond8%1%0=>Lwhile.body21%1%0[mu 1, delta 1] at Lwhile.cond%1%0_Lwhile.cond8%1%0
</MSG>
<MSG>1:01 : product-TFG strcpy.A1.B1.C1.D1: Found 2 correlations for Lwhile.cond8%1%0=>Lwhile.body21%1%0[mu 1, delta 1] starting at Lwhile.cond%1%0_Lwhile.cond8%1%0
</MSG>
<MSG>1:01 : product-TFG strcpy.A1.B1.C1.D1 created 2 possibilities in group strcpy.A1.B1.C1.D1.E...</MSG>
<MSG>1:01 : Chose product-TFG strcpy.A1.B1.C1.D1.E1 from a frontier of size 6...</MSG>
<cg>
  Edges: L0%0%1_L0%0%1=>Lwhile.cond%1%0_Lwhile.cond%1%0 (C L0%0%1 => C (line 23 at column 25) at mu 1 delta 1, A L0%0%1 => A (line 11 at column 29) at mu 1 delta 1)
         Lwhile.cond%1%0_Lwhile.cond%1%0=>Lwhile.cond%1%0_Lwhile.cond%1%0 (C (line 23 at column 25) => C (line 23 at column 25) at mu 1 delta 1, A (line 11 at column 29) => A (line 11 at column 29) at mu 1 delta 1)
         L0%0%1_L0%0%1=>Lwhile.cond%1%0_Lwhile.cond8%1%0 (C L0%0%1 => C (line 23 at column 25) at mu 1 delta 1, A L0%0%1 => A (line 16 at column 17) at mu 1 delta 1)
         Lwhile.cond%1%0_Lwhile.cond8%1%0=>Lwhile.cond%1%0_Lwhile.cond8%1%0 (C (line 23 at column 25) => C (line 23 at column 25) at mu 1 delta 1, A (line 16 at column 17) => A (line 16 at column 17) at mu 1 delta 1)
         Lwhile.cond%1%0_Lwhile.cond8%1%0=>Lwhile.cond%1%0_Lwhile.body21%1%0 (C (line 23 at column 25) => C (line 23 at column 25) at mu 1 delta 0, A (line 16 at column 17) => A line 21 at mu 1 delta 1)
  Nodes: L0%0%1_L0%0%1 (C L0%0%1, A L0%0%1)
                L0%0%1_L0%0%1 contains 74 counterexamples (for correlating 0 bv exprs)
         Lwhile.cond%1%0_Lwhile.cond%1%0 (C (line 23 at column 25), A (line 11 at column 29))
                Lwhile.cond%1%0_Lwhile.cond%1%0 contains 141 counterexamples (for correlating 12 bv exprs)
                SRCMEM{heap} = DSTMEM{heap}
                (src[2:0]*2 - 2*dest[2:0]) = (bvand(input.dst.llvm-%dest, 7)[2:0] + bvand(input.dst.llvm-%src, 7)[2:0]*2 - input.dst.llvm-%dest[2:0]*3)
                (src[2:0] - dest[2:0]) = (bvand(input.dst.llvm-%src, 7)[2:0] - input.dst.llvm-%dest[2:0])
                src = src'
                dest = dest'
                input.dst.llvm-%dest{Lentry%2%1} = bvneg(bvmul((-1), input.dst.llvm-%dest))
                (src - dest) = (input.dst.llvm-%dest + input.dst.llvm-%src{Lentry%4%1})
         Lwhile.cond%1%0_Lwhile.cond8%1%0 (C (line 23 at column 25), A (line 16 at column 17))
                Lwhile.cond%1%0_Lwhile.cond8%1%0 contains 143 counterexamples (for correlating 20 bv exprs)
                SRCMEM{heap} = DSTMEM{heap}
                input.dst.llvm-%dest{Lentry%2%1} = bvneg(bvmul((-1), input.dst.llvm-%dest))
                dest = dest'{Lwhile.cond8%1%0}
                7 = ((input.dst.llvm-%dest + 7) - input.dst.llvm-%dest)
                src = src'{Lwhile.cond8%1%0}
                (8 - dest) = (0..tmp' - bvand(input.dst.llvm-%dest, 7)*2305843009213693951 + input.dst.llvm-%dest*2305843009213693951)
                bvmul((-1), (bvand((-8), (input.dst.llvm-%dest + 7)) - input.dst.llvm-%dest)) = bvneg(0..input.dst.llvm-%conv)
                8 = ((bvand((-8), (input.dst.llvm-%dest + 7)) - input.dst.llvm-%dest) - bvand(input.dst.llvm-%dest, 7)*2305843009213693951 + input.dst.llvm-%dest*2305843009213693952)
                8 = (bvand((-8), (input.dst.llvm-%dest + 7)) - bvand(input.dst.llvm-%dest, 7)*2305843009213693951 + input.dst.llvm-%dest*2305843009213693951)
                8 = ((input.dst.llvm-%dest + 8) - input.dst.llvm-%dest)
                bvmul((-1), bvand(input.dst.llvm-%dest, 7)) = bvneg(bvand(input.dst.llvm-%src, 7))
                (src - dest) = (input.dst.llvm-%dest + input.dst.llvm-%src{Lentry%4%1})
                (src[2:0] - dest[2:0]) = (bvand(input.dst.llvm-%dest, 7)[2:0] - input.dst.llvm-%dest[2:0])
                input.dst.llvm-%dest{Lif.end%2%1} = bvneg(bvmul((-1), input.dst.llvm-%dest))
                input.dst.llvm-%dest{Lif.end%6%1} = bvneg(bvmul((-1), input.dst.llvm-%dest))
                dest[2:0] = src[2:0]
                (tmp' <=_s 8)
                (src'{Lwhile.cond8%1%0} >= 1)
                (dest >= 1)
                (tmp' >=_s 0)
                (src >= 1)
                (dest'{Lwhile.cond8%1%0} >= 1)
                (tmp' <= 8)
         Lwhile.cond%1%0_Lwhile.body21%1%0 (C (line 23 at column 25), A line 21)
                Lwhile.cond%1%0_Lwhile.body21%1%0 contains 46 counterexamples (for correlating 19 bv exprs)
                SRCMEM{heap} = DSTMEM{heap}
                dest = (input.dst.llvm-%dest + (bvand((-8), (input.dst.llvm-%dest + 7)) - input.dst.llvm-%dest))
                input.dst.llvm-%dest{Lif.end%6%1} = bvneg(bvmul((-1), input.dst.llvm-%dest))
                input.dst.llvm-%dest{Lif.end%2%1} = bvneg(bvmul((-1), input.dst.llvm-%dest))
                dest[2:0] = 0
                src[2:0] = 0
                src = src'
                (8 + dest*2305843009213693951) = (bvand(input.dst.llvm-%dest, 7) - input.dst.llvm-%dest)
                bvmul((-1), bvand(input.dst.llvm-%dest, 7)) = bvneg(bvand(input.dst.llvm-%src, 7))
                8 = ((input.dst.llvm-%dest + 8) - input.dst.llvm-%dest)
                dest = bvand((-8), (input.dst.llvm-%dest + 7))
                bvmul((-72340172838076673), 0..SRCMEM[src]_1) = 0..not(SRCMEM[src]_1 = 0)
                7 = ((input.dst.llvm-%dest + 7) - input.dst.llvm-%dest)
                bvmul((-1), (bvand((-8), (input.dst.llvm-%dest + 7)) - input.dst.llvm-%dest)) = bvneg(0..input.dst.llvm-%conv)
                (src + dest*2305843009213693951) = (input.dst.llvm-%dest + input.dst.llvm-%src{Lentry%4%1})
                dest = dest'
                input.dst.llvm-%dest{Lentry%2%1} = bvneg(bvmul((-1), input.dst.llvm-%dest))
                (src' >=_s (-576460752303423488))
                (src' >= 8)
                ((dest - input.src.llvm-%src) >= 8)
                (dest' <=_s 2305843009213693952)
                (dest' >= 8)
                (dest >= 8)
                (src >= 8)
                (src >=_s (-576460752303423488))
                (dest <=_s 2305843009213693952)
                (dest >=_s (-4611686018427387904))
                ((dest - input.src.llvm-%dest) >= 4)
                ((src - input.src.llvm-%dest) >= 1024)
                ((src - input.src.llvm-%src) >= 2)
                (dest' >=_s (-4611686018427387904))
                ismemlabel(src, 1, memlabel-mem-heap)

</cg>
<MSG>1:04 : strcpy.A1.B1.C1.D1.E1: checked newly added edge and inferred invariants...</MSG>
<MSG>1:04 : strcpy.A1.B1.C1.D1.E1: Chosen CG is still the most promising correlation entry; proceeding with it...</MSG>
<MSG>1:04 : product-TFG strcpy.A1.B1.C1.D1.E1: Enumerating correlations for Lwhile.body21%1%0=>Lwhile.body21%1%0[mu 1, delta 1] starting at Lwhile.cond%1%0_Lwhile.body21%1%0
</MSG>
<MSG>1:04 : Considering 2 paths to src pc Lwhile.cond%1%0 as correlation candidates for Lwhile.body21%1%0=>Lwhile.body21%1%0[mu 1, delta 1] at Lwhile.cond%1%0_Lwhile.body21%1%0
</MSG>
<MSG>1:04 : Attempting correlation of src pathset Lwhile.cond%1%0=>Lwhile.cond%1%0[mu 1, delta 0] as correlation candidate for Lwhile.body21%1%0=>Lwhile.body21%1%0[mu 1, delta 1] at Lwhile.cond%1%0_Lwhile.body21%1%0
</MSG>
<MSG>1:04 : Failed correlation of src pathset Lwhile.cond%1%0=>Lwhile.cond%1%0[mu 1, delta 0] as correlation candidate for Lwhile.body21%1%0=>Lwhile.body21%1%0[mu 1, delta 1] at Lwhile.cond%1%0_Lwhile.body21%1%0: failcond = invariant_state_instability
</MSG>
<MSG>1:04 : Attempting correlation of src pathset Lwhile.cond%1%0=>Lwhile.cond%1%0[mu 1, delta 1] as correlation candidate for Lwhile.body21%1%0=>Lwhile.body21%1%0[mu 1, delta 1] at Lwhile.cond%1%0_Lwhile.body21%1%0
</MSG>
<MSG>1:05 : Failed correlation of src pathset Lwhile.cond%1%0=>Lwhile.cond%1%0[mu 1, delta 1] as correlation candidate for Lwhile.body21%1%0=>Lwhile.body21%1%0[mu 1, delta 1] at Lwhile.cond%1%0_Lwhile.body21%1%0: failcond = invariant_state_instability
</MSG>
<MSG>1:05 : Found 0 feasible correlations for paths to src pc Lwhile.cond%1%0 as correlation candidates for Lwhile.body21%1%0=>Lwhile.body21%1%0[mu 1, delta 1] at Lwhile.cond%1%0_Lwhile.body21%1%0
</MSG>
<MSG>1:05 : Considering 1 paths to src pc Lwhile.cond%6%1 as correlation candidates for Lwhile.body21%1%0=>Lwhile.body21%1%0[mu 1, delta 1] at Lwhile.cond%1%0_Lwhile.body21%1%0
</MSG>
<MSG>1:05 : Attempting correlation of src pathset Lwhile.cond%1%0=>Lwhile.cond%6%1[mu 1, delta 1] as correlation candidate for Lwhile.body21%1%0=>Lwhile.body21%1%0[mu 1, delta 1] at Lwhile.cond%1%0_Lwhile.body21%1%0
</MSG>
<MSG>1:05 : Failed correlation of src pathset Lwhile.cond%1%0=>Lwhile.cond%6%1[mu 1, delta 1] as correlation candidate for Lwhile.body21%1%0=>Lwhile.body21%1%0[mu 1, delta 1] at Lwhile.cond%1%0_Lwhile.body21%1%0: failcond = invariant_state_instability
</MSG>
<MSG>1:05 : Found 0 feasible correlations for paths to src pc Lwhile.cond%6%1 as correlation candidates for Lwhile.body21%1%0=>Lwhile.body21%1%0[mu 1, delta 1] at Lwhile.cond%1%0_Lwhile.body21%1%0
</MSG>
<MSG>1:05 : Considering 1 paths to src pc Lwhile.body%1%100003 as correlation candidates for Lwhile.body21%1%0=>Lwhile.body21%1%0[mu 1, delta 1] at Lwhile.cond%1%0_Lwhile.body21%1%0
</MSG>
<MSG>1:05 : Attempting correlation of src pathset Lwhile.cond%1%0=>Lwhile.body%1%100003[mu 1, delta 1] as correlation candidate for Lwhile.body21%1%0=>Lwhile.body21%1%0[mu 1, delta 1] at Lwhile.cond%1%0_Lwhile.body21%1%0
</MSG>
<MSG>1:05 : Failed correlation of src pathset Lwhile.cond%1%0=>Lwhile.body%1%100003[mu 1, delta 1] as correlation candidate for Lwhile.body21%1%0=>Lwhile.body21%1%0[mu 1, delta 1] at Lwhile.cond%1%0_Lwhile.body21%1%0: failcond = invariant_state_instability
</MSG>
<MSG>1:05 : Found 0 feasible correlations for paths to src pc Lwhile.body%1%100003 as correlation candidates for Lwhile.body21%1%0=>Lwhile.body21%1%0[mu 1, delta 1] at Lwhile.cond%1%0_Lwhile.body21%1%0
</MSG>
<MSG>1:05 : Considering 1 paths to src pc Lwhile.end%1%1 as correlation candidates for Lwhile.body21%1%0=>Lwhile.body21%1%0[mu 1, delta 1] at Lwhile.cond%1%0_Lwhile.body21%1%0
</MSG>
<MSG>1:05 : Attempting correlation of src pathset Lwhile.cond%1%0=>Lwhile.end%1%1[mu 1, delta 1] as correlation candidate for Lwhile.body21%1%0=>Lwhile.body21%1%0[mu 1, delta 1] at Lwhile.cond%1%0_Lwhile.body21%1%0
</MSG>
<MSG>1:05 : Failed correlation of src pathset Lwhile.cond%1%0=>Lwhile.end%1%1[mu 1, delta 1] as correlation candidate for Lwhile.body21%1%0=>Lwhile.body21%1%0[mu 1, delta 1] at Lwhile.cond%1%0_Lwhile.body21%1%0: failcond = compute_well_formedness_conditions_for_edge for Lwhile.cond%1%0_Lwhile.body21%1%0=>Lwhile.end%1%1_Lwhile.body21%1%0[ src: ((Lwhile.cond%1%0=>Lwhile.cond%6%1)*(Lwhile.cond%6%1=>Lwhile.end%1%1)); dst: ((Lwhile.body21%1%0=>Lwhile.body21%8%1)*((Lwhile.body21%8%1=>Lif.end34%1%1)*(Lif.end34%1%1=>Lwhile.body21%1%0)))]
</MSG>
<MSG>1:05 : Found 0 feasible correlations for paths to src pc Lwhile.end%1%1 as correlation candidates for Lwhile.body21%1%0=>Lwhile.body21%1%0[mu 1, delta 1] at Lwhile.cond%1%0_Lwhile.body21%1%0
</MSG>
<MSG>1:05 : product-TFG strcpy.A1.B1.C1.D1.E1: Found 0 correlations for Lwhile.body21%1%0=>Lwhile.body21%1%0[mu 1, delta 1] starting at Lwhile.cond%1%0_Lwhile.body21%1%0
</MSG>
<MSG>1:05 : product-TFG strcpy.A1.B1.C1.D1.E1 was not fruitful.
</MSG>
<MSG>1:05 : Chose product-TFG strcpy.A1.B1.C1.D1.E2 from a frontier of size 5...</MSG>
<cg>
  Edges: L0%0%1_L0%0%1=>Lwhile.cond%1%0_Lwhile.cond%1%0 (C L0%0%1 => C (line 23 at column 25) at mu 1 delta 1, A L0%0%1 => A (line 11 at column 29) at mu 1 delta 1)
         Lwhile.cond%1%0_Lwhile.cond%1%0=>Lwhile.cond%1%0_Lwhile.cond%1%0 (C (line 23 at column 25) => C (line 23 at column 25) at mu 1 delta 1, A (line 11 at column 29) => A (line 11 at column 29) at mu 1 delta 1)
         L0%0%1_L0%0%1=>Lwhile.cond%1%0_Lwhile.cond8%1%0 (C L0%0%1 => C (line 23 at column 25) at mu 1 delta 1, A L0%0%1 => A (line 16 at column 17) at mu 1 delta 1)
         Lwhile.cond%1%0_Lwhile.cond8%1%0=>Lwhile.cond%1%0_Lwhile.cond8%1%0 (C (line 23 at column 25) => C (line 23 at column 25) at mu 1 delta 1, A (line 16 at column 17) => A (line 16 at column 17) at mu 1 delta 1)
         Lwhile.cond%1%0_Lwhile.cond8%1%0=>Lwhile.cond%6%1_Lwhile.body21%1%0 (C (line 23 at column 25) => C (line 23 at column 3) at mu 1 delta 1, A (line 16 at column 17) => A line 21 at mu 1 delta 1)
  Nodes: L0%0%1_L0%0%1 (C L0%0%1, A L0%0%1)
                L0%0%1_L0%0%1 contains 74 counterexamples (for correlating 0 bv exprs)
         Lwhile.cond%1%0_Lwhile.cond%1%0 (C (line 23 at column 25), A (line 11 at column 29))
                Lwhile.cond%1%0_Lwhile.cond%1%0 contains 141 counterexamples (for correlating 12 bv exprs)
                SRCMEM{heap} = DSTMEM{heap}
                (src[2:0]*2 - 2*dest[2:0]) = (bvand(input.dst.llvm-%dest, 7)[2:0] + bvand(input.dst.llvm-%src, 7)[2:0]*2 - input.dst.llvm-%dest[2:0]*3)
                (src[2:0] - dest[2:0]) = (bvand(input.dst.llvm-%src, 7)[2:0] - input.dst.llvm-%dest[2:0])
                src = src'
                dest = dest'
                input.dst.llvm-%dest{Lentry%2%1} = bvneg(bvmul((-1), input.dst.llvm-%dest))
                (src - dest) = (input.dst.llvm-%dest + input.dst.llvm-%src{Lentry%4%1})
         Lwhile.cond%1%0_Lwhile.cond8%1%0 (C (line 23 at column 25), A (line 16 at column 17))
                Lwhile.cond%1%0_Lwhile.cond8%1%0 contains 143 counterexamples (for correlating 20 bv exprs)
                SRCMEM{heap} = DSTMEM{heap}
                input.dst.llvm-%dest{Lentry%2%1} = bvneg(bvmul((-1), input.dst.llvm-%dest))
                dest = dest'{Lwhile.cond8%1%0}
                7 = ((input.dst.llvm-%dest + 7) - input.dst.llvm-%dest)
                src = src'{Lwhile.cond8%1%0}
                (8 - dest) = (0..tmp' - bvand(input.dst.llvm-%dest, 7)*2305843009213693951 + input.dst.llvm-%dest*2305843009213693951)
                bvmul((-1), (bvand((-8), (input.dst.llvm-%dest + 7)) - input.dst.llvm-%dest)) = bvneg(0..input.dst.llvm-%conv)
                8 = ((bvand((-8), (input.dst.llvm-%dest + 7)) - input.dst.llvm-%dest) - bvand(input.dst.llvm-%dest, 7)*2305843009213693951 + input.dst.llvm-%dest*2305843009213693952)
                8 = (bvand((-8), (input.dst.llvm-%dest + 7)) - bvand(input.dst.llvm-%dest, 7)*2305843009213693951 + input.dst.llvm-%dest*2305843009213693951)
                8 = ((input.dst.llvm-%dest + 8) - input.dst.llvm-%dest)
                bvmul((-1), bvand(input.dst.llvm-%dest, 7)) = bvneg(bvand(input.dst.llvm-%src, 7))
                (src - dest) = (input.dst.llvm-%dest + input.dst.llvm-%src{Lentry%4%1})
                (src[2:0] - dest[2:0]) = (bvand(input.dst.llvm-%dest, 7)[2:0] - input.dst.llvm-%dest[2:0])
                input.dst.llvm-%dest{Lif.end%2%1} = bvneg(bvmul((-1), input.dst.llvm-%dest))
                input.dst.llvm-%dest{Lif.end%6%1} = bvneg(bvmul((-1), input.dst.llvm-%dest))
                dest[2:0] = src[2:0]
                (tmp' <=_s 8)
                (src'{Lwhile.cond8%1%0} >= 1)
                (dest >= 1)
                (tmp' >=_s 0)
                (src >= 1)
                (dest'{Lwhile.cond8%1%0} >= 1)
                (tmp' <= 8)
         Lwhile.cond%6%1_Lwhile.body21%1%0 (C (line 23 at column 3), A line 21)
                Lwhile.cond%6%1_Lwhile.body21%1%0 contains 46 counterexamples (for correlating 20 bv exprs)
                SRCMEM{heap} = DSTMEM{heap}
                dest = (input.dst.llvm-%dest + (bvand((-8), (input.dst.llvm-%dest + 7)) - input.dst.llvm-%dest))
                input.dst.llvm-%dest{Lif.end%6%1} = bvneg(bvmul((-1), input.dst.llvm-%dest))
                ((-1) + input.src.llvm-%incdec.ptr + dest*2305843009213693951) = (input.dst.llvm-%dest + input.dst.llvm-%src{Lentry%4%1})
                input.dst.llvm-%dest{Lentry%2%1} = bvneg(bvmul((-1), input.dst.llvm-%dest))
                dest[2:0] = 0
                input.src.llvm-%incdec.ptr[2:0] = 1
                1 + dest = input.src.llvm-%incdec.ptr1
                (8 + dest*2305843009213693951) = (bvand(input.dst.llvm-%dest, 7) - input.dst.llvm-%dest)
                input.src.llvm-%incdec.ptr + bvmul(src, (-1)) = -(-1)
                8 = ((input.dst.llvm-%dest + 8) - input.dst.llvm-%dest)
                input.dst.llvm-%dest{Lif.end%2%1} = bvneg(bvmul((-1), input.dst.llvm-%dest))
                ((-1) + input.src.llvm-%incdec.ptr) = src'
                dest = bvand((-8), (input.dst.llvm-%dest + 7))
                7 = ((input.dst.llvm-%dest + 7) - input.dst.llvm-%dest)
                bvmul((-1), (bvand((-8), (input.dst.llvm-%dest + 7)) - input.dst.llvm-%dest)) = bvneg(0..input.dst.llvm-%conv)
                dest = dest'
                bvmul((-1), bvand(input.dst.llvm-%dest, 7)) = bvneg(bvand(input.dst.llvm-%src, 7))
                (src' >=_s (-576460752303423488))
                (dest' <=_s 2305843009213693952)
                (dest' >= 8)
                (src' >= 8)
                ((1 + dest) >= 8)
                ((src + 1) >= 8)
                (((src + 1) - input.src.llvm-%src) >= 4)
                ((src + 1) >=_s (-576460752303423488))
                (dest' >=_s (-4611686018427387904))
                (((1 + dest) - input.src.llvm-%src) >= 8)
                ((1 + dest) <=_s 2305843009213693952)
                ((1 + dest) >=_s (-4611686018427387904))
                (((1 + dest) - input.src.llvm-%dest) >= 4)
                (((src + 1) - input.src.llvm-%dest) >= 1024)

</cg>
correl_entry_apply 1036: correl entry cg edge not well formed for strcpy.A1.B1.C1.D1.E2
cg =
<cg>
  Edges: L0%0%1_L0%0%1=>Lwhile.cond%1%0_Lwhile.cond%1%0 (C L0%0%1 => C (line 23 at column 25) at mu 1 delta 1, A L0%0%1 => A (line 11 at column 29) at mu 1 delta 1)
         Lwhile.cond%1%0_Lwhile.cond%1%0=>Lwhile.cond%1%0_Lwhile.cond%1%0 (C (line 23 at column 25) => C (line 23 at column 25) at mu 1 delta 1, A (line 11 at column 29) => A (line 11 at column 29) at mu 1 delta 1)
         L0%0%1_L0%0%1=>Lwhile.cond%1%0_Lwhile.cond8%1%0 (C L0%0%1 => C (line 23 at column 25) at mu 1 delta 1, A L0%0%1 => A (line 16 at column 17) at mu 1 delta 1)
         Lwhile.cond%1%0_Lwhile.cond8%1%0=>Lwhile.cond%1%0_Lwhile.cond8%1%0 (C (line 23 at column 25) => C (line 23 at column 25) at mu 1 delta 1, A (line 16 at column 17) => A (line 16 at column 17) at mu 1 delta 1)
         Lwhile.cond%1%0_Lwhile.cond8%1%0=>Lwhile.cond%6%1_Lwhile.body21%1%0 (C (line 23 at column 25) => C (line 23 at column 3) at mu 1 delta 1, A (line 16 at column 17) => A line 21 at mu 1 delta 1)
  Nodes: L0%0%1_L0%0%1 (C L0%0%1, A L0%0%1)
                L0%0%1_L0%0%1 contains 74 counterexamples (for correlating 0 bv exprs)
         Lwhile.cond%1%0_Lwhile.cond%1%0 (C (line 23 at column 25), A (line 11 at column 29))
                Lwhile.cond%1%0_Lwhile.cond%1%0 contains 141 counterexamples (for correlating 12 bv exprs)
                SRCMEM{heap} = DSTMEM{heap}
                (src[2:0]*2 - 2*dest[2:0]) = (bvand(input.dst.llvm-%dest, 7)[2:0] + bvand(input.dst.llvm-%src, 7)[2:0]*2 - input.dst.llvm-%dest[2:0]*3)
                (src[2:0] - dest[2:0]) = (bvand(input.dst.llvm-%src, 7)[2:0] - input.dst.llvm-%dest[2:0])
                src = src'
                dest = dest'
                input.dst.llvm-%dest{Lentry%2%1} = bvneg(bvmul((-1), input.dst.llvm-%dest))
                (src - dest) = (input.dst.llvm-%dest + input.dst.llvm-%src{Lentry%4%1})
         Lwhile.cond%1%0_Lwhile.cond8%1%0 (C (line 23 at column 25), A (line 16 at column 17))
                Lwhile.cond%1%0_Lwhile.cond8%1%0 contains 143 counterexamples (for correlating 20 bv exprs)
                SRCMEM{heap} = DSTMEM{heap}
                input.dst.llvm-%dest{Lentry%2%1} = bvneg(bvmul((-1), input.dst.llvm-%dest))
                dest = dest'{Lwhile.cond8%1%0}
                7 = ((input.dst.llvm-%dest + 7) - input.dst.llvm-%dest)
                src = src'{Lwhile.cond8%1%0}
                (8 - dest) = (0..tmp' - bvand(input.dst.llvm-%dest, 7)*2305843009213693951 + input.dst.llvm-%dest*2305843009213693951)
                bvmul((-1), (bvand((-8), (input.dst.llvm-%dest + 7)) - input.dst.llvm-%dest)) = bvneg(0..input.dst.llvm-%conv)
                8 = ((bvand((-8), (input.dst.llvm-%dest + 7)) - input.dst.llvm-%dest) - bvand(input.dst.llvm-%dest, 7)*2305843009213693951 + input.dst.llvm-%dest*2305843009213693952)
                8 = (bvand((-8), (input.dst.llvm-%dest + 7)) - bvand(input.dst.llvm-%dest, 7)*2305843009213693951 + input.dst.llvm-%dest*2305843009213693951)
                8 = ((input.dst.llvm-%dest + 8) - input.dst.llvm-%dest)
                bvmul((-1), bvand(input.dst.llvm-%dest, 7)) = bvneg(bvand(input.dst.llvm-%src, 7))
                (src - dest) = (input.dst.llvm-%dest + input.dst.llvm-%src{Lentry%4%1})
                (src[2:0] - dest[2:0]) = (bvand(input.dst.llvm-%dest, 7)[2:0] - input.dst.llvm-%dest[2:0])
                input.dst.llvm-%dest{Lif.end%2%1} = bvneg(bvmul((-1), input.dst.llvm-%dest))
                input.dst.llvm-%dest{Lif.end%6%1} = bvneg(bvmul((-1), input.dst.llvm-%dest))
                dest[2:0] = src[2:0]
                (tmp' <=_s 8)
                (src'{Lwhile.cond8%1%0} >= 1)
                (dest >= 1)
                (tmp' >=_s 0)
                (src >= 1)
                (dest'{Lwhile.cond8%1%0} >= 1)
                (tmp' <= 8)
         Lwhile.cond%6%1_Lwhile.body21%1%0 (C (line 23 at column 3), A line 21)
                Lwhile.cond%6%1_Lwhile.body21%1%0 contains 46 counterexamples (for correlating 20 bv exprs)
                1 + dest = input.src.llvm-%incdec.ptr1
                ((-1) + input.src.llvm-%incdec.ptr + dest*2305843009213693951) = (input.dst.llvm-%dest + input.dst.llvm-%src{Lentry%4%1})
                input.dst.llvm-%dest{Lentry%2%1} = bvneg(bvmul((-1), input.dst.llvm-%dest))
                input.dst.llvm-%dest{Lif.end%2%1} = bvneg(bvmul((-1), input.dst.llvm-%dest))
                dest[2:0] = 0
                dest = dest'
                input.src.llvm-%incdec.ptr[2:0] = 1
                (8 + dest*2305843009213693951) = (bvand(input.dst.llvm-%dest, 7) - input.dst.llvm-%dest)
                dest = (input.dst.llvm-%dest + (bvand((-8), (input.dst.llvm-%dest + 7)) - input.dst.llvm-%dest))
                input.src.llvm-%incdec.ptr + bvmul(src, (-1)) = -(-1)
                dest = bvand((-8), (input.dst.llvm-%dest + 7))
                8 = ((input.dst.llvm-%dest + 8) - input.dst.llvm-%dest)
                bvmul((-1), bvand(input.dst.llvm-%dest, 7)) = bvneg(bvand(input.dst.llvm-%src, 7))
                ((-1) + input.src.llvm-%incdec.ptr) = src'
                7 = ((input.dst.llvm-%dest + 7) - input.dst.llvm-%dest)
                input.dst.llvm-%dest{Lif.end%6%1} = bvneg(bvmul((-1), input.dst.llvm-%dest))
                bvmul((-1), (bvand((-8), (input.dst.llvm-%dest + 7)) - input.dst.llvm-%dest)) = bvneg(0..input.dst.llvm-%conv)
                (src' >=_s (-576460752303423488))
                (dest' >= 8)
                (((src + 1) - input.src.llvm-%dest) >= 1024)
                ((1 + dest) >=_s (-4611686018427387904))
                ((1 + dest) <=_s 2305843009213693952)
                ((src + 1) >= 8)
                (((1 + dest) - input.src.llvm-%dest) >= 4)
                ((src + 1) >=_s (-576460752303423488))
                (((1 + dest) - input.src.llvm-%src) >= 8)
                (((src + 1) - input.src.llvm-%src) >= 4)
                (dest' >=_s (-4611686018427387904))
                (dest' <=_s 2305843009213693952)
                ((1 + dest) >= 8)
                (src' >= 8)

</cg>
Edge correlation criteria failed for Lwhile.cond%1%0_Lwhile.cond8%1%0=>Lwhile.cond%6%1_Lwhile.body21%1%0
<MSG>1:05 : Chosen product-TFG failed the edge correlation criterion...</MSG>
<MSG>1:05 : Chose product-TFG strcpy.A1.B1.C1.D3 from a frontier of size 4...</MSG>
<cg>
  Edges: L0%0%1_L0%0%1=>Lwhile.cond%1%0_Lwhile.cond%1%0 (C L0%0%1 => C (line 23 at column 25) at mu 1 delta 1, A L0%0%1 => A (line 11 at column 29) at mu 1 delta 1)
         Lwhile.cond%1%0_Lwhile.cond%1%0=>Lwhile.cond%1%0_Lwhile.cond%1%0 (C (line 23 at column 25) => C (line 23 at column 25) at mu 1 delta 1, A (line 11 at column 29) => A (line 11 at column 29) at mu 1 delta 1)
         L0%0%1_L0%0%1=>Lwhile.cond%1%0_Lwhile.cond8%1%0 (C L0%0%1 => C (line 23 at column 25) at mu 1 delta 1, A L0%0%1 => A (line 16 at column 17) at mu 1 delta 1)
         Lwhile.cond%1%0_Lwhile.cond8%1%0=>Lwhile.body%1%100003_Lwhile.cond8%1%0 (C (line 23 at column 25) => C (line 23 at column 3) at mu 1 delta 1, A (line 16 at column 17) => A (line 16 at column 17) at mu 1 delta 1)
  Nodes: L0%0%1_L0%0%1 (C L0%0%1, A L0%0%1)
                L0%0%1_L0%0%1 contains 71 counterexamples (for correlating 0 bv exprs)
         Lwhile.cond%1%0_Lwhile.cond%1%0 (C (line 23 at column 25), A (line 11 at column 29))
                Lwhile.cond%1%0_Lwhile.cond%1%0 contains 141 counterexamples (for correlating 12 bv exprs)
                SRCMEM{heap} = DSTMEM{heap}
                (src[2:0]*2 - 2*dest[2:0]) = (bvand(input.dst.llvm-%dest, 7)[2:0] + bvand(input.dst.llvm-%src, 7)[2:0]*2 - input.dst.llvm-%dest[2:0]*3)
                (src[2:0] - dest[2:0]) = (bvand(input.dst.llvm-%src, 7)[2:0] - input.dst.llvm-%dest[2:0])
                src = src'
                dest = dest'
                input.dst.llvm-%dest{Lentry%2%1} = bvneg(bvmul((-1), input.dst.llvm-%dest))
                (src - dest) = (input.dst.llvm-%dest + input.dst.llvm-%src{Lentry%4%1})
         Lwhile.cond%1%0_Lwhile.cond8%1%0 (C (line 23 at column 25), A (line 16 at column 17))
                Lwhile.cond%1%0_Lwhile.cond8%1%0 contains 20 counterexamples (for correlating 20 bv exprs)
                SRCMEM{heap} = DSTMEM{heap}
                dest[2:0] = src[2:0]
                dest = input.dst.llvm-%dest{Lif.end%6%1}
                dest = input.dst.llvm-%dest
                src = input.dst.llvm-%src{Lentry%4%1}
                bvmul((-1), (bvand((-8), (input.dst.llvm-%dest + 7)) - input.dst.llvm-%dest)) = bvneg(0..tmp')
                src[2:0] = bvand(input.dst.llvm-%dest, 7)[2:0]
                dest = dest'{Lwhile.cond8%1%0}
                dest = input.dst.llvm-%dest{Lif.end%2%1}
                (dest + 7) = (input.dst.llvm-%dest + 7)
                bvmul((-1), bvand(input.dst.llvm-%dest, 7)) = bvneg(bvand(input.dst.llvm-%src, 7))
                src = src'{Lwhile.cond8%1%0}
                (8 - dest*2305843009213693952) = ((bvand((-8), (input.dst.llvm-%dest + 7)) - input.dst.llvm-%dest) - bvand(input.dst.llvm-%dest, 7)*2305843009213693951)
                bvmul((-1), (bvand((-8), (input.dst.llvm-%dest + 7)) - input.dst.llvm-%dest)) = bvneg(0..input.dst.llvm-%conv)
                dest = input.dst.llvm-%dest{Lentry%2%1}
                (dest + 8) = (input.dst.llvm-%dest + 8)
                (8 - dest*2305843009213693951) = (bvand((-8), (input.dst.llvm-%dest + 7)) - bvand(input.dst.llvm-%dest, 7)*2305843009213693951)
                (tmp' <=_s 8)
                (tmp' <= 8)
                (tmp' >= 1)
                ((src - input.src.llvm-%src) <= 0)
                ((src - input.src.llvm-%src) <=_s 0)
                (tmp' >=_s 1)
                ((dest - input.src.llvm-%dest) <=_s 0)
                ((dest - input.src.llvm-%dest) <= 0)
                (src'{Lwhile.cond8%1%0} >= 1)
                (dest >= 1)
                ((dest - input.src.llvm-%dest) >=_s 0)
                (src >= 1)
                ((src - input.src.llvm-%src) >=_s 0)
                (dest'{Lwhile.cond8%1%0} >= 1)
         Lwhile.body%1%100003_Lwhile.cond8%1%0 (C (line 23 at column 3), A (line 16 at column 17))
                Lwhile.body%1%100003_Lwhile.cond8%1%0 contains 3 counterexamples (for correlating 20 bv exprs)
                SRCMEM{heap} = DSTMEM{heap}
                dest = input.dst.llvm-%dest{Lentry%2%1}
                dest = input.dst.llvm-%dest{Lif.end%2%1}
                (-1) = (0..tmp' - (bvand((-8), (input.dst.llvm-%dest + 7)) - input.dst.llvm-%dest))
                (1 + dest) = dest'{Lwhile.cond8%1%0}
                (dest + 8) = (input.dst.llvm-%dest + 8)
                (dest*9063718022410290791 + (-1652566332085298784)) = (bvand((-8), (input.dst.llvm-%dest + 7)) - input.dst.llvm-%dest)
                dest = input.dst.llvm-%dest
                dest = input.dst.llvm-%dest{Lif.end%6%1}
                input.src.llvm-%incdec.ptr + bvmul(src, (-1)) = -(-1)
                ((-1652566332085298784) + dest*9063718022410290792) = bvand((-8), (input.dst.llvm-%dest + 7))
                1 + dest = input.src.llvm-%incdec.ptr1
                4463667846896807529 + bvmul(return-address, (-9223372036854775808)) + bvmul(dest, 9013505463792663449) = input.src.llvm-%incdec.ptr
                bvmul((-1), (bvand((-8), (input.dst.llvm-%dest + 7)) - input.dst.llvm-%dest)) = bvneg(0..input.dst.llvm-%conv)
                input.src.llvm-%incdec.ptr = src'{Lwhile.cond8%1%0}
                bvmul((-1), bvand(input.dst.llvm-%dest, 7)) = bvneg(bvand(input.dst.llvm-%src, 7))
                ((-1) + input.src.llvm-%incdec.ptr) = input.dst.llvm-%src{Lentry%4%1}
                (dest + 7) = (input.dst.llvm-%dest + 7)
                (1652566332085298792 - dest*9063718022410290791) = bvand(input.dst.llvm-%dest, 7)
                (tmp' >=_s 2)
                (tmp' <=_s 8)
                (tmp' <= 8)
                (tmp' >= 2)
                (src'{Lwhile.cond8%1%0} <=_s 8)
                (dest'{Lwhile.cond8%1%0} >= 2147483648)
                (dest'{Lwhile.cond8%1%0} <=_s 4294967296)
                (dest'{Lwhile.cond8%1%0} >=_s (-4611686018427387904))
                (((src + 1) - input.src.llvm-%src) <=_s 1)
                (((src + 1) - input.src.llvm-%src) <= 1)
                (((src + 1) - input.src.llvm-%dest) >= 4611686018427387904)
                (((src + 1) - input.src.llvm-%src) >=_s 1)
                (((1 + dest) - input.src.llvm-%dest) >= 1)
                (src'{Lwhile.cond8%1%0} >= 4)
                ((src + 1) <=_s 8)
                ((src + 1) >= 4)
                (((src + 1) - input.src.llvm-%src) >= 1)
                (((1 + dest) - input.src.llvm-%dest) >=_s 1)
                ((1 + dest) >= 2147483648)
                ((1 + dest) <=_s 4294967296)
                ((1 + dest) >=_s (-4611686018427387904))
                (((1 + dest) - input.src.llvm-%dest) <= 1)
                (((1 + dest) - input.src.llvm-%dest) <=_s 1)
                (((1 + dest) - input.src.llvm-%src) >= 2147483648)

</cg>
<MSG>1:07 : strcpy.A1.B1.C1.D3: checked newly added edge and inferred invariants...</MSG>
<MSG>1:07 : strcpy.A1.B1.C1.D3: Chosen CG is still the most promising correlation entry; proceeding with it...</MSG>
<MSG>1:08 : product-TFG strcpy.A1.B1.C1.D3: Enumerating correlations for Lwhile.cond8%1%0=>Lwhile.cond8%1%0[mu 1, delta 1] starting at Lwhile.body%1%100003_Lwhile.cond8%1%0
</MSG>
<MSG>1:08 : Considering 1 paths to src pc Lwhile.cond%1%0 as correlation candidates for Lwhile.cond8%1%0=>Lwhile.cond8%1%0[mu 1, delta 1] at Lwhile.body%1%100003_Lwhile.cond8%1%0
</MSG>
<MSG>1:08 : Attempting correlation of src pathset Lwhile.body%1%100003=>Lwhile.cond%1%0[mu 1, delta 1] as correlation candidate for Lwhile.cond8%1%0=>Lwhile.cond8%1%0[mu 1, delta 1] at Lwhile.body%1%100003_Lwhile.cond8%1%0
</MSG>
<MSG>1:08 : Found 1 feasible correlations for paths to src pc Lwhile.cond%1%0 as correlation candidates for Lwhile.cond8%1%0=>Lwhile.cond8%1%0[mu 1, delta 1] at Lwhile.body%1%100003_Lwhile.cond8%1%0
</MSG>
<MSG>1:08 : Considering 1 paths to src pc Lwhile.cond%6%1 as correlation candidates for Lwhile.cond8%1%0=>Lwhile.cond8%1%0[mu 1, delta 1] at Lwhile.body%1%100003_Lwhile.cond8%1%0
</MSG>
<MSG>1:08 : Attempting correlation of src pathset Lwhile.body%1%100003=>Lwhile.cond%6%1[mu 1, delta 1] as correlation candidate for Lwhile.cond8%1%0=>Lwhile.cond8%1%0[mu 1, delta 1] at Lwhile.body%1%100003_Lwhile.cond8%1%0
</MSG>
<MSG>1:08 : Found 1 feasible correlations for paths to src pc Lwhile.cond%6%1 as correlation candidates for Lwhile.cond8%1%0=>Lwhile.cond8%1%0[mu 1, delta 1] at Lwhile.body%1%100003_Lwhile.cond8%1%0
</MSG>
<MSG>1:08 : Considering 2 paths to src pc Lwhile.body%1%100003 as correlation candidates for Lwhile.cond8%1%0=>Lwhile.cond8%1%0[mu 1, delta 1] at Lwhile.body%1%100003_Lwhile.cond8%1%0
</MSG>
<MSG>1:08 : Attempting correlation of src pathset Lwhile.body%1%100003=>Lwhile.body%1%100003[mu 1, delta 0] as correlation candidate for Lwhile.cond8%1%0=>Lwhile.cond8%1%0[mu 1, delta 1] at Lwhile.body%1%100003_Lwhile.cond8%1%0
</MSG>
<MSG>1:08 : Attempting correlation of src pathset Lwhile.body%1%100003=>Lwhile.body%1%100003[mu 1, delta 1] as correlation candidate for Lwhile.cond8%1%0=>Lwhile.cond8%1%0[mu 1, delta 1] at Lwhile.body%1%100003_Lwhile.cond8%1%0
</MSG>
<MSG>1:08 : Found 2 feasible correlations for paths to src pc Lwhile.body%1%100003 as correlation candidates for Lwhile.cond8%1%0=>Lwhile.cond8%1%0[mu 1, delta 1] at Lwhile.body%1%100003_Lwhile.cond8%1%0
</MSG>
<MSG>1:08 : Considering 1 paths to src pc Lwhile.end%1%1 as correlation candidates for Lwhile.cond8%1%0=>Lwhile.cond8%1%0[mu 1, delta 1] at Lwhile.body%1%100003_Lwhile.cond8%1%0
</MSG>
<MSG>1:08 : Attempting correlation of src pathset Lwhile.body%1%100003=>Lwhile.end%1%1[mu 1, delta 1] as correlation candidate for Lwhile.cond8%1%0=>Lwhile.cond8%1%0[mu 1, delta 1] at Lwhile.body%1%100003_Lwhile.cond8%1%0
</MSG>
<MSG>1:08 : Failed correlation of src pathset Lwhile.body%1%100003=>Lwhile.end%1%1[mu 1, delta 1] as correlation candidate for Lwhile.cond8%1%0=>Lwhile.cond8%1%0[mu 1, delta 1] at Lwhile.body%1%100003_Lwhile.cond8%1%0: failcond = compute_well_formedness_conditions_for_edge for Lwhile.body%1%100003_Lwhile.cond8%1%0=>Lwhile.end%1%1_Lwhile.cond8%1%0[ src: ((Lwhile.body%1%100003=>Lwhile.cond%1%0)*((Lwhile.cond%1%0=>Lwhile.cond%6%1)*(Lwhile.cond%6%1=>Lwhile.end%1%1))); dst: ((Lwhile.cond8%1%0=>Lwhile.cond8%3%1)*((((Lwhile.cond8%3%1=>Lwhile.cond8%3%100005)*(Lwhile.cond8%3%100005=>Lland.end%1%0))+((Lwhile.cond8%3%1=>Lland.rhs%1%1)*(Lland.rhs%1%1=>Lland.end%1%0)))*((Lland.end%1%0=>Lland.end%1%1)*((Lland.end%1%1=>Lwhile.body14%1%100003)*(Lwhile.body14%1%100003=>Lwhile.cond8%1%0)))))]
</MSG>
<MSG>1:08 : Found 0 feasible correlations for paths to src pc Lwhile.end%1%1 as correlation candidates for Lwhile.cond8%1%0=>Lwhile.cond8%1%0[mu 1, delta 1] at Lwhile.body%1%100003_Lwhile.cond8%1%0
</MSG>
<MSG>1:08 : product-TFG strcpy.A1.B1.C1.D3: Found 4 correlations for Lwhile.cond8%1%0=>Lwhile.cond8%1%0[mu 1, delta 1] starting at Lwhile.body%1%100003_Lwhile.cond8%1%0
</MSG>
<MSG>1:08 : product-TFG strcpy.A1.B1.C1.D3 created 4 possibilities in group strcpy.A1.B1.C1.D3.E...</MSG>
<MSG>1:08 : Chose product-TFG strcpy.A1.B1.C1.D3.E3 from a frontier of size 7...</MSG>
<cg>
  Edges: L0%0%1_L0%0%1=>Lwhile.cond%1%0_Lwhile.cond%1%0 (C L0%0%1 => C (line 23 at column 25) at mu 1 delta 1, A L0%0%1 => A (line 11 at column 29) at mu 1 delta 1)
         Lwhile.cond%1%0_Lwhile.cond%1%0=>Lwhile.cond%1%0_Lwhile.cond%1%0 (C (line 23 at column 25) => C (line 23 at column 25) at mu 1 delta 1, A (line 11 at column 29) => A (line 11 at column 29) at mu 1 delta 1)
         L0%0%1_L0%0%1=>Lwhile.cond%1%0_Lwhile.cond8%1%0 (C L0%0%1 => C (line 23 at column 25) at mu 1 delta 1, A L0%0%1 => A (line 16 at column 17) at mu 1 delta 1)
         Lwhile.cond%1%0_Lwhile.cond8%1%0=>Lwhile.body%1%100003_Lwhile.cond8%1%0 (C (line 23 at column 25) => C (line 23 at column 3) at mu 1 delta 1, A (line 16 at column 17) => A (line 16 at column 17) at mu 1 delta 1)
         Lwhile.body%1%100003_Lwhile.cond8%1%0=>Lwhile.body%1%100003_Lwhile.cond8%1%0 (C (line 23 at column 3) => C (line 23 at column 3) at mu 1 delta 0, A (line 16 at column 17) => A (line 16 at column 17) at mu 1 delta 1)
  Nodes: L0%0%1_L0%0%1 (C L0%0%1, A L0%0%1)
                L0%0%1_L0%0%1 contains 74 counterexamples (for correlating 0 bv exprs)
         Lwhile.cond%1%0_Lwhile.cond%1%0 (C (line 23 at column 25), A (line 11 at column 29))
                Lwhile.cond%1%0_Lwhile.cond%1%0 contains 141 counterexamples (for correlating 12 bv exprs)
                SRCMEM{heap} = DSTMEM{heap}
                (src[2:0]*2 - 2*dest[2:0]) = (bvand(input.dst.llvm-%dest, 7)[2:0] + bvand(input.dst.llvm-%src, 7)[2:0]*2 - input.dst.llvm-%dest[2:0]*3)
                (src[2:0] - dest[2:0]) = (bvand(input.dst.llvm-%src, 7)[2:0] - input.dst.llvm-%dest[2:0])
                src = src'
                dest = dest'
                input.dst.llvm-%dest{Lentry%2%1} = bvneg(bvmul((-1), input.dst.llvm-%dest))
                (src - dest) = (input.dst.llvm-%dest + input.dst.llvm-%src{Lentry%4%1})
         Lwhile.cond%1%0_Lwhile.cond8%1%0 (C (line 23 at column 25), A (line 16 at column 17))
                Lwhile.cond%1%0_Lwhile.cond8%1%0 contains 20 counterexamples (for correlating 20 bv exprs)
                SRCMEM{heap} = DSTMEM{heap}
                dest[2:0] = src[2:0]
                dest = input.dst.llvm-%dest{Lif.end%6%1}
                dest = input.dst.llvm-%dest
                src = input.dst.llvm-%src{Lentry%4%1}
                bvmul((-1), (bvand((-8), (input.dst.llvm-%dest + 7)) - input.dst.llvm-%dest)) = bvneg(0..tmp')
                src[2:0] = bvand(input.dst.llvm-%dest, 7)[2:0]
                dest = dest'{Lwhile.cond8%1%0}
                dest = input.dst.llvm-%dest{Lif.end%2%1}
                (dest + 7) = (input.dst.llvm-%dest + 7)
                bvmul((-1), bvand(input.dst.llvm-%dest, 7)) = bvneg(bvand(input.dst.llvm-%src, 7))
                src = src'{Lwhile.cond8%1%0}
                (8 - dest*2305843009213693952) = ((bvand((-8), (input.dst.llvm-%dest + 7)) - input.dst.llvm-%dest) - bvand(input.dst.llvm-%dest, 7)*2305843009213693951)
                bvmul((-1), (bvand((-8), (input.dst.llvm-%dest + 7)) - input.dst.llvm-%dest)) = bvneg(0..input.dst.llvm-%conv)
                dest = input.dst.llvm-%dest{Lentry%2%1}
                (dest + 8) = (input.dst.llvm-%dest + 8)
                (8 - dest*2305843009213693951) = (bvand((-8), (input.dst.llvm-%dest + 7)) - bvand(input.dst.llvm-%dest, 7)*2305843009213693951)
                (tmp' <=_s 8)
                (tmp' <= 8)
                (tmp' >= 1)
                ((src - input.src.llvm-%src) <= 0)
                ((src - input.src.llvm-%src) <=_s 0)
                (tmp' >=_s 1)
                ((dest - input.src.llvm-%dest) <=_s 0)
                ((dest - input.src.llvm-%dest) <= 0)
                (src'{Lwhile.cond8%1%0} >= 1)
                (dest >= 1)
                ((dest - input.src.llvm-%dest) >=_s 0)
                (src >= 1)
                ((src - input.src.llvm-%src) >=_s 0)
                (dest'{Lwhile.cond8%1%0} >= 1)
         Lwhile.body%1%100003_Lwhile.cond8%1%0 (C (line 23 at column 3), A (line 16 at column 17))
                Lwhile.body%1%100003_Lwhile.cond8%1%0 contains 13 counterexamples (for correlating 20 bv exprs)
                SRCMEM{heap} = DSTMEM{heap}
                dest = input.dst.llvm-%dest{Lentry%2%1}
                1 + dest = input.src.llvm-%incdec.ptr1
                dest = input.dst.llvm-%dest{Lif.end%6%1}
                (input.src.llvm-%incdec.ptr + 7) = (bvand(input.dst.llvm-%dest, 7) + src'{Lwhile.cond8%1%0} + 0..tmp')
                dest = input.dst.llvm-%dest{Lif.end%2%1}
                ((-1) + input.src.llvm-%incdec.ptr[2:0]) = bvand(input.dst.llvm-%dest, 7)[2:0]
                (dest + 8) = (input.dst.llvm-%dest + 8)
                dest = input.dst.llvm-%dest
                ((-1) + input.src.llvm-%incdec.ptr) = input.dst.llvm-%src{Lentry%4%1}
                (dest + 7) = (input.dst.llvm-%dest + 7)
                bvmul((-1), bvand(input.dst.llvm-%dest, 7)) = bvneg(bvand(input.dst.llvm-%src, 7))
                (8 - dest*2305843009213693951) = (bvand((-8), (input.dst.llvm-%dest + 7)) - bvand(input.dst.llvm-%dest, 7)*2305843009213693951)
                (8 - dest*2305843009213693952) = ((bvand((-8), (input.dst.llvm-%dest + 7)) - input.dst.llvm-%dest) - bvand(input.dst.llvm-%dest, 7)*2305843009213693951)
                bvmul((-1), (bvand((-8), (input.dst.llvm-%dest + 7)) - input.dst.llvm-%dest)) = bvneg(0..input.dst.llvm-%conv)
                input.src.llvm-%incdec.ptr + bvmul(src, (-1)) = -(-1)
                (8 - dest*2305843009213693951) = (dest'{Lwhile.cond8%1%0} + 0..tmp' - bvand(input.dst.llvm-%dest, 7)*2305843009213693951)
                dest[2:0] = bvand(input.dst.llvm-%dest, 7)[2:0]
                (tmp' <=_s 8)
                (tmp' <= 8)
                (src'{Lwhile.cond8%1%0} >= 2)
                (dest'{Lwhile.cond8%1%0} >= 2)
                (((src + 1) - input.src.llvm-%src) <=_s 1)
                (((src + 1) - input.src.llvm-%src) <= 1)
                (((src + 1) - input.src.llvm-%src) >= 1)
                (((1 + dest) - input.src.llvm-%dest) >=_s 1)
                (tmp' >=_s 0)
                (((1 + dest) - input.src.llvm-%dest) <= 1)
                ((1 + dest) >= 2)
                (((src + 1) - input.src.llvm-%src) >=_s 1)
                (((1 + dest) - input.src.llvm-%dest) >= 1)
                (((1 + dest) - input.src.llvm-%src) >= 1)
                (((1 + dest) - input.src.llvm-%dest) <=_s 1)
                ((src + 1) >= 2)
                (((src + 1) - input.src.llvm-%dest) >= 1)

</cg>
correl_entry_apply 1036: correl entry cg edge not well formed for strcpy.A1.B1.C1.D3.E3
cg =
<cg>
  Edges: L0%0%1_L0%0%1=>Lwhile.cond%1%0_Lwhile.cond%1%0 (C L0%0%1 => C (line 23 at column 25) at mu 1 delta 1, A L0%0%1 => A (line 11 at column 29) at mu 1 delta 1)
         Lwhile.cond%1%0_Lwhile.cond%1%0=>Lwhile.cond%1%0_Lwhile.cond%1%0 (C (line 23 at column 25) => C (line 23 at column 25) at mu 1 delta 1, A (line 11 at column 29) => A (line 11 at column 29) at mu 1 delta 1)
         L0%0%1_L0%0%1=>Lwhile.cond%1%0_Lwhile.cond8%1%0 (C L0%0%1 => C (line 23 at column 25) at mu 1 delta 1, A L0%0%1 => A (line 16 at column 17) at mu 1 delta 1)
         Lwhile.cond%1%0_Lwhile.cond8%1%0=>Lwhile.body%1%100003_Lwhile.cond8%1%0 (C (line 23 at column 25) => C (line 23 at column 3) at mu 1 delta 1, A (line 16 at column 17) => A (line 16 at column 17) at mu 1 delta 1)
         Lwhile.body%1%100003_Lwhile.cond8%1%0=>Lwhile.body%1%100003_Lwhile.cond8%1%0 (C (line 23 at column 3) => C (line 23 at column 3) at mu 1 delta 0, A (line 16 at column 17) => A (line 16 at column 17) at mu 1 delta 1)
  Nodes: L0%0%1_L0%0%1 (C L0%0%1, A L0%0%1)
                L0%0%1_L0%0%1 contains 74 counterexamples (for correlating 0 bv exprs)
         Lwhile.cond%1%0_Lwhile.cond%1%0 (C (line 23 at column 25), A (line 11 at column 29))
                Lwhile.cond%1%0_Lwhile.cond%1%0 contains 141 counterexamples (for correlating 12 bv exprs)
                SRCMEM{heap} = DSTMEM{heap}
                (src[2:0]*2 - 2*dest[2:0]) = (bvand(input.dst.llvm-%dest, 7)[2:0] + bvand(input.dst.llvm-%src, 7)[2:0]*2 - input.dst.llvm-%dest[2:0]*3)
                (src[2:0] - dest[2:0]) = (bvand(input.dst.llvm-%src, 7)[2:0] - input.dst.llvm-%dest[2:0])
                src = src'
                dest = dest'
                input.dst.llvm-%dest{Lentry%2%1} = bvneg(bvmul((-1), input.dst.llvm-%dest))
                (src - dest) = (input.dst.llvm-%dest + input.dst.llvm-%src{Lentry%4%1})
         Lwhile.cond%1%0_Lwhile.cond8%1%0 (C (line 23 at column 25), A (line 16 at column 17))
                Lwhile.cond%1%0_Lwhile.cond8%1%0 contains 20 counterexamples (for correlating 20 bv exprs)
                SRCMEM{heap} = DSTMEM{heap}
                dest[2:0] = src[2:0]
                dest = input.dst.llvm-%dest{Lif.end%6%1}
                dest = input.dst.llvm-%dest
                src = input.dst.llvm-%src{Lentry%4%1}
                bvmul((-1), (bvand((-8), (input.dst.llvm-%dest + 7)) - input.dst.llvm-%dest)) = bvneg(0..tmp')
                src[2:0] = bvand(input.dst.llvm-%dest, 7)[2:0]
                dest = dest'{Lwhile.cond8%1%0}
                dest = input.dst.llvm-%dest{Lif.end%2%1}
                (dest + 7) = (input.dst.llvm-%dest + 7)
                bvmul((-1), bvand(input.dst.llvm-%dest, 7)) = bvneg(bvand(input.dst.llvm-%src, 7))
                src = src'{Lwhile.cond8%1%0}
                (8 - dest*2305843009213693952) = ((bvand((-8), (input.dst.llvm-%dest + 7)) - input.dst.llvm-%dest) - bvand(input.dst.llvm-%dest, 7)*2305843009213693951)
                bvmul((-1), (bvand((-8), (input.dst.llvm-%dest + 7)) - input.dst.llvm-%dest)) = bvneg(0..input.dst.llvm-%conv)
                dest = input.dst.llvm-%dest{Lentry%2%1}
                (dest + 8) = (input.dst.llvm-%dest + 8)
                (8 - dest*2305843009213693951) = (bvand((-8), (input.dst.llvm-%dest + 7)) - bvand(input.dst.llvm-%dest, 7)*2305843009213693951)
                (tmp' <=_s 8)
                (tmp' <= 8)
                (tmp' >= 1)
                ((src - input.src.llvm-%src) <= 0)
                ((src - input.src.llvm-%src) <=_s 0)
                (tmp' >=_s 1)
                ((dest - input.src.llvm-%dest) <=_s 0)
                ((dest - input.src.llvm-%dest) <= 0)
                (src'{Lwhile.cond8%1%0} >= 1)
                (dest >= 1)
                ((dest - input.src.llvm-%dest) >=_s 0)
                (src >= 1)
                ((src - input.src.llvm-%src) >=_s 0)
                (dest'{Lwhile.cond8%1%0} >= 1)
         Lwhile.body%1%100003_Lwhile.cond8%1%0 (C (line 23 at column 3), A (line 16 at column 17))
                Lwhile.body%1%100003_Lwhile.cond8%1%0 contains 13 counterexamples (for correlating 20 bv exprs)
                dest = input.dst.llvm-%dest{Lentry%2%1}
                (dest + 7) = (input.dst.llvm-%dest + 7)
                1 + dest = input.src.llvm-%incdec.ptr1
                dest = input.dst.llvm-%dest{Lif.end%6%1}
                input.src.llvm-%incdec.ptr + bvmul(src, (-1)) = -(-1)
                ((-1) + input.src.llvm-%incdec.ptr) = input.dst.llvm-%src{Lentry%4%1}
                dest[2:0] = bvand(input.dst.llvm-%dest, 7)[2:0]
                bvmul((-1), bvand(input.dst.llvm-%dest, 7)) = bvneg(bvand(input.dst.llvm-%src, 7))
                (input.src.llvm-%incdec.ptr + 7) = (bvand(input.dst.llvm-%dest, 7) + src'{Lwhile.cond8%1%0} + 0..tmp')
                (8 - dest*2305843009213693951) = (bvand((-8), (input.dst.llvm-%dest + 7)) - bvand(input.dst.llvm-%dest, 7)*2305843009213693951)
                ((-1) + input.src.llvm-%incdec.ptr[2:0]) = bvand(input.dst.llvm-%dest, 7)[2:0]
                (dest + 8) = (input.dst.llvm-%dest + 8)
                dest = input.dst.llvm-%dest
                (8 - dest*2305843009213693952) = ((bvand((-8), (input.dst.llvm-%dest + 7)) - input.dst.llvm-%dest) - bvand(input.dst.llvm-%dest, 7)*2305843009213693951)
                dest = input.dst.llvm-%dest{Lif.end%2%1}
                bvmul((-1), (bvand((-8), (input.dst.llvm-%dest + 7)) - input.dst.llvm-%dest)) = bvneg(0..input.dst.llvm-%conv)
                (8 - dest*2305843009213693951) = (dest'{Lwhile.cond8%1%0} + 0..tmp' - bvand(input.dst.llvm-%dest, 7)*2305843009213693951)
                (tmp' <=_s 8)
                (src'{Lwhile.cond8%1%0} >= 2)
                (dest'{Lwhile.cond8%1%0} >= 2)
                (tmp' >=_s 0)
                (((src + 1) - input.src.llvm-%src) >=_s 1)
                (((src + 1) - input.src.llvm-%src) >= 1)
                (((src + 1) - input.src.llvm-%src) <= 1)
                (((src + 1) - input.src.llvm-%dest) >= 1)
                ((src + 1) >= 2)
                (((1 + dest) - input.src.llvm-%src) >= 1)
                (((src + 1) - input.src.llvm-%src) <=_s 1)
                (((1 + dest) - input.src.llvm-%dest) >=_s 1)
                (((1 + dest) - input.src.llvm-%dest) >= 1)
                (tmp' <= 8)
                (((1 + dest) - input.src.llvm-%dest) <=_s 1)
                (((1 + dest) - input.src.llvm-%dest) <= 1)
                ((1 + dest) >= 2)

</cg>
Edge correlation criteria failed for Lwhile.body%1%100003_Lwhile.cond8%1%0=>Lwhile.body%1%100003_Lwhile.cond8%1%0
<MSG>1:09 : Chosen product-TFG failed the edge correlation criterion...</MSG>
<MSG>1:09 : Chose product-TFG strcpy.A1.B1.C1.D3.E4 from a frontier of size 6...</MSG>
<cg>
  Edges: L0%0%1_L0%0%1=>Lwhile.cond%1%0_Lwhile.cond%1%0 (C L0%0%1 => C (line 23 at column 25) at mu 1 delta 1, A L0%0%1 => A (line 11 at column 29) at mu 1 delta 1)
         Lwhile.cond%1%0_Lwhile.cond%1%0=>Lwhile.cond%1%0_Lwhile.cond%1%0 (C (line 23 at column 25) => C (line 23 at column 25) at mu 1 delta 1, A (line 11 at column 29) => A (line 11 at column 29) at mu 1 delta 1)
         L0%0%1_L0%0%1=>Lwhile.cond%1%0_Lwhile.cond8%1%0 (C L0%0%1 => C (line 23 at column 25) at mu 1 delta 1, A L0%0%1 => A (line 16 at column 17) at mu 1 delta 1)
         Lwhile.cond%1%0_Lwhile.cond8%1%0=>Lwhile.body%1%100003_Lwhile.cond8%1%0 (C (line 23 at column 25) => C (line 23 at column 3) at mu 1 delta 1, A (line 16 at column 17) => A (line 16 at column 17) at mu 1 delta 1)
         Lwhile.body%1%100003_Lwhile.cond8%1%0=>Lwhile.body%1%100003_Lwhile.cond8%1%0 (C (line 23 at column 3) => C (line 23 at column 3) at mu 1 delta 1, A (line 16 at column 17) => A (line 16 at column 17) at mu 1 delta 1)
  Nodes: L0%0%1_L0%0%1 (C L0%0%1, A L0%0%1)
                L0%0%1_L0%0%1 contains 74 counterexamples (for correlating 0 bv exprs)
         Lwhile.cond%1%0_Lwhile.cond%1%0 (C (line 23 at column 25), A (line 11 at column 29))
                Lwhile.cond%1%0_Lwhile.cond%1%0 contains 141 counterexamples (for correlating 12 bv exprs)
                SRCMEM{heap} = DSTMEM{heap}
                (src[2:0]*2 - 2*dest[2:0]) = (bvand(input.dst.llvm-%dest, 7)[2:0] + bvand(input.dst.llvm-%src, 7)[2:0]*2 - input.dst.llvm-%dest[2:0]*3)
                (src[2:0] - dest[2:0]) = (bvand(input.dst.llvm-%src, 7)[2:0] - input.dst.llvm-%dest[2:0])
                src = src'
                dest = dest'
                input.dst.llvm-%dest{Lentry%2%1} = bvneg(bvmul((-1), input.dst.llvm-%dest))
                (src - dest) = (input.dst.llvm-%dest + input.dst.llvm-%src{Lentry%4%1})
         Lwhile.cond%1%0_Lwhile.cond8%1%0 (C (line 23 at column 25), A (line 16 at column 17))
                Lwhile.cond%1%0_Lwhile.cond8%1%0 contains 20 counterexamples (for correlating 20 bv exprs)
                SRCMEM{heap} = DSTMEM{heap}
                dest[2:0] = src[2:0]
                dest = input.dst.llvm-%dest{Lif.end%6%1}
                dest = input.dst.llvm-%dest
                src = input.dst.llvm-%src{Lentry%4%1}
                bvmul((-1), (bvand((-8), (input.dst.llvm-%dest + 7)) - input.dst.llvm-%dest)) = bvneg(0..tmp')
                src[2:0] = bvand(input.dst.llvm-%dest, 7)[2:0]
                dest = dest'{Lwhile.cond8%1%0}
                dest = input.dst.llvm-%dest{Lif.end%2%1}
                (dest + 7) = (input.dst.llvm-%dest + 7)
                bvmul((-1), bvand(input.dst.llvm-%dest, 7)) = bvneg(bvand(input.dst.llvm-%src, 7))
                src = src'{Lwhile.cond8%1%0}
                (8 - dest*2305843009213693952) = ((bvand((-8), (input.dst.llvm-%dest + 7)) - input.dst.llvm-%dest) - bvand(input.dst.llvm-%dest, 7)*2305843009213693951)
                bvmul((-1), (bvand((-8), (input.dst.llvm-%dest + 7)) - input.dst.llvm-%dest)) = bvneg(0..input.dst.llvm-%conv)
                dest = input.dst.llvm-%dest{Lentry%2%1}
                (dest + 8) = (input.dst.llvm-%dest + 8)
                (8 - dest*2305843009213693951) = (bvand((-8), (input.dst.llvm-%dest + 7)) - bvand(input.dst.llvm-%dest, 7)*2305843009213693951)
                (tmp' <=_s 8)
                (tmp' <= 8)
                (tmp' >= 1)
                ((src - input.src.llvm-%src) <= 0)
                ((src - input.src.llvm-%src) <=_s 0)
                (tmp' >=_s 1)
                ((dest - input.src.llvm-%dest) <=_s 0)
                ((dest - input.src.llvm-%dest) <= 0)
                (src'{Lwhile.cond8%1%0} >= 1)
                (dest >= 1)
                ((dest - input.src.llvm-%dest) >=_s 0)
                (src >= 1)
                ((src - input.src.llvm-%src) >=_s 0)
                (dest'{Lwhile.cond8%1%0} >= 1)
         Lwhile.body%1%100003_Lwhile.cond8%1%0 (C (line 23 at column 3), A (line 16 at column 17))
                Lwhile.body%1%100003_Lwhile.cond8%1%0 contains 14 counterexamples (for correlating 20 bv exprs)
                SRCMEM{heap} = DSTMEM{heap}
                input.dst.llvm-%dest{Lif.end%6%1} = bvneg(bvmul((-1), input.dst.llvm-%dest))
                input.dst.llvm-%dest{Lif.end%2%1} = bvneg(bvmul((-1), input.dst.llvm-%dest))
                input.dst.llvm-%dest{Lentry%2%1} = bvneg(bvmul((-1), input.dst.llvm-%dest))
                1 + dest[2:0] = input.src.llvm-%incdec.ptr[2:0]
                1 + dest = input.src.llvm-%incdec.ptr1
                input.src.llvm-%incdec.ptr + bvmul(src, (-1)) = -(-1)
                8 = ((input.dst.llvm-%dest + 8) - input.dst.llvm-%dest)
                bvmul((-1), bvand(input.dst.llvm-%dest, 7)) = bvneg(bvand(input.dst.llvm-%src, 7))
                bvmul((-1), (bvand((-8), (input.dst.llvm-%dest + 7)) - input.dst.llvm-%dest)) = bvneg(0..input.dst.llvm-%conv)
                7 = ((input.dst.llvm-%dest + 7) - input.dst.llvm-%dest)
                ((-1) + input.src.llvm-%incdec.ptr - dest) = (input.dst.llvm-%dest + input.dst.llvm-%src{Lentry%4%1})
                ((-1) - dest[2:0] + input.src.llvm-%incdec.ptr[2:0]) = (bvand(input.dst.llvm-%dest, 7)[2:0] - input.dst.llvm-%dest[2:0])
                8 = (bvand((-8), (input.dst.llvm-%dest + 7)) - bvand(input.dst.llvm-%dest, 7)*2305843009213693951 + input.dst.llvm-%dest*2305843009213693951)
                8 = ((bvand((-8), (input.dst.llvm-%dest + 7)) - input.dst.llvm-%dest) - bvand(input.dst.llvm-%dest, 7)*2305843009213693951 + input.dst.llvm-%dest*2305843009213693952)
                (7 - dest) = (0..tmp' - bvand(input.dst.llvm-%dest, 7)*2305843009213693951 + input.dst.llvm-%dest*2305843009213693951)
                input.src.llvm-%incdec.ptr = src'{Lwhile.cond8%1%0}
                (1 + dest) = dest'{Lwhile.cond8%1%0}
                (tmp' >=_s 0)
                (tmp' <=_s 8)
                (dest'{Lwhile.cond8%1%0} >= 2)
                (((src + 1) - input.src.llvm-%src) <=_s 4)
                (((src + 1) - input.src.llvm-%src) <= 4)
                ((1 + dest) >= 2)
                (((src + 1) - input.src.llvm-%src) >= 1)
                (((1 + dest) - input.src.llvm-%dest) >=_s 1)
                (tmp' <= 8)
                (src'{Lwhile.cond8%1%0} >= 2)
                (((1 + dest) - input.src.llvm-%dest) <= 4)
                (((src + 1) - input.src.llvm-%dest) >= 1)
                (((src + 1) - input.src.llvm-%src) >=_s 1)
                (((1 + dest) - input.src.llvm-%dest) >= 1)
                (((1 + dest) - input.src.llvm-%src) >= 1)
                (((1 + dest) - input.src.llvm-%dest) <=_s 4)
                ((src + 1) >= 2)

</cg>

ERROR_KILLED_TERM
