argv[0] = /home/adityanathan/superopt-project/superopt/build/etfg_i386/eq
argv[1] = --unroll-factor
argv[2] = 8
argv[3] = --proof
argv[4] = logs/s1112_s1112.gcc.eqchecker.O3.i386.ALL.proof
argv[5] = -f
argv[6] = ALL
argv[7] = /home/adityanathan/superopt-project/superopt-tests/TSVC_prior_work/s1112.c
argv[8] = /home/adityanathan/superopt-project/superopt-tests/build/TSVC_prior_work/s1112.gcc.eqchecker.O3.i386.s
argv[0] = /home/adityanathan/superopt-project/usr/local/bin/clang
argv[1] = -Xclang
argv[2] = -disable-llvm-passes
argv[3] = -Xclang
argv[4] = -disable-O0-optnone
argv[5] = -c
argv[6] = -g
argv[7] = -emit-llvm
argv[8] = -O0
argv[9] = /home/adityanathan/superopt-project/superopt-tests/TSVC_prior_work/s1112.c
argv[10] = -o
argv[11] = /home/adityanathan/superopt-project/superopt-tests/TSVC_prior_work/s1112.c.bc.tmp
argv[12] = -m32

<MSG>0:00 : Converting LLVM IR bitcode to Transfer Function Graph (TFG) for function s1112</MSG>
 /home/adityanathan/superopt-project/usr/local/bin/harvest32 -functions_only -live_callee_save -allow_unsupported -no_canonicalize_imms -no_eliminate_unreachable_bbls -no_eliminate_duplicates -f ALL -o /home/adityanathan/superopt-project/superopt-tests/build/TSVC_prior_work/s1112.gcc.eqchecker.O3.i386.s.o.harvest -l /home/adityanathan/superopt-project/superopt-tests/build/TSVC_prior_work/s1112.gcc.eqchecker.O3.i386.s.o.harvest.log /home/adityanathan/superopt-project/superopt-tests/build/TSVC_prior_work/s1112.gcc.eqchecker.O3.i386.s.o
 /home/adityanathan/superopt-project/usr/local/bin/eqgen32 -tfg_llvm /home/adityanathan/superopt-project/superopt-tests/TSVC_prior_work/s1112.c.bc.etfg -l /home/adityanathan/superopt-project/superopt-tests/build/TSVC_prior_work/s1112.gcc.eqchecker.O3.i386.s.o.harvest.log -o /home/adityanathan/superopt-project/superopt-tests/build/TSVC_prior_work/s1112.gcc.eqchecker.O3.i386.s.o.tfg -e /home/adityanathan/superopt-project/superopt-tests/build/TSVC_prior_work/s1112.gcc.eqchecker.O3.i386.s.o -f ALL /home/adityanathan/superopt-project/superopt-tests/build/TSVC_prior_work/s1112.gcc.eqchecker.O3.i386.s.o.harvest
graph_with_predicates 89: name = src.llvm.s1112, pcs size 38
graph_with_simplified_assets 14: name = src.llvm.s1112, pcs size 38
tfg 202: name = src.llvm.s1112, pcs size 38
tfg_llvm_t 274: all_pcs = (size 38): L0%0%1 Lentry%1%1 Lentry%1%100003 Lentry%1%100004 Lentry%1%100005 Lentry%1%100006 Lfor.cond%1%0 Lfor.cond%1%1 Lfor.cond%2%1 Lfor.cond%2%100003 Lfor.cond%2%100004 Lfor.cond%2%100005 Lfor.cond%2%100006 Lfor.body%1%1 Lfor.body%1%100003 Lfor.body%1%100004 Lfor.body%1%100005 Lfor.body%2%1 Lfor.body%2%100003 Lfor.body%3%1 Lfor.body%3%100003 Lfor.body%4%1 Lfor.body%5%1 Lfor.body%5%100003 Lfor.body%5%100004 Lfor.body%5%100005 Lfor.body%6%1 Lfor.body%7%1 Lfor.body%7%100003 Lfor.body%7%100004 Lfor.end%1%1 Lfor.inc%1%1 Lfor.inc%2%1 Lfor.inc%2%100003 Lfor.inc%2%100004 Lfor.inc%2%100005 Lfor.inc%2%100006 E0%0%1
main 459:Printing stats:

expr_simplify_solver: num_starts 1283 time spent: 0:0:0 [0.036821]
expr_simplify_syntactic: num_starts 1283 time spent: 0:0:0 [0.008940]
insn_md_assemble: num_starts 24 time spent: 0:0:0 [0.000318]
expr_linear_relation_holds_visit: num_starts 569 time spent: 0:0:0 [0.002273]
expr_is_consts_struct_constant: num_starts 10577 time spent: 0:0:0 [0.002212]
graph_loc_get_value: num_starts 845 time spent: 0:0:0 [0.002550]
manager_register_object: num_starts 209867 time spent: 0:0:0 [0.103993]
manager_deregister_object: num_starts 4657 time spent: 0:0:0 [0.011833]
expr_do_simplify_helper: num_starts 3823 time spent: 0:0:0 [0.063671]
expr_do_simplify_helper_cache: num_starts 3823 time spent: 0:0:0 [0.000834]
expr_prune_obviously_false_branches_using_assume_clause_visitor_cache: num_starts 54 time spent: 0:0:0 [0.000006]
expr_prune_obviously_false_branches_using_assume_clause_visitor: num_starts 54 time spent: 0:0:0 [0.000046]
expr_evaluates_to_constant: num_starts 3247 time spent: 0:0:0 [0.004373]
is_overlapping_syntactic_using_lhs_set_and_precond: num_starts 4 time spent: 0:0:0 [0.000556]
is_overlapping_atoms_pair_syntactic: num_starts 4 time spent: 0:0:0 [0.000533]
total: num_starts 1 time spent: 0:0:13 [13.112315]
num_syntactic_match_tests = 0.
num_execution_tests = 0.
num_boolean_tests = 0.
fingerprinting rate: 0.00 per second (total), -nan per second (itable_enumerate_timer), -nan per second (excluding execution/boolean tests).

timers:
i386_init_costfns.: 0s (num_starts 1)
context_constructor.init.: 1e-06s (num_starts 1)
etfg_init.: 1e-06s (num_starts 1)
context_constructor.solver.: 7e-06s (num_starts 1)
vconstants_alloc.: 7e-06s (num_starts 1)
alias_val_t::constructor_with_map_arg.: 1.2e-05s (num_starts 34)
context_constructor.: 1.2e-05s (num_starts 1)
i386_iseq_copy.: 1.5e-05s (num_starts 1)
lr_status_meet.: 2.1e-05s (num_starts 18)
graph_locs_add_location_memmasked.: 3.1e-05s (num_starts 20)
dst_iseq_inv_rename.: 3.9e-05s (num_starts 1)
graph_locs_add_all_llvmvars.: 5.4e-05s (num_starts 4)
alias_val_meet.: 6.3e-05s (num_starts 32)
peep_preprocess_using_regmap.: 7.5e-05s (num_starts 12)
allocate_stack_memory_at_start_pc.: 7.6e-05s (num_starts 1)
i386_infer_regcons_from_assembly.: 0.000115s (num_starts 1)
regmap_assign_using_regcons.: 0.000155s (num_starts 1)
expr_label_memlabels_using_memlabel_map_visitor.memaccess.: 0.000166s (num_starts 69)
populate_branch_affecting_locs.: 0.000201s (num_starts 1)
determinize_value_expr_map.: 0.000225s (num_starts 352)
dst_iseq_disassemble_with_bin_offsets.: 0.000321s (num_starts 1)
x86_assemble.: 0.00035s (num_starts 1)
expr_represents_llvm_undef.: 0.000358s (num_starts 198)
tfg::collect_assumes_around_edge.: 0.000408s (num_starts 70)
avail_exprs_analysis.meet.: 0.00042s (num_starts 78)
imm_vt_map_copy.: 0.000591s (num_starts 4158)
graph_edge_composition_get_edge_cond.: 0.000613s (num_starts 38)
tfg_suffixpath_get_expr_helper.: 0.000625s (num_starts 38)
compute_sprel_relations.: 0.000753s (num_starts 6)
populate_memlabel_map.visit.: 0.000772s (num_starts 2004)
propagate_sprels.: 0.000935s (num_starts 6)
dst_iseq_from_string.: 0.001114s (num_starts 1)
graph_locs_add_all_exvregs.: 0.001144s (num_starts 4)
populate_simplified_to_state.: 0.001164s (num_starts 2)
i386_insn_init_constants.: 0.001399s (num_starts 1)
graph_add_location_slots_using_state_mem_acc_map.: 0.001554s (num_starts 4)
compute_new_lr_status_on_locs.loc_lr_status.simplify_and_compute_lr_status.: 0.001657s (num_starts 48)
populate_locid2expr_map.: 0.001746s (num_starts 5)
compute_new_lr_status_on_locs.: 0.001772s (num_starts 32)
expr_linear_relation_holds::visit.var.: 0.001983s (num_starts 240)
gas_init.: 0.002117s (num_starts 1)
expr_simplify_using_sprel_and_memlabel_maps.sprel.: 0.002369s (num_starts 452)
compute_lr_status_for_expr.: 0.00274s (num_starts 197)
query:convert_to_z3.: 0.004779s (num_starts 383)
opctable_init.: 0.004832s (num_starts 1)
graph_visit_exprs_const.const.: 0.005344s (num_starts 8)
xfer_and_meet.: 0.006361s (num_starts 248)
canonicalize_expr_tree.: 0.006815s (num_starts 1283)
graph_visit_exprs.: 0.006872s (num_starts 19)
populate_loc_liveness.: 0.007034s (num_starts 10)
expr_model_callee_readable_writeable_regions_in_fcalls_visitor.other.: 0.007627s (num_starts 8146)
expr_simplify_using_sprel_pair_and_memlabel_maps.sprel.: 0.008419s (num_starts 1132)
expr_simplify_syntactic().: 0.009326s (num_starts 1283)
graph_to_stream.: 0.009746s (num_starts 1)
expr_label_memlabels_using_memlabel_map_visitor.: 0.010125s (num_starts 14024)
expr_model_callee_readable_writeable_regions_in_fcalls_visitor.: 0.012271s (num_starts 14017)
edge_update_memlabel_map_for_mlvars.populate_memlabel_map.update_potentially_mod_locs.: 0.01231s (num_starts 32)
edge_update_memlabel_map_for_mlvars.populate_memlabel_map.: 0.014017s (num_starts 32)
edge_update_memlabel_map_for_mlvars.: 0.014066s (num_starts 32)
query:convert_from_z3.: 0.015353s (num_starts 383)
alias_analysis.xfer_and_meet.: 0.016019s (num_starts 32)
split_memory_in_graph.: 0.017299s (num_starts 2)
expr_model_callee_readable_writeable_regions_in_fcalls.: 0.017942s (num_starts 1584)
src_usedef_tab_read_from_file.: 0.024318s (num_starts 1)
src_usedef_tab_init.: 0.024322s (num_starts 1)
expr_simplify_using_sprel_pair_and_memlabel_maps.model.: 0.025098s (num_starts 1132)
populate_locs_potentially_modified_on_edge.: 0.026041s (num_starts 6)
query:simplify_internal.: 0.026857s (num_starts 383)
compute_loc_avail_exprs.: 0.027535s (num_starts 6)
query:simplify-z3.: 0.029026s (num_starts 383)
insn_db_list_get_all_matches.: 0.030193s (num_starts 12)
insn_db_get_all_matches.: 0.030293s (num_starts 12)
expr_simplify_using_sprel_pair_and_memlabel_maps.: 0.036442s (num_starts 1132)
populate_auxilliary_structures_dependent_on_locs.: 0.043756s (num_starts 4)
expr_simplify_using_sprel_and_memlabel_maps.model.: 0.053028s (num_starts 452)
expr_label_memlabels_using_memlabel_map_visitor.simplify.: 0.059107s (num_starts 1584)
expr_simplify_using_sprel_and_memlabel_maps.: 0.060883s (num_starts 452)
dst_insn_get_tfg.: 0.062217s (num_starts 12)
expr_simplify_using_lhs_set_helper.: 0.062263s (num_starts 203)
expr_do_simplify_using_lhs_set_and_precond.: 0.062402s (num_starts 203)
refresh_graph_locs.: 0.079155s (num_starts 4)
init_graph_locs.: 0.126658s (num_starts 2)
split_memory_in_graph_initialize.: 0.127149s (num_starts 2)
split_memory_in_graph_and_propagate_sprels_until_fixpoint.: 0.162364s (num_starts 1)
total-preprocess-split_memory.: 0.162367s (num_starts 1)
total-preprocess.: 0.165169s (num_starts 1)
tfg_preprocess.dst.: 0.166341s (num_starts 1)
tfg_preprocess.: 0.166344s (num_starts 1)
parse_consts_db.: 0.190813s (num_starts 1)
dst_parse_sym_exec_db.: 2.20744s (num_starts 1)
dst_iseq_deserialize.: 3.59691s (num_starts 88172)
opc_init.: 4.41305s (num_starts 1)
i386_init.: 4.4152s (num_starts 1)
dst_usedef_tab_read_from_file.: 5.94233s (num_starts 1)
dst_usedef_tab_init.: 5.94234s (num_starts 1)
usedef_init.: 5.96667s (num_starts 1)

counters:

flags:

info:

Context stats:
exprs: count: 19344
sorts: count: 162
num_proof_queries: 0
num_proof_queries_answered_by_syntactic_check: 0
num_proof_queries_answered_by_counter_examples: 0
cache_stats:
m_simplify:
	----------- total:	3823
	        hit ratio:	0.9469
m_simplify_solver:
	----------- total:	1283
	        hit ratio:	0.697584
m_prune_obviously_false_branches_using_assume_clause:
	----------- total:	182
	        hit ratio:	0.406593
m_z3_solver_simplify:
	----------- total:	383
	        hit ratio:	0
m_z3_solver_simplify_internal:
	----------- total:	383
	        hit ratio:	0
m_replace_donotsimplify_using_solver_expressions_by_free_vars:
	----------- total:	388
	        hit ratio:	0
m_expr_size:
	----------- total:	3112
	        hit ratio:	0.833548
m_contains_only_constants_or_arguments_or_esp_versions:
	----------- total:	728
	        hit ratio:	0.98489
m_expr_evaluates_to_constant_visitor:
	----------- total:	6384
	        hit ratio:	0.727444

stats 170:z3_solver expr_query_cache entry count: 0
histogram:

<MSG>0:00 : Converting C source code to LLVM IR bitcode...</MSG>
<MSG>0:00 : Converting LLVM IR bitcode to Transfer Function Graph (TFG)...</MSG>
<MSG>0:00 : Converting assembly code to object file...</MSG>
<MSG>0:00 : Harvesting object code to obtain harvested assembly...</MSG>
<MSG>0:11 : Converting harvested assembly to Transfer Function Graph (TFG)...</MSG>
<MSG>0:24 : Searching for equivalence at unroll factor 8</MSG>
graph_with_predicates 89: name = src.llvm.s1112, pcs size 38
graph_with_simplified_assets 14: name = src.llvm.s1112, pcs size 38
tfg 202: name = src.llvm.s1112, pcs size 38
tfg_llvm_t 274: all_pcs = (size 38): L0%0%1 Lentry%1%1 Lentry%1%100003 Lentry%1%100004 Lentry%1%100005 Lentry%1%100006 Lfor.cond%1%0 Lfor.cond%1%1 Lfor.cond%2%1 Lfor.cond%2%100003 Lfor.cond%2%100004 Lfor.cond%2%100005 Lfor.cond%2%100006 Lfor.body%1%1 Lfor.body%1%100003 Lfor.body%1%100004 Lfor.body%1%100005 Lfor.body%2%1 Lfor.body%2%100003 Lfor.body%3%1 Lfor.body%3%100003 Lfor.body%4%1 Lfor.body%5%1 Lfor.body%5%100003 Lfor.body%5%100004 Lfor.body%5%100005 Lfor.body%6%1 Lfor.body%7%1 Lfor.body%7%100003 Lfor.body%7%100004 Lfor.end%1%1 Lfor.inc%1%1 Lfor.inc%2%1 Lfor.inc%2%100003 Lfor.inc%2%100004 Lfor.inc%2%100005 Lfor.inc%2%100006 E0%0%1
graph_with_predicates 89: name = dst, pcs size 16
graph_with_simplified_assets 14: name = dst, pcs size 16
tfg 202: name = dst, pcs size 16
<MSG>0:24 : Computing equivalence for function: s1112...</MSG>
<MSG>0:25 : Computing equivalence of the two TFGs (LLVM IR and x86 assembly)...</MSG>
<MSG>0:25 : Chose product-TFG s1112 from a frontier of size 1...</MSG>
<cg>
  Nodes: L0%0%1_L0%0%1 (C L0%0%1, A line 11)
                L0%0%1_L0%0%1 contains 0 counterexamples (for correlating 0 bv exprs)

</cg>
<MSG>0:25 : product-TFG s1112: Enumerating correlations for L0%0%1=>L3%1%0[mu 1, delta 1] starting at L0%0%1_L0%0%1
</MSG>
<MSG>0:25 : Considering 1 paths to src pc L0%0%1 as correlation candidates for L0%0%1=>L3%1%0[mu 1, delta 1] at L0%0%1_L0%0%1
</MSG>
<MSG>0:25 : Attempting correlation of src pathset L0%0%1=>L0%0%1[mu 0, delta 0] as correlation candidate for L0%0%1=>L3%1%0[mu 1, delta 1] at L0%0%1_L0%0%1
</MSG>
<MSG>0:25 : Found 1 feasible correlations for paths to src pc L0%0%1 as correlation candidates for L0%0%1=>L3%1%0[mu 1, delta 1] at L0%0%1_L0%0%1
</MSG>
<MSG>0:25 : Considering 8 paths to src pc Lfor.cond%1%0 as correlation candidates for L0%0%1=>L3%1%0[mu 1, delta 1] at L0%0%1_L0%0%1
</MSG>
<MSG>0:25 : Attempting correlation of src pathset L0%0%1=>Lfor.cond%1%0[mu 8, delta 1] as correlation candidate for L0%0%1=>L3%1%0[mu 1, delta 1] at L0%0%1_L0%0%1
</MSG>
<MSG>0:25 : Attempting correlation of src pathset L0%0%1=>Lfor.cond%1%0[mu 8, delta 2] as correlation candidate for L0%0%1=>L3%1%0[mu 1, delta 1] at L0%0%1_L0%0%1
</MSG>
<MSG>0:25 : Attempting correlation of src pathset L0%0%1=>Lfor.cond%1%0[mu 8, delta 3] as correlation candidate for L0%0%1=>L3%1%0[mu 1, delta 1] at L0%0%1_L0%0%1
</MSG>
<MSG>0:25 : Attempting correlation of src pathset L0%0%1=>Lfor.cond%1%0[mu 8, delta 4] as correlation candidate for L0%0%1=>L3%1%0[mu 1, delta 1] at L0%0%1_L0%0%1
</MSG>
<MSG>0:25 : Attempting correlation of src pathset L0%0%1=>Lfor.cond%1%0[mu 8, delta 5] as correlation candidate for L0%0%1=>L3%1%0[mu 1, delta 1] at L0%0%1_L0%0%1
</MSG>
<MSG>0:25 : Attempting correlation of src pathset L0%0%1=>Lfor.cond%1%0[mu 8, delta 6] as correlation candidate for L0%0%1=>L3%1%0[mu 1, delta 1] at L0%0%1_L0%0%1
</MSG>
<MSG>0:25 : Attempting correlation of src pathset L0%0%1=>Lfor.cond%1%0[mu 8, delta 7] as correlation candidate for L0%0%1=>L3%1%0[mu 1, delta 1] at L0%0%1_L0%0%1
</MSG>
<MSG>0:25 : Attempting correlation of src pathset L0%0%1=>Lfor.cond%1%0[mu 8, delta 8] as correlation candidate for L0%0%1=>L3%1%0[mu 1, delta 1] at L0%0%1_L0%0%1
</MSG>
<MSG>0:25 : Found 8 feasible correlations for paths to src pc Lfor.cond%1%0 as correlation candidates for L0%0%1=>L3%1%0[mu 1, delta 1] at L0%0%1_L0%0%1
</MSG>
<MSG>0:25 : Considering 8 paths to src pc Lfor.cond%2%1 as correlation candidates for L0%0%1=>L3%1%0[mu 1, delta 1] at L0%0%1_L0%0%1
</MSG>
<MSG>0:25 : Attempting correlation of src pathset L0%0%1=>Lfor.cond%2%1[mu 8, delta 1] as correlation candidate for L0%0%1=>L3%1%0[mu 1, delta 1] at L0%0%1_L0%0%1
</MSG>
<MSG>0:25 : Attempting correlation of src pathset L0%0%1=>Lfor.cond%2%1[mu 8, delta 2] as correlation candidate for L0%0%1=>L3%1%0[mu 1, delta 1] at L0%0%1_L0%0%1
</MSG>
<MSG>0:25 : Attempting correlation of src pathset L0%0%1=>Lfor.cond%2%1[mu 8, delta 3] as correlation candidate for L0%0%1=>L3%1%0[mu 1, delta 1] at L0%0%1_L0%0%1
</MSG>
<MSG>0:25 : Attempting correlation of src pathset L0%0%1=>Lfor.cond%2%1[mu 8, delta 4] as correlation candidate for L0%0%1=>L3%1%0[mu 1, delta 1] at L0%0%1_L0%0%1
</MSG>
<MSG>0:25 : Attempting correlation of src pathset L0%0%1=>Lfor.cond%2%1[mu 8, delta 5] as correlation candidate for L0%0%1=>L3%1%0[mu 1, delta 1] at L0%0%1_L0%0%1
</MSG>
<MSG>0:25 : Attempting correlation of src pathset L0%0%1=>Lfor.cond%2%1[mu 8, delta 6] as correlation candidate for L0%0%1=>L3%1%0[mu 1, delta 1] at L0%0%1_L0%0%1
</MSG>
<MSG>0:25 : Attempting correlation of src pathset L0%0%1=>Lfor.cond%2%1[mu 8, delta 7] as correlation candidate for L0%0%1=>L3%1%0[mu 1, delta 1] at L0%0%1_L0%0%1
</MSG>
<MSG>0:25 : Attempting correlation of src pathset L0%0%1=>Lfor.cond%2%1[mu 8, delta 8] as correlation candidate for L0%0%1=>L3%1%0[mu 1, delta 1] at L0%0%1_L0%0%1
</MSG>
<MSG>0:25 : Found 8 feasible correlations for paths to src pc Lfor.cond%2%1 as correlation candidates for L0%0%1=>L3%1%0[mu 1, delta 1] at L0%0%1_L0%0%1
</MSG>
<MSG>0:25 : Considering 8 paths to src pc Lfor.body%1%1 as correlation candidates for L0%0%1=>L3%1%0[mu 1, delta 1] at L0%0%1_L0%0%1
</MSG>
<MSG>0:25 : Attempting correlation of src pathset L0%0%1=>Lfor.body%1%1[mu 8, delta 1] as correlation candidate for L0%0%1=>L3%1%0[mu 1, delta 1] at L0%0%1_L0%0%1
</MSG>
<MSG>0:25 : Attempting correlation of src pathset L0%0%1=>Lfor.body%1%1[mu 8, delta 2] as correlation candidate for L0%0%1=>L3%1%0[mu 1, delta 1] at L0%0%1_L0%0%1
</MSG>
<MSG>0:25 : Attempting correlation of src pathset L0%0%1=>Lfor.body%1%1[mu 8, delta 3] as correlation candidate for L0%0%1=>L3%1%0[mu 1, delta 1] at L0%0%1_L0%0%1
</MSG>
<MSG>0:25 : Attempting correlation of src pathset L0%0%1=>Lfor.body%1%1[mu 8, delta 4] as correlation candidate for L0%0%1=>L3%1%0[mu 1, delta 1] at L0%0%1_L0%0%1
</MSG>
<MSG>0:25 : Attempting correlation of src pathset L0%0%1=>Lfor.body%1%1[mu 8, delta 5] as correlation candidate for L0%0%1=>L3%1%0[mu 1, delta 1] at L0%0%1_L0%0%1
</MSG>
<MSG>0:25 : Attempting correlation of src pathset L0%0%1=>Lfor.body%1%1[mu 8, delta 6] as correlation candidate for L0%0%1=>L3%1%0[mu 1, delta 1] at L0%0%1_L0%0%1
</MSG>
<MSG>0:25 : Attempting correlation of src pathset L0%0%1=>Lfor.body%1%1[mu 8, delta 7] as correlation candidate for L0%0%1=>L3%1%0[mu 1, delta 1] at L0%0%1_L0%0%1
</MSG>
<MSG>0:25 : Attempting correlation of src pathset L0%0%1=>Lfor.body%1%1[mu 8, delta 8] as correlation candidate for L0%0%1=>L3%1%0[mu 1, delta 1] at L0%0%1_L0%0%1
</MSG>
<MSG>0:25 : Found 8 feasible correlations for paths to src pc Lfor.body%1%1 as correlation candidates for L0%0%1=>L3%1%0[mu 1, delta 1] at L0%0%1_L0%0%1
</MSG>
<MSG>0:25 : Considering 1 paths to src pc Lfor.end%1%1 as correlation candidates for L0%0%1=>L3%1%0[mu 1, delta 1] at L0%0%1_L0%0%1
</MSG>
<MSG>0:25 : Attempting correlation of src pathset L0%0%1=>Lfor.end%1%1[mu 8, delta 1] as correlation candidate for L0%0%1=>L3%1%0[mu 1, delta 1] at L0%0%1_L0%0%1
</MSG>
<MSG>0:25 : Found 1 feasible correlations for paths to src pc Lfor.end%1%1 as correlation candidates for L0%0%1=>L3%1%0[mu 1, delta 1] at L0%0%1_L0%0%1
</MSG>
<MSG>0:25 : product-TFG s1112: Found 26 correlations for L0%0%1=>L3%1%0[mu 1, delta 1] starting at L0%0%1_L0%0%1
</MSG>
<MSG>0:25 : product-TFG s1112 created 26 possibilities in group s1112.A...</MSG>
<MSG>0:25 : Chose product-TFG s1112.A1 from a frontier of size 26...</MSG>
<cg>
  Edges: L0%0%1_L0%0%1=>L0%0%1_L3%1%0 (C L0%0%1 => C L0%0%1 at mu 0 delta 0, A line 11 => A line 20 at mu 1 delta 1)
  Nodes: L0%0%1_L0%0%1 (C L0%0%1, A line 11)
                L0%0%1_L0%0%1 contains 0 counterexamples (for correlating 0 bv exprs)
         L0%0%1_L3%1%0 (C L0%0%1, A line 20)
                L0%0%1_L3%1%0 contains 0 counterexamples (for correlating 15 bv exprs)
                false

Segmentation fault (core dumped)
