argv[0] = /home/adityanathan/superopt-project/superopt/build/etfg_i386/eq
argv[1] = --unroll-factor
argv[2] = 8
argv[3] = --proof
argv[4] = logs/s1281_s1281.gcc.eqchecker.O3.i386.ALL.proof
argv[5] = -f
argv[6] = ALL
argv[7] = /home/adityanathan/superopt-project/superopt-tests/TSVC_prior_work/s1281.c
argv[8] = /home/adityanathan/superopt-project/superopt-tests/build/TSVC_prior_work/s1281.gcc.eqchecker.O3.i386.s
argv[0] = /home/adityanathan/superopt-project/usr/local/bin/clang
argv[1] = -Xclang
argv[2] = -disable-llvm-passes
argv[3] = -Xclang
argv[4] = -disable-O0-optnone
argv[5] = -c
argv[6] = -g
argv[7] = -emit-llvm
argv[8] = -O0
argv[9] = /home/adityanathan/superopt-project/superopt-tests/TSVC_prior_work/s1281.c
argv[10] = -o
argv[11] = /home/adityanathan/superopt-project/superopt-tests/TSVC_prior_work/s1281.c.bc.tmp
argv[12] = -m32

<MSG>0:00 : Converting LLVM IR bitcode to Transfer Function Graph (TFG) for function s1281</MSG>
 /home/adityanathan/superopt-project/usr/local/bin/harvest32 -functions_only -live_callee_save -allow_unsupported -no_canonicalize_imms -no_eliminate_unreachable_bbls -no_eliminate_duplicates -f ALL -o /home/adityanathan/superopt-project/superopt-tests/build/TSVC_prior_work/s1281.gcc.eqchecker.O3.i386.s.o.harvest -l /home/adityanathan/superopt-project/superopt-tests/build/TSVC_prior_work/s1281.gcc.eqchecker.O3.i386.s.o.harvest.log /home/adityanathan/superopt-project/superopt-tests/build/TSVC_prior_work/s1281.gcc.eqchecker.O3.i386.s.o
 /home/adityanathan/superopt-project/usr/local/bin/eqgen32 -tfg_llvm /home/adityanathan/superopt-project/superopt-tests/TSVC_prior_work/s1281.c.bc.etfg -l /home/adityanathan/superopt-project/superopt-tests/build/TSVC_prior_work/s1281.gcc.eqchecker.O3.i386.s.o.harvest.log -o /home/adityanathan/superopt-project/superopt-tests/build/TSVC_prior_work/s1281.gcc.eqchecker.O3.i386.s.o.tfg -e /home/adityanathan/superopt-project/superopt-tests/build/TSVC_prior_work/s1281.gcc.eqchecker.O3.i386.s.o -f ALL /home/adityanathan/superopt-project/superopt-tests/build/TSVC_prior_work/s1281.gcc.eqchecker.O3.i386.s.o.harvest
graph_with_predicates 89: name = src.llvm.s1281, pcs size 69
graph_with_simplified_assets 14: name = src.llvm.s1281, pcs size 69
tfg 202: name = src.llvm.s1281, pcs size 69
tfg_llvm_t 274: all_pcs = (size 69): L0%0%1 Lentry%1%1 Lentry%1%100003 Lentry%1%100004 Lentry%1%100005 Lentry%1%100006 Lfor.cond%1%0 Lfor.cond%1%1 Lfor.cond%2%1 Lfor.cond%2%100003 Lfor.cond%2%100004 Lfor.cond%2%100005 Lfor.cond%2%100006 Lfor.body%1%1 Lfor.body%1%100003 Lfor.body%1%100004 Lfor.body%1%100005 Lfor.body%2%1 Lfor.body%2%100003 Lfor.body%3%1 Lfor.body%3%100003 Lfor.body%3%100004 Lfor.body%3%100005 Lfor.body%4%1 Lfor.body%4%100003 Lfor.body%5%1 Lfor.body%6%1 Lfor.body%6%100003 Lfor.body%6%100004 Lfor.body%6%100005 Lfor.body%7%1 Lfor.body%7%100003 Lfor.body%8%1 Lfor.body%8%100003 Lfor.body%8%100004 Lfor.body%8%100005 Lfor.body%9%1 Lfor.body%9%100003 Lfor.body%10%1 Lfor.body%11%1 Lfor.body%12%1 Lfor.body%12%100003 Lfor.body%12%100004 Lfor.body%12%100005 Lfor.body%13%1 Lfor.body%13%100003 Lfor.body%14%1 Lfor.body%15%1 Lfor.body%16%1 Lfor.body%16%100003 Lfor.body%16%100004 Lfor.body%16%100005 Lfor.body%17%1 Lfor.body%18%1 Lfor.body%18%100003 Lfor.body%18%100004 Lfor.body%18%100005 Lfor.body%19%1 Lfor.body%20%1 Lfor.body%20%100003 Lfor.body%20%100004 Lfor.end%1%1 Lfor.inc%1%1 Lfor.inc%2%1 Lfor.inc%2%100003 Lfor.inc%2%100004 Lfor.inc%2%100005 Lfor.inc%2%100006 E0%0%1
main 459:Printing stats:

expr_simplify_solver: num_starts 1888 time spent: 0:0:0 [0.051905]
expr_simplify_syntactic: num_starts 1888 time spent: 0:0:0 [0.013791]
insn_md_assemble: num_starts 34 time spent: 0:0:0 [0.000055]
expr_linear_relation_holds_visit: num_starts 1111 time spent: 0:0:0 [0.004541]
expr_is_consts_struct_constant: num_starts 17379 time spent: 0:0:0 [0.003519]
graph_loc_get_value: num_starts 1060 time spent: 0:0:0 [0.002351]
manager_register_object: num_starts 320557 time spent: 0:0:0 [0.108050]
manager_deregister_object: num_starts 11330 time spent: 0:0:0 [0.014599]
expr_do_simplify_helper: num_starts 5008 time spent: 0:0:0 [0.090409]
expr_do_simplify_helper_cache: num_starts 5008 time spent: 0:0:0 [0.001296]
expr_prune_obviously_false_branches_using_assume_clause_visitor_cache: num_starts 54 time spent: 0:0:0 [0.000009]
expr_prune_obviously_false_branches_using_assume_clause_visitor: num_starts 54 time spent: 0:0:0 [0.000041]
expr_evaluates_to_constant: num_starts 5143 time spent: 0:0:0 [0.005701]
is_overlapping_syntactic_using_lhs_set_and_precond: num_starts 2 time spent: 0:0:0 [0.000258]
is_overlapping_atoms_pair_syntactic: num_starts 2 time spent: 0:0:0 [0.000242]
total: num_starts 1 time spent: 0:0:12 [12.965503]
num_syntactic_match_tests = 0.
num_execution_tests = 0.
num_boolean_tests = 0.
fingerprinting rate: 0.00 per second (total), -nan per second (itable_enumerate_timer), -nan per second (excluding execution/boolean tests).

timers:
context_constructor.init.: 1e-06s (num_starts 1)
etfg_init.: 1e-06s (num_starts 1)
i386_init_costfns.: 1e-06s (num_starts 1)
vconstants_alloc.: 8e-06s (num_starts 1)
context_constructor.solver.: 1.1e-05s (num_starts 1)
alias_val_t::constructor_with_map_arg.: 1.3e-05s (num_starts 44)
context_constructor.: 2.1e-05s (num_starts 1)
i386_iseq_copy.: 2.3e-05s (num_starts 1)
lr_status_meet.: 2.8e-05s (num_starts 18)
dst_iseq_inv_rename.: 4.9e-05s (num_starts 1)
graph_locs_add_location_memmasked.: 5.2e-05s (num_starts 28)
graph_locs_add_all_llvmvars.: 6.5e-05s (num_starts 4)
allocate_stack_memory_at_start_pc.: 6.8e-05s (num_starts 1)
x86_assemble.: 7.2e-05s (num_starts 1)
peep_preprocess_using_regmap.: 0.0001s (num_starts 17)
alias_val_meet.: 0.000101s (num_starts 42)
i386_infer_regcons_from_assembly.: 0.000114s (num_starts 1)
regmap_assign_using_regcons.: 0.000137s (num_starts 1)
dst_iseq_disassemble_with_bin_offsets.: 0.000204s (num_starts 1)
populate_branch_affecting_locs.: 0.000254s (num_starts 1)
determinize_value_expr_map.: 0.000256s (num_starts 424)
expr_label_memlabels_using_memlabel_map_visitor.memaccess.: 0.000311s (num_starts 123)
imm_vt_map_copy.: 0.000401s (num_starts 2700)
tfg::collect_assumes_around_edge.: 0.000556s (num_starts 111)
expr_represents_llvm_undef.: 0.000629s (num_starts 369)
dst_iseq_from_string.: 0.00072s (num_starts 1)
compute_sprel_relations.: 0.001091s (num_starts 6)
populate_locid2expr_map.: 0.001342s (num_starts 5)
graph_locs_add_all_exvregs.: 0.001377s (num_starts 4)
i386_insn_init_constants.: 0.001399s (num_starts 1)
propagate_sprels.: 0.001415s (num_starts 6)
populate_memlabel_map.visit.: 0.001614s (num_starts 2450)
populate_simplified_to_state.: 0.00168s (num_starts 2)
gas_init.: 0.001849s (num_starts 1)
graph_edge_composition_get_edge_cond.: 0.002036s (num_starts 69)
tfg_suffixpath_get_expr_helper.: 0.002063s (num_starts 69)
avail_exprs_analysis.meet.: 0.002623s (num_starts 138)
expr_simplify_using_sprel_and_memlabel_maps.sprel.: 0.003058s (num_starts 608)
expr_linear_relation_holds::visit.var.: 0.003844s (num_starts 420)
graph_add_location_slots_using_state_mem_acc_map.: 0.00395s (num_starts 4)
compute_new_lr_status_on_locs.loc_lr_status.simplify_and_compute_lr_status.: 0.004065s (num_starts 74)
compute_new_lr_status_on_locs.: 0.004237s (num_starts 42)
opctable_init.: 0.004816s (num_starts 1)
compute_lr_status_for_expr.: 0.005704s (num_starts 289)
query:convert_to_z3.: 0.006582s (num_starts 590)
graph_visit_exprs_const.const.: 0.007126s (num_starts 8)
graph_visit_exprs.: 0.007363s (num_starts 24)
xfer_and_meet.: 0.008144s (num_starts 293)
populate_loc_liveness.: 0.008769s (num_starts 10)
expr_model_callee_readable_writeable_regions_in_fcalls_visitor.other.: 0.009425s (num_starts 9836)
canonicalize_expr_tree.: 0.009877s (num_starts 1888)
graph_to_stream.: 0.013205s (num_starts 1)
expr_label_memlabels_using_memlabel_map_visitor.: 0.013362s (num_starts 17696)
expr_simplify_syntactic().: 0.014376s (num_starts 1888)
expr_model_callee_readable_writeable_regions_in_fcalls_visitor.: 0.015673s (num_starts 17689)
expr_simplify_using_sprel_pair_and_memlabel_maps.sprel.: 0.018113s (num_starts 1403)
query:convert_from_z3.: 0.022091s (num_starts 590)
expr_model_callee_readable_writeable_regions_in_fcalls.: 0.023147s (num_starts 2011)
insn_db_list_get_all_matches.: 0.023619s (num_starts 17)
insn_db_get_all_matches.: 0.02376s (num_starts 17)
src_usedef_tab_read_from_file.: 0.023796s (num_starts 1)
src_usedef_tab_init.: 0.023799s (num_starts 1)
edge_update_memlabel_map_for_mlvars.populate_memlabel_map.update_potentially_mod_locs.: 0.024719s (num_starts 42)
edge_update_memlabel_map_for_mlvars.populate_memlabel_map.: 0.027623s (num_starts 42)
edge_update_memlabel_map_for_mlvars.: 0.027691s (num_starts 42)
alias_analysis.xfer_and_meet.: 0.032197s (num_starts 42)
split_memory_in_graph.: 0.034129s (num_starts 2)
populate_locs_potentially_modified_on_edge.: 0.037436s (num_starts 6)
query:simplify_internal.: 0.038406s (num_starts 590)
query:simplify-z3.: 0.041488s (num_starts 590)
expr_simplify_using_sprel_pair_and_memlabel_maps.model.: 0.044519s (num_starts 1403)
compute_loc_avail_exprs.: 0.049657s (num_starts 6)
dst_insn_get_tfg.: 0.055026s (num_starts 17)
expr_simplify_using_sprel_and_memlabel_maps.model.: 0.05913s (num_starts 608)
expr_simplify_using_sprel_pair_and_memlabel_maps.: 0.059663s (num_starts 1403)
populate_auxilliary_structures_dependent_on_locs.: 0.066699s (num_starts 4)
expr_simplify_using_sprel_and_memlabel_maps.: 0.069338s (num_starts 608)
expr_label_memlabels_using_memlabel_map_visitor.simplify.: 0.079043s (num_starts 2011)
expr_simplify_using_lhs_set_helper.: 0.088342s (num_starts 277)
expr_do_simplify_using_lhs_set_and_precond.: 0.088536s (num_starts 277)
refresh_graph_locs.: 0.09152s (num_starts 4)
init_graph_locs.: 0.162729s (num_starts 2)
split_memory_in_graph_initialize.: 0.163349s (num_starts 2)
parse_consts_db.: 0.18547s (num_starts 1)
split_memory_in_graph_and_propagate_sprels_until_fixpoint.: 0.227341s (num_starts 1)
total-preprocess-split_memory.: 0.227344s (num_starts 1)
total-preprocess.: 0.230674s (num_starts 1)
tfg_preprocess.dst.: 0.232045s (num_starts 1)
tfg_preprocess.: 0.232046s (num_starts 1)
dst_parse_sym_exec_db.: 2.17013s (num_starts 1)
dst_iseq_deserialize.: 3.58932s (num_starts 88172)
opc_init.: 4.06734s (num_starts 1)
i386_init.: 4.06922s (num_starts 1)
dst_usedef_tab_read_from_file.: 5.90318s (num_starts 1)
dst_usedef_tab_init.: 5.90318s (num_starts 1)
usedef_init.: 5.92699s (num_starts 1)

counters:

flags:

info:

Context stats:
exprs: count: 20340
sorts: count: 161
num_proof_queries: 0
num_proof_queries_answered_by_syntactic_check: 0
num_proof_queries_answered_by_counter_examples: 0
cache_stats:
m_simplify:
	----------- total:	5008
	        hit ratio:	0.944688
m_simplify_solver:
	----------- total:	1888
	        hit ratio:	0.683263
m_prune_obviously_false_branches_using_assume_clause:
	----------- total:	186
	        hit ratio:	0.419355
m_z3_solver_simplify:
	----------- total:	590
	        hit ratio:	0
m_z3_solver_simplify_internal:
	----------- total:	590
	        hit ratio:	0
m_replace_donotsimplify_using_solver_expressions_by_free_vars:
	----------- total:	598
	        hit ratio:	0
m_expr_size:
	----------- total:	4368
	        hit ratio:	0.828984
m_contains_only_constants_or_arguments_or_esp_versions:
	----------- total:	1082
	        hit ratio:	0.989834
m_expr_evaluates_to_constant_visitor:
	----------- total:	9808
	        hit ratio:	0.742557

stats 170:z3_solver expr_query_cache entry count: 0
histogram:

<MSG>0:00 : Converting C source code to LLVM IR bitcode...</MSG>
<MSG>0:00 : Converting LLVM IR bitcode to Transfer Function Graph (TFG)...</MSG>
<MSG>0:00 : Converting assembly code to object file...</MSG>
<MSG>0:00 : Harvesting object code to obtain harvested assembly...</MSG>
<MSG>0:10 : Converting harvested assembly to Transfer Function Graph (TFG)...</MSG>
<MSG>0:23 : Searching for equivalence at unroll factor 8</MSG>
graph_with_predicates 89: name = src.llvm.s1281, pcs size 69
graph_with_simplified_assets 14: name = src.llvm.s1281, pcs size 69
tfg 202: name = src.llvm.s1281, pcs size 69
tfg_llvm_t 274: all_pcs = (size 69): L0%0%1 Lentry%1%1 Lentry%1%100003 Lentry%1%100004 Lentry%1%100005 Lentry%1%100006 Lfor.cond%1%0 Lfor.cond%1%1 Lfor.cond%2%1 Lfor.cond%2%100003 Lfor.cond%2%100004 Lfor.cond%2%100005 Lfor.cond%2%100006 Lfor.body%1%1 Lfor.body%1%100003 Lfor.body%1%100004 Lfor.body%1%100005 Lfor.body%2%1 Lfor.body%2%100003 Lfor.body%3%1 Lfor.body%3%100003 Lfor.body%3%100004 Lfor.body%3%100005 Lfor.body%4%1 Lfor.body%4%100003 Lfor.body%5%1 Lfor.body%6%1 Lfor.body%6%100003 Lfor.body%6%100004 Lfor.body%6%100005 Lfor.body%7%1 Lfor.body%7%100003 Lfor.body%8%1 Lfor.body%8%100003 Lfor.body%8%100004 Lfor.body%8%100005 Lfor.body%9%1 Lfor.body%9%100003 Lfor.body%10%1 Lfor.body%11%1 Lfor.body%12%1 Lfor.body%12%100003 Lfor.body%12%100004 Lfor.body%12%100005 Lfor.body%13%1 Lfor.body%13%100003 Lfor.body%14%1 Lfor.body%15%1 Lfor.body%16%1 Lfor.body%16%100003 Lfor.body%16%100004 Lfor.body%16%100005 Lfor.body%17%1 Lfor.body%18%1 Lfor.body%18%100003 Lfor.body%18%100004 Lfor.body%18%100005 Lfor.body%19%1 Lfor.body%20%1 Lfor.body%20%100003 Lfor.body%20%100004 Lfor.end%1%1 Lfor.inc%1%1 Lfor.inc%2%1 Lfor.inc%2%100003 Lfor.inc%2%100004 Lfor.inc%2%100005 Lfor.inc%2%100006 E0%0%1
graph_with_predicates 89: name = dst, pcs size 21
graph_with_simplified_assets 14: name = dst, pcs size 21
tfg 202: name = dst, pcs size 21
<MSG>0:24 : Computing equivalence for function: s1281...</MSG>
<MSG>0:27 : Computing equivalence of the two TFGs (LLVM IR and x86 assembly)...</MSG>
<MSG>0:27 : Chose product-TFG s1281 from a frontier of size 1...</MSG>
<cg>
  Nodes: L0%0%1_L0%0%1 (C L0%0%1, A line 11)
                L0%0%1_L0%0%1 contains 0 counterexamples (for correlating 0 bv exprs)

</cg>
<MSG>0:27 : product-TFG s1281: Enumerating correlations for L0%0%1=>L2%1%0[mu 1, delta 1] starting at L0%0%1_L0%0%1
</MSG>
<MSG>0:27 : Considering 1 paths to src pc L0%0%1 as correlation candidates for L0%0%1=>L2%1%0[mu 1, delta 1] at L0%0%1_L0%0%1
</MSG>
<MSG>0:27 : Attempting correlation of src pathset L0%0%1=>L0%0%1[mu 0, delta 0] as correlation candidate for L0%0%1=>L2%1%0[mu 1, delta 1] at L0%0%1_L0%0%1
</MSG>
<MSG>0:27 : Found 1 feasible correlations for paths to src pc L0%0%1 as correlation candidates for L0%0%1=>L2%1%0[mu 1, delta 1] at L0%0%1_L0%0%1
</MSG>
<MSG>0:27 : Considering 8 paths to src pc Lfor.cond%1%0 as correlation candidates for L0%0%1=>L2%1%0[mu 1, delta 1] at L0%0%1_L0%0%1
</MSG>
<MSG>0:27 : Attempting correlation of src pathset L0%0%1=>Lfor.cond%1%0[mu 8, delta 1] as correlation candidate for L0%0%1=>L2%1%0[mu 1, delta 1] at L0%0%1_L0%0%1
</MSG>
<MSG>0:27 : Attempting correlation of src pathset L0%0%1=>Lfor.cond%1%0[mu 8, delta 2] as correlation candidate for L0%0%1=>L2%1%0[mu 1, delta 1] at L0%0%1_L0%0%1
</MSG>
<MSG>0:27 : Attempting correlation of src pathset L0%0%1=>Lfor.cond%1%0[mu 8, delta 3] as correlation candidate for L0%0%1=>L2%1%0[mu 1, delta 1] at L0%0%1_L0%0%1
</MSG>
<MSG>0:27 : Attempting correlation of src pathset L0%0%1=>Lfor.cond%1%0[mu 8, delta 4] as correlation candidate for L0%0%1=>L2%1%0[mu 1, delta 1] at L0%0%1_L0%0%1
</MSG>
<MSG>0:27 : Attempting correlation of src pathset L0%0%1=>Lfor.cond%1%0[mu 8, delta 5] as correlation candidate for L0%0%1=>L2%1%0[mu 1, delta 1] at L0%0%1_L0%0%1
</MSG>
<MSG>0:27 : Attempting correlation of src pathset L0%0%1=>Lfor.cond%1%0[mu 8, delta 6] as correlation candidate for L0%0%1=>L2%1%0[mu 1, delta 1] at L0%0%1_L0%0%1
</MSG>
<MSG>0:27 : Attempting correlation of src pathset L0%0%1=>Lfor.cond%1%0[mu 8, delta 7] as correlation candidate for L0%0%1=>L2%1%0[mu 1, delta 1] at L0%0%1_L0%0%1
</MSG>
<MSG>0:27 : Attempting correlation of src pathset L0%0%1=>Lfor.cond%1%0[mu 8, delta 8] as correlation candidate for L0%0%1=>L2%1%0[mu 1, delta 1] at L0%0%1_L0%0%1
</MSG>

ERROR_KILLED_TERM
