argv[0] = /home/adityanathan/superopt-project/superopt/build/etfg_i386/eq
argv[1] = --unroll-factor
argv[2] = 8
argv[3] = --proof
argv[4] = logs/s162_s162.gcc.eqchecker.O3.i386.ALL.proof
argv[5] = -f
argv[6] = ALL
argv[7] = /home/adityanathan/superopt-project/superopt-tests/TSVC_prior_work/s162.c
argv[8] = /home/adityanathan/superopt-project/superopt-tests/build/TSVC_prior_work/s162.gcc.eqchecker.O3.i386.s
argv[0] = /home/adityanathan/superopt-project/usr/local/bin/clang
argv[1] = -Xclang
argv[2] = -disable-llvm-passes
argv[3] = -Xclang
argv[4] = -disable-O0-optnone
argv[5] = -c
argv[6] = -g
argv[7] = -emit-llvm
argv[8] = -O0
argv[9] = /home/adityanathan/superopt-project/superopt-tests/TSVC_prior_work/s162.c
argv[10] = -o
argv[11] = /home/adityanathan/superopt-project/superopt-tests/TSVC_prior_work/s162.c.bc.tmp
argv[12] = -m32

<MSG>0:00 : Converting LLVM IR bitcode to Transfer Function Graph (TFG) for function s162</MSG>
 /home/adityanathan/superopt-project/usr/local/bin/harvest32 -functions_only -live_callee_save -allow_unsupported -no_canonicalize_imms -no_eliminate_unreachable_bbls -no_eliminate_duplicates -f ALL -o /home/adityanathan/superopt-project/superopt-tests/build/TSVC_prior_work/s162.gcc.eqchecker.O3.i386.s.o.harvest -l /home/adityanathan/superopt-project/superopt-tests/build/TSVC_prior_work/s162.gcc.eqchecker.O3.i386.s.o.harvest.log /home/adityanathan/superopt-project/superopt-tests/build/TSVC_prior_work/s162.gcc.eqchecker.O3.i386.s.o
 /home/adityanathan/superopt-project/usr/local/bin/eqgen32 -tfg_llvm /home/adityanathan/superopt-project/superopt-tests/TSVC_prior_work/s162.c.bc.etfg -l /home/adityanathan/superopt-project/superopt-tests/build/TSVC_prior_work/s162.gcc.eqchecker.O3.i386.s.o.harvest.log -o /home/adityanathan/superopt-project/superopt-tests/build/TSVC_prior_work/s162.gcc.eqchecker.O3.i386.s.o.tfg -e /home/adityanathan/superopt-project/superopt-tests/build/TSVC_prior_work/s162.gcc.eqchecker.O3.i386.s.o -f ALL /home/adityanathan/superopt-project/superopt-tests/build/TSVC_prior_work/s162.gcc.eqchecker.O3.i386.s.o.harvest
tfg_llvm_t 274: all_pcs = (size 60): L0%0%1 Lentry%1%1 Lentry%2%1 Lentry%2%100003 Lentry%2%100004 Lentry%2%100005 Lentry%2%100006 Lif.then%1%1 Lif.then%1%100003 Lif.then%1%100004 Lif.then%1%100005 Lif.then%1%100006 Lif.end%1%0 Lif.end%1%1 Lfor.cond%1%0 Lfor.cond%1%1 Lfor.cond%2%1 Lfor.cond%2%100003 Lfor.cond%2%100004 Lfor.cond%2%100005 Lfor.cond%2%100006 Lfor.body%1%1 Lfor.body%2%1 Lfor.body%2%100003 Lfor.body%2%100004 Lfor.body%2%100005 Lfor.body%3%1 Lfor.body%3%100003 Lfor.body%4%1 Lfor.body%4%100003 Lfor.body%4%100004 Lfor.body%4%100005 Lfor.body%5%1 Lfor.body%5%100003 Lfor.body%6%1 Lfor.body%6%100003 Lfor.body%6%100004 Lfor.body%6%100005 Lfor.body%7%1 Lfor.body%7%100003 Lfor.body%8%1 Lfor.body%9%1 Lfor.body%10%1 Lfor.body%10%100003 Lfor.body%10%100004 Lfor.body%10%100005 Lfor.body%11%1 Lfor.body%12%1 Lfor.body%12%100003 Lfor.body%12%100004 Lfor.end%1%1 Lfor.end%1%100003 Lfor.end%1%100004 Lfor.inc%1%1 Lfor.inc%2%1 Lfor.inc%2%100003 Lfor.inc%2%100004 Lfor.inc%2%100005 Lfor.inc%2%100006 E0%0%1
main 459:Printing stats:

expr_simplify_solver: num_starts 16373 time spent: 0:0:0 [0.361454]
expr_simplify_syntactic: num_starts 16373 time spent: 0:0:0 [0.104845]
insn_md_assemble: num_starts 86 time spent: 0:0:0 [0.000134]
expr_linear_relation_holds_visit: num_starts 4385 time spent: 0:0:0 [0.018371]
expr_is_consts_struct_constant: num_starts 86459 time spent: 0:0:0 [0.017600]
graph_loc_get_value: num_starts 3975 time spent: 0:0:0 [0.016850]
manager_register_object: num_starts 1254978 time spent: 0:0:0 [0.376661]
manager_deregister_object: num_starts 20691 time spent: 0:0:0 [0.071922]
expr_do_simplify_helper: num_starts 21567 time spent: 0:0:0 [0.720903]
expr_do_simplify_helper_cache: num_starts 21567 time spent: 0:0:0 [0.007749]
expr_prune_obviously_false_branches_using_assume_clause_visitor_cache: num_starts 748 time spent: 0:0:0 [0.000099]
expr_prune_obviously_false_branches_using_assume_clause_visitor: num_starts 748 time spent: 0:0:0 [0.000616]
expr_evaluates_to_constant: num_starts 46077 time spent: 0:0:0 [0.040308]
is_overlapping_syntactic_using_lhs_set_and_precond: num_starts 137 time spent: 0:0:0 [0.011066]
is_overlapping_atoms_pair_syntactic: num_starts 137 time spent: 0:0:0 [0.010008]
total: num_starts 1 time spent: 0:0:14 [14.960242]
num_syntactic_match_tests = 0.
num_execution_tests = 0.
num_boolean_tests = 0.
fingerprinting rate: 0.00 per second (total), -nan per second (itable_enumerate_timer), -nan per second (excluding execution/boolean tests).

timers:
etfg_init.: 0s (num_starts 1)
i386_init_costfns.: 0s (num_starts 1)
context_constructor.init.: 1e-06s (num_starts 1)
context_constructor.solver.: 1.5e-05s (num_starts 1)
context_constructor.: 2.5e-05s (num_starts 1)
vconstants_alloc.: 2.5e-05s (num_starts 1)
i386_iseq_copy.: 2.6e-05s (num_starts 1)
alias_val_t::constructor_with_map_arg.: 3.4e-05s (num_starts 118)
allocate_stack_memory_at_start_pc.: 6.9e-05s (num_starts 1)
graph_locs_add_location_memmasked.: 7.1e-05s (num_starts 30)
dst_iseq_inv_rename.: 0.000146s (num_starts 1)
regmap_assign_using_regcons.: 0.000169s (num_starts 1)
x86_assemble.: 0.000188s (num_starts 1)
lr_status_meet.: 0.000211s (num_starts 178)
graph_locs_add_all_llvmvars.: 0.000289s (num_starts 5)
peep_preprocess_using_regmap.: 0.000297s (num_starts 43)
i386_infer_regcons_from_assembly.: 0.00036s (num_starts 1)
determinize_value_expr_map.: 0.000371s (num_starts 508)
dst_iseq_disassemble_with_bin_offsets.: 0.00049s (num_starts 1)
alias_val_meet.: 0.000582s (num_starts 116)
imm_vt_map_copy.: 0.000857s (num_starts 5562)
populate_branch_affecting_locs.: 0.000869s (num_starts 1)
tfg::collect_assumes_around_edge.: 0.001073s (num_starts 177)
i386_insn_init_constants.: 0.001396s (num_starts 1)
dst_iseq_from_string.: 0.001757s (num_starts 1)
gas_init.: 0.002004s (num_starts 1)
graph_edge_composition_get_edge_cond.: 0.002566s (num_starts 60)
tfg_suffixpath_get_expr_helper.: 0.002628s (num_starts 60)
expr_represents_llvm_undef.: 0.002965s (num_starts 1456)
expr_label_memlabels_using_memlabel_map_visitor.memaccess.: 0.003583s (num_starts 1589)
compute_sprel_relations.: 0.004585s (num_starts 7)
populate_simplified_to_state.: 0.004696s (num_starts 2)
opctable_init.: 0.004825s (num_starts 1)
propagate_sprels.: 0.005909s (num_starts 7)
graph_locs_add_all_exvregs.: 0.009785s (num_starts 5)
populate_locid2expr_map.: 0.010837s (num_starts 6)
compute_new_lr_status_on_locs.loc_lr_status.simplify_and_compute_lr_status.: 0.011438s (num_starts 258)
compute_new_lr_status_on_locs.: 0.012304s (num_starts 116)
graph_add_location_slots_using_state_mem_acc_map.: 0.015039s (num_starts 5)
populate_memlabel_map.visit.: 0.015174s (num_starts 13220)
expr_linear_relation_holds::visit.var.: 0.015917s (num_starts 1587)
compute_lr_status_for_expr.: 0.022346s (num_starts 1102)
expr_simplify_using_sprel_and_memlabel_maps.sprel.: 0.022625s (num_starts 2610)
src_usedef_tab_read_from_file.: 0.023741s (num_starts 1)
src_usedef_tab_init.: 0.023744s (num_starts 1)
avail_exprs_analysis.meet.: 0.032036s (num_starts 441)
graph_visit_exprs.: 0.036994s (num_starts 50)
insn_db_list_get_all_matches.: 0.042452s (num_starts 43)
insn_db_get_all_matches.: 0.042959s (num_starts 43)
query:convert_to_z3.: 0.043023s (num_starts 2860)
graph_visit_exprs_const.const.: 0.053729s (num_starts 9)
expr_model_callee_readable_writeable_regions_in_fcalls_visitor.other.: 0.06111s (num_starts 57801)
xfer_and_meet.: 0.06278s (num_starts 897)
populate_loc_liveness.: 0.066542s (num_starts 12)
graph_to_stream.: 0.069485s (num_starts 1)
expr_label_memlabels_using_memlabel_map_visitor.: 0.096003s (num_starts 106073)
expr_model_callee_readable_writeable_regions_in_fcalls_visitor.: 0.104143s (num_starts 106291)
expr_simplify_syntactic().: 0.110267s (num_starts 16373)
expr_simplify_using_sprel_pair_and_memlabel_maps.sprel.: 0.125077s (num_starts 5815)
canonicalize_expr_tree.: 0.140162s (num_starts 16373)
query:convert_from_z3.: 0.14027s (num_starts 2860)
expr_model_callee_readable_writeable_regions_in_fcalls.: 0.154003s (num_starts 8425)
dst_insn_get_tfg.: 0.169488s (num_starts 43)
parse_consts_db.: 0.184291s (num_starts 1)
edge_update_memlabel_map_for_mlvars.populate_memlabel_map.update_potentially_mod_locs.: 0.21123s (num_starts 116)
edge_update_memlabel_map_for_mlvars.populate_memlabel_map.: 0.23306s (num_starts 116)
edge_update_memlabel_map_for_mlvars.: 0.233271s (num_starts 116)
query:simplify_internal.: 0.243933s (num_starts 2860)
alias_analysis.xfer_and_meet.: 0.246724s (num_starts 116)
split_memory_in_graph.: 0.256208s (num_starts 2)
query:simplify-z3.: 0.263389s (num_starts 2860)
populate_locs_potentially_modified_on_edge.: 0.276474s (num_starts 7)
expr_simplify_using_sprel_pair_and_memlabel_maps.model.: 0.363293s (num_starts 5815)
compute_loc_avail_exprs.: 0.385158s (num_starts 7)
expr_simplify_using_sprel_and_memlabel_maps.model.: 0.417757s (num_starts 2610)
populate_auxilliary_structures_dependent_on_locs.: 0.455677s (num_starts 5)
expr_simplify_using_sprel_pair_and_memlabel_maps.: 0.465323s (num_starts 5815)
expr_simplify_using_sprel_and_memlabel_maps.: 0.49275s (num_starts 2610)
expr_label_memlabels_using_memlabel_map_visitor.simplify.: 0.619813s (num_starts 8425)
refresh_graph_locs.: 0.654113s (num_starts 5)
expr_simplify_using_lhs_set_helper.: 0.709042s (num_starts 1308)
expr_do_simplify_using_lhs_set_and_precond.: 0.710154s (num_starts 1308)
init_graph_locs.: 1.14341s (num_starts 2)
split_memory_in_graph_initialize.: 1.14607s (num_starts 2)
split_memory_in_graph_and_propagate_sprels_until_fixpoint.: 1.6682s (num_starts 1)
total-preprocess-split_memory.: 1.66821s (num_starts 1)
total-preprocess.: 1.68541s (num_starts 1)
tfg_preprocess.dst.: 1.68808s (num_starts 1)
tfg_preprocess.: 1.68808s (num_starts 1)
dst_parse_sym_exec_db.: 2.36314s (num_starts 1)
dst_iseq_deserialize.: 3.74956s (num_starts 88172)
opc_init.: 4.08853s (num_starts 1)
i386_init.: 4.09056s (num_starts 1)
dst_usedef_tab_read_from_file.: 5.96087s (num_starts 1)
dst_usedef_tab_init.: 5.96087s (num_starts 1)
usedef_init.: 5.98462s (num_starts 1)

counters:

flags:

info:

Context stats:
exprs: count: 29952
sorts: count: 163
num_proof_queries: 0
num_proof_queries_answered_by_syntactic_check: 0
num_proof_queries_answered_by_counter_examples: 0
cache_stats:
m_simplify:
	----------- total:	21567
	        hit ratio:	0.939352
m_simplify_solver:
	----------- total:	16373
	        hit ratio:	0.825017
m_prune_obviously_false_branches_using_assume_clause:
	----------- total:	2728
	        hit ratio:	0.451613
m_z3_solver_simplify:
	----------- total:	2860
	        hit ratio:	0
m_z3_solver_simplify_internal:
	----------- total:	2860
	        hit ratio:	0
m_replace_donotsimplify_using_solver_expressions_by_free_vars:
	----------- total:	2865
	        hit ratio:	0
m_is_expr_not_equal_syntactic:
	----------- total:	22
	        hit ratio:	0.954545
m_expr_size:
	----------- total:	35550
	        hit ratio:	0.905176
m_contains_only_constants_or_arguments_or_esp_versions:
	----------- total:	3842
	        hit ratio:	0.99063
m_expr_evaluates_to_constant_visitor:
	----------- total:	69696
	        hit ratio:	0.825671

stats 170:z3_solver expr_query_cache entry count: 0
histogram:

<MSG>0:00 : Converting C source code to LLVM IR bitcode...</MSG>
<MSG>0:01 : Converting LLVM IR bitcode to Transfer Function Graph (TFG)...</MSG>
<MSG>0:02 : Converting assembly code to object file...</MSG>
<MSG>0:02 : Harvesting object code to obtain harvested assembly...</MSG>
<MSG>0:13 : Converting harvested assembly to Transfer Function Graph (TFG)...</MSG>
<MSG>0:28 : Searching for equivalence at unroll factor 8</MSG>
tfg_llvm_t 274: all_pcs = (size 60): L0%0%1 Lentry%1%1 Lentry%2%1 Lentry%2%100003 Lentry%2%100004 Lentry%2%100005 Lentry%2%100006 Lif.then%1%1 Lif.then%1%100003 Lif.then%1%100004 Lif.then%1%100005 Lif.then%1%100006 Lif.end%1%0 Lif.end%1%1 Lfor.cond%1%0 Lfor.cond%1%1 Lfor.cond%2%1 Lfor.cond%2%100003 Lfor.cond%2%100004 Lfor.cond%2%100005 Lfor.cond%2%100006 Lfor.body%1%1 Lfor.body%2%1 Lfor.body%2%100003 Lfor.body%2%100004 Lfor.body%2%100005 Lfor.body%3%1 Lfor.body%3%100003 Lfor.body%4%1 Lfor.body%4%100003 Lfor.body%4%100004 Lfor.body%4%100005 Lfor.body%5%1 Lfor.body%5%100003 Lfor.body%6%1 Lfor.body%6%100003 Lfor.body%6%100004 Lfor.body%6%100005 Lfor.body%7%1 Lfor.body%7%100003 Lfor.body%8%1 Lfor.body%9%1 Lfor.body%10%1 Lfor.body%10%100003 Lfor.body%10%100004 Lfor.body%10%100005 Lfor.body%11%1 Lfor.body%12%1 Lfor.body%12%100003 Lfor.body%12%100004 Lfor.end%1%1 Lfor.end%1%100003 Lfor.end%1%100004 Lfor.inc%1%1 Lfor.inc%2%1 Lfor.inc%2%100003 Lfor.inc%2%100004 Lfor.inc%2%100005 Lfor.inc%2%100006 E0%0%1
<MSG>0:28 : Computing equivalence for function: s162...</MSG>
<MSG>0:30 : Computing equivalence of the two TFGs (LLVM IR and x86 assembly)...</MSG>
<MSG>0:30 : Chose product-TFG s162 from a frontier of size 1...</MSG>
<cg>
  Nodes: L0%0%1_L0%0%1 (C L0%0%1, A line 13)
                L0%0%1_L0%0%1 contains 0 counterexamples (for correlating 0 bv exprs)

</cg>
<MSG>0:30 : product-TFG s162: Enumerating correlations for L0%0%1=>L10%1%0[mu 1, delta 1] starting at L0%0%1_L0%0%1
</MSG>
<MSG>0:30 : Considering 1 paths to src pc Lentry%2%1 as correlation candidates for L0%0%1=>L10%1%0[mu 1, delta 1] at L0%0%1_L0%0%1
</MSG>
<MSG>0:30 : Attempting correlation of src pathset L0%0%1=>Lentry%2%1[mu 8, delta 1] as correlation candidate for L0%0%1=>L10%1%0[mu 1, delta 1] at L0%0%1_L0%0%1
</MSG>
<MSG>0:30 : Found 1 feasible correlations for paths to src pc Lentry%2%1 as correlation candidates for L0%0%1=>L10%1%0[mu 1, delta 1] at L0%0%1_L0%0%1
</MSG>
<MSG>0:30 : Considering 1 paths to src pc Lif.then%1%100003 as correlation candidates for L0%0%1=>L10%1%0[mu 1, delta 1] at L0%0%1_L0%0%1
</MSG>
<MSG>0:30 : Attempting correlation of src pathset L0%0%1=>Lif.then%1%100003[mu 8, delta 1] as correlation candidate for L0%0%1=>L10%1%0[mu 1, delta 1] at L0%0%1_L0%0%1
</MSG>
<MSG>0:30 : Found 1 feasible correlations for paths to src pc Lif.then%1%100003 as correlation candidates for L0%0%1=>L10%1%0[mu 1, delta 1] at L0%0%1_L0%0%1
</MSG>
<MSG>0:30 : Considering 1 paths to src pc Lif.end%1%0 as correlation candidates for L0%0%1=>L10%1%0[mu 1, delta 1] at L0%0%1_L0%0%1
</MSG>
<MSG>0:30 : Attempting correlation of src pathset L0%0%1=>Lif.end%1%0[mu 8, delta 1] as correlation candidate for L0%0%1=>L10%1%0[mu 1, delta 1] at L0%0%1_L0%0%1
</MSG>
<MSG>0:30 : Failed correlation of src pathset L0%0%1=>Lif.end%1%0[mu 8, delta 1] as correlation candidate for L0%0%1=>L10%1%0[mu 1, delta 1] at L0%0%1_L0%0%1: failcond = compute_well_formedness_conditions_for_edge for L0%0%1_L0%0%1=>Lif.end%1%0_L10%1%0[ src: ((L0%0%1=>Lentry%2%1)*(((Lentry%2%1=>Lif.then%1%100003)*((Lif.then%1%100003=>Lfor.cond%1%0)*((Lfor.cond%1%0=>Lfor.cond%2%1)*((Lfor.cond%2%1=>Lif.end%1%0)+((Lfor.cond%2%1=>Lfor.body%1%1)*((Lfor.body%1%1=>Lfor.cond%1%0)*((Lfor.cond%1%0=>Lfor.cond%2%1)*((Lfor.cond%2%1=>Lif.end%1%0)+((Lfor.cond%2%1=>Lfor.body%1%1)*((Lfor.body%1%1=>Lfor.cond%1%0)*((Lfor.cond%1%0=>Lfor.cond%2%1)*((Lfor.cond%2%1=>Lif.end%1%0)+((Lfor.cond%2%1=>Lfor.body%1%1)*((Lfor.body%1%1=>Lfor.cond%1%0)*((Lfor.cond%1%0=>Lfor.cond%2%1)*((Lfor.cond%2%1=>Lif.end%1%0)+((Lfor.cond%2%1=>Lfor.body%1%1)*((Lfor.body%1%1=>Lfor.cond%1%0)*((Lfor.cond%1%0=>Lfor.cond%2%1)*((Lfor.cond%2%1=>Lif.end%1%0)+((Lfor.cond%2%1=>Lfor.body%1%1)*((Lfor.body%1%1=>Lfor.cond%1%0)*((Lfor.cond%1%0=>Lfor.cond%2%1)*((Lfor.cond%2%1=>Lif.end%1%0)+((Lfor.cond%2%1=>Lfor.body%1%1)*((Lfor.body%1%1=>Lfor.cond%1%0)*((Lfor.cond%1%0=>Lfor.cond%2%1)*((Lfor.cond%2%1=>Lif.end%1%0)+((Lfor.cond%2%1=>Lfor.body%1%1)*((Lfor.body%1%1=>Lfor.cond%1%0)*((Lfor.cond%1%0=>Lfor.cond%2%1)*(Lfor.cond%2%1=>Lif.end%1%0))))))))))))))))))))))))))))))))+(Lentry%2%1=>Lif.end%1%0))); dst: ((L0%0%1=>L2%1%1)*((L2%1%1=>L3%1%0)*((L3%1%0=>L5%1%1)*(((L5%1%1=>L8%1%0)+((L5%1%1=>L6%1%0)*((L6%1%0=>L7%1%1)*(L7%1%1=>L8%1%0))))*(L8%1%0=>L10%1%0)))))]
</MSG>
<MSG>0:30 : Found 0 feasible correlations for paths to src pc Lif.end%1%0 as correlation candidates for L0%0%1=>L10%1%0[mu 1, delta 1] at L0%0%1_L0%0%1
</MSG>
<MSG>0:30 : Considering 8 paths to src pc Lfor.cond%1%0 as correlation candidates for L0%0%1=>L10%1%0[mu 1, delta 1] at L0%0%1_L0%0%1
</MSG>
<MSG>0:30 : Attempting correlation of src pathset L0%0%1=>Lfor.cond%1%0[mu 8, delta 1] as correlation candidate for L0%0%1=>L10%1%0[mu 1, delta 1] at L0%0%1_L0%0%1
</MSG>
<MSG>0:31 : Attempting correlation of src pathset L0%0%1=>Lfor.cond%1%0[mu 8, delta 2] as correlation candidate for L0%0%1=>L10%1%0[mu 1, delta 1] at L0%0%1_L0%0%1
</MSG>
<MSG>0:31 : Attempting correlation of src pathset L0%0%1=>Lfor.cond%1%0[mu 8, delta 3] as correlation candidate for L0%0%1=>L10%1%0[mu 1, delta 1] at L0%0%1_L0%0%1
</MSG>
<MSG>0:31 : Attempting correlation of src pathset L0%0%1=>Lfor.cond%1%0[mu 8, delta 4] as correlation candidate for L0%0%1=>L10%1%0[mu 1, delta 1] at L0%0%1_L0%0%1
</MSG>
<MSG>0:31 : Attempting correlation of src pathset L0%0%1=>Lfor.cond%1%0[mu 8, delta 5] as correlation candidate for L0%0%1=>L10%1%0[mu 1, delta 1] at L0%0%1_L0%0%1
</MSG>
<MSG>0:31 : Attempting correlation of src pathset L0%0%1=>Lfor.cond%1%0[mu 8, delta 6] as correlation candidate for L0%0%1=>L10%1%0[mu 1, delta 1] at L0%0%1_L0%0%1
</MSG>
<MSG>0:31 : Attempting correlation of src pathset L0%0%1=>Lfor.cond%1%0[mu 8, delta 7] as correlation candidate for L0%0%1=>L10%1%0[mu 1, delta 1] at L0%0%1_L0%0%1
</MSG>
<MSG>0:31 : Attempting correlation of src pathset L0%0%1=>Lfor.cond%1%0[mu 8, delta 8] as correlation candidate for L0%0%1=>L10%1%0[mu 1, delta 1] at L0%0%1_L0%0%1
</MSG>
<MSG>0:31 : Found 8 feasible correlations for paths to src pc Lfor.cond%1%0 as correlation candidates for L0%0%1=>L10%1%0[mu 1, delta 1] at L0%0%1_L0%0%1
</MSG>
<MSG>0:31 : Considering 8 paths to src pc Lfor.cond%2%1 as correlation candidates for L0%0%1=>L10%1%0[mu 1, delta 1] at L0%0%1_L0%0%1
</MSG>
<MSG>0:31 : Attempting correlation of src pathset L0%0%1=>Lfor.cond%2%1[mu 8, delta 1] as correlation candidate for L0%0%1=>L10%1%0[mu 1, delta 1] at L0%0%1_L0%0%1
</MSG>
<MSG>0:31 : Attempting correlation of src pathset L0%0%1=>Lfor.cond%2%1[mu 8, delta 2] as correlation candidate for L0%0%1=>L10%1%0[mu 1, delta 1] at L0%0%1_L0%0%1
</MSG>
<MSG>0:31 : Attempting correlation of src pathset L0%0%1=>Lfor.cond%2%1[mu 8, delta 3] as correlation candidate for L0%0%1=>L10%1%0[mu 1, delta 1] at L0%0%1_L0%0%1
</MSG>
<MSG>0:31 : Attempting correlation of src pathset L0%0%1=>Lfor.cond%2%1[mu 8, delta 4] as correlation candidate for L0%0%1=>L10%1%0[mu 1, delta 1] at L0%0%1_L0%0%1
</MSG>
<MSG>0:31 : Attempting correlation of src pathset L0%0%1=>Lfor.cond%2%1[mu 8, delta 5] as correlation candidate for L0%0%1=>L10%1%0[mu 1, delta 1] at L0%0%1_L0%0%1
</MSG>
<MSG>0:31 : Attempting correlation of src pathset L0%0%1=>Lfor.cond%2%1[mu 8, delta 6] as correlation candidate for L0%0%1=>L10%1%0[mu 1, delta 1] at L0%0%1_L0%0%1
</MSG>
<MSG>0:32 : Attempting correlation of src pathset L0%0%1=>Lfor.cond%2%1[mu 8, delta 7] as correlation candidate for L0%0%1=>L10%1%0[mu 1, delta 1] at L0%0%1_L0%0%1
</MSG>
<MSG>0:32 : Attempting correlation of src pathset L0%0%1=>Lfor.cond%2%1[mu 8, delta 8] as correlation candidate for L0%0%1=>L10%1%0[mu 1, delta 1] at L0%0%1_L0%0%1
</MSG>
<MSG>0:32 : Found 8 feasible correlations for paths to src pc Lfor.cond%2%1 as correlation candidates for L0%0%1=>L10%1%0[mu 1, delta 1] at L0%0%1_L0%0%1
</MSG>
<MSG>0:32 : Considering 8 paths to src pc Lfor.body%1%1 as correlation candidates for L0%0%1=>L10%1%0[mu 1, delta 1] at L0%0%1_L0%0%1
</MSG>
<MSG>0:32 : Attempting correlation of src pathset L0%0%1=>Lfor.body%1%1[mu 8, delta 1] as correlation candidate for L0%0%1=>L10%1%0[mu 1, delta 1] at L0%0%1_L0%0%1
</MSG>
<MSG>0:32 : Attempting correlation of src pathset L0%0%1=>Lfor.body%1%1[mu 8, delta 2] as correlation candidate for L0%0%1=>L10%1%0[mu 1, delta 1] at L0%0%1_L0%0%1
</MSG>
<MSG>0:32 : Attempting correlation of src pathset L0%0%1=>Lfor.body%1%1[mu 8, delta 3] as correlation candidate for L0%0%1=>L10%1%0[mu 1, delta 1] at L0%0%1_L0%0%1
</MSG>
<MSG>0:32 : Attempting correlation of src pathset L0%0%1=>Lfor.body%1%1[mu 8, delta 4] as correlation candidate for L0%0%1=>L10%1%0[mu 1, delta 1] at L0%0%1_L0%0%1
</MSG>
<MSG>0:32 : Attempting correlation of src pathset L0%0%1=>Lfor.body%1%1[mu 8, delta 5] as correlation candidate for L0%0%1=>L10%1%0[mu 1, delta 1] at L0%0%1_L0%0%1
</MSG>
<MSG>0:32 : Attempting correlation of src pathset L0%0%1=>Lfor.body%1%1[mu 8, delta 6] as correlation candidate for L0%0%1=>L10%1%0[mu 1, delta 1] at L0%0%1_L0%0%1
</MSG>
<MSG>0:32 : Attempting correlation of src pathset L0%0%1=>Lfor.body%1%1[mu 8, delta 7] as correlation candidate for L0%0%1=>L10%1%0[mu 1, delta 1] at L0%0%1_L0%0%1
</MSG>
<MSG>0:32 : Attempting correlation of src pathset L0%0%1=>Lfor.body%1%1[mu 8, delta 8] as correlation candidate for L0%0%1=>L10%1%0[mu 1, delta 1] at L0%0%1_L0%0%1
</MSG>
<MSG>0:32 : Found 8 feasible correlations for paths to src pc Lfor.body%1%1 as correlation candidates for L0%0%1=>L10%1%0[mu 1, delta 1] at L0%0%1_L0%0%1
</MSG>
<MSG>0:32 : product-TFG s162: Found 26 correlations for L0%0%1=>L10%1%0[mu 1, delta 1] starting at L0%0%1_L0%0%1
</MSG>
<MSG>0:32 : product-TFG s162 created 26 possibilities in group s162.A...</MSG>
<MSG>0:32 : Chose product-TFG s162.A19 from a frontier of size 26...</MSG>
<cg>
  Edges: L0%0%1_L0%0%1=>Lfor.body%1%1_L10%1%0 (C L0%0%1 => C (line 10 at column 16) at mu 8 delta 1, A line 13 => A line 27 at mu 1 delta 1)
  Nodes: L0%0%1_L0%0%1 (C L0%0%1, A line 13)
                L0%0%1_L0%0%1 contains 9 counterexamples (for correlating 0 bv exprs)
         Lfor.body%1%1_L10%1%0 (C (line 10 at column 16), A line 27)
                Lfor.body%1%1_L10%1%0 contains 3 counterexamples (for correlating 69 bv exprs)
                SRCMEM{@b,@a,@c,heap} = DSTMEM{@b,@a,@c,heap}
                %ebp = 0
                (-40968) = SPL0%1%1
                DSTMEM[SPentry]_4 = 0
                bvmul((-1), DSTMEM[(@b + 127992)]_4) = bvneg(DSTMEM[(@c + 127992)]_4)
                SRCMEM[(@b + i*4)]_4 = bvmul(DSTMEM[(@b + 127992)]_4, 2118244849)
                bvmul((-1), DSTMEM[(@b + 127988)]_4) = bvneg(DSTMEM[(@c + 127988)]_4)
                SRCMEM[(@b + i*4)]_4 = bvmul(DSTMEM[(@b + 127988)]_4, (-554000855))
                SRCMEM[(@b + i*4)]_4 = bvmul(DSTMEM[(@b + 127984)]_4, (-656933151))
                0..(input.src.llvm-%k >_s 0) = 1
                SRCMEM[(@b + i*4)]_4 = bvmul(DSTMEM[(@a + 127992)]_4, (-460513679))
                (-40968) = %esp
                %esi = 0
                %ebx = 0
                (2147221584 + input.src.llvm-%k*4) = %edx
                input.src.llvm-%k = %ecx
                %eax = 0
                0..((i + 8) <_s 31999) = 1
                bvmul(SRCMEM[(@b + i*4)]_4, (-1369453975)) = bvmul(SRCMEM[(@b + i*4 + 28)]_4, SRCMEM[(@c + i*4 + 28)]_4)
                SRCMEM[(@b + i*4 + 28)]_4 = SRCMEM[(@c + i*4 + 28)]_4
                return-address = 0
                bvmul(SRCMEM[(@b + i*4)]_4, 624985545) = SRCMEM[(@b + i*4 + 28)]_4
                bvmul(SRCMEM[(@b + i*4)]_4, (-153548615)) = bvmul(SRCMEM[(@b + i*4 + 24)]_4, SRCMEM[(@c + i*4 + 24)]_4)
                SRCMEM[(@b + i*4 + 24)]_4 = SRCMEM[(@c + i*4 + 24)]_4
                bvmul(SRCMEM[(@b + i*4)]_4, (-1684116271)) = SRCMEM[(@b + i*4 + 24)]_4
                %edi = 0
                input.src.llvm-%k = DSTMEM[(SPentry + 4)]_4
                bvmul(SRCMEM[(@b + i*4)]_4, 2141827977) = bvmul(SRCMEM[(@b + i*4 + 20)]_4, SRCMEM[(@c + i*4 + 20)]_4)
                SRCMEM[(@b + i*4 + 20)]_4 = SRCMEM[(@c + i*4 + 20)]_4
                SRCMEM[(@b + i*4)]_4 = bvmul(DSTMEM[(@a + 127984)]_4, 726813281)
                bvmul((-1), DSTMEM[(@b + 127984)]_4) = bvneg(DSTMEM[(@c + 127984)]_4)
                bvmul(SRCMEM[(@b + i*4)]_4, 524624121) = bvmul(SRCMEM[(@b + i*4 + 8)]_4, SRCMEM[(@c + i*4 + 8)]_4)
                bvmul(SRCMEM[(@b + i*4)]_4, 989615065) = SRCMEM[(@b + i*4 + 20)]_4
                0..((i + 1) <_s 31999) = 1
                SRCMEM[(@b + i*4)]_4 = SRCMEM[(@c + i*4)]_4
                i = 0
                0..(i <_s 31999) = 1
                bvmul(SRCMEM[(@b + i*4)]_4, (-1368355623)) = bvmul(SRCMEM[(@b + i*4 + 16)]_4, SRCMEM[(@c + i*4 + 16)]_4)
                input.src.llvm-%k[26:0] = 0
                bvmul(SRCMEM[(@b + i*4)]_4, (-1985865479)) = SRCMEM[(@b + 4 + i*4)]_4
                SRCMEM[(@b + 4 + i*4)]_4 = SRCMEM[(@c + 4 + i*4)]_4
                bvmul(SRCMEM[(@b + i*4)]_4, 1857899241) = SRCMEM[(@b + i*4 + 12)]_4
                bvmul(SRCMEM[(@b + i*4)]_4, (-364629519)) = SRCMEM[(@b + i*4 + 8)]_4
                bvmul(SRCMEM[(@b + i*4)]_4, 62220057) = bvmul(SRCMEM[(@b + i*4)]_4, SRCMEM[(@c + i*4)]_4)
                SRCMEM[(@b + i*4)]_4 = bvmul(DSTMEM[(@a + 127988)]_4, (-203800151))
                SRCMEM[(@b + i*4 + 12)]_4 = SRCMEM[(@c + i*4 + 12)]_4
                bvmul(SRCMEM[(@b + i*4)]_4, (-1152283191)) = bvmul(SRCMEM[(@b + 4 + i*4)]_4, SRCMEM[(@c + 4 + i*4)]_4)
                0..((i + 2) <_s 31999) = 1
                0..((i + 3) <_s 31999) = 1
                SRCMEM[(@b + i*4 + 8)]_4 = SRCMEM[(@c + i*4 + 8)]_4
                0..((i + 4) <_s 31999) = 1
                0..((i + 5) <_s 31999) = 1
                bvmul(SRCMEM[(@b + i*4)]_4, 1841176745) = bvmul(SRCMEM[(@b + i*4 + 12)]_4, SRCMEM[(@c + i*4 + 12)]_4)
                0..((i + 6) <_s 31999) = 1
                0..((i + 7) <_s 31999) = 1
                bvmul(SRCMEM[(@b + i*4)]_4, (-127966239)) = SRCMEM[(@b + i*4 + 16)]_4
                SRCMEM[(@b + i*4 + 16)]_4 = SRCMEM[(@c + i*4 + 16)]_4
                (%eax <=_s 0)
                (%eax <= 0)
                ((i - input.src.llvm-%k) >=_s (-1073741824))
                (%eax >=_s 0)
                ((i - input.src.llvm-%k) <=_s (-134217728))
                ((i - input.src.llvm-%k) >= (-2147483648))
                (i <=_s 0)
                (i <= 0)
                (i >=_s 0)
                ismemlabel((i*4 + 2147221592), 4, memlabel-mem-symbol.1.0)
                ismemlabel((i*4 + 2145265704), 4, memlabel-mem-symbol.3.0)
                ismemlabel((i*4 + 2143161388), 4, memlabel-mem-symbol.2.0)
                ismemlabel((i*4 + 2143161380), 4, memlabel-mem-symbol.2.0)
                ismemlabel((i*4 + 2145265684), 4, memlabel-mem-symbol.3.0)
                ismemlabel((i*4 + 2147221596), 4, memlabel-mem-symbol.1.0)
                ismemlabel((i*4 + 2145265692), 4, memlabel-mem-symbol.3.0)
                ismemlabel((i*4 + 2143161384), 4, memlabel-mem-symbol.2.0)
                ismemlabel((i*4 + 2145265696), 4, memlabel-mem-symbol.3.0)
                ismemlabel((i*4 + 2145265708), 4, memlabel-mem-symbol.3.0)
                ismemlabel((i*4 + 2147221608), 4, memlabel-mem-symbol.1.0)
                ismemlabel((i*4 + 2147221604), 4, memlabel-mem-symbol.1.0)
                ismemlabel((i*4 + 2143161368), 4, memlabel-mem-symbol.2.0)
                ismemlabel((i*4 + 2143161364), 4, memlabel-mem-symbol.2.0)
                ismemlabel((i*4 + 2143161372), 4, memlabel-mem-symbol.2.0)
                ismemlabel((i*4 + 2145265680), 4, memlabel-mem-symbol.3.0)
                ismemlabel((i*4 + 2143161376), 4, memlabel-mem-symbol.2.0)
                ismemlabel((i*4 + 2147221588), 4, memlabel-mem-symbol.1.0)
                ismemlabel((i*4 + 2145265700), 4, memlabel-mem-symbol.3.0)
                ismemlabel((i*4 + 2145265688), 4, memlabel-mem-symbol.3.0)
                ismemlabel((i*4 + 2147221600), 4, memlabel-mem-symbol.1.0)
                ismemlabel((i*4 + 2143161360), 4, memlabel-mem-symbol.2.0)
                ismemlabel((i*4 + 2147221584), 4, memlabel-mem-symbol.1.0)

</cg>
<MSG>0:37 : s162.A19: checked newly added edge and inferred invariants...</MSG>
<MSG>0:37 : s162.A19: Chosen CG is still the most promising correlation entry; proceeding with it...</MSG>
<MSG>0:38 : product-TFG s162.A19: Enumerating correlations for L10%1%0=>L10%1%0[mu 1, delta 1] starting at Lfor.body%1%1_L10%1%0
</MSG>
<MSG>0:38 : Considering 1 paths to src pc Lif.end%1%0 as correlation candidates for L10%1%0=>L10%1%0[mu 1, delta 1] at Lfor.body%1%1_L10%1%0
</MSG>
<MSG>0:38 : Attempting correlation of src pathset Lfor.body%1%1=>Lif.end%1%0[mu 8, delta 1] as correlation candidate for L10%1%0=>L10%1%0[mu 1, delta 1] at Lfor.body%1%1_L10%1%0
</MSG>
<MSG>0:38 : Failed correlation of src pathset Lfor.body%1%1=>Lif.end%1%0[mu 8, delta 1] as correlation candidate for L10%1%0=>L10%1%0[mu 1, delta 1] at Lfor.body%1%1_L10%1%0: failcond = compute_well_formedness_conditions_for_edge for Lfor.body%1%1_L10%1%0=>Lif.end%1%0_L10%1%0[ src: ((Lfor.body%1%1=>Lfor.cond%1%0)*((Lfor.cond%1%0=>Lfor.cond%2%1)*((Lfor.cond%2%1=>Lif.end%1%0)+((Lfor.cond%2%1=>Lfor.body%1%1)*((Lfor.body%1%1=>Lfor.cond%1%0)*((Lfor.cond%1%0=>Lfor.cond%2%1)*((Lfor.cond%2%1=>Lif.end%1%0)+((Lfor.cond%2%1=>Lfor.body%1%1)*((Lfor.body%1%1=>Lfor.cond%1%0)*((Lfor.cond%1%0=>Lfor.cond%2%1)*((Lfor.cond%2%1=>Lif.end%1%0)+((Lfor.cond%2%1=>Lfor.body%1%1)*((Lfor.body%1%1=>Lfor.cond%1%0)*((Lfor.cond%1%0=>Lfor.cond%2%1)*((Lfor.cond%2%1=>Lif.end%1%0)+((Lfor.cond%2%1=>Lfor.body%1%1)*((Lfor.body%1%1=>Lfor.cond%1%0)*((Lfor.cond%1%0=>Lfor.cond%2%1)*((Lfor.cond%2%1=>Lif.end%1%0)+((Lfor.cond%2%1=>Lfor.body%1%1)*((Lfor.body%1%1=>Lfor.cond%1%0)*((Lfor.cond%1%0=>Lfor.cond%2%1)*((Lfor.cond%2%1=>Lif.end%1%0)+((Lfor.cond%2%1=>Lfor.body%1%1)*((Lfor.body%1%1=>Lfor.cond%1%0)*((Lfor.cond%1%0=>Lfor.cond%2%1)*((Lfor.cond%2%1=>Lif.end%1%0)+((Lfor.cond%2%1=>Lfor.body%1%1)*((Lfor.body%1%1=>Lfor.cond%1%0)*((Lfor.cond%1%0=>Lfor.cond%2%1)*(Lfor.cond%2%1=>Lif.end%1%0))))))))))))))))))))))))))))))); dst: ((L10%1%0=>L17%1%1)*(L17%1%1=>L10%1%0))]
</MSG>
<MSG>0:38 : Found 0 feasible correlations for paths to src pc Lif.end%1%0 as correlation candidates for L10%1%0=>L10%1%0[mu 1, delta 1] at Lfor.body%1%1_L10%1%0
</MSG>
<MSG>0:38 : Considering 8 paths to src pc Lfor.cond%1%0 as correlation candidates for L10%1%0=>L10%1%0[mu 1, delta 1] at Lfor.body%1%1_L10%1%0
</MSG>
<MSG>0:38 : Attempting correlation of src pathset Lfor.body%1%1=>Lfor.cond%1%0[mu 8, delta 1] as correlation candidate for L10%1%0=>L10%1%0[mu 1, delta 1] at Lfor.body%1%1_L10%1%0
</MSG>
<MSG>0:38 : Attempting correlation of src pathset Lfor.body%1%1=>Lfor.cond%1%0[mu 8, delta 2] as correlation candidate for L10%1%0=>L10%1%0[mu 1, delta 1] at Lfor.body%1%1_L10%1%0
</MSG>
<MSG>0:38 : Attempting correlation of src pathset Lfor.body%1%1=>Lfor.cond%1%0[mu 8, delta 3] as correlation candidate for L10%1%0=>L10%1%0[mu 1, delta 1] at Lfor.body%1%1_L10%1%0
</MSG>
<MSG>0:38 : Attempting correlation of src pathset Lfor.body%1%1=>Lfor.cond%1%0[mu 8, delta 4] as correlation candidate for L10%1%0=>L10%1%0[mu 1, delta 1] at Lfor.body%1%1_L10%1%0
</MSG>
<MSG>0:38 : Attempting correlation of src pathset Lfor.body%1%1=>Lfor.cond%1%0[mu 8, delta 5] as correlation candidate for L10%1%0=>L10%1%0[mu 1, delta 1] at Lfor.body%1%1_L10%1%0
</MSG>
<MSG>0:38 : Attempting correlation of src pathset Lfor.body%1%1=>Lfor.cond%1%0[mu 8, delta 6] as correlation candidate for L10%1%0=>L10%1%0[mu 1, delta 1] at Lfor.body%1%1_L10%1%0
</MSG>
<MSG>0:39 : Attempting correlation of src pathset Lfor.body%1%1=>Lfor.cond%1%0[mu 8, delta 7] as correlation candidate for L10%1%0=>L10%1%0[mu 1, delta 1] at Lfor.body%1%1_L10%1%0
</MSG>
<MSG>0:39 : Attempting correlation of src pathset Lfor.body%1%1=>Lfor.cond%1%0[mu 8, delta 8] as correlation candidate for L10%1%0=>L10%1%0[mu 1, delta 1] at Lfor.body%1%1_L10%1%0
</MSG>
<MSG>0:39 : Found 8 feasible correlations for paths to src pc Lfor.cond%1%0 as correlation candidates for L10%1%0=>L10%1%0[mu 1, delta 1] at Lfor.body%1%1_L10%1%0
</MSG>
<MSG>0:39 : Considering 8 paths to src pc Lfor.cond%2%1 as correlation candidates for L10%1%0=>L10%1%0[mu 1, delta 1] at Lfor.body%1%1_L10%1%0
</MSG>
<MSG>0:39 : Attempting correlation of src pathset Lfor.body%1%1=>Lfor.cond%2%1[mu 8, delta 1] as correlation candidate for L10%1%0=>L10%1%0[mu 1, delta 1] at Lfor.body%1%1_L10%1%0
</MSG>
<MSG>0:39 : Attempting correlation of src pathset Lfor.body%1%1=>Lfor.cond%2%1[mu 8, delta 2] as correlation candidate for L10%1%0=>L10%1%0[mu 1, delta 1] at Lfor.body%1%1_L10%1%0
</MSG>
<MSG>0:39 : Attempting correlation of src pathset Lfor.body%1%1=>Lfor.cond%2%1[mu 8, delta 3] as correlation candidate for L10%1%0=>L10%1%0[mu 1, delta 1] at Lfor.body%1%1_L10%1%0
</MSG>
<MSG>0:39 : Attempting correlation of src pathset Lfor.body%1%1=>Lfor.cond%2%1[mu 8, delta 4] as correlation candidate for L10%1%0=>L10%1%0[mu 1, delta 1] at Lfor.body%1%1_L10%1%0
</MSG>
<MSG>0:40 : Attempting correlation of src pathset Lfor.body%1%1=>Lfor.cond%2%1[mu 8, delta 5] as correlation candidate for L10%1%0=>L10%1%0[mu 1, delta 1] at Lfor.body%1%1_L10%1%0
</MSG>
<MSG>0:40 : Attempting correlation of src pathset Lfor.body%1%1=>Lfor.cond%2%1[mu 8, delta 6] as correlation candidate for L10%1%0=>L10%1%0[mu 1, delta 1] at Lfor.body%1%1_L10%1%0
</MSG>
<MSG>0:40 : Attempting correlation of src pathset Lfor.body%1%1=>Lfor.cond%2%1[mu 8, delta 7] as correlation candidate for L10%1%0=>L10%1%0[mu 1, delta 1] at Lfor.body%1%1_L10%1%0
</MSG>
<MSG>0:40 : Attempting correlation of src pathset Lfor.body%1%1=>Lfor.cond%2%1[mu 8, delta 8] as correlation candidate for L10%1%0=>L10%1%0[mu 1, delta 1] at Lfor.body%1%1_L10%1%0
</MSG>
<MSG>0:40 : Found 8 feasible correlations for paths to src pc Lfor.cond%2%1 as correlation candidates for L10%1%0=>L10%1%0[mu 1, delta 1] at Lfor.body%1%1_L10%1%0
</MSG>
<MSG>0:40 : Considering 9 paths to src pc Lfor.body%1%1 as correlation candidates for L10%1%0=>L10%1%0[mu 1, delta 1] at Lfor.body%1%1_L10%1%0
</MSG>
<MSG>0:40 : Attempting correlation of src pathset Lfor.body%1%1=>Lfor.body%1%1[mu 8, delta 0] as correlation candidate for L10%1%0=>L10%1%0[mu 1, delta 1] at Lfor.body%1%1_L10%1%0
</MSG>
<MSG>0:40 : Failed correlation of src pathset Lfor.body%1%1=>Lfor.body%1%1[mu 8, delta 0] as correlation candidate for L10%1%0=>L10%1%0[mu 1, delta 1] at Lfor.body%1%1_L10%1%0: failcond = invariant_state_instability
</MSG>
<MSG>0:40 : Attempting correlation of src pathset Lfor.body%1%1=>Lfor.body%1%1[mu 8, delta 1] as correlation candidate for L10%1%0=>L10%1%0[mu 1, delta 1] at Lfor.body%1%1_L10%1%0
</MSG>
<MSG>0:41 : Attempting correlation of src pathset Lfor.body%1%1=>Lfor.body%1%1[mu 8, delta 2] as correlation candidate for L10%1%0=>L10%1%0[mu 1, delta 1] at Lfor.body%1%1_L10%1%0
</MSG>
<MSG>0:41 : Attempting correlation of src pathset Lfor.body%1%1=>Lfor.body%1%1[mu 8, delta 3] as correlation candidate for L10%1%0=>L10%1%0[mu 1, delta 1] at Lfor.body%1%1_L10%1%0
</MSG>
<MSG>0:41 : Attempting correlation of src pathset Lfor.body%1%1=>Lfor.body%1%1[mu 8, delta 4] as correlation candidate for L10%1%0=>L10%1%0[mu 1, delta 1] at Lfor.body%1%1_L10%1%0
</MSG>
<MSG>0:41 : Attempting correlation of src pathset Lfor.body%1%1=>Lfor.body%1%1[mu 8, delta 5] as correlation candidate for L10%1%0=>L10%1%0[mu 1, delta 1] at Lfor.body%1%1_L10%1%0
</MSG>
<MSG>0:41 : Attempting correlation of src pathset Lfor.body%1%1=>Lfor.body%1%1[mu 8, delta 6] as correlation candidate for L10%1%0=>L10%1%0[mu 1, delta 1] at Lfor.body%1%1_L10%1%0
</MSG>
<MSG>0:42 : Attempting correlation of src pathset Lfor.body%1%1=>Lfor.body%1%1[mu 8, delta 7] as correlation candidate for L10%1%0=>L10%1%0[mu 1, delta 1] at Lfor.body%1%1_L10%1%0
</MSG>
<MSG>0:42 : Attempting correlation of src pathset Lfor.body%1%1=>Lfor.body%1%1[mu 8, delta 8] as correlation candidate for L10%1%0=>L10%1%0[mu 1, delta 1] at Lfor.body%1%1_L10%1%0
</MSG>
<MSG>0:42 : Found 8 feasible correlations for paths to src pc Lfor.body%1%1 as correlation candidates for L10%1%0=>L10%1%0[mu 1, delta 1] at Lfor.body%1%1_L10%1%0
</MSG>
<MSG>0:42 : product-TFG s162.A19: Found 24 correlations for L10%1%0=>L10%1%0[mu 1, delta 1] starting at Lfor.body%1%1_L10%1%0
</MSG>
<MSG>0:42 : product-TFG s162.A19 created 24 possibilities in group s162.A19.B...</MSG>
<MSG>0:42 : Chose product-TFG s162.A19.B17 from a frontier of size 49...</MSG>
<cg>
  Edges: L0%0%1_L0%0%1=>Lfor.body%1%1_L10%1%0 (C L0%0%1 => C (line 10 at column 16) at mu 8 delta 1, A line 13 => A line 27 at mu 1 delta 1)
         Lfor.body%1%1_L10%1%0=>Lfor.body%1%1_L10%1%0 (C (line 10 at column 16) => C (line 10 at column 16) at mu 8 delta 1, A line 27 => A line 27 at mu 1 delta 1)
  Nodes: L0%0%1_L0%0%1 (C L0%0%1, A line 13)
                L0%0%1_L0%0%1 contains 90 counterexamples (for correlating 0 bv exprs)
         Lfor.body%1%1_L10%1%0 (C (line 10 at column 16), A line 27)
                Lfor.body%1%1_L10%1%0 contains 54 counterexamples (for correlating 69 bv exprs)
                SRCMEM{@b,@a,@c,heap} = DSTMEM{@b,@a,@c,heap}
                (2147221584 + input.src.llvm-%k*4) = %edx
                input.src.llvm-%k = %ecx
                return-address = DSTMEM[SPentry]_4
                0..((i + 6) <_s 31999) = 1
                (-40968) = SPL0%1%1
                (-40968) = %esp
                0..(input.src.llvm-%k >_s 0) = 1
                0..((i + 5) <_s 31999) = 1
                0..((i + 1) <_s 31999) = 1
                0..((i + 2) <_s 31999) = 1
                0..(i <_s 31999) = 1
                0..((i + 3) <_s 31999) = 1
                0..((i + 4) <_s 31999) = 1
                input.src.llvm-%k = DSTMEM[(SPentry + 4)]_4
                bvmul(i, 16) = %eax
                0..((i + 7) <_s 31999) = 1
                0..((i + 8) <_s 31999) = 1
                (i >=_s 0)
                (%eax <=_s 64)
                (i <= 4)
                (i <=_s 4)
                ((i - input.src.llvm-%k) <=_s (-1))
                ((i - input.src.llvm-%k) >= (-2147483648))
                (%eax >=_s 0)
                (%eax <= 64)
                ismemlabel((i*4 + 2147221592), 4, memlabel-mem-symbol.1.0)
                ismemlabel((i*4 + 2143161364), 4, memlabel-mem-symbol.2.0)
                ismemlabel((i*4 + 2145265688), 4, memlabel-mem-symbol.3.0)
                ismemlabel((i*4 + 2143161376), 4, memlabel-mem-symbol.2.0)
                ismemlabel((i*4 + 2147221588), 4, memlabel-mem-symbol.1.0)
                ismemlabel((i*4 + 2145265700), 4, memlabel-mem-symbol.3.0)
                ismemlabel((i*4 + 2145265684), 4, memlabel-mem-symbol.3.0)
                ismemlabel((i*4 + 2147221584), 4, memlabel-mem-symbol.1.0)
                ismemlabel((i*4 + 2145265692), 4, memlabel-mem-symbol.3.0)
                ismemlabel((i*4 + 2147221600), 4, memlabel-mem-symbol.1.0)
                ismemlabel((i*4 + 2147221604), 4, memlabel-mem-symbol.1.0)
                ismemlabel((i*4 + 2145265708), 4, memlabel-mem-symbol.3.0)
                ismemlabel((i*4 + 2147221608), 4, memlabel-mem-symbol.1.0)
                ismemlabel((i*4 + 2143161388), 4, memlabel-mem-symbol.2.0)
                ismemlabel((i*4 + 2143161380), 4, memlabel-mem-symbol.2.0)
                ismemlabel((i*4 + 2143161368), 4, memlabel-mem-symbol.2.0)
                ismemlabel((i*4 + 2147221596), 4, memlabel-mem-symbol.1.0)
                ismemlabel((i*4 + 2145265696), 4, memlabel-mem-symbol.3.0)
                ismemlabel((i*4 + 2145265680), 4, memlabel-mem-symbol.3.0)
                ismemlabel((i*4 + 2143161384), 4, memlabel-mem-symbol.2.0)
                ismemlabel((i*4 + 2145265704), 4, memlabel-mem-symbol.3.0)
                ismemlabel((i*4 + 2143161372), 4, memlabel-mem-symbol.2.0)
                ismemlabel((i*4 + 2143161360), 4, memlabel-mem-symbol.2.0)

</cg>
correl_entry_apply 1036: correl entry cg edge not well formed for s162.A19.B17
cg =
<cg>
  Edges: L0%0%1_L0%0%1=>Lfor.body%1%1_L10%1%0 (C L0%0%1 => C (line 10 at column 16) at mu 8 delta 1, A line 13 => A line 27 at mu 1 delta 1)
         Lfor.body%1%1_L10%1%0=>Lfor.body%1%1_L10%1%0 (C (line 10 at column 16) => C (line 10 at column 16) at mu 8 delta 1, A line 27 => A line 27 at mu 1 delta 1)
  Nodes: L0%0%1_L0%0%1 (C L0%0%1, A line 13)
                L0%0%1_L0%0%1 contains 90 counterexamples (for correlating 0 bv exprs)
         Lfor.body%1%1_L10%1%0 (C (line 10 at column 16), A line 27)
                Lfor.body%1%1_L10%1%0 contains 54 counterexamples (for correlating 69 bv exprs)
                0..((i + 7) <_s 31999) = 1
                0..((i + 3) <_s 31999) = 1
                0..((i + 2) <_s 31999) = 1
                0..(i <_s 31999) = 1
                0..((i + 1) <_s 31999) = 1
                (-40968) = SPL0%1%1
                0..(input.src.llvm-%k >_s 0) = 1
                0..((i + 6) <_s 31999) = 1
                0..((i + 5) <_s 31999) = 1
                return-address = DSTMEM[SPentry]_4
                input.src.llvm-%k = %ecx
                0..((i + 4) <_s 31999) = 1
                (2147221584 + input.src.llvm-%k*4) = %edx
                bvmul(i, 16) = %eax
                (-40968) = %esp
                0..((i + 8) <_s 31999) = 1
                input.src.llvm-%k = DSTMEM[(SPentry + 4)]_4
                (i <=_s 4)
                (%eax <=_s 64)
                (i >=_s 0)
                (i <= 4)
                ((i - input.src.llvm-%k) >= (-2147483648))
                ((i - input.src.llvm-%k) <=_s (-1))
                (%eax <= 64)
                (%eax >=_s 0)
                ismemlabel((i*4 + 2147221592), 4, memlabel-mem-symbol.1.0)
                ismemlabel((i*4 + 2145265704), 4, memlabel-mem-symbol.3.0)
                ismemlabel((i*4 + 2143161364), 4, memlabel-mem-symbol.2.0)
                ismemlabel((i*4 + 2143161388), 4, memlabel-mem-symbol.2.0)
                ismemlabel((i*4 + 2143161376), 4, memlabel-mem-symbol.2.0)
                ismemlabel((i*4 + 2145265680), 4, memlabel-mem-symbol.3.0)
                ismemlabel((i*4 + 2143161360), 4, memlabel-mem-symbol.2.0)
                ismemlabel((i*4 + 2143161368), 4, memlabel-mem-symbol.2.0)
                ismemlabel((i*4 + 2147221596), 4, memlabel-mem-symbol.1.0)
                ismemlabel((i*4 + 2145265696), 4, memlabel-mem-symbol.3.0)
                ismemlabel((i*4 + 2143161372), 4, memlabel-mem-symbol.2.0)
                ismemlabel((i*4 + 2143161384), 4, memlabel-mem-symbol.2.0)
                ismemlabel((i*4 + 2147221600), 4, memlabel-mem-symbol.1.0)
                ismemlabel((i*4 + 2145265708), 4, memlabel-mem-symbol.3.0)
                ismemlabel((i*4 + 2147221608), 4, memlabel-mem-symbol.1.0)
                ismemlabel((i*4 + 2147221604), 4, memlabel-mem-symbol.1.0)
                ismemlabel((i*4 + 2145265688), 4, memlabel-mem-symbol.3.0)
                ismemlabel((i*4 + 2147221588), 4, memlabel-mem-symbol.1.0)
                ismemlabel((i*4 + 2145265700), 4, memlabel-mem-symbol.3.0)
                ismemlabel((i*4 + 2145265692), 4, memlabel-mem-symbol.3.0)
                ismemlabel((i*4 + 2145265684), 4, memlabel-mem-symbol.3.0)
                ismemlabel((i*4 + 2147221584), 4, memlabel-mem-symbol.1.0)
                ismemlabel((i*4 + 2143161380), 4, memlabel-mem-symbol.2.0)

</cg>
Edge correlation criteria failed for Lfor.body%1%1_L10%1%0=>Lfor.body%1%1_L10%1%0
<MSG>0:45 : Chosen product-TFG failed the edge correlation criterion...</MSG>
<MSG>0:45 : Chose product-TFG s162.A19.B18 from a frontier of size 48...</MSG>
<cg>
  Edges: L0%0%1_L0%0%1=>Lfor.body%1%1_L10%1%0 (C L0%0%1 => C (line 10 at column 16) at mu 8 delta 1, A line 13 => A line 27 at mu 1 delta 1)
         Lfor.body%1%1_L10%1%0=>Lfor.body%1%1_L10%1%0 (C (line 10 at column 16) => C (line 10 at column 16) at mu 8 delta 2, A line 27 => A line 27 at mu 1 delta 1)
  Nodes: L0%0%1_L0%0%1 (C L0%0%1, A line 13)
                L0%0%1_L0%0%1 contains 90 counterexamples (for correlating 0 bv exprs)
         Lfor.body%1%1_L10%1%0 (C (line 10 at column 16), A line 27)
                Lfor.body%1%1_L10%1%0 contains 54 counterexamples (for correlating 69 bv exprs)
                SRCMEM{@b,@a,@c,heap} = DSTMEM{@b,@a,@c,heap}
                (2147221584 + input.src.llvm-%k*4) = %edx
                input.src.llvm-%k = %ecx
                0..((i + 8) <_s 31999) = 1
                return-address = DSTMEM[SPentry]_4
                0..((i + 6) <_s 31999) = 1
                (-40968) = SPL0%1%1
                (-40968) = %esp
                0..(input.src.llvm-%k >_s 0) = 1
                0..((i + 5) <_s 31999) = 1
                i[0:0] = 0
                0..((i + 1) <_s 31999) = 1
                0..((i + 2) <_s 31999) = 1
                0..(i <_s 31999) = 1
                0..((i + 3) <_s 31999) = 1
                0..((i + 4) <_s 31999) = 1
                input.src.llvm-%k = DSTMEM[(SPentry + 4)]_4
                0..((i + 7) <_s 31999) = 1
                bvmul(i, 8) = %eax
                (%eax <=_s 64)
                ((i - input.src.llvm-%k) <=_s 2)
                (i <= 8)
                (i >=_s 0)
                (i <=_s 8)
                (%eax <= 64)
                (%eax >=_s 0)
                ismemlabel((i*4 + 2147221592), 4, memlabel-mem-symbol.1.0)
                ismemlabel((i*4 + 2143161364), 4, memlabel-mem-symbol.2.0)
                ismemlabel((i*4 + 2145265688), 4, memlabel-mem-symbol.3.0)
                ismemlabel((i*4 + 2143161376), 4, memlabel-mem-symbol.2.0)
                ismemlabel((i*4 + 2147221588), 4, memlabel-mem-symbol.1.0)
                ismemlabel((i*4 + 2145265700), 4, memlabel-mem-symbol.3.0)
                ismemlabel((i*4 + 2145265684), 4, memlabel-mem-symbol.3.0)
                ismemlabel((i*4 + 2147221584), 4, memlabel-mem-symbol.1.0)
                ismemlabel((i*4 + 2145265692), 4, memlabel-mem-symbol.3.0)
                ismemlabel((i*4 + 2147221600), 4, memlabel-mem-symbol.1.0)
                ismemlabel((i*4 + 2143161372), 4, memlabel-mem-symbol.2.0)
                ismemlabel((i*4 + 2145265708), 4, memlabel-mem-symbol.3.0)
                ismemlabel((i*4 + 2147221608), 4, memlabel-mem-symbol.1.0)
                ismemlabel((i*4 + 2143161388), 4, memlabel-mem-symbol.2.0)
                ismemlabel((i*4 + 2143161380), 4, memlabel-mem-symbol.2.0)
                ismemlabel((i*4 + 2143161368), 4, memlabel-mem-symbol.2.0)
                ismemlabel((i*4 + 2147221596), 4, memlabel-mem-symbol.1.0)
                ismemlabel((i*4 + 2145265696), 4, memlabel-mem-symbol.3.0)
                ismemlabel((i*4 + 2147221604), 4, memlabel-mem-symbol.1.0)
                ismemlabel((i*4 + 2145265680), 4, memlabel-mem-symbol.3.0)
                ismemlabel((i*4 + 2143161384), 4, memlabel-mem-symbol.2.0)
                ismemlabel((i*4 + 2145265704), 4, memlabel-mem-symbol.3.0)
                ismemlabel((i*4 + 2143161360), 4, memlabel-mem-symbol.2.0)

</cg>
correl_entry_apply 1036: correl entry cg edge not well formed for s162.A19.B18
cg =
<cg>
  Edges: L0%0%1_L0%0%1=>Lfor.body%1%1_L10%1%0 (C L0%0%1 => C (line 10 at column 16) at mu 8 delta 1, A line 13 => A line 27 at mu 1 delta 1)
         Lfor.body%1%1_L10%1%0=>Lfor.body%1%1_L10%1%0 (C (line 10 at column 16) => C (line 10 at column 16) at mu 8 delta 2, A line 27 => A line 27 at mu 1 delta 1)
  Nodes: L0%0%1_L0%0%1 (C L0%0%1, A line 13)
                L0%0%1_L0%0%1 contains 90 counterexamples (for correlating 0 bv exprs)
         Lfor.body%1%1_L10%1%0 (C (line 10 at column 16), A line 27)
                Lfor.body%1%1_L10%1%0 contains 54 counterexamples (for correlating 69 bv exprs)
                0..((i + 8) <_s 31999) = 1
                0..((i + 2) <_s 31999) = 1
                0..((i + 7) <_s 31999) = 1
                i[0:0] = 0
                0..(i <_s 31999) = 1
                0..((i + 1) <_s 31999) = 1
                (-40968) = SPL0%1%1
                0..(input.src.llvm-%k >_s 0) = 1
                0..((i + 6) <_s 31999) = 1
                0..((i + 5) <_s 31999) = 1
                return-address = DSTMEM[SPentry]_4
                0..((i + 3) <_s 31999) = 1
                bvmul(i, 8) = %eax
                input.src.llvm-%k = %ecx
                0..((i + 4) <_s 31999) = 1
                (2147221584 + input.src.llvm-%k*4) = %edx
                (-40968) = %esp
                input.src.llvm-%k = DSTMEM[(SPentry + 4)]_4
                (i <= 8)
                (i <=_s 8)
                (i >=_s 0)
                (%eax <=_s 64)
                ((i - input.src.llvm-%k) <=_s 2)
                (%eax <= 64)
                (%eax >=_s 0)
                ismemlabel((i*4 + 2145265704), 4, memlabel-mem-symbol.3.0)
                ismemlabel((i*4 + 2143161364), 4, memlabel-mem-symbol.2.0)
                ismemlabel((i*4 + 2143161388), 4, memlabel-mem-symbol.2.0)
                ismemlabel((i*4 + 2143161376), 4, memlabel-mem-symbol.2.0)
                ismemlabel((i*4 + 2145265680), 4, memlabel-mem-symbol.3.0)
                ismemlabel((i*4 + 2143161360), 4, memlabel-mem-symbol.2.0)
                ismemlabel((i*4 + 2143161368), 4, memlabel-mem-symbol.2.0)
                ismemlabel((i*4 + 2145265696), 4, memlabel-mem-symbol.3.0)
                ismemlabel((i*4 + 2143161372), 4, memlabel-mem-symbol.2.0)
                ismemlabel((i*4 + 2143161384), 4, memlabel-mem-symbol.2.0)
                ismemlabel((i*4 + 2147221600), 4, memlabel-mem-symbol.1.0)
                ismemlabel((i*4 + 2145265708), 4, memlabel-mem-symbol.3.0)
                ismemlabel((i*4 + 2147221608), 4, memlabel-mem-symbol.1.0)
                ismemlabel((i*4 + 2147221584), 4, memlabel-mem-symbol.1.0)
                ismemlabel((i*4 + 2147221604), 4, memlabel-mem-symbol.1.0)
                ismemlabel((i*4 + 2145265688), 4, memlabel-mem-symbol.3.0)
                ismemlabel((i*4 + 2145265684), 4, memlabel-mem-symbol.3.0)
                ismemlabel((i*4 + 2147221592), 4, memlabel-mem-symbol.1.0)
                ismemlabel((i*4 + 2147221596), 4, memlabel-mem-symbol.1.0)
                ismemlabel((i*4 + 2145265692), 4, memlabel-mem-symbol.3.0)
                ismemlabel((i*4 + 2147221588), 4, memlabel-mem-symbol.1.0)
                ismemlabel((i*4 + 2145265700), 4, memlabel-mem-symbol.3.0)
                ismemlabel((i*4 + 2143161380), 4, memlabel-mem-symbol.2.0)

</cg>
Edge correlation criteria failed for Lfor.body%1%1_L10%1%0=>Lfor.body%1%1_L10%1%0
<MSG>0:48 : Chosen product-TFG failed the edge correlation criterion...</MSG>
<MSG>0:48 : Chose product-TFG s162.A19.B19 from a frontier of size 47...</MSG>
<cg>
  Edges: L0%0%1_L0%0%1=>Lfor.body%1%1_L10%1%0 (C L0%0%1 => C (line 10 at column 16) at mu 8 delta 1, A line 13 => A line 27 at mu 1 delta 1)
         Lfor.body%1%1_L10%1%0=>Lfor.body%1%1_L10%1%0 (C (line 10 at column 16) => C (line 10 at column 16) at mu 8 delta 3, A line 27 => A line 27 at mu 1 delta 1)
  Nodes: L0%0%1_L0%0%1 (C L0%0%1, A line 13)
                L0%0%1_L0%0%1 contains 90 counterexamples (for correlating 0 bv exprs)
         Lfor.body%1%1_L10%1%0 (C (line 10 at column 16), A line 27)
                Lfor.body%1%1_L10%1%0 contains 54 counterexamples (for correlating 69 bv exprs)
                SRCMEM{@b,@a,@c,heap} = DSTMEM{@b,@a,@c,heap}
                (2147221584 + input.src.llvm-%k*4) = %edx
                input.src.llvm-%k = %ecx
                bvmul(i, (-1431655760)) = %eax
                return-address = DSTMEM[SPentry]_4
                0..((i + 6) <_s 31999) = 1
                (-40968) = SPL0%1%1
                (-40968) = %esp
                0..(input.src.llvm-%k >_s 0) = 1
                0..((i + 5) <_s 31999) = 1
                0..((i + 1) <_s 31999) = 1
                0..((i + 2) <_s 31999) = 1
                0..(i <_s 31999) = 1
                0..((i + 3) <_s 31999) = 1
                0..((i + 4) <_s 31999) = 1
                input.src.llvm-%k = DSTMEM[(SPentry + 4)]_4
                0..((i + 7) <_s 31999) = 1
                0..((i + 8) <_s 31999) = 1
                (%eax <=_s 64)
                (i <= 16)
                (i >=_s 0)
                (i <=_s 16)
                ((i - input.src.llvm-%k) >= 2)
                (%eax <= 64)
                ((i - input.src.llvm-%k) <=_s 8)
                (%eax >=_s 0)
                ismemlabel((i*4 + 2147221592), 4, memlabel-mem-symbol.1.0)
                ismemlabel((i*4 + 2143161364), 4, memlabel-mem-symbol.2.0)
                ismemlabel((i*4 + 2145265688), 4, memlabel-mem-symbol.3.0)
                ismemlabel((i*4 + 2143161376), 4, memlabel-mem-symbol.2.0)
                ismemlabel((i*4 + 2147221588), 4, memlabel-mem-symbol.1.0)
                ismemlabel((i*4 + 2145265700), 4, memlabel-mem-symbol.3.0)
                ismemlabel((i*4 + 2147221584), 4, memlabel-mem-symbol.1.0)
                ismemlabel((i*4 + 2145265692), 4, memlabel-mem-symbol.3.0)
                ismemlabel((i*4 + 2147221600), 4, memlabel-mem-symbol.1.0)
                ismemlabel((i*4 + 2147221604), 4, memlabel-mem-symbol.1.0)
                ismemlabel((i*4 + 2147221608), 4, memlabel-mem-symbol.1.0)
                ismemlabel((i*4 + 2143161388), 4, memlabel-mem-symbol.2.0)
                ismemlabel((i*4 + 2143161380), 4, memlabel-mem-symbol.2.0)
                ismemlabel((i*4 + 2143161368), 4, memlabel-mem-symbol.2.0)
                ismemlabel((i*4 + 2145265684), 4, memlabel-mem-symbol.3.0)
                ismemlabel((i*4 + 2147221596), 4, memlabel-mem-symbol.1.0)
                ismemlabel((i*4 + 2145265696), 4, memlabel-mem-symbol.3.0)
                ismemlabel((i*4 + 2145265680), 4, memlabel-mem-symbol.3.0)
                ismemlabel((i*4 + 2143161384), 4, memlabel-mem-symbol.2.0)
                ismemlabel((i*4 + 2145265704), 4, memlabel-mem-symbol.3.0)
                ismemlabel((i*4 + 2145265708), 4, memlabel-mem-symbol.3.0)
                ismemlabel((i*4 + 2143161372), 4, memlabel-mem-symbol.2.0)
                ismemlabel((i*4 + 2143161360), 4, memlabel-mem-symbol.2.0)

</cg>
correl_entry_apply 1036: correl entry cg edge not well formed for s162.A19.B19
cg =
<cg>
  Edges: L0%0%1_L0%0%1=>Lfor.body%1%1_L10%1%0 (C L0%0%1 => C (line 10 at column 16) at mu 8 delta 1, A line 13 => A line 27 at mu 1 delta 1)
         Lfor.body%1%1_L10%1%0=>Lfor.body%1%1_L10%1%0 (C (line 10 at column 16) => C (line 10 at column 16) at mu 8 delta 3, A line 27 => A line 27 at mu 1 delta 1)
  Nodes: L0%0%1_L0%0%1 (C L0%0%1, A line 13)
                L0%0%1_L0%0%1 contains 90 counterexamples (for correlating 0 bv exprs)
         Lfor.body%1%1_L10%1%0 (C (line 10 at column 16), A line 27)
                Lfor.body%1%1_L10%1%0 contains 54 counterexamples (for correlating 69 bv exprs)
                0..((i + 7) <_s 31999) = 1
                0..((i + 8) <_s 31999) = 1
                0..((i + 4) <_s 31999) = 1
                0..((i + 3) <_s 31999) = 1
                0..((i + 2) <_s 31999) = 1
                0..(i <_s 31999) = 1
                0..((i + 1) <_s 31999) = 1
                (-40968) = SPL0%1%1
                0..(input.src.llvm-%k >_s 0) = 1
                bvmul(i, (-1431655760)) = %eax
                (2147221584 + input.src.llvm-%k*4) = %edx
                0..((i + 6) <_s 31999) = 1
                0..((i + 5) <_s 31999) = 1
                return-address = DSTMEM[SPentry]_4
                input.src.llvm-%k = %ecx
                (-40968) = %esp
                input.src.llvm-%k = DSTMEM[(SPentry + 4)]_4
                (i <=_s 16)
                (%eax <=_s 64)
                (i <= 16)
                (i >=_s 0)
                ((i - input.src.llvm-%k) >= 2)
                ((i - input.src.llvm-%k) <=_s 8)
                (%eax <= 64)
                (%eax >=_s 0)
                ismemlabel((i*4 + 2147221592), 4, memlabel-mem-symbol.1.0)
                ismemlabel((i*4 + 2145265704), 4, memlabel-mem-symbol.3.0)
                ismemlabel((i*4 + 2143161364), 4, memlabel-mem-symbol.2.0)
                ismemlabel((i*4 + 2143161388), 4, memlabel-mem-symbol.2.0)
                ismemlabel((i*4 + 2143161376), 4, memlabel-mem-symbol.2.0)
                ismemlabel((i*4 + 2145265680), 4, memlabel-mem-symbol.3.0)
                ismemlabel((i*4 + 2143161360), 4, memlabel-mem-symbol.2.0)
                ismemlabel((i*4 + 2143161368), 4, memlabel-mem-symbol.2.0)
                ismemlabel((i*4 + 2147221596), 4, memlabel-mem-symbol.1.0)
                ismemlabel((i*4 + 2145265696), 4, memlabel-mem-symbol.3.0)
                ismemlabel((i*4 + 2143161372), 4, memlabel-mem-symbol.2.0)
                ismemlabel((i*4 + 2143161384), 4, memlabel-mem-symbol.2.0)
                ismemlabel((i*4 + 2147221600), 4, memlabel-mem-symbol.1.0)
                ismemlabel((i*4 + 2145265708), 4, memlabel-mem-symbol.3.0)
                ismemlabel((i*4 + 2147221608), 4, memlabel-mem-symbol.1.0)
                ismemlabel((i*4 + 2147221584), 4, memlabel-mem-symbol.1.0)
                ismemlabel((i*4 + 2147221604), 4, memlabel-mem-symbol.1.0)
                ismemlabel((i*4 + 2145265688), 4, memlabel-mem-symbol.3.0)
                ismemlabel((i*4 + 2147221588), 4, memlabel-mem-symbol.1.0)
                ismemlabel((i*4 + 2145265700), 4, memlabel-mem-symbol.3.0)
                ismemlabel((i*4 + 2145265692), 4, memlabel-mem-symbol.3.0)
                ismemlabel((i*4 + 2145265684), 4, memlabel-mem-symbol.3.0)
                ismemlabel((i*4 + 2143161380), 4, memlabel-mem-symbol.2.0)

</cg>
Edge correlation criteria failed for Lfor.body%1%1_L10%1%0=>Lfor.body%1%1_L10%1%0
<MSG>1:00 : Chosen product-TFG failed the edge correlation criterion...</MSG>
<MSG>1:00 : Chose product-TFG s162.A19.B20 from a frontier of size 46...</MSG>
<cg>
  Edges: L0%0%1_L0%0%1=>Lfor.body%1%1_L10%1%0 (C L0%0%1 => C (line 10 at column 16) at mu 8 delta 1, A line 13 => A line 27 at mu 1 delta 1)
         Lfor.body%1%1_L10%1%0=>Lfor.body%1%1_L10%1%0 (C (line 10 at column 16) => C (line 10 at column 16) at mu 8 delta 4, A line 27 => A line 27 at mu 1 delta 1)
  Nodes: L0%0%1_L0%0%1 (C L0%0%1, A line 13)
                L0%0%1_L0%0%1 contains 90 counterexamples (for correlating 0 bv exprs)
         Lfor.body%1%1_L10%1%0 (C (line 10 at column 16), A line 27)
                Lfor.body%1%1_L10%1%0 contains 54 counterexamples (for correlating 69 bv exprs)
                SRCMEM{@b,@a,@c,heap} = DSTMEM{@b,@a,@c,heap}
                (2147221584 + input.src.llvm-%k*4) = %edx
                bvmul(i, 4) = %eax
                0..((i + 8) <_s 31999) = 1
                return-address = DSTMEM[SPentry]_4
                0..((i + 6) <_s 31999) = 1
                (-40968) = SPL0%1%1
                (-40968) = %esp
                0..(input.src.llvm-%k >_s 0) = 1
                0..((i + 5) <_s 31999) = 1
                input.src.llvm-%k = %ecx
                i[1:0] = 0
                0..((i + 4) <_s 31999) = 1
                0..((i + 1) <_s 31999) = 1
                0..((i + 2) <_s 31999) = 1
                0..(i <_s 31999) = 1
                0..((i + 3) <_s 31999) = 1
                input.src.llvm-%k = DSTMEM[(SPentry + 4)]_4
                0..((i + 7) <_s 31999) = 1
                (%eax <=_s 64)
                (i <= 16)
                (i >=_s 0)
                (i <=_s 16)
                (%eax <= 64)
                ((i - input.src.llvm-%k) <=_s 8)
                (%eax >=_s 0)
                ismemlabel((i*4 + 2147221592), 4, memlabel-mem-symbol.1.0)
                ismemlabel((i*4 + 2143161364), 4, memlabel-mem-symbol.2.0)
                ismemlabel((i*4 + 2145265688), 4, memlabel-mem-symbol.3.0)
                ismemlabel((i*4 + 2147221588), 4, memlabel-mem-symbol.1.0)
                ismemlabel((i*4 + 2145265700), 4, memlabel-mem-symbol.3.0)
                ismemlabel((i*4 + 2147221584), 4, memlabel-mem-symbol.1.0)
                ismemlabel((i*4 + 2145265692), 4, memlabel-mem-symbol.3.0)
                ismemlabel((i*4 + 2147221600), 4, memlabel-mem-symbol.1.0)
                ismemlabel((i*4 + 2143161372), 4, memlabel-mem-symbol.2.0)
                ismemlabel((i*4 + 2147221604), 4, memlabel-mem-symbol.1.0)
                ismemlabel((i*4 + 2143161388), 4, memlabel-mem-symbol.2.0)
                ismemlabel((i*4 + 2143161380), 4, memlabel-mem-symbol.2.0)
                ismemlabel((i*4 + 2143161368), 4, memlabel-mem-symbol.2.0)
                ismemlabel((i*4 + 2143161376), 4, memlabel-mem-symbol.2.0)
                ismemlabel((i*4 + 2145265684), 4, memlabel-mem-symbol.3.0)
                ismemlabel((i*4 + 2147221596), 4, memlabel-mem-symbol.1.0)
                ismemlabel((i*4 + 2145265696), 4, memlabel-mem-symbol.3.0)
                ismemlabel((i*4 + 2147221608), 4, memlabel-mem-symbol.1.0)
                ismemlabel((i*4 + 2145265704), 4, memlabel-mem-symbol.3.0)
                ismemlabel((i*4 + 2145265680), 4, memlabel-mem-symbol.3.0)
                ismemlabel((i*4 + 2143161384), 4, memlabel-mem-symbol.2.0)
                ismemlabel((i*4 + 2145265708), 4, memlabel-mem-symbol.3.0)
                ismemlabel((i*4 + 2143161360), 4, memlabel-mem-symbol.2.0)

</cg>
<MSG>1:21 : s162.A19.B20: checked newly added edge and inferred invariants...</MSG>
<MSG>1:21 : s162.A19.B20: Chosen CG is still the most promising correlation entry; proceeding with it...</MSG>
<MSG>1:21 : product-TFG s162.A19.B20: Enumerating correlations for L0%0%1=>L34%1%0[mu 1, delta 1] starting at L0%0%1_L0%0%1
</MSG>
<MSG>1:21 : Considering 1 paths to src pc Lentry%2%1 as correlation candidates for L0%0%1=>L34%1%0[mu 1, delta 1] at L0%0%1_L0%0%1
</MSG>
<MSG>1:21 : Attempting correlation of src pathset L0%0%1=>Lentry%2%1[mu 8, delta 1] as correlation candidate for L0%0%1=>L34%1%0[mu 1, delta 1] at L0%0%1_L0%0%1
</MSG>
<MSG>1:22 : Found 1 feasible correlations for paths to src pc Lentry%2%1 as correlation candidates for L0%0%1=>L34%1%0[mu 1, delta 1] at L0%0%1_L0%0%1
</MSG>
<MSG>1:22 : Considering 1 paths to src pc Lif.then%1%100003 as correlation candidates for L0%0%1=>L34%1%0[mu 1, delta 1] at L0%0%1_L0%0%1
</MSG>
<MSG>1:22 : Attempting correlation of src pathset L0%0%1=>Lif.then%1%100003[mu 8, delta 1] as correlation candidate for L0%0%1=>L34%1%0[mu 1, delta 1] at L0%0%1_L0%0%1
</MSG>
<MSG>1:22 : Found 1 feasible correlations for paths to src pc Lif.then%1%100003 as correlation candidates for L0%0%1=>L34%1%0[mu 1, delta 1] at L0%0%1_L0%0%1
</MSG>
<MSG>1:22 : Considering 1 paths to src pc Lif.end%1%0 as correlation candidates for L0%0%1=>L34%1%0[mu 1, delta 1] at L0%0%1_L0%0%1
</MSG>
<MSG>1:22 : Attempting correlation of src pathset L0%0%1=>Lif.end%1%0[mu 8, delta 1] as correlation candidate for L0%0%1=>L34%1%0[mu 1, delta 1] at L0%0%1_L0%0%1
</MSG>
<MSG>1:22 : Failed correlation of src pathset L0%0%1=>Lif.end%1%0[mu 8, delta 1] as correlation candidate for L0%0%1=>L34%1%0[mu 1, delta 1] at L0%0%1_L0%0%1: failcond = compute_well_formedness_conditions_for_edge for L0%0%1_L0%0%1=>Lif.end%1%0_L34%1%0[ src: ((L0%0%1=>Lentry%2%1)*(((Lentry%2%1=>Lif.then%1%100003)*((Lif.then%1%100003=>Lfor.cond%1%0)*((Lfor.cond%1%0=>Lfor.cond%2%1)*((Lfor.cond%2%1=>Lif.end%1%0)+((Lfor.cond%2%1=>Lfor.body%1%1)*((Lfor.body%1%1=>Lfor.cond%1%0)*((Lfor.cond%1%0=>Lfor.cond%2%1)*((Lfor.cond%2%1=>Lif.end%1%0)+((Lfor.cond%2%1=>Lfor.body%1%1)*((Lfor.body%1%1=>Lfor.cond%1%0)*((Lfor.cond%1%0=>Lfor.cond%2%1)*((Lfor.cond%2%1=>Lif.end%1%0)+((Lfor.cond%2%1=>Lfor.body%1%1)*((Lfor.body%1%1=>Lfor.cond%1%0)*((Lfor.cond%1%0=>Lfor.cond%2%1)*((Lfor.cond%2%1=>Lif.end%1%0)+((Lfor.cond%2%1=>Lfor.body%1%1)*((Lfor.body%1%1=>Lfor.cond%1%0)*((Lfor.cond%1%0=>Lfor.cond%2%1)*((Lfor.cond%2%1=>Lif.end%1%0)+((Lfor.cond%2%1=>Lfor.body%1%1)*((Lfor.body%1%1=>Lfor.cond%1%0)*((Lfor.cond%1%0=>Lfor.cond%2%1)*((Lfor.cond%2%1=>Lif.end%1%0)+((Lfor.cond%2%1=>Lfor.body%1%1)*((Lfor.body%1%1=>Lfor.cond%1%0)*((Lfor.cond%1%0=>Lfor.cond%2%1)*((Lfor.cond%2%1=>Lif.end%1%0)+((Lfor.cond%2%1=>Lfor.body%1%1)*((Lfor.body%1%1=>Lfor.cond%1%0)*((Lfor.cond%1%0=>Lfor.cond%2%1)*(Lfor.cond%2%1=>Lif.end%1%0))))))))))))))))))))))))))))))))+(Lentry%2%1=>Lif.end%1%0))); dst: ((L0%0%1=>L2%1%1)*((L2%1%1=>L3%1%0)*((L3%1%0=>L5%1%1)*((L5%1%1=>L6%1%0)*((L6%1%0=>L7%1%1)*((L7%1%1=>L32%1%0)*(L32%1%0=>L34%1%0)))))))]
</MSG>
<MSG>1:22 : Found 0 feasible correlations for paths to src pc Lif.end%1%0 as correlation candidates for L0%0%1=>L34%1%0[mu 1, delta 1] at L0%0%1_L0%0%1
</MSG>
<MSG>1:22 : Considering 8 paths to src pc Lfor.cond%1%0 as correlation candidates for L0%0%1=>L34%1%0[mu 1, delta 1] at L0%0%1_L0%0%1
</MSG>
<MSG>1:22 : Attempting correlation of src pathset L0%0%1=>Lfor.cond%1%0[mu 8, delta 1] as correlation candidate for L0%0%1=>L34%1%0[mu 1, delta 1] at L0%0%1_L0%0%1
</MSG>
<MSG>1:22 : Attempting correlation of src pathset L0%0%1=>Lfor.cond%1%0[mu 8, delta 2] as correlation candidate for L0%0%1=>L34%1%0[mu 1, delta 1] at L0%0%1_L0%0%1
</MSG>
<MSG>1:22 : Failed correlation of src pathset L0%0%1=>Lfor.cond%1%0[mu 8, delta 2] as correlation candidate for L0%0%1=>L34%1%0[mu 1, delta 1] at L0%0%1_L0%0%1: failcond = invariant_state_instability
</MSG>
<MSG>1:22 : Attempting correlation of src pathset L0%0%1=>Lfor.cond%1%0[mu 8, delta 3] as correlation candidate for L0%0%1=>L34%1%0[mu 1, delta 1] at L0%0%1_L0%0%1
</MSG>
<MSG>1:23 : Failed correlation of src pathset L0%0%1=>Lfor.cond%1%0[mu 8, delta 3] as correlation candidate for L0%0%1=>L34%1%0[mu 1, delta 1] at L0%0%1_L0%0%1: failcond = invariant_state_instability
</MSG>
<MSG>1:23 : Attempting correlation of src pathset L0%0%1=>Lfor.cond%1%0[mu 8, delta 4] as correlation candidate for L0%0%1=>L34%1%0[mu 1, delta 1] at L0%0%1_L0%0%1
</MSG>
<MSG>1:23 : Failed correlation of src pathset L0%0%1=>Lfor.cond%1%0[mu 8, delta 4] as correlation candidate for L0%0%1=>L34%1%0[mu 1, delta 1] at L0%0%1_L0%0%1: failcond = invariant_state_instability
</MSG>
<MSG>1:23 : Attempting correlation of src pathset L0%0%1=>Lfor.cond%1%0[mu 8, delta 5] as correlation candidate for L0%0%1=>L34%1%0[mu 1, delta 1] at L0%0%1_L0%0%1
</MSG>
<MSG>1:23 : Failed correlation of src pathset L0%0%1=>Lfor.cond%1%0[mu 8, delta 5] as correlation candidate for L0%0%1=>L34%1%0[mu 1, delta 1] at L0%0%1_L0%0%1: failcond = invariant_state_instability
</MSG>
<MSG>1:23 : Attempting correlation of src pathset L0%0%1=>Lfor.cond%1%0[mu 8, delta 6] as correlation candidate for L0%0%1=>L34%1%0[mu 1, delta 1] at L0%0%1_L0%0%1
</MSG>
<MSG>1:23 : Failed correlation of src pathset L0%0%1=>Lfor.cond%1%0[mu 8, delta 6] as correlation candidate for L0%0%1=>L34%1%0[mu 1, delta 1] at L0%0%1_L0%0%1: failcond = invariant_state_instability
</MSG>
<MSG>1:23 : Attempting correlation of src pathset L0%0%1=>Lfor.cond%1%0[mu 8, delta 7] as correlation candidate for L0%0%1=>L34%1%0[mu 1, delta 1] at L0%0%1_L0%0%1
</MSG>
<MSG>1:23 : Failed correlation of src pathset L0%0%1=>Lfor.cond%1%0[mu 8, delta 7] as correlation candidate for L0%0%1=>L34%1%0[mu 1, delta 1] at L0%0%1_L0%0%1: failcond = invariant_state_instability
</MSG>
<MSG>1:23 : Attempting correlation of src pathset L0%0%1=>Lfor.cond%1%0[mu 8, delta 8] as correlation candidate for L0%0%1=>L34%1%0[mu 1, delta 1] at L0%0%1_L0%0%1
</MSG>
<MSG>1:24 : Failed correlation of src pathset L0%0%1=>Lfor.cond%1%0[mu 8, delta 8] as correlation candidate for L0%0%1=>L34%1%0[mu 1, delta 1] at L0%0%1_L0%0%1: failcond = invariant_state_instability
</MSG>
<MSG>1:24 : Found 1 feasible correlations for paths to src pc Lfor.cond%1%0 as correlation candidates for L0%0%1=>L34%1%0[mu 1, delta 1] at L0%0%1_L0%0%1
</MSG>
<MSG>1:24 : Considering 8 paths to src pc Lfor.cond%2%1 as correlation candidates for L0%0%1=>L34%1%0[mu 1, delta 1] at L0%0%1_L0%0%1
</MSG>
<MSG>1:24 : Attempting correlation of src pathset L0%0%1=>Lfor.cond%2%1[mu 8, delta 1] as correlation candidate for L0%0%1=>L34%1%0[mu 1, delta 1] at L0%0%1_L0%0%1
</MSG>
<MSG>1:24 : Attempting correlation of src pathset L0%0%1=>Lfor.cond%2%1[mu 8, delta 2] as correlation candidate for L0%0%1=>L34%1%0[mu 1, delta 1] at L0%0%1_L0%0%1
</MSG>
<MSG>1:24 : Failed correlation of src pathset L0%0%1=>Lfor.cond%2%1[mu 8, delta 2] as correlation candidate for L0%0%1=>L34%1%0[mu 1, delta 1] at L0%0%1_L0%0%1: failcond = invariant_state_instability
</MSG>
<MSG>1:24 : Attempting correlation of src pathset L0%0%1=>Lfor.cond%2%1[mu 8, delta 3] as correlation candidate for L0%0%1=>L34%1%0[mu 1, delta 1] at L0%0%1_L0%0%1
</MSG>
<MSG>1:24 : Failed correlation of src pathset L0%0%1=>Lfor.cond%2%1[mu 8, delta 3] as correlation candidate for L0%0%1=>L34%1%0[mu 1, delta 1] at L0%0%1_L0%0%1: failcond = invariant_state_instability
</MSG>
<MSG>1:24 : Attempting correlation of src pathset L0%0%1=>Lfor.cond%2%1[mu 8, delta 4] as correlation candidate for L0%0%1=>L34%1%0[mu 1, delta 1] at L0%0%1_L0%0%1
</MSG>
<MSG>1:24 : Failed correlation of src pathset L0%0%1=>Lfor.cond%2%1[mu 8, delta 4] as correlation candidate for L0%0%1=>L34%1%0[mu 1, delta 1] at L0%0%1_L0%0%1: failcond = invariant_state_instability
</MSG>
<MSG>1:24 : Attempting correlation of src pathset L0%0%1=>Lfor.cond%2%1[mu 8, delta 5] as correlation candidate for L0%0%1=>L34%1%0[mu 1, delta 1] at L0%0%1_L0%0%1
</MSG>
<MSG>1:24 : Failed correlation of src pathset L0%0%1=>Lfor.cond%2%1[mu 8, delta 5] as correlation candidate for L0%0%1=>L34%1%0[mu 1, delta 1] at L0%0%1_L0%0%1: failcond = invariant_state_instability
</MSG>
<MSG>1:24 : Attempting correlation of src pathset L0%0%1=>Lfor.cond%2%1[mu 8, delta 6] as correlation candidate for L0%0%1=>L34%1%0[mu 1, delta 1] at L0%0%1_L0%0%1
</MSG>
<MSG>1:25 : Failed correlation of src pathset L0%0%1=>Lfor.cond%2%1[mu 8, delta 6] as correlation candidate for L0%0%1=>L34%1%0[mu 1, delta 1] at L0%0%1_L0%0%1: failcond = invariant_state_instability
</MSG>
<MSG>1:25 : Attempting correlation of src pathset L0%0%1=>Lfor.cond%2%1[mu 8, delta 7] as correlation candidate for L0%0%1=>L34%1%0[mu 1, delta 1] at L0%0%1_L0%0%1
</MSG>
<MSG>1:25 : Failed correlation of src pathset L0%0%1=>Lfor.cond%2%1[mu 8, delta 7] as correlation candidate for L0%0%1=>L34%1%0[mu 1, delta 1] at L0%0%1_L0%0%1: failcond = invariant_state_instability
</MSG>
<MSG>1:25 : Attempting correlation of src pathset L0%0%1=>Lfor.cond%2%1[mu 8, delta 8] as correlation candidate for L0%0%1=>L34%1%0[mu 1, delta 1] at L0%0%1_L0%0%1
</MSG>
<MSG>1:25 : Failed correlation of src pathset L0%0%1=>Lfor.cond%2%1[mu 8, delta 8] as correlation candidate for L0%0%1=>L34%1%0[mu 1, delta 1] at L0%0%1_L0%0%1: failcond = invariant_state_instability
</MSG>
<MSG>1:25 : Found 1 feasible correlations for paths to src pc Lfor.cond%2%1 as correlation candidates for L0%0%1=>L34%1%0[mu 1, delta 1] at L0%0%1_L0%0%1
</MSG>
<MSG>1:25 : Considering 8 paths to src pc Lfor.body%1%1 as correlation candidates for L0%0%1=>L34%1%0[mu 1, delta 1] at L0%0%1_L0%0%1
</MSG>
<MSG>1:25 : Attempting correlation of src pathset L0%0%1=>Lfor.body%1%1[mu 8, delta 1] as correlation candidate for L0%0%1=>L34%1%0[mu 1, delta 1] at L0%0%1_L0%0%1
</MSG>
<MSG>1:25 : Attempting correlation of src pathset L0%0%1=>Lfor.body%1%1[mu 8, delta 2] as correlation candidate for L0%0%1=>L34%1%0[mu 1, delta 1] at L0%0%1_L0%0%1
</MSG>
<MSG>1:25 : Failed correlation of src pathset L0%0%1=>Lfor.body%1%1[mu 8, delta 2] as correlation candidate for L0%0%1=>L34%1%0[mu 1, delta 1] at L0%0%1_L0%0%1: failcond = invariant_state_instability
</MSG>
<MSG>1:25 : Attempting correlation of src pathset L0%0%1=>Lfor.body%1%1[mu 8, delta 3] as correlation candidate for L0%0%1=>L34%1%0[mu 1, delta 1] at L0%0%1_L0%0%1
</MSG>
<MSG>1:26 : Failed correlation of src pathset L0%0%1=>Lfor.body%1%1[mu 8, delta 3] as correlation candidate for L0%0%1=>L34%1%0[mu 1, delta 1] at L0%0%1_L0%0%1: failcond = invariant_state_instability
</MSG>
<MSG>1:26 : Attempting correlation of src pathset L0%0%1=>Lfor.body%1%1[mu 8, delta 4] as correlation candidate for L0%0%1=>L34%1%0[mu 1, delta 1] at L0%0%1_L0%0%1
</MSG>
<MSG>1:26 : Failed correlation of src pathset L0%0%1=>Lfor.body%1%1[mu 8, delta 4] as correlation candidate for L0%0%1=>L34%1%0[mu 1, delta 1] at L0%0%1_L0%0%1: failcond = invariant_state_instability
</MSG>
<MSG>1:26 : Attempting correlation of src pathset L0%0%1=>Lfor.body%1%1[mu 8, delta 5] as correlation candidate for L0%0%1=>L34%1%0[mu 1, delta 1] at L0%0%1_L0%0%1
</MSG>
<MSG>1:26 : Failed correlation of src pathset L0%0%1=>Lfor.body%1%1[mu 8, delta 5] as correlation candidate for L0%0%1=>L34%1%0[mu 1, delta 1] at L0%0%1_L0%0%1: failcond = invariant_state_instability
</MSG>
<MSG>1:26 : Attempting correlation of src pathset L0%0%1=>Lfor.body%1%1[mu 8, delta 6] as correlation candidate for L0%0%1=>L34%1%0[mu 1, delta 1] at L0%0%1_L0%0%1
</MSG>
<MSG>1:26 : Failed correlation of src pathset L0%0%1=>Lfor.body%1%1[mu 8, delta 6] as correlation candidate for L0%0%1=>L34%1%0[mu 1, delta 1] at L0%0%1_L0%0%1: failcond = invariant_state_instability
</MSG>
<MSG>1:26 : Attempting correlation of src pathset L0%0%1=>Lfor.body%1%1[mu 8, delta 7] as correlation candidate for L0%0%1=>L34%1%0[mu 1, delta 1] at L0%0%1_L0%0%1
</MSG>
<MSG>1:26 : Failed correlation of src pathset L0%0%1=>Lfor.body%1%1[mu 8, delta 7] as correlation candidate for L0%0%1=>L34%1%0[mu 1, delta 1] at L0%0%1_L0%0%1: failcond = invariant_state_instability
</MSG>
<MSG>1:26 : Attempting correlation of src pathset L0%0%1=>Lfor.body%1%1[mu 8, delta 8] as correlation candidate for L0%0%1=>L34%1%0[mu 1, delta 1] at L0%0%1_L0%0%1
</MSG>
<MSG>1:27 : Failed correlation of src pathset L0%0%1=>Lfor.body%1%1[mu 8, delta 8] as correlation candidate for L0%0%1=>L34%1%0[mu 1, delta 1] at L0%0%1_L0%0%1: failcond = invariant_state_instability
</MSG>
<MSG>1:27 : Found 1 feasible correlations for paths to src pc Lfor.body%1%1 as correlation candidates for L0%0%1=>L34%1%0[mu 1, delta 1] at L0%0%1_L0%0%1
</MSG>
<MSG>1:27 : product-TFG s162.A19.B20: Found 5 correlations for L0%0%1=>L34%1%0[mu 1, delta 1] starting at L0%0%1_L0%0%1
</MSG>
<MSG>1:27 : product-TFG s162.A19.B20 created 5 possibilities in group s162.A19.B20.C...</MSG>
<MSG>1:27 : Chose product-TFG s162.A19.B20.C5 from a frontier of size 50...</MSG>
<cg>
  Edges: L0%0%1_L0%0%1=>Lfor.body%1%1_L10%1%0 (C L0%0%1 => C (line 10 at column 16) at mu 8 delta 1, A line 13 => A line 27 at mu 1 delta 1)
         Lfor.body%1%1_L10%1%0=>Lfor.body%1%1_L10%1%0 (C (line 10 at column 16) => C (line 10 at column 16) at mu 8 delta 4, A line 27 => A line 27 at mu 1 delta 1)
         L0%0%1_L0%0%1=>Lfor.body%1%1_L34%1%0 (C L0%0%1 => C (line 10 at column 16) at mu 8 delta 1, A line 13 => A line 94 at mu 1 delta 1)
  Nodes: L0%0%1_L0%0%1 (C L0%0%1, A line 13)
                L0%0%1_L0%0%1 contains 96 counterexamples (for correlating 0 bv exprs)
         Lfor.body%1%1_L10%1%0 (C (line 10 at column 16), A line 27)
                Lfor.body%1%1_L10%1%0 contains 77 counterexamples (for correlating 69 bv exprs)
                SRCMEM{@b,@a,@c,heap} = DSTMEM{@b,@a,@c,heap}
                (2147221584 + input.src.llvm-%k*4) = %edx
                input.src.llvm-%k = DSTMEM[(SPentry + 4)]_4
                return-address = DSTMEM[SPentry]_4
                bvmul(i, 4) = %eax
                0..((i + 6) <_s 31999) = 1
                (-40968) = SPL0%1%1
                (-40968) = %esp
                0..(input.src.llvm-%k >_s 0) = 1
                0..((i + 5) <_s 31999) = 1
                input.src.llvm-%k = %ecx
                i[1:0] = 0
                0..((i + 4) <_s 31999) = 1
                0..((i + 1) <_s 31999) = 1
                0..((i + 7) <_s 31999) = 0..((i + 8) <_s 31999)
                0..((i + 2) <_s 31999) = 1
                0..(i <_s 31999) = 1
                0..((i + 3) <_s 31999) = 1
                (%eax <= 131072)
                (i <=_s 32768)
                (%eax <=_s 131072)
                (i >=_s 0)
                (i <= 32768)
                ((i - input.src.llvm-%k) <=_s 32768)
                (%eax >=_s 0)
                ismemlabel((i*4 + 2147221592), 4, memlabel-mem-symbol.1.0)
                ismemlabel((i*4 + 2143161364), 4, memlabel-mem-symbol.2.0)
                ismemlabel((i*4 + 2145265688), 4, memlabel-mem-symbol.3.0)
                ismemlabel((i*4 + 2147221588), 4, memlabel-mem-symbol.1.0)
                ismemlabel((i*4 + 2143161360), 4, memlabel-mem-symbol.2.0)
                ismemlabel((i*4 + 2145265700), 4, memlabel-mem-symbol.3.0)
                ismemlabel((i*4 + 2145265684), 4, memlabel-mem-symbol.3.0)
                ismemlabel((i*4 + 2147221584), 4, memlabel-mem-symbol.1.0)
                ismemlabel((i*4 + 2145265692), 4, memlabel-mem-symbol.3.0)
                ismemlabel((i*4 + 2147221600), 4, memlabel-mem-symbol.1.0)
                ismemlabel((i*4 + 2143161372), 4, memlabel-mem-symbol.2.0)
                ismemlabel((i*4 + 2147221604), 4, memlabel-mem-symbol.1.0)
                ismemlabel((i*4 + 2145265708), 4, memlabel-mem-symbol.3.0)
                ismemlabel((i*4 + 2143161388), 4, memlabel-mem-symbol.2.0)
                ismemlabel((i*4 + 2143161380), 4, memlabel-mem-symbol.2.0)
                ismemlabel((i*4 + 2143161368), 4, memlabel-mem-symbol.2.0)
                ismemlabel((i*4 + 2143161376), 4, memlabel-mem-symbol.2.0)
                ismemlabel((i*4 + 2147221596), 4, memlabel-mem-symbol.1.0)
                ismemlabel((i*4 + 2145265696), 4, memlabel-mem-symbol.3.0)
                ismemlabel((i*4 + 2147221608), 4, memlabel-mem-symbol.1.0)
                ismemlabel((i*4 + 2145265704), 4, memlabel-mem-symbol.3.0)
                ismemlabel((i*4 + 2145265680), 4, memlabel-mem-symbol.3.0)
                ismemlabel((i*4 + 2143161384), 4, memlabel-mem-symbol.2.0)
         Lfor.body%1%1_L34%1%0 (C (line 10 at column 16), A line 94)
                Lfor.body%1%1_L34%1%0 contains 4 counterexamples (for correlating 68 bv exprs)
                SRCMEM{@b,@a,@c,heap} = DSTMEM{@b,@a,@c,heap}
                (-2147483648) + bvmul(input.src.llvm-%k, (-2147483648)) + bvmul(SRCMEM[(@a + i*4 + input.src.llvm-%k*4)]_4, (-623142643)) + bvmul(SRCMEM[(@b + i*4)]_4, SRCMEM[(@c + i*4)]_4, 73373308) = SRCMEM[(@b + i*4)]_4
                %eax = 0
                bvmul(SRCMEM[(@a + i*4 + input.src.llvm-%k*4)]_4, 1783664464) + bvmul(SRCMEM[(@b + i*4)]_4, SRCMEM[(@c + i*4)]_4, 291947009) = bvmul(SRCMEM[(@b + i*4 + 24)]_4, SRCMEM[(@c + i*4 + 24)]_4)
                (-40968) = SPL0%1%1
                DSTMEM[SPentry]_4 = 0
                0..((i + 5) <_s 31999) = 1
                (-2147483648) + bvmul(input.src.llvm-%k, (-2147483648)) + bvmul(SRCMEM[(@a + i*4 + input.src.llvm-%k*4)]_4, 887060777) + bvmul(SRCMEM[(@b + i*4)]_4, SRCMEM[(@c + i*4)]_4, 196694600) = TOOBIG[(@a + 4*(input.src.llvm-%k + i + 4))]_4
                bvmul(SRCMEM[(@a + i*4 + input.src.llvm-%k*4)]_4, 2068022591) + bvmul(SRCMEM[(@b + i*4)]_4, SRCMEM[(@c + i*4)]_4, 712666710) = SRCMEM[(@a + i*4) <- (SRCMEM[(@a + i*4 + input.src.llvm-%k*4)]_4 + SRCMEM[(@b + i*4)]_4*SRCMEM[(@c + i*4)]_4)]_4[(@a + 4 + i*4) <- (SRCMEM[(@a + i*4) <- (SRCMEM[(@a + i*4 + input.src.llvm-%k*4)]_4 + SRCMEM[(@b + i*4)]_4*SRCMEM[(@c + i*4)]_4)]_4[(@a + 4 + i*4 + input.src.llvm-%k*4)]_4 + SRCMEM[(@b + 4 + i*4)]_4*SRCMEM[(@c + 4 + i*4)]_4)]_4[(@a + i*4 + 8) <- (SRCMEM[(@a + i*4) <- (SRCMEM[(@a + i*4 + input.src.llvm-%k*4)]_4 + SRCMEM[(@b + i*4)]_4*SRCMEM[(@c + i*4)]_4)]_4[(@a + 4 + i*4) <- (SRCMEM[(@a + i*4) <- (SRCMEM[(@a + i*4 + input.src.llvm-%k*4)]_4 + SRCMEM[(@b + i*4)]_4*SRCMEM[(@c + i*4)]_4)]_4[(@a + 4 + i*4 + input.src.llvm-%k*4)]_4 + SRCMEM[(@b + 4 + i*4)]_4*SRCMEM[(@c + 4 + i*4)]_4)]_4[(@a + i*4 + 8 + input.src.llvm-%k*4)]_4 + SRCMEM[(@b + i*4 + 8)]_4*SRCMEM[(@c + i*4 + 8)]_4)]_4[(@a + i*4 + 12 + input.src.llvm-%k*4)]_4
                0..((i + 8) <_s 31999) = 1
                bvmul(SRCMEM[(@a + i*4 + input.src.llvm-%k*4)]_4, 1942280405) + bvmul(SRCMEM[(@b + i*4)]_4, SRCMEM[(@c + i*4)]_4, 990060260) = SRCMEM[(@a + i*4) <- (SRCMEM[(@a + i*4 + input.src.llvm-%k*4)]_4 + SRCMEM[(@b + i*4)]_4*SRCMEM[(@c + i*4)]_4)]_4[(@a + 4 + i*4) <- (SRCMEM[(@a + i*4) <- (SRCMEM[(@a + i*4 + input.src.llvm-%k*4)]_4 + SRCMEM[(@b + i*4)]_4*SRCMEM[(@c + i*4)]_4)]_4[(@a + 4 + i*4 + input.src.llvm-%k*4)]_4 + SRCMEM[(@b + 4 + i*4)]_4*SRCMEM[(@c + 4 + i*4)]_4)]_4[(@a + i*4 + 8 + input.src.llvm-%k*4)]_4
                %edi = 0
                SRCMEM[(@b + 4 + i*4)]_4 = SRCMEM[(@c + 4 + i*4)]_4
                SRCMEM[(@b + i*4 + 12)]_4 = SRCMEM[(@c + i*4 + 12)]_4
                (-2147483648) + bvmul(input.src.llvm-%k, (-2147483648)) + bvmul(SRCMEM[(@a + i*4 + input.src.llvm-%k*4)]_4, (-1094516432)) + bvmul(SRCMEM[(@b + i*4)]_4, SRCMEM[(@c + i*4)]_4, 409784513) = bvmul(SRCMEM[(@b + i*4 + 8)]_4, SRCMEM[(@c + i*4 + 8)]_4)
                ((-2147483648) - input.src.llvm-%k*2147483648 - SRCMEM[(@a + i*4 + input.src.llvm-%k*4)]_4*1258632113 + SRCMEM[(@b + i*4)]_4*SRCMEM[(@c + i*4)]_4*1016959910) = DSTMEM[(@b + 127988)]_4
                bvmul((-1), DSTMEM[(@b + 127988)]_4) = bvneg(DSTMEM[(@c + 127988)]_4)
                SRCMEM[(@b + i*4 + 28)]_4 = SRCMEM[(@c + i*4 + 28)]_4
                (-2147483648) + bvmul(input.src.llvm-%k, (-2147483648)) + bvmul(SRCMEM[(@a + i*4 + input.src.llvm-%k*4)]_4, (-2003363024)) + bvmul(SRCMEM[(@b + i*4)]_4, SRCMEM[(@c + i*4)]_4, 962066425) = bvmul(SRCMEM[(@b + 4 + i*4)]_4, SRCMEM[(@c + 4 + i*4)]_4)
                %ebp = 0
                0..((i + 7) <_s 31999) = 1
                bvmul(SRCMEM[(@a + i*4 + input.src.llvm-%k*4)]_4, (-245829151)) + bvmul(SRCMEM[(@b + i*4)]_4, SRCMEM[(@c + i*4)]_4, 936260960) = SRCMEM[(@b + i*4 + 8)]_4
                bvmul(SRCMEM[(@a + i*4 + input.src.llvm-%k*4)]_4, (-432510199)) + bvmul(SRCMEM[(@b + i*4)]_4, SRCMEM[(@c + i*4)]_4, 59213736) = SRCMEM[(@b + i*4 + 24)]_4
                i = 0
                bvmul(SRCMEM[(@a + i*4 + input.src.llvm-%k*4)]_4, (-558252385)) + bvmul(SRCMEM[(@b + i*4)]_4, SRCMEM[(@c + i*4)]_4, 336607286) = SRCMEM[(@b + i*4 + 20)]_4
                %ebx = 0
                0..((i + 3) <_s 31999) = 1
                (-2147483648) + bvmul(input.src.llvm-%k, (-2147483648)) + bvmul(SRCMEM[(@a + i*4 + input.src.llvm-%k*4)]_4, (-1426790965)) + bvmul(SRCMEM[(@b + i*4)]_4, SRCMEM[(@c + i*4)]_4, 420288850) = SRCMEM[(@b + i*4 + 12)]_4
                0..(i <_s 31999) = 1
                SRCMEM[(@b + i*4)]_4 = SRCMEM[(@c + i*4)]_4
                0..((i + 6) <_s 31999) = 1
                %esi = 0
                bvmul((-1), DSTMEM[(@b + 127984)]_4) = bvneg(DSTMEM[(@c + 127984)]_4)
                bvmul(SRCMEM[(@a + i*4 + input.src.llvm-%k*4)]_4, (-1613021280)) + bvmul(SRCMEM[(@b + i*4)]_4, SRCMEM[(@c + i*4)]_4, 863314625) = bvmul(SRCMEM[(@b + i*4 + 16)]_4, SRCMEM[(@c + i*4 + 16)]_4)
                bvmul(SRCMEM[(@a + i*4 + input.src.llvm-%k*4)]_4, (-1717197421)) + bvmul(SRCMEM[(@b + i*4)]_4, SRCMEM[(@c + i*4)]_4, 46473658) = TOOBIG[(@a + i*4 + 16) <- (TOOBIG[(@a + 4*(input.src.llvm-%k + i + 4))]_4 + SRCMEM[(@b + i*4 + 16)]_4*SRCMEM[(@c + i*4 + 16)]_4)]_4[(@a + i*4 + 20 + input.src.llvm-%k*4)]_4
                bvmul(SRCMEM[(@a + i*4 + input.src.llvm-%k*4)]_4, 2020198400) + bvmul(SRCMEM[(@b + i*4)]_4, SRCMEM[(@c + i*4)]_4, 981312601) = bvmul(SRCMEM[(@b + i*4 + 12)]_4, SRCMEM[(@c + i*4 + 12)]_4)
                ((-2147483648) - input.src.llvm-%k*2147483648 - SRCMEM[(@a + i*4 + input.src.llvm-%k*4)]_4*1132889927 + SRCMEM[(@b + i*4)]_4*SRCMEM[(@c + i*4)]_4*739566360) = DSTMEM[(@b + 127992)]_4
                (SRCMEM[(@a + i*4 + input.src.llvm-%k*4)]_4*2001428507 + SRCMEM[(@b + i*4)]_4*SRCMEM[(@c + i*4)]_4*823247924) = DSTMEM[(@b + 127984)]_4
                0..(input.src.llvm-%k >_s 0) = 1
                (-40968) = %esp
                bvmul(SRCMEM[(@a + i*4 + input.src.llvm-%k*4)]_4, (-1530516373)) + bvmul(SRCMEM[(@b + i*4)]_4, SRCMEM[(@c + i*4)]_4, 923520882) = SRCMEM[(@a + i*4) <- (SRCMEM[(@a + i*4 + input.src.llvm-%k*4)]_4 + SRCMEM[(@b + i*4)]_4*SRCMEM[(@c + i*4)]_4)]_4[(@a + 4 + i*4 + input.src.llvm-%k*4)]_4
                (-2147483648) + bvmul(input.src.llvm-%k, (-2147483648)) + bvmul(SRCMEM[(@a + i*4 + input.src.llvm-%k*4)]_4, (-1445313161)) + bvmul(SRCMEM[(@b + i*4)]_4, SRCMEM[(@c + i*4)]_4, 139912686) = SRCMEM[(@b + 4 + i*4)]_4
                0..((i + 1) <_s 31999) = 1
                SRCMEM[(@b + i*4 + 24)]_4 = SRCMEM[(@c + i*4 + 24)]_4
                SRCMEM[(@b + i*4 + 20)]_4 = SRCMEM[(@c + i*4 + 20)]_4
                bvmul((-1), DSTMEM[(@b + 127992)]_4) = bvneg(DSTMEM[(@c + 127992)]_4)
                return-address = 0
                bvmul(SRCMEM[(@a + i*4 + input.src.llvm-%k*4)]_4, 263918133) + bvmul(SRCMEM[(@b + i*4)]_4, SRCMEM[(@c + i*4)]_4, 270067908) = SRCMEM[(@b + i*4 + 16)]_4
                bvmul(input.src.llvm-%k, 4) = %ecx
                SRCMEM[(@b + i*4 + 8)]_4 = SRCMEM[(@c + i*4 + 8)]_4
                bvmul(SRCMEM[(@a + i*4 + input.src.llvm-%k*4)]_4, (-1368822432)) + bvmul(SRCMEM[(@b + i*4)]_4, SRCMEM[(@c + i*4)]_4, 700222681) = bvmul(SRCMEM[(@b + i*4 + 28)]_4, SRCMEM[(@c + i*4 + 28)]_4)
                bvmul(SRCMEM[(@a + i*4 + input.src.llvm-%k*4)]_4, 1755599357) + bvmul(SRCMEM[(@b + i*4)]_4, SRCMEM[(@c + i*4)]_4, 113013036) = TOOBIG[(@a + i*4 + 16) <- (TOOBIG[(@a + 4*(input.src.llvm-%k + i + 4))]_4 + SRCMEM[(@b + i*4 + 16)]_4*SRCMEM[(@c + i*4 + 16)]_4)]_4[(@a + i*4 + 20) <- (TOOBIG[(@a + i*4 + 16) <- (TOOBIG[(@a + 4*(input.src.llvm-%k + i + 4))]_4 + SRCMEM[(@b + i*4 + 16)]_4*SRCMEM[(@c + i*4 + 16)]_4)]_4[(@a + i*4 + 20 + input.src.llvm-%k*4)]_4 + SRCMEM[(@b + i*4 + 20)]_4*SRCMEM[(@c + i*4 + 20)]_4)]_4[(@a + i*4 + 24 + input.src.llvm-%k*4)]_4
                0..((i + 2) <_s 31999) = 1
                (SRCMEM[(@a + i*4 + input.src.llvm-%k*4)]_4*168158853 + SRCMEM[(@b + i*4)]_4*SRCMEM[(@c + i*4)]_4*596671060) = DSTMEM[(@a + 127984)]_4
                bvmul(SRCMEM[(@a + i*4 + input.src.llvm-%k*4)]_4, (-539730189)) + bvmul(SRCMEM[(@b + i*4)]_4, SRCMEM[(@c + i*4)]_4, 616983450) = SRCMEM[(@b + i*4 + 28)]_4
                bvmul(SRCMEM[(@a + i*4 + input.src.llvm-%k*4)]_4, (-968130032)) + bvmul(SRCMEM[(@b + i*4)]_4, SRCMEM[(@c + i*4)]_4, 932151801) = bvmul(SRCMEM[(@b + i*4 + 20)]_4, SRCMEM[(@c + i*4 + 20)]_4)
                input.src.llvm-%k = DSTMEM[(SPentry + 4)]_4
                0..((i + 4) <_s 31999) = 1
                SRCMEM[(@b + i*4 + 16)]_4 = SRCMEM[(@c + i*4 + 16)]_4
                (-2) + bvmul((-2), input.src.llvm-%k[1:0]) + bvneg(bvmul(SRCMEM[(@b + i*4)]_4[1:0], SRCMEM[(@c + i*4)]_4[1:0])) = SRCMEM[(@a + i*4 + input.src.llvm-%k*4)]_4[1:0]
                (SRCMEM[(@a + i*4 + input.src.llvm-%k*4)]_4*419643225 + SRCMEM[(@b + i*4)]_4*SRCMEM[(@c + i*4)]_4*41883960) = DSTMEM[(@a + 127992)]_4
                (SRCMEM[(@a + i*4 + input.src.llvm-%k*4)]_4*293901039 + SRCMEM[(@b + i*4)]_4*SRCMEM[(@c + i*4)]_4*319277510) = DSTMEM[(@a + 127988)]_4
                (%eax <= 0)
                ((i - input.src.llvm-%k) <=_s (-1))
                (i >=_s 0)
                ((i - input.src.llvm-%k) >= (-2147483648))
                (i <= 0)
                (%eax <=_s 0)
                ((i - input.src.llvm-%k) >=_s (-4))
                (i <=_s 0)
                TOOBIG
                (%eax >=_s 0)
                ismemlabel((i*4 + 2147221592), 4, memlabel-mem-symbol.1.0)
                ismemlabel((i*4 + 2143161388), 4, memlabel-mem-symbol.2.0)
                ismemlabel((i*4 + 2147221584), 4, memlabel-mem-symbol.1.0)
                ismemlabel((i*4 + 2147221584 + input.src.llvm-%k*4), 4, memlabel-mem-symbol.1.0)
                ismemlabel((i*4 + 2145265680), 4, memlabel-mem-symbol.3.0)
                ismemlabel((i*4 + input.src.llvm-%k*4 + 2147221592), 4, memlabel-mem-symbol.1.0)
                ismemlabel((i*4 + 2143161376), 4, memlabel-mem-symbol.2.0)
                ismemlabel((i*4 + input.src.llvm-%k*4 + 2147221588), 4, memlabel-mem-symbol.1.0)
                ismemlabel((i*4 + 2147221588), 4, memlabel-mem-symbol.1.0)
                ismemlabel((i*4 + 2143161360), 4, memlabel-mem-symbol.2.0)
                ismemlabel((i*4 + 2143161368), 4, memlabel-mem-symbol.2.0)
                ismemlabel((i*4 + 2145265700), 4, memlabel-mem-symbol.3.0)
                ismemlabel((i*4 + 2145265684), 4, memlabel-mem-symbol.3.0)
                ismemlabel((i*4 + 2147221596), 4, memlabel-mem-symbol.1.0)
                ismemlabel((i*4 + 2147221600), 4, memlabel-mem-symbol.1.0)
                ismemlabel((i*4 + 2143161364), 4, memlabel-mem-symbol.2.0)
                ismemlabel((i*4 + 2145265696), 4, memlabel-mem-symbol.3.0)
                ismemlabel((i*4 + input.src.llvm-%k*4 + 2147221600), 4, memlabel-mem-symbol.1.0)
                ismemlabel((i*4 + input.src.llvm-%k*4 + 2147221604), 4, memlabel-mem-symbol.1.0)
                ismemlabel((i*4 + 2145265692), 4, memlabel-mem-symbol.3.0)
                ismemlabel((i*4 + 2143161384), 4, memlabel-mem-symbol.2.0)
                ismemlabel((i*4 + 2145265708), 4, memlabel-mem-symbol.3.0)
                ismemlabel((i*4 + input.src.llvm-%k*4 + 2147221612), 4, memlabel-mem-symbol.1.0)
                ismemlabel((i*4 + input.src.llvm-%k*4 + 2147221596), 4, memlabel-mem-symbol.1.0)
                ismemlabel((i*4 + 2147221604), 4, memlabel-mem-symbol.1.0)
                ismemlabel((i*4 + input.src.llvm-%k*4 + 2147221608), 4, memlabel-mem-symbol.1.0)
                ismemlabel((i*4 + 2143161372), 4, memlabel-mem-symbol.2.0)
                ismemlabel((i*4 + 2145265704), 4, memlabel-mem-symbol.3.0)
                ismemlabel((i*4 + 2147221608), 4, memlabel-mem-symbol.1.0)
                ismemlabel((i*4 + 2145265688), 4, memlabel-mem-symbol.3.0)
                ismemlabel((i*4 + 2143161380), 4, memlabel-mem-symbol.2.0)

</cg>
<MSG>2:12 : s162.A19.B20.C5: checked newly added edge and inferred invariants...</MSG>
<MSG>2:12 : s162.A19.B20.C5: Chosen CG is still the most promising correlation entry; proceeding with it...</MSG>
<MSG>2:13 : product-TFG s162.A19.B20.C5: Enumerating correlations for L34%1%0=>L34%1%0[mu 1, delta 1] starting at Lfor.body%1%1_L34%1%0
</MSG>
<MSG>2:13 : Considering 1 paths to src pc Lif.end%1%0 as correlation candidates for L34%1%0=>L34%1%0[mu 1, delta 1] at Lfor.body%1%1_L34%1%0
</MSG>
<MSG>2:13 : Attempting correlation of src pathset Lfor.body%1%1=>Lif.end%1%0[mu 8, delta 1] as correlation candidate for L34%1%0=>L34%1%0[mu 1, delta 1] at Lfor.body%1%1_L34%1%0
</MSG>
<MSG>2:13 : Failed correlation of src pathset Lfor.body%1%1=>Lif.end%1%0[mu 8, delta 1] as correlation candidate for L34%1%0=>L34%1%0[mu 1, delta 1] at Lfor.body%1%1_L34%1%0: failcond = compute_well_formedness_conditions_for_edge for Lfor.body%1%1_L34%1%0=>Lif.end%1%0_L34%1%0[ src: ((Lfor.body%1%1=>Lfor.cond%1%0)*((Lfor.cond%1%0=>Lfor.cond%2%1)*((Lfor.cond%2%1=>Lif.end%1%0)+((Lfor.cond%2%1=>Lfor.body%1%1)*((Lfor.body%1%1=>Lfor.cond%1%0)*((Lfor.cond%1%0=>Lfor.cond%2%1)*((Lfor.cond%2%1=>Lif.end%1%0)+((Lfor.cond%2%1=>Lfor.body%1%1)*((Lfor.body%1%1=>Lfor.cond%1%0)*((Lfor.cond%1%0=>Lfor.cond%2%1)*((Lfor.cond%2%1=>Lif.end%1%0)+((Lfor.cond%2%1=>Lfor.body%1%1)*((Lfor.body%1%1=>Lfor.cond%1%0)*((Lfor.cond%1%0=>Lfor.cond%2%1)*((Lfor.cond%2%1=>Lif.end%1%0)+((Lfor.cond%2%1=>Lfor.body%1%1)*((Lfor.body%1%1=>Lfor.cond%1%0)*((Lfor.cond%1%0=>Lfor.cond%2%1)*((Lfor.cond%2%1=>Lif.end%1%0)+((Lfor.cond%2%1=>Lfor.body%1%1)*((Lfor.body%1%1=>Lfor.cond%1%0)*((Lfor.cond%1%0=>Lfor.cond%2%1)*((Lfor.cond%2%1=>Lif.end%1%0)+((Lfor.cond%2%1=>Lfor.body%1%1)*((Lfor.body%1%1=>Lfor.cond%1%0)*((Lfor.cond%1%0=>Lfor.cond%2%1)*((Lfor.cond%2%1=>Lif.end%1%0)+((Lfor.cond%2%1=>Lfor.body%1%1)*((Lfor.body%1%1=>Lfor.cond%1%0)*((Lfor.cond%1%0=>Lfor.cond%2%1)*(Lfor.cond%2%1=>Lif.end%1%0))))))))))))))))))))))))))))))); dst: ((L34%1%0=>L40%1%1)*(L40%1%1=>L34%1%0))]
</MSG>
<MSG>2:13 : Found 0 feasible correlations for paths to src pc Lif.end%1%0 as correlation candidates for L34%1%0=>L34%1%0[mu 1, delta 1] at Lfor.body%1%1_L34%1%0
</MSG>
<MSG>2:13 : Considering 8 paths to src pc Lfor.cond%1%0 as correlation candidates for L34%1%0=>L34%1%0[mu 1, delta 1] at Lfor.body%1%1_L34%1%0
</MSG>
<MSG>2:13 : Attempting correlation of src pathset Lfor.body%1%1=>Lfor.cond%1%0[mu 8, delta 1] as correlation candidate for L34%1%0=>L34%1%0[mu 1, delta 1] at Lfor.body%1%1_L34%1%0
</MSG>

ERROR_KILLED_TERM
