argv[0] = /home/adityanathan/superopt-project/superopt/build/etfg_i386/eq
argv[1] = --unroll-factor
argv[2] = 8
argv[3] = --proof
argv[4] = logs/s2244_s2244.gcc.eqchecker.O3.i386.ALL.proof
argv[5] = -f
argv[6] = ALL
argv[7] = /home/adityanathan/superopt-project/superopt-tests/TSVC_prior_work/s2244.c
argv[8] = /home/adityanathan/superopt-project/superopt-tests/build/TSVC_prior_work/s2244.gcc.eqchecker.O3.i386.s
argv[0] = /home/adityanathan/superopt-project/usr/local/bin/clang
argv[1] = -Xclang
argv[2] = -disable-llvm-passes
argv[3] = -Xclang
argv[4] = -disable-O0-optnone
argv[5] = -c
argv[6] = -g
argv[7] = -emit-llvm
argv[8] = -O0
argv[9] = /home/adityanathan/superopt-project/superopt-tests/TSVC_prior_work/s2244.c
argv[10] = -o
argv[11] = /home/adityanathan/superopt-project/superopt-tests/TSVC_prior_work/s2244.c.bc.tmp
argv[12] = -m32

<MSG>0:00 : Converting LLVM IR bitcode to Transfer Function Graph (TFG) for function s2244</MSG>
 /home/adityanathan/superopt-project/usr/local/bin/harvest32 -functions_only -live_callee_save -allow_unsupported -no_canonicalize_imms -no_eliminate_unreachable_bbls -no_eliminate_duplicates -f ALL -o /home/adityanathan/superopt-project/superopt-tests/build/TSVC_prior_work/s2244.gcc.eqchecker.O3.i386.s.o.harvest -l /home/adityanathan/superopt-project/superopt-tests/build/TSVC_prior_work/s2244.gcc.eqchecker.O3.i386.s.o.harvest.log /home/adityanathan/superopt-project/superopt-tests/build/TSVC_prior_work/s2244.gcc.eqchecker.O3.i386.s.o
 /home/adityanathan/superopt-project/usr/local/bin/eqgen32 -tfg_llvm /home/adityanathan/superopt-project/superopt-tests/TSVC_prior_work/s2244.c.bc.etfg -l /home/adityanathan/superopt-project/superopt-tests/build/TSVC_prior_work/s2244.gcc.eqchecker.O3.i386.s.o.harvest.log -o /home/adityanathan/superopt-project/superopt-tests/build/TSVC_prior_work/s2244.gcc.eqchecker.O3.i386.s.o.tfg -e /home/adityanathan/superopt-project/superopt-tests/build/TSVC_prior_work/s2244.gcc.eqchecker.O3.i386.s.o -f ALL /home/adityanathan/superopt-project/superopt-tests/build/TSVC_prior_work/s2244.gcc.eqchecker.O3.i386.s.o.harvest
tfg_llvm_t 274: all_pcs = (size 61): L0%0%1 Lentry%1%1 Lentry%1%100003 Lentry%1%100004 Lentry%1%100005 Lentry%1%100006 Lfor.cond%1%0 Lfor.cond%1%1 Lfor.cond%2%1 Lfor.cond%2%100003 Lfor.cond%2%100004 Lfor.cond%2%100005 Lfor.cond%2%100006 Lfor.body%1%1 Lfor.body%1%100003 Lfor.body%1%100004 Lfor.body%1%100005 Lfor.body%2%1 Lfor.body%2%100003 Lfor.body%3%1 Lfor.body%3%100003 Lfor.body%3%100004 Lfor.body%3%100005 Lfor.body%4%1 Lfor.body%4%100003 Lfor.body%5%1 Lfor.body%6%1 Lfor.body%7%1 Lfor.body%7%100003 Lfor.body%7%100004 Lfor.body%7%100005 Lfor.body%8%1 Lfor.body%9%1 Lfor.body%9%100003 Lfor.body%9%100004 Lfor.body%9%100005 Lfor.body%10%1 Lfor.body%10%100003 Lfor.body%11%1 Lfor.body%11%100003 Lfor.body%11%100004 Lfor.body%11%100005 Lfor.body%12%1 Lfor.body%12%100003 Lfor.body%13%1 Lfor.body%14%1 Lfor.body%14%100003 Lfor.body%14%100004 Lfor.body%14%100005 Lfor.body%15%1 Lfor.body%16%1 Lfor.body%16%100003 Lfor.body%16%100004 Lfor.end%1%1 Lfor.inc%1%1 Lfor.inc%2%1 Lfor.inc%2%100003 Lfor.inc%2%100004 Lfor.inc%2%100005 Lfor.inc%2%100006 E0%0%1
main 459:Printing stats:

expr_simplify_solver: num_starts 5978 time spent: 0:0:0 [0.137503]
expr_simplify_syntactic: num_starts 5978 time spent: 0:0:0 [0.052051]
insn_md_assemble: num_starts 48 time spent: 0:0:0 [0.000052]
expr_linear_relation_holds_visit: num_starts 3402 time spent: 0:0:0 [0.013490]
expr_is_consts_struct_constant: num_starts 24705 time spent: 0:0:0 [0.005063]
graph_loc_get_value: num_starts 1538 time spent: 0:0:0 [0.008261]
manager_register_object: num_starts 577306 time spent: 0:0:0 [0.192583]
manager_deregister_object: num_starts 16117 time spent: 0:0:0 [0.028898]
expr_do_simplify_helper: num_starts 8453 time spent: 0:0:0 [0.273208]
expr_do_simplify_helper_cache: num_starts 8453 time spent: 0:0:0 [0.002625]
expr_prune_obviously_false_branches_using_assume_clause_visitor_cache: num_starts 236 time spent: 0:0:0 [0.000029]
expr_prune_obviously_false_branches_using_assume_clause_visitor: num_starts 236 time spent: 0:0:0 [0.000174]
expr_evaluates_to_constant: num_starts 20209 time spent: 0:0:0 [0.015762]
is_overlapping_syntactic_using_lhs_set_and_precond: num_starts 141 time spent: 0:0:0 [0.010916]
is_overlapping_atoms_pair_syntactic: num_starts 141 time spent: 0:0:0 [0.009775]
total: num_starts 1 time spent: 0:0:13 [13.512151]
num_syntactic_match_tests = 0.
num_execution_tests = 0.
num_boolean_tests = 0.
fingerprinting rate: 0.00 per second (total), -nan per second (itable_enumerate_timer), -nan per second (excluding execution/boolean tests).

timers:
etfg_init.: 0s (num_starts 1)
context_constructor.init.: 1e-06s (num_starts 1)
i386_init_costfns.: 5e-06s (num_starts 1)
vconstants_alloc.: 1.1e-05s (num_starts 1)
context_constructor.solver.: 1.3e-05s (num_starts 1)
context_constructor.: 2e-05s (num_starts 1)
alias_val_t::constructor_with_map_arg.: 2.5e-05s (num_starts 58)
i386_iseq_copy.: 3.2e-05s (num_starts 1)
lr_status_meet.: 4.8e-05s (num_starts 38)
graph_locs_add_location_memmasked.: 4.9e-05s (num_starts 24)
dst_iseq_inv_rename.: 5.7e-05s (num_starts 1)
allocate_stack_memory_at_start_pc.: 6.7e-05s (num_starts 1)
x86_assemble.: 8.8e-05s (num_starts 1)
graph_locs_add_all_llvmvars.: 9.1e-05s (num_starts 4)
regmap_assign_using_regcons.: 0.000136s (num_starts 1)
peep_preprocess_using_regmap.: 0.000141s (num_starts 24)
i386_infer_regcons_from_assembly.: 0.000163s (num_starts 1)
alias_val_meet.: 0.000218s (num_starts 56)
determinize_value_expr_map.: 0.000303s (num_starts 424)
dst_iseq_disassemble_with_bin_offsets.: 0.000339s (num_starts 1)
populate_branch_affecting_locs.: 0.000361s (num_starts 1)
imm_vt_map_copy.: 0.000405s (num_starts 2826)
tfg::collect_assumes_around_edge.: 0.000611s (num_starts 117)
dst_iseq_from_string.: 0.00098s (num_starts 1)
compute_sprel_relations.: 0.001239s (num_starts 6)
i386_insn_init_constants.: 0.001397s (num_starts 1)
expr_label_memlabels_using_memlabel_map_visitor.memaccess.: 0.001431s (num_starts 690)
graph_edge_composition_get_edge_cond.: 0.001557s (num_starts 61)
tfg_suffixpath_get_expr_helper.: 0.001583s (num_starts 61)
propagate_sprels.: 0.001604s (num_starts 6)
expr_represents_llvm_undef.: 0.001706s (num_starts 1040)
gas_init.: 0.002021s (num_starts 1)
graph_locs_add_all_exvregs.: 0.002559s (num_starts 4)
avail_exprs_analysis.meet.: 0.002586s (num_starts 186)
populate_simplified_to_state.: 0.003227s (num_starts 2)
opctable_init.: 0.004861s (num_starts 1)
populate_memlabel_map.visit.: 0.006154s (num_starts 5540)
populate_locid2expr_map.: 0.006398s (num_starts 5)
expr_simplify_using_sprel_and_memlabel_maps.sprel.: 0.006749s (num_starts 948)
graph_add_location_slots_using_state_mem_acc_map.: 0.008687s (num_starts 4)
expr_linear_relation_holds::visit.var.: 0.01163s (num_starts 1105)
compute_new_lr_status_on_locs.loc_lr_status.simplify_and_compute_lr_status.: 0.012836s (num_starts 262)
compute_new_lr_status_on_locs.: 0.013295s (num_starts 56)
graph_visit_exprs_const.const.: 0.015097s (num_starts 8)
query:convert_to_z3.: 0.015473s (num_starts 1266)
compute_lr_status_for_expr.: 0.017021s (num_starts 638)
graph_visit_exprs.: 0.017877s (num_starts 31)
expr_model_callee_readable_writeable_regions_in_fcalls_visitor.other.: 0.021284s (num_starts 21915)
insn_db_list_get_all_matches.: 0.023627s (num_starts 24)
insn_db_get_all_matches.: 0.023839s (num_starts 24)
graph_to_stream.: 0.029554s (num_starts 1)
expr_label_memlabels_using_memlabel_map_visitor.: 0.031296s (num_starts 39349)
src_usedef_tab_read_from_file.: 0.031655s (num_starts 1)
src_usedef_tab_init.: 0.03166s (num_starts 1)
xfer_and_meet.: 0.034086s (num_starts 351)
populate_loc_liveness.: 0.035464s (num_starts 10)
expr_model_callee_readable_writeable_regions_in_fcalls_visitor.: 0.03549s (num_starts 39342)
expr_simplify_using_sprel_pair_and_memlabel_maps.sprel.: 0.040194s (num_starts 2181)
canonicalize_expr_tree.: 0.042151s (num_starts 5978)
expr_model_callee_readable_writeable_regions_in_fcalls.: 0.05223s (num_starts 3129)
expr_simplify_syntactic().: 0.053915s (num_starts 5978)
query:convert_from_z3.: 0.054041s (num_starts 1266)
compute_loc_avail_exprs.: 0.070403s (num_starts 6)
dst_insn_get_tfg.: 0.079263s (num_starts 24)
query:simplify_internal.: 0.092475s (num_starts 1266)
query:simplify-z3.: 0.099642s (num_starts 1266)
populate_locs_potentially_modified_on_edge.: 0.104517s (num_starts 6)
edge_update_memlabel_map_for_mlvars.populate_memlabel_map.update_potentially_mod_locs.: 0.115992s (num_starts 56)
edge_update_memlabel_map_for_mlvars.populate_memlabel_map.: 0.124982s (num_starts 56)
edge_update_memlabel_map_for_mlvars.: 0.125086s (num_starts 56)
alias_analysis.xfer_and_meet.: 0.138887s (num_starts 56)
expr_simplify_using_sprel_pair_and_memlabel_maps.model.: 0.141844s (num_starts 2181)
expr_simplify_using_sprel_and_memlabel_maps.model.: 0.141989s (num_starts 948)
split_memory_in_graph.: 0.144634s (num_starts 2)
populate_auxilliary_structures_dependent_on_locs.: 0.152035s (num_starts 4)
expr_simplify_using_sprel_and_memlabel_maps.: 0.164878s (num_starts 948)
expr_simplify_using_sprel_pair_and_memlabel_maps.: 0.176331s (num_starts 2181)
parse_consts_db.: 0.181899s (num_starts 1)
refresh_graph_locs.: 0.218581s (num_starts 4)
expr_label_memlabels_using_memlabel_map_visitor.simplify.: 0.229097s (num_starts 3129)
expr_simplify_using_lhs_set_helper.: 0.268782s (num_starts 688)
expr_do_simplify_using_lhs_set_and_precond.: 0.269306s (num_starts 688)
init_graph_locs.: 0.38769s (num_starts 2)
split_memory_in_graph_initialize.: 0.388873s (num_starts 2)
split_memory_in_graph_and_propagate_sprels_until_fixpoint.: 0.585614s (num_starts 1)
total-preprocess-split_memory.: 0.585616s (num_starts 1)
total-preprocess.: 0.59284s (num_starts 1)
tfg_preprocess.dst.: 0.594597s (num_starts 1)
tfg_preprocess.: 0.5946s (num_starts 1)
dst_parse_sym_exec_db.: 2.16327s (num_starts 1)
dst_iseq_deserialize.: 3.59262s (num_starts 88172)
opc_init.: 4.27339s (num_starts 1)
i386_init.: 4.27548s (num_starts 1)
dst_usedef_tab_read_from_file.: 5.88438s (num_starts 1)
dst_usedef_tab_init.: 5.88438s (num_starts 1)
usedef_init.: 5.91606s (num_starts 1)

counters:

flags:

info:

Context stats:
exprs: count: 22981
sorts: count: 161
num_proof_queries: 0
num_proof_queries_answered_by_syntactic_check: 0
num_proof_queries_answered_by_counter_examples: 0
cache_stats:
m_simplify:
	----------- total:	8453
	        hit ratio:	0.918609
m_simplify_solver:
	----------- total:	5978
	        hit ratio:	0.787387
m_prune_obviously_false_branches_using_assume_clause:
	----------- total:	816
	        hit ratio:	0.421569
m_z3_solver_simplify:
	----------- total:	1266
	        hit ratio:	0
m_z3_solver_simplify_internal:
	----------- total:	1266
	        hit ratio:	0
m_replace_donotsimplify_using_solver_expressions_by_free_vars:
	----------- total:	1271
	        hit ratio:	0
m_expr_size:
	----------- total:	12940
	        hit ratio:	0.88493
m_contains_only_constants_or_arguments_or_esp_versions:
	----------- total:	1236
	        hit ratio:	0.991909
m_expr_evaluates_to_constant_visitor:
	----------- total:	30054
	        hit ratio:	0.832734

stats 170:z3_solver expr_query_cache entry count: 0
histogram:

<MSG>0:00 : Converting C source code to LLVM IR bitcode...</MSG>
<MSG>0:00 : Converting LLVM IR bitcode to Transfer Function Graph (TFG)...</MSG>
<MSG>0:00 : Converting assembly code to object file...</MSG>
<MSG>0:00 : Harvesting object code to obtain harvested assembly...</MSG>
<MSG>0:11 : Converting harvested assembly to Transfer Function Graph (TFG)...</MSG>
<MSG>0:24 : Searching for equivalence at unroll factor 8</MSG>
tfg_llvm_t 274: all_pcs = (size 61): L0%0%1 Lentry%1%1 Lentry%1%100003 Lentry%1%100004 Lentry%1%100005 Lentry%1%100006 Lfor.cond%1%0 Lfor.cond%1%1 Lfor.cond%2%1 Lfor.cond%2%100003 Lfor.cond%2%100004 Lfor.cond%2%100005 Lfor.cond%2%100006 Lfor.body%1%1 Lfor.body%1%100003 Lfor.body%1%100004 Lfor.body%1%100005 Lfor.body%2%1 Lfor.body%2%100003 Lfor.body%3%1 Lfor.body%3%100003 Lfor.body%3%100004 Lfor.body%3%100005 Lfor.body%4%1 Lfor.body%4%100003 Lfor.body%5%1 Lfor.body%6%1 Lfor.body%7%1 Lfor.body%7%100003 Lfor.body%7%100004 Lfor.body%7%100005 Lfor.body%8%1 Lfor.body%9%1 Lfor.body%9%100003 Lfor.body%9%100004 Lfor.body%9%100005 Lfor.body%10%1 Lfor.body%10%100003 Lfor.body%11%1 Lfor.body%11%100003 Lfor.body%11%100004 Lfor.body%11%100005 Lfor.body%12%1 Lfor.body%12%100003 Lfor.body%13%1 Lfor.body%14%1 Lfor.body%14%100003 Lfor.body%14%100004 Lfor.body%14%100005 Lfor.body%15%1 Lfor.body%16%1 Lfor.body%16%100003 Lfor.body%16%100004 Lfor.end%1%1 Lfor.inc%1%1 Lfor.inc%2%1 Lfor.inc%2%100003 Lfor.inc%2%100004 Lfor.inc%2%100005 Lfor.inc%2%100006 E0%0%1
<MSG>0:25 : Computing equivalence for function: s2244...</MSG>
<MSG>0:27 : Computing equivalence of the two TFGs (LLVM IR and x86 assembly)...</MSG>
<MSG>0:27 : Chose product-TFG s2244 from a frontier of size 1...</MSG>
<cg>
  Nodes: L0%0%1_L0%0%1 (C L0%0%1, A line 11)
                L0%0%1_L0%0%1 contains 0 counterexamples (for correlating 0 bv exprs)

</cg>
<MSG>0:27 : product-TFG s2244: Enumerating correlations for L0%0%1=>L1%1%0[mu 1, delta 1] starting at L0%0%1_L0%0%1
</MSG>
<MSG>0:27 : Considering 1 paths to src pc L0%0%1 as correlation candidates for L0%0%1=>L1%1%0[mu 1, delta 1] at L0%0%1_L0%0%1
</MSG>
<MSG>0:27 : Attempting correlation of src pathset L0%0%1=>L0%0%1[mu 0, delta 0] as correlation candidate for L0%0%1=>L1%1%0[mu 1, delta 1] at L0%0%1_L0%0%1
</MSG>
<MSG>0:27 : Found 1 feasible correlations for paths to src pc L0%0%1 as correlation candidates for L0%0%1=>L1%1%0[mu 1, delta 1] at L0%0%1_L0%0%1
</MSG>
<MSG>0:27 : Considering 8 paths to src pc Lfor.cond%1%0 as correlation candidates for L0%0%1=>L1%1%0[mu 1, delta 1] at L0%0%1_L0%0%1
</MSG>
<MSG>0:27 : Attempting correlation of src pathset L0%0%1=>Lfor.cond%1%0[mu 8, delta 1] as correlation candidate for L0%0%1=>L1%1%0[mu 1, delta 1] at L0%0%1_L0%0%1
</MSG>
<MSG>0:27 : Attempting correlation of src pathset L0%0%1=>Lfor.cond%1%0[mu 8, delta 2] as correlation candidate for L0%0%1=>L1%1%0[mu 1, delta 1] at L0%0%1_L0%0%1
</MSG>
<MSG>0:27 : Attempting correlation of src pathset L0%0%1=>Lfor.cond%1%0[mu 8, delta 3] as correlation candidate for L0%0%1=>L1%1%0[mu 1, delta 1] at L0%0%1_L0%0%1
</MSG>
<MSG>0:27 : Attempting correlation of src pathset L0%0%1=>Lfor.cond%1%0[mu 8, delta 4] as correlation candidate for L0%0%1=>L1%1%0[mu 1, delta 1] at L0%0%1_L0%0%1
</MSG>
<MSG>0:27 : Attempting correlation of src pathset L0%0%1=>Lfor.cond%1%0[mu 8, delta 5] as correlation candidate for L0%0%1=>L1%1%0[mu 1, delta 1] at L0%0%1_L0%0%1
</MSG>
<MSG>0:27 : Attempting correlation of src pathset L0%0%1=>Lfor.cond%1%0[mu 8, delta 6] as correlation candidate for L0%0%1=>L1%1%0[mu 1, delta 1] at L0%0%1_L0%0%1
</MSG>
<MSG>0:27 : Attempting correlation of src pathset L0%0%1=>Lfor.cond%1%0[mu 8, delta 7] as correlation candidate for L0%0%1=>L1%1%0[mu 1, delta 1] at L0%0%1_L0%0%1
</MSG>
<MSG>0:27 : Attempting correlation of src pathset L0%0%1=>Lfor.cond%1%0[mu 8, delta 8] as correlation candidate for L0%0%1=>L1%1%0[mu 1, delta 1] at L0%0%1_L0%0%1
</MSG>
<MSG>0:27 : Found 8 feasible correlations for paths to src pc Lfor.cond%1%0 as correlation candidates for L0%0%1=>L1%1%0[mu 1, delta 1] at L0%0%1_L0%0%1
</MSG>
<MSG>0:27 : Considering 8 paths to src pc Lfor.cond%2%1 as correlation candidates for L0%0%1=>L1%1%0[mu 1, delta 1] at L0%0%1_L0%0%1
</MSG>
<MSG>0:27 : Attempting correlation of src pathset L0%0%1=>Lfor.cond%2%1[mu 8, delta 1] as correlation candidate for L0%0%1=>L1%1%0[mu 1, delta 1] at L0%0%1_L0%0%1
</MSG>
<MSG>0:27 : Attempting correlation of src pathset L0%0%1=>Lfor.cond%2%1[mu 8, delta 2] as correlation candidate for L0%0%1=>L1%1%0[mu 1, delta 1] at L0%0%1_L0%0%1
</MSG>
<MSG>0:27 : Attempting correlation of src pathset L0%0%1=>Lfor.cond%2%1[mu 8, delta 3] as correlation candidate for L0%0%1=>L1%1%0[mu 1, delta 1] at L0%0%1_L0%0%1
</MSG>
<MSG>0:27 : Attempting correlation of src pathset L0%0%1=>Lfor.cond%2%1[mu 8, delta 4] as correlation candidate for L0%0%1=>L1%1%0[mu 1, delta 1] at L0%0%1_L0%0%1
</MSG>
<MSG>0:27 : Attempting correlation of src pathset L0%0%1=>Lfor.cond%2%1[mu 8, delta 5] as correlation candidate for L0%0%1=>L1%1%0[mu 1, delta 1] at L0%0%1_L0%0%1
</MSG>
<MSG>0:27 : Attempting correlation of src pathset L0%0%1=>Lfor.cond%2%1[mu 8, delta 6] as correlation candidate for L0%0%1=>L1%1%0[mu 1, delta 1] at L0%0%1_L0%0%1
</MSG>
<MSG>0:27 : Attempting correlation of src pathset L0%0%1=>Lfor.cond%2%1[mu 8, delta 7] as correlation candidate for L0%0%1=>L1%1%0[mu 1, delta 1] at L0%0%1_L0%0%1
</MSG>
<MSG>0:28 : Attempting correlation of src pathset L0%0%1=>Lfor.cond%2%1[mu 8, delta 8] as correlation candidate for L0%0%1=>L1%1%0[mu 1, delta 1] at L0%0%1_L0%0%1
</MSG>
<MSG>0:28 : Found 8 feasible correlations for paths to src pc Lfor.cond%2%1 as correlation candidates for L0%0%1=>L1%1%0[mu 1, delta 1] at L0%0%1_L0%0%1
</MSG>
<MSG>0:28 : Considering 8 paths to src pc Lfor.body%1%1 as correlation candidates for L0%0%1=>L1%1%0[mu 1, delta 1] at L0%0%1_L0%0%1
</MSG>
<MSG>0:28 : Attempting correlation of src pathset L0%0%1=>Lfor.body%1%1[mu 8, delta 1] as correlation candidate for L0%0%1=>L1%1%0[mu 1, delta 1] at L0%0%1_L0%0%1
</MSG>
<MSG>0:28 : Attempting correlation of src pathset L0%0%1=>Lfor.body%1%1[mu 8, delta 2] as correlation candidate for L0%0%1=>L1%1%0[mu 1, delta 1] at L0%0%1_L0%0%1
</MSG>
<MSG>0:28 : Attempting correlation of src pathset L0%0%1=>Lfor.body%1%1[mu 8, delta 3] as correlation candidate for L0%0%1=>L1%1%0[mu 1, delta 1] at L0%0%1_L0%0%1
</MSG>
<MSG>0:28 : Attempting correlation of src pathset L0%0%1=>Lfor.body%1%1[mu 8, delta 4] as correlation candidate for L0%0%1=>L1%1%0[mu 1, delta 1] at L0%0%1_L0%0%1
</MSG>
<MSG>0:28 : Attempting correlation of src pathset L0%0%1=>Lfor.body%1%1[mu 8, delta 5] as correlation candidate for L0%0%1=>L1%1%0[mu 1, delta 1] at L0%0%1_L0%0%1
</MSG>
<MSG>0:28 : Attempting correlation of src pathset L0%0%1=>Lfor.body%1%1[mu 8, delta 6] as correlation candidate for L0%0%1=>L1%1%0[mu 1, delta 1] at L0%0%1_L0%0%1
</MSG>
<MSG>0:28 : Attempting correlation of src pathset L0%0%1=>Lfor.body%1%1[mu 8, delta 7] as correlation candidate for L0%0%1=>L1%1%0[mu 1, delta 1] at L0%0%1_L0%0%1
</MSG>
<MSG>0:28 : Attempting correlation of src pathset L0%0%1=>Lfor.body%1%1[mu 8, delta 8] as correlation candidate for L0%0%1=>L1%1%0[mu 1, delta 1] at L0%0%1_L0%0%1
</MSG>
<MSG>0:28 : Found 8 feasible correlations for paths to src pc Lfor.body%1%1 as correlation candidates for L0%0%1=>L1%1%0[mu 1, delta 1] at L0%0%1_L0%0%1
</MSG>
<MSG>0:28 : Considering 1 paths to src pc Lfor.end%1%1 as correlation candidates for L0%0%1=>L1%1%0[mu 1, delta 1] at L0%0%1_L0%0%1
</MSG>
<MSG>0:28 : Attempting correlation of src pathset L0%0%1=>Lfor.end%1%1[mu 8, delta 1] as correlation candidate for L0%0%1=>L1%1%0[mu 1, delta 1] at L0%0%1_L0%0%1
</MSG>
<MSG>0:28 : Found 1 feasible correlations for paths to src pc Lfor.end%1%1 as correlation candidates for L0%0%1=>L1%1%0[mu 1, delta 1] at L0%0%1_L0%0%1
</MSG>
<MSG>0:28 : product-TFG s2244: Found 26 correlations for L0%0%1=>L1%1%0[mu 1, delta 1] starting at L0%0%1_L0%0%1
</MSG>
<MSG>0:28 : product-TFG s2244 created 26 possibilities in group s2244.A...</MSG>
<MSG>0:28 : Chose product-TFG s2244.A1 from a frontier of size 26...</MSG>
<cg>
  Edges: L0%0%1_L0%0%1=>L0%0%1_L1%1%0 (C L0%0%1 => C L0%0%1 at mu 0 delta 0, A line 11 => A line 19 at mu 1 delta 1)
  Nodes: L0%0%1_L0%0%1 (C L0%0%1, A line 11)
                L0%0%1_L0%0%1 contains 0 counterexamples (for correlating 0 bv exprs)
         L0%0%1_L1%1%0 (C L0%0%1, A line 19)
                L0%0%1_L1%1%0 contains 0 counterexamples (for correlating 20 bv exprs)
                false

</cg>
<MSG>0:29 : s2244.A1: checked newly added edge and inferred invariants...</MSG>
<MSG>0:29 : s2244.A1: Chosen CG is still the most promising correlation entry; proceeding with it...</MSG>
<MSG>0:29 : product-TFG s2244.A1: Enumerating correlations for L1%1%0=>L1%1%0[mu 1, delta 1] starting at L0%0%1_L1%1%0
</MSG>
<MSG>0:29 : Considering 8 paths to src pc Lfor.cond%1%0 as correlation candidates for L1%1%0=>L1%1%0[mu 1, delta 1] at L0%0%1_L1%1%0
</MSG>
<MSG>0:29 : Attempting correlation of src pathset L0%0%1=>Lfor.cond%1%0[mu 8, delta 1] as correlation candidate for L1%1%0=>L1%1%0[mu 1, delta 1] at L0%0%1_L1%1%0
</MSG>
<MSG>0:29 : Failed correlation of src pathset L0%0%1=>Lfor.cond%1%0[mu 8, delta 1] as correlation candidate for L1%1%0=>L1%1%0[mu 1, delta 1] at L0%0%1_L1%1%0: failcond = invariant_state_instability
</MSG>
<MSG>0:29 : Attempting correlation of src pathset L0%0%1=>Lfor.cond%1%0[mu 8, delta 2] as correlation candidate for L1%1%0=>L1%1%0[mu 1, delta 1] at L0%0%1_L1%1%0
</MSG>
<MSG>0:29 : Failed correlation of src pathset L0%0%1=>Lfor.cond%1%0[mu 8, delta 2] as correlation candidate for L1%1%0=>L1%1%0[mu 1, delta 1] at L0%0%1_L1%1%0: failcond = invariant_state_instability
</MSG>
<MSG>0:29 : Attempting correlation of src pathset L0%0%1=>Lfor.cond%1%0[mu 8, delta 3] as correlation candidate for L1%1%0=>L1%1%0[mu 1, delta 1] at L0%0%1_L1%1%0
</MSG>
<MSG>0:29 : Failed correlation of src pathset L0%0%1=>Lfor.cond%1%0[mu 8, delta 3] as correlation candidate for L1%1%0=>L1%1%0[mu 1, delta 1] at L0%0%1_L1%1%0: failcond = invariant_state_instability
</MSG>
<MSG>0:29 : Attempting correlation of src pathset L0%0%1=>Lfor.cond%1%0[mu 8, delta 4] as correlation candidate for L1%1%0=>L1%1%0[mu 1, delta 1] at L0%0%1_L1%1%0
</MSG>
<MSG>0:30 : Failed correlation of src pathset L0%0%1=>Lfor.cond%1%0[mu 8, delta 4] as correlation candidate for L1%1%0=>L1%1%0[mu 1, delta 1] at L0%0%1_L1%1%0: failcond = invariant_state_instability
</MSG>
<MSG>0:30 : Attempting correlation of src pathset L0%0%1=>Lfor.cond%1%0[mu 8, delta 5] as correlation candidate for L1%1%0=>L1%1%0[mu 1, delta 1] at L0%0%1_L1%1%0
</MSG>
<MSG>0:30 : Attempting correlation of src pathset L0%0%1=>Lfor.cond%1%0[mu 8, delta 6] as correlation candidate for L1%1%0=>L1%1%0[mu 1, delta 1] at L0%0%1_L1%1%0
</MSG>
<MSG>0:31 : Failed correlation of src pathset L0%0%1=>Lfor.cond%1%0[mu 8, delta 6] as correlation candidate for L1%1%0=>L1%1%0[mu 1, delta 1] at L0%0%1_L1%1%0: failcond = invariant_state_instability
</MSG>
<MSG>0:31 : Attempting correlation of src pathset L0%0%1=>Lfor.cond%1%0[mu 8, delta 7] as correlation candidate for L1%1%0=>L1%1%0[mu 1, delta 1] at L0%0%1_L1%1%0
</MSG>
<MSG>0:31 : Failed correlation of src pathset L0%0%1=>Lfor.cond%1%0[mu 8, delta 7] as correlation candidate for L1%1%0=>L1%1%0[mu 1, delta 1] at L0%0%1_L1%1%0: failcond = invariant_state_instability
</MSG>
<MSG>0:31 : Attempting correlation of src pathset L0%0%1=>Lfor.cond%1%0[mu 8, delta 8] as correlation candidate for L1%1%0=>L1%1%0[mu 1, delta 1] at L0%0%1_L1%1%0
</MSG>
<MSG>0:32 : Failed correlation of src pathset L0%0%1=>Lfor.cond%1%0[mu 8, delta 8] as correlation candidate for L1%1%0=>L1%1%0[mu 1, delta 1] at L0%0%1_L1%1%0: failcond = invariant_state_instability
</MSG>
<MSG>0:32 : Found 1 feasible correlations for paths to src pc Lfor.cond%1%0 as correlation candidates for L1%1%0=>L1%1%0[mu 1, delta 1] at L0%0%1_L1%1%0
</MSG>
<MSG>0:32 : Considering 8 paths to src pc Lfor.cond%2%1 as correlation candidates for L1%1%0=>L1%1%0[mu 1, delta 1] at L0%0%1_L1%1%0
</MSG>
<MSG>0:32 : Attempting correlation of src pathset L0%0%1=>Lfor.cond%2%1[mu 8, delta 1] as correlation candidate for L1%1%0=>L1%1%0[mu 1, delta 1] at L0%0%1_L1%1%0
</MSG>
<MSG>0:32 : Failed correlation of src pathset L0%0%1=>Lfor.cond%2%1[mu 8, delta 1] as correlation candidate for L1%1%0=>L1%1%0[mu 1, delta 1] at L0%0%1_L1%1%0: failcond = invariant_state_instability
</MSG>
<MSG>0:32 : Attempting correlation of src pathset L0%0%1=>Lfor.cond%2%1[mu 8, delta 2] as correlation candidate for L1%1%0=>L1%1%0[mu 1, delta 1] at L0%0%1_L1%1%0
</MSG>
<MSG>0:32 : Failed correlation of src pathset L0%0%1=>Lfor.cond%2%1[mu 8, delta 2] as correlation candidate for L1%1%0=>L1%1%0[mu 1, delta 1] at L0%0%1_L1%1%0: failcond = invariant_state_instability
</MSG>
<MSG>0:32 : Attempting correlation of src pathset L0%0%1=>Lfor.cond%2%1[mu 8, delta 3] as correlation candidate for L1%1%0=>L1%1%0[mu 1, delta 1] at L0%0%1_L1%1%0
</MSG>
<MSG>0:32 : Failed correlation of src pathset L0%0%1=>Lfor.cond%2%1[mu 8, delta 3] as correlation candidate for L1%1%0=>L1%1%0[mu 1, delta 1] at L0%0%1_L1%1%0: failcond = invariant_state_instability
</MSG>
<MSG>0:32 : Attempting correlation of src pathset L0%0%1=>Lfor.cond%2%1[mu 8, delta 4] as correlation candidate for L1%1%0=>L1%1%0[mu 1, delta 1] at L0%0%1_L1%1%0
</MSG>
<MSG>0:32 : Failed correlation of src pathset L0%0%1=>Lfor.cond%2%1[mu 8, delta 4] as correlation candidate for L1%1%0=>L1%1%0[mu 1, delta 1] at L0%0%1_L1%1%0: failcond = invariant_state_instability
</MSG>
<MSG>0:32 : Attempting correlation of src pathset L0%0%1=>Lfor.cond%2%1[mu 8, delta 5] as correlation candidate for L1%1%0=>L1%1%0[mu 1, delta 1] at L0%0%1_L1%1%0
</MSG>
<MSG>0:33 : Attempting correlation of src pathset L0%0%1=>Lfor.cond%2%1[mu 8, delta 6] as correlation candidate for L1%1%0=>L1%1%0[mu 1, delta 1] at L0%0%1_L1%1%0
</MSG>
<MSG>0:33 : Failed correlation of src pathset L0%0%1=>Lfor.cond%2%1[mu 8, delta 6] as correlation candidate for L1%1%0=>L1%1%0[mu 1, delta 1] at L0%0%1_L1%1%0: failcond = invariant_state_instability
</MSG>
<MSG>0:33 : Attempting correlation of src pathset L0%0%1=>Lfor.cond%2%1[mu 8, delta 7] as correlation candidate for L1%1%0=>L1%1%0[mu 1, delta 1] at L0%0%1_L1%1%0
</MSG>
<MSG>0:34 : Failed correlation of src pathset L0%0%1=>Lfor.cond%2%1[mu 8, delta 7] as correlation candidate for L1%1%0=>L1%1%0[mu 1, delta 1] at L0%0%1_L1%1%0: failcond = invariant_state_instability
</MSG>
<MSG>0:34 : Attempting correlation of src pathset L0%0%1=>Lfor.cond%2%1[mu 8, delta 8] as correlation candidate for L1%1%0=>L1%1%0[mu 1, delta 1] at L0%0%1_L1%1%0
</MSG>
<MSG>0:34 : Failed correlation of src pathset L0%0%1=>Lfor.cond%2%1[mu 8, delta 8] as correlation candidate for L1%1%0=>L1%1%0[mu 1, delta 1] at L0%0%1_L1%1%0: failcond = invariant_state_instability
</MSG>
<MSG>0:34 : Found 1 feasible correlations for paths to src pc Lfor.cond%2%1 as correlation candidates for L1%1%0=>L1%1%0[mu 1, delta 1] at L0%0%1_L1%1%0
</MSG>
<MSG>0:34 : Considering 8 paths to src pc Lfor.body%1%1 as correlation candidates for L1%1%0=>L1%1%0[mu 1, delta 1] at L0%0%1_L1%1%0
</MSG>
<MSG>0:34 : Attempting correlation of src pathset L0%0%1=>Lfor.body%1%1[mu 8, delta 1] as correlation candidate for L1%1%0=>L1%1%0[mu 1, delta 1] at L0%0%1_L1%1%0
</MSG>
<MSG>0:34 : Failed correlation of src pathset L0%0%1=>Lfor.body%1%1[mu 8, delta 1] as correlation candidate for L1%1%0=>L1%1%0[mu 1, delta 1] at L0%0%1_L1%1%0: failcond = invariant_state_instability
</MSG>
<MSG>0:34 : Attempting correlation of src pathset L0%0%1=>Lfor.body%1%1[mu 8, delta 2] as correlation candidate for L1%1%0=>L1%1%0[mu 1, delta 1] at L0%0%1_L1%1%0
</MSG>
<MSG>0:35 : Failed correlation of src pathset L0%0%1=>Lfor.body%1%1[mu 8, delta 2] as correlation candidate for L1%1%0=>L1%1%0[mu 1, delta 1] at L0%0%1_L1%1%0: failcond = invariant_state_instability
</MSG>
<MSG>0:35 : Attempting correlation of src pathset L0%0%1=>Lfor.body%1%1[mu 8, delta 3] as correlation candidate for L1%1%0=>L1%1%0[mu 1, delta 1] at L0%0%1_L1%1%0
</MSG>
<MSG>0:35 : Failed correlation of src pathset L0%0%1=>Lfor.body%1%1[mu 8, delta 3] as correlation candidate for L1%1%0=>L1%1%0[mu 1, delta 1] at L0%0%1_L1%1%0: failcond = invariant_state_instability
</MSG>
<MSG>0:35 : Attempting correlation of src pathset L0%0%1=>Lfor.body%1%1[mu 8, delta 4] as correlation candidate for L1%1%0=>L1%1%0[mu 1, delta 1] at L0%0%1_L1%1%0
</MSG>
<MSG>0:35 : Failed correlation of src pathset L0%0%1=>Lfor.body%1%1[mu 8, delta 4] as correlation candidate for L1%1%0=>L1%1%0[mu 1, delta 1] at L0%0%1_L1%1%0: failcond = invariant_state_instability
</MSG>
<MSG>0:35 : Attempting correlation of src pathset L0%0%1=>Lfor.body%1%1[mu 8, delta 5] as correlation candidate for L1%1%0=>L1%1%0[mu 1, delta 1] at L0%0%1_L1%1%0
</MSG>
<MSG>0:36 : Attempting correlation of src pathset L0%0%1=>Lfor.body%1%1[mu 8, delta 6] as correlation candidate for L1%1%0=>L1%1%0[mu 1, delta 1] at L0%0%1_L1%1%0
</MSG>
<MSG>0:36 : Failed correlation of src pathset L0%0%1=>Lfor.body%1%1[mu 8, delta 6] as correlation candidate for L1%1%0=>L1%1%0[mu 1, delta 1] at L0%0%1_L1%1%0: failcond = invariant_state_instability
</MSG>
<MSG>0:36 : Attempting correlation of src pathset L0%0%1=>Lfor.body%1%1[mu 8, delta 7] as correlation candidate for L1%1%0=>L1%1%0[mu 1, delta 1] at L0%0%1_L1%1%0
</MSG>
<MSG>0:36 : Failed correlation of src pathset L0%0%1=>Lfor.body%1%1[mu 8, delta 7] as correlation candidate for L1%1%0=>L1%1%0[mu 1, delta 1] at L0%0%1_L1%1%0: failcond = invariant_state_instability
</MSG>
<MSG>0:36 : Attempting correlation of src pathset L0%0%1=>Lfor.body%1%1[mu 8, delta 8] as correlation candidate for L1%1%0=>L1%1%0[mu 1, delta 1] at L0%0%1_L1%1%0
</MSG>
<MSG>0:37 : Failed correlation of src pathset L0%0%1=>Lfor.body%1%1[mu 8, delta 8] as correlation candidate for L1%1%0=>L1%1%0[mu 1, delta 1] at L0%0%1_L1%1%0: failcond = invariant_state_instability
</MSG>
<MSG>0:37 : Found 1 feasible correlations for paths to src pc Lfor.body%1%1 as correlation candidates for L1%1%0=>L1%1%0[mu 1, delta 1] at L0%0%1_L1%1%0
</MSG>
<MSG>0:37 : Considering 1 paths to src pc Lfor.end%1%1 as correlation candidates for L1%1%0=>L1%1%0[mu 1, delta 1] at L0%0%1_L1%1%0
</MSG>
<MSG>0:37 : Attempting correlation of src pathset L0%0%1=>Lfor.end%1%1[mu 8, delta 1] as correlation candidate for L1%1%0=>L1%1%0[mu 1, delta 1] at L0%0%1_L1%1%0
</MSG>
<MSG>0:37 : Failed correlation of src pathset L0%0%1=>Lfor.end%1%1[mu 8, delta 1] as correlation candidate for L1%1%0=>L1%1%0[mu 1, delta 1] at L0%0%1_L1%1%0: failcond = compute_well_formedness_conditions_for_edge for L0%0%1_L1%1%0=>Lfor.end%1%1_L1%1%0[ src: ((L0%0%1=>Lfor.cond%1%0)*((Lfor.cond%1%0=>Lfor.cond%2%1)*(((Lfor.cond%2%1=>Lfor.body%1%1)*((Lfor.body%1%1=>Lfor.cond%1%0)*((Lfor.cond%1%0=>Lfor.cond%2%1)*(((Lfor.cond%2%1=>Lfor.body%1%1)*((Lfor.body%1%1=>Lfor.cond%1%0)*((Lfor.cond%1%0=>Lfor.cond%2%1)*(((Lfor.cond%2%1=>Lfor.body%1%1)*((Lfor.body%1%1=>Lfor.cond%1%0)*((Lfor.cond%1%0=>Lfor.cond%2%1)*(((Lfor.cond%2%1=>Lfor.body%1%1)*((Lfor.body%1%1=>Lfor.cond%1%0)*((Lfor.cond%1%0=>Lfor.cond%2%1)*(((Lfor.cond%2%1=>Lfor.body%1%1)*((Lfor.body%1%1=>Lfor.cond%1%0)*((Lfor.cond%1%0=>Lfor.cond%2%1)*(((Lfor.cond%2%1=>Lfor.body%1%1)*((Lfor.body%1%1=>Lfor.cond%1%0)*((Lfor.cond%1%0=>Lfor.cond%2%1)*(((Lfor.cond%2%1=>Lfor.body%1%1)*((Lfor.body%1%1=>Lfor.cond%1%0)*((Lfor.cond%1%0=>Lfor.cond%2%1)*(Lfor.cond%2%1=>Lfor.end%1%1))))+(Lfor.cond%2%1=>Lfor.end%1%1)))))+(Lfor.cond%2%1=>Lfor.end%1%1)))))+(Lfor.cond%2%1=>Lfor.end%1%1)))))+(Lfor.cond%2%1=>Lfor.end%1%1)))))+(Lfor.cond%2%1=>Lfor.end%1%1)))))+(Lfor.cond%2%1=>Lfor.end%1%1)))))+(Lfor.cond%2%1=>Lfor.end%1%1)))); dst: ((L1%1%0=>L9%1%1)*(L9%1%1=>L1%1%0))]
</MSG>
<MSG>0:37 : Found 0 feasible correlations for paths to src pc Lfor.end%1%1 as correlation candidates for L1%1%0=>L1%1%0[mu 1, delta 1] at L0%0%1_L1%1%0
</MSG>
<MSG>0:37 : product-TFG s2244.A1: Found 3 correlations for L1%1%0=>L1%1%0[mu 1, delta 1] starting at L0%0%1_L1%1%0
</MSG>
<MSG>0:37 : product-TFG s2244.A1 created 3 possibilities in group s2244.A1.B...</MSG>
<MSG>0:37 : Chose product-TFG s2244.A1.B3 from a frontier of size 28...</MSG>
<cg>
  Edges: L0%0%1_L0%0%1=>L0%0%1_L1%1%0 (C L0%0%1 => C L0%0%1 at mu 0 delta 0, A line 11 => A line 19 at mu 1 delta 1)
         L0%0%1_L1%1%0=>Lfor.body%1%1_L1%1%0 (C L0%0%1 => C (line 10 at column 13) at mu 8 delta 5, A line 19 => A line 19 at mu 1 delta 1)
  Nodes: L0%0%1_L0%0%1 (C L0%0%1, A line 11)
                L0%0%1_L0%0%1 contains 39 counterexamples (for correlating 0 bv exprs)
         L0%0%1_L1%1%0 (C L0%0%1, A line 19)
                L0%0%1_L1%1%0 contains 22 counterexamples (for correlating 20 bv exprs)
                SRCMEM{@b,@c,heap,@e,@a} = DSTMEM{@b,@c,heap,@e,@a}
                (-36868) = (%esp - %eax)
                (-36868) = (SPL0%1%1 - %eax)
                return-address = DSTMEM[SPentry]_4
                %eax = 0
                (%eax <=_s 0)
                (%eax <= 0)
                (%eax >=_s 0)
         Lfor.body%1%1_L1%1%0 (C (line 10 at column 13), A line 19)
                Lfor.body%1%1_L1%1%0 contains 20 counterexamples (for correlating 58 bv exprs)
                SRCMEM{@b,@c,heap,@e,@a} = DSTMEM{@b,@c,heap,@e,@a}
                return-address = DSTMEM[SPentry]_4
                (SRCMEM[(@e + i*4 + 12)]_4*1869993841 + SRCMEM[(@c + i*4 + 12)]_4*4995424 - SRCMEM[(@e + i*4 + 24)]_4*23063705 - SRCMEM[(@e + i*4 + 28)]_4*1774698965) = DSTMEM[(@c + 127984)]_4
                (-36868) = %esp
                bvmul(SRCMEM[(@e + i*4 + 12)]_4, (-1591360611)) + bvmul(SRCMEM[(@c + i*4 + 12)]_4, 16592586) + bvmul(SRCMEM[(@e + i*4 + 24)]_4, (-2031470690)) + bvmul(SRCMEM[(@e + i*4 + 28)]_4, (-1815240452)) = SRCMEM[(@e + i*4 + 20)]_4
                bvmul(SRCMEM[(@e + i*4 + 12)]_4, (-1242888094)) + bvmul(SRCMEM[(@c + i*4 + 12)]_4, 13680952) + bvmul(SRCMEM[(@e + i*4 + 24)]_4, 33319011) + bvmul(SRCMEM[(@e + i*4 + 28)]_4, (-1548319996)) = SRCMEM[(@c + i*4)]_4
                SRCMEM[(@c + i*4)]_4 = SRCMEM[(@b + i*4 + 16)]_4
                0..((i + 8) <_s 31999) = 1
                SRCMEM[(@e + i*4 + 8)]_4 = SRCMEM[(@c + i*4 + 24)]_4
                0..((i + 3) <_s 31999) = 1
                0..((i + 5) <_s 31999) = 1
                bvmul(SRCMEM[(@e + i*4 + 12)]_4[3:0], (-7)) = SRCMEM[(@e + i*4 + 24)]_4[3:0]
                bvmul(SRCMEM[(@e + i*4 + 12)]_4, 705788994) + bvmul(SRCMEM[(@c + i*4 + 12)]_4, 6078330) + bvmul(SRCMEM[(@e + i*4 + 24)]_4, (-692779625)) + bvmul(SRCMEM[(@e + i*4 + 28)]_4, (-1940386642)) = SRCMEM[(@b + i*4)]_4
                0..((i + 1) <_s 31999) = 1
                0..((i + 7) <_s 31999) = 1
                SRCMEM[(@c + i*4 + 12)]_4 = SRCMEM[(@b + i*4 + 28)]_4
                SRCMEM[(@c + 4 + i*4)]_4 = SRCMEM[(@b + i*4 + 20)]_4
                0..((i + 2) <_s 31999) = 1
                bvmul(SRCMEM[(@e + i*4 + 12)]_4, 581403281) + bvmul(SRCMEM[(@c + i*4 + 12)]_4, 1673054) + bvmul(SRCMEM[(@e + i*4 + 24)]_4, (-1230365850)) + bvmul(SRCMEM[(@e + i*4 + 28)]_4, 213945900) = SRCMEM[(@c + 4 + i*4)]_4
                bvmul((-75), SRCMEM[(@e + i*4 + 12)]_1) + bvmul(76, SRCMEM[(@e + i*4 + 24)]_1) = SRCMEM[(@e + i*4 + 28)]_1
                bvmul(SRCMEM[(@e + i*4 + 12)]_4, 1385059728) + bvmul(SRCMEM[(@c + i*4 + 12)]_4, 9068639) + bvmul(SRCMEM[(@e + i*4 + 24)]_4, (-1587865754)) + bvmul(SRCMEM[(@e + i*4 + 28)]_4, (-373725652)) = SRCMEM[(@b + 4 + i*4)]_4
                SRCMEM[(@e + i*4)]_4 = SRCMEM[(@c + i*4 + 16)]_4
                bvmul(SRCMEM[(@e + i*4 + 12)]_4, (-569561679)) + bvmul(SRCMEM[(@c + i*4 + 12)]_4, 9390109) + bvmul(SRCMEM[(@e + i*4 + 24)]_4, (-1856746959)) + bvmul(SRCMEM[(@e + i*4 + 28)]_4, 949312130) = SRCMEM[(@b + i*4 + 8)]_4
                bvmul(SRCMEM[(@e + i*4 + 12)]_4, (-1392884177)) + bvmul(SRCMEM[(@c + i*4 + 12)]_4, 4044327) + bvmul(SRCMEM[(@e + i*4 + 24)]_4, (-862432509)) + bvmul(SRCMEM[(@e + i*4 + 28)]_4, 666251048) = SRCMEM[(@e + i*4)]_4
                16 = %eax
                SRCMEM[(@e + i*4 + 12)]_4 = SRCMEM[(@c + i*4 + 28)]_4
                SRCMEM[(@e + 4 + i*4)]_4 = SRCMEM[(@c + i*4 + 20)]_4
                0..((i + 4) <_s 31999) = 1
                0..(i <_s 31999) = 1
                0..((i + 6) <_s 31999) = 1
                bvmul(SRCMEM[(@e + i*4 + 12)]_4, (-683587873)) + bvmul(SRCMEM[(@c + i*4 + 12)]_4, 841539) + bvmul(SRCMEM[(@e + i*4 + 24)]_4, (-1194747595)) + bvmul(SRCMEM[(@e + i*4 + 28)]_4, 1333158314) = SRCMEM[(@c + i*4 + 8)]_4
                bvmul(SRCMEM[(@e + i*4 + 12)]_4, (-1612262657)) + bvmul(SRCMEM[(@c + i*4 + 12)]_4, 7395585) + bvmul(SRCMEM[(@e + i*4 + 24)]_4, (-89064447)) + bvmul(SRCMEM[(@e + i*4 + 28)]_4, (-587671552)) = SRCMEM[(@e + i*4 + 8)]_4
                i = 4
                bvmul(117, SRCMEM[(@e + i*4 + 12)]_1) + bvmul((-92), SRCMEM[(@e + i*4 + 24)]_1) + bvmul(104, SRCMEM[(@e + i*4 + 28)]_1) = SRCMEM[(@c + i*4 + 12)]_1
                SRCMEM[(@c + i*4 + 8)]_4 = SRCMEM[(@b + i*4 + 24)]_4
                (-36868) = SPL0%1%1
                bvmul(SRCMEM[(@e + i*4 + 12)]_4, 124385713) + bvmul(SRCMEM[(@c + i*4 + 12)]_4, 4405276) + bvmul(SRCMEM[(@e + i*4 + 24)]_4, 537586226) + bvmul(SRCMEM[(@e + i*4 + 28)]_4, 2140634754) = SRCMEM[(@e + 4 + i*4)]_4
                bvmul(SRCMEM[(@e + i*4 + 12)]_4, (-14257184)) + bvmul(SRCMEM[(@c + i*4 + 12)]_4, 9174595) + bvmul(SRCMEM[(@e + i*4 + 24)]_4, 817405236) + bvmul(SRCMEM[(@e + i*4 + 28)]_4, (-2136897110)) = SRCMEM[(@b + i*4 + 12)]_4
                bvmul(SRCMEM[(@e + i*4 + 12)]_4, 953406031) + bvmul(SRCMEM[(@c + i*4 + 12)]_4, 11646949) + bvmul(SRCMEM[(@e + i*4 + 24)]_4, (-136333873)) + bvmul(SRCMEM[(@e + i*4 + 28)]_4, 1058317694) = SRCMEM[(@e + i*4 + 16)]_4
                (%eax >=_s 16)
                (%eax <= 16)
                (%eax >= 16)
                (%eax <=_s 16)
                (i <=_s 4)
                (i >= 4)
                (i >=_s 4)
                (i <= 4)
                ismemlabel((i*4 + 1610485864), 4, memlabel-mem-symbol.2.0)
                ismemlabel((i*4 + 134090836), 4, memlabel-mem-symbol.4.0)
                ismemlabel((i*4 + 134090832), 4, memlabel-mem-symbol.4.0)
                ismemlabel((i*4 + 1610485856), 4, memlabel-mem-symbol.2.0)
                ismemlabel((i*4 + 2147221572), 4, memlabel-mem-symbol.1.0)
                ismemlabel((i*4 + 2147221584), 4, memlabel-mem-symbol.1.0)
                ismemlabel((i*4 + 134090844), 4, memlabel-mem-symbol.4.0)
                ismemlabel((i*4 + 1610485872), 4, memlabel-mem-symbol.2.0)
                ismemlabel((i*4 + 134090852), 4, memlabel-mem-symbol.4.0)
                ismemlabel((i*4 + 1610485880), 4, memlabel-mem-symbol.2.0)
                ismemlabel((i*4 + 2147221592), 4, memlabel-mem-symbol.1.0)
                ismemlabel((i*4 + 2147221580), 4, memlabel-mem-symbol.1.0)
                ismemlabel((i*4 + 2147221596), 4, memlabel-mem-symbol.1.0)
                ismemlabel((i*4 + 2147221576), 4, memlabel-mem-symbol.1.0)
                ismemlabel((i*4 + 134090856), 4, memlabel-mem-symbol.4.0)
                ismemlabel((i*4 + 134090860), 4, memlabel-mem-symbol.4.0)
                ismemlabel((i*4 + 1610485884), 4, memlabel-mem-symbol.2.0)
                ismemlabel((i*4 + 134090848), 4, memlabel-mem-symbol.4.0)
                ismemlabel((i*4 + 2147221588), 4, memlabel-mem-symbol.1.0)
                ismemlabel((i*4 + 1610485876), 4, memlabel-mem-symbol.2.0)
                ismemlabel((i*4 + 2147221568), 4, memlabel-mem-symbol.1.0)
                ismemlabel((i*4 + 134090840), 4, memlabel-mem-symbol.4.0)
                ismemlabel((i*4 + 1610485868), 4, memlabel-mem-symbol.2.0)
                ismemlabel((i*4 + 1610485860), 4, memlabel-mem-symbol.2.0)

</cg>
<MSG>0:47 : s2244.A1.B3: checked newly added edge and inferred invariants...</MSG>
<MSG>0:47 : s2244.A1.B3: Chosen CG is still the most promising correlation entry; proceeding with it...</MSG>
<MSG>0:48 : product-TFG s2244.A1.B3: Enumerating correlations for L1%1%0=>L1%1%0[mu 1, delta 1] starting at Lfor.body%1%1_L1%1%0
</MSG>
<MSG>0:48 : Considering 8 paths to src pc Lfor.cond%1%0 as correlation candidates for L1%1%0=>L1%1%0[mu 1, delta 1] at Lfor.body%1%1_L1%1%0
</MSG>
<MSG>0:48 : Attempting correlation of src pathset Lfor.body%1%1=>Lfor.cond%1%0[mu 8, delta 1] as correlation candidate for L1%1%0=>L1%1%0[mu 1, delta 1] at Lfor.body%1%1_L1%1%0
</MSG>
<MSG>0:48 : Failed correlation of src pathset Lfor.body%1%1=>Lfor.cond%1%0[mu 8, delta 1] as correlation candidate for L1%1%0=>L1%1%0[mu 1, delta 1] at Lfor.body%1%1_L1%1%0: failcond = invariant_state_instability
</MSG>
<MSG>0:48 : Attempting correlation of src pathset Lfor.body%1%1=>Lfor.cond%1%0[mu 8, delta 2] as correlation candidate for L1%1%0=>L1%1%0[mu 1, delta 1] at Lfor.body%1%1_L1%1%0
</MSG>
<MSG>0:48 : Failed correlation of src pathset Lfor.body%1%1=>Lfor.cond%1%0[mu 8, delta 2] as correlation candidate for L1%1%0=>L1%1%0[mu 1, delta 1] at Lfor.body%1%1_L1%1%0: failcond = invariant_state_instability
</MSG>
<MSG>0:48 : Attempting correlation of src pathset Lfor.body%1%1=>Lfor.cond%1%0[mu 8, delta 3] as correlation candidate for L1%1%0=>L1%1%0[mu 1, delta 1] at Lfor.body%1%1_L1%1%0
</MSG>
<MSG>0:49 : Failed correlation of src pathset Lfor.body%1%1=>Lfor.cond%1%0[mu 8, delta 3] as correlation candidate for L1%1%0=>L1%1%0[mu 1, delta 1] at Lfor.body%1%1_L1%1%0: failcond = invariant_state_instability
</MSG>
<MSG>0:49 : Attempting correlation of src pathset Lfor.body%1%1=>Lfor.cond%1%0[mu 8, delta 4] as correlation candidate for L1%1%0=>L1%1%0[mu 1, delta 1] at Lfor.body%1%1_L1%1%0
</MSG>
<MSG>0:51 : Attempting correlation of src pathset Lfor.body%1%1=>Lfor.cond%1%0[mu 8, delta 5] as correlation candidate for L1%1%0=>L1%1%0[mu 1, delta 1] at Lfor.body%1%1_L1%1%0
</MSG>
<MSG>0:51 : Failed correlation of src pathset Lfor.body%1%1=>Lfor.cond%1%0[mu 8, delta 5] as correlation candidate for L1%1%0=>L1%1%0[mu 1, delta 1] at Lfor.body%1%1_L1%1%0: failcond = invariant_state_instability
</MSG>
<MSG>0:51 : Attempting correlation of src pathset Lfor.body%1%1=>Lfor.cond%1%0[mu 8, delta 6] as correlation candidate for L1%1%0=>L1%1%0[mu 1, delta 1] at Lfor.body%1%1_L1%1%0
</MSG>
<MSG>0:52 : Failed correlation of src pathset Lfor.body%1%1=>Lfor.cond%1%0[mu 8, delta 6] as correlation candidate for L1%1%0=>L1%1%0[mu 1, delta 1] at Lfor.body%1%1_L1%1%0: failcond = invariant_state_instability
</MSG>
<MSG>0:52 : Attempting correlation of src pathset Lfor.body%1%1=>Lfor.cond%1%0[mu 8, delta 7] as correlation candidate for L1%1%0=>L1%1%0[mu 1, delta 1] at Lfor.body%1%1_L1%1%0
</MSG>
<MSG>0:53 : Failed correlation of src pathset Lfor.body%1%1=>Lfor.cond%1%0[mu 8, delta 7] as correlation candidate for L1%1%0=>L1%1%0[mu 1, delta 1] at Lfor.body%1%1_L1%1%0: failcond = invariant_state_instability
</MSG>
<MSG>0:53 : Attempting correlation of src pathset Lfor.body%1%1=>Lfor.cond%1%0[mu 8, delta 8] as correlation candidate for L1%1%0=>L1%1%0[mu 1, delta 1] at Lfor.body%1%1_L1%1%0
</MSG>
<MSG>0:54 : Failed correlation of src pathset Lfor.body%1%1=>Lfor.cond%1%0[mu 8, delta 8] as correlation candidate for L1%1%0=>L1%1%0[mu 1, delta 1] at Lfor.body%1%1_L1%1%0: failcond = invariant_state_instability
</MSG>
<MSG>0:54 : Found 1 feasible correlations for paths to src pc Lfor.cond%1%0 as correlation candidates for L1%1%0=>L1%1%0[mu 1, delta 1] at Lfor.body%1%1_L1%1%0
</MSG>
<MSG>0:54 : Considering 8 paths to src pc Lfor.cond%2%1 as correlation candidates for L1%1%0=>L1%1%0[mu 1, delta 1] at Lfor.body%1%1_L1%1%0
</MSG>
<MSG>0:54 : Attempting correlation of src pathset Lfor.body%1%1=>Lfor.cond%2%1[mu 8, delta 1] as correlation candidate for L1%1%0=>L1%1%0[mu 1, delta 1] at Lfor.body%1%1_L1%1%0
</MSG>
<MSG>0:54 : Failed correlation of src pathset Lfor.body%1%1=>Lfor.cond%2%1[mu 8, delta 1] as correlation candidate for L1%1%0=>L1%1%0[mu 1, delta 1] at Lfor.body%1%1_L1%1%0: failcond = invariant_state_instability
</MSG>
<MSG>0:54 : Attempting correlation of src pathset Lfor.body%1%1=>Lfor.cond%2%1[mu 8, delta 2] as correlation candidate for L1%1%0=>L1%1%0[mu 1, delta 1] at Lfor.body%1%1_L1%1%0
</MSG>
<MSG>0:54 : Failed correlation of src pathset Lfor.body%1%1=>Lfor.cond%2%1[mu 8, delta 2] as correlation candidate for L1%1%0=>L1%1%0[mu 1, delta 1] at Lfor.body%1%1_L1%1%0: failcond = invariant_state_instability
</MSG>
<MSG>0:54 : Attempting correlation of src pathset Lfor.body%1%1=>Lfor.cond%2%1[mu 8, delta 3] as correlation candidate for L1%1%0=>L1%1%0[mu 1, delta 1] at Lfor.body%1%1_L1%1%0
</MSG>
<MSG>0:55 : Failed correlation of src pathset Lfor.body%1%1=>Lfor.cond%2%1[mu 8, delta 3] as correlation candidate for L1%1%0=>L1%1%0[mu 1, delta 1] at Lfor.body%1%1_L1%1%0: failcond = invariant_state_instability
</MSG>
<MSG>0:55 : Attempting correlation of src pathset Lfor.body%1%1=>Lfor.cond%2%1[mu 8, delta 4] as correlation candidate for L1%1%0=>L1%1%0[mu 1, delta 1] at Lfor.body%1%1_L1%1%0
</MSG>
<MSG>0:56 : Attempting correlation of src pathset Lfor.body%1%1=>Lfor.cond%2%1[mu 8, delta 5] as correlation candidate for L1%1%0=>L1%1%0[mu 1, delta 1] at Lfor.body%1%1_L1%1%0
</MSG>
<MSG>0:56 : Failed correlation of src pathset Lfor.body%1%1=>Lfor.cond%2%1[mu 8, delta 5] as correlation candidate for L1%1%0=>L1%1%0[mu 1, delta 1] at Lfor.body%1%1_L1%1%0: failcond = invariant_state_instability
</MSG>
<MSG>0:56 : Attempting correlation of src pathset Lfor.body%1%1=>Lfor.cond%2%1[mu 8, delta 6] as correlation candidate for L1%1%0=>L1%1%0[mu 1, delta 1] at Lfor.body%1%1_L1%1%0
</MSG>
<MSG>0:57 : Failed correlation of src pathset Lfor.body%1%1=>Lfor.cond%2%1[mu 8, delta 6] as correlation candidate for L1%1%0=>L1%1%0[mu 1, delta 1] at Lfor.body%1%1_L1%1%0: failcond = invariant_state_instability
</MSG>
<MSG>0:57 : Attempting correlation of src pathset Lfor.body%1%1=>Lfor.cond%2%1[mu 8, delta 7] as correlation candidate for L1%1%0=>L1%1%0[mu 1, delta 1] at Lfor.body%1%1_L1%1%0
</MSG>
<MSG>0:58 : Failed correlation of src pathset Lfor.body%1%1=>Lfor.cond%2%1[mu 8, delta 7] as correlation candidate for L1%1%0=>L1%1%0[mu 1, delta 1] at Lfor.body%1%1_L1%1%0: failcond = invariant_state_instability
</MSG>
<MSG>0:58 : Attempting correlation of src pathset Lfor.body%1%1=>Lfor.cond%2%1[mu 8, delta 8] as correlation candidate for L1%1%0=>L1%1%0[mu 1, delta 1] at Lfor.body%1%1_L1%1%0
</MSG>
<MSG>0:59 : Failed correlation of src pathset Lfor.body%1%1=>Lfor.cond%2%1[mu 8, delta 8] as correlation candidate for L1%1%0=>L1%1%0[mu 1, delta 1] at Lfor.body%1%1_L1%1%0: failcond = invariant_state_instability
</MSG>
<MSG>0:59 : Found 1 feasible correlations for paths to src pc Lfor.cond%2%1 as correlation candidates for L1%1%0=>L1%1%0[mu 1, delta 1] at Lfor.body%1%1_L1%1%0
</MSG>
<MSG>0:59 : Considering 9 paths to src pc Lfor.body%1%1 as correlation candidates for L1%1%0=>L1%1%0[mu 1, delta 1] at Lfor.body%1%1_L1%1%0
</MSG>
<MSG>0:59 : Attempting correlation of src pathset Lfor.body%1%1=>Lfor.body%1%1[mu 8, delta 0] as correlation candidate for L1%1%0=>L1%1%0[mu 1, delta 1] at Lfor.body%1%1_L1%1%0
</MSG>
<MSG>0:59 : Failed correlation of src pathset Lfor.body%1%1=>Lfor.body%1%1[mu 8, delta 0] as correlation candidate for L1%1%0=>L1%1%0[mu 1, delta 1] at Lfor.body%1%1_L1%1%0: failcond = invariant_state_instability
</MSG>
<MSG>0:59 : Attempting correlation of src pathset Lfor.body%1%1=>Lfor.body%1%1[mu 8, delta 1] as correlation candidate for L1%1%0=>L1%1%0[mu 1, delta 1] at Lfor.body%1%1_L1%1%0
</MSG>
<MSG>0:59 : Failed correlation of src pathset Lfor.body%1%1=>Lfor.body%1%1[mu 8, delta 1] as correlation candidate for L1%1%0=>L1%1%0[mu 1, delta 1] at Lfor.body%1%1_L1%1%0: failcond = invariant_state_instability
</MSG>
<MSG>0:59 : Attempting correlation of src pathset Lfor.body%1%1=>Lfor.body%1%1[mu 8, delta 2] as correlation candidate for L1%1%0=>L1%1%0[mu 1, delta 1] at Lfor.body%1%1_L1%1%0
</MSG>
<MSG>1:00 : Failed correlation of src pathset Lfor.body%1%1=>Lfor.body%1%1[mu 8, delta 2] as correlation candidate for L1%1%0=>L1%1%0[mu 1, delta 1] at Lfor.body%1%1_L1%1%0: failcond = invariant_state_instability
</MSG>
<MSG>1:00 : Attempting correlation of src pathset Lfor.body%1%1=>Lfor.body%1%1[mu 8, delta 3] as correlation candidate for L1%1%0=>L1%1%0[mu 1, delta 1] at Lfor.body%1%1_L1%1%0
</MSG>
<MSG>1:00 : Failed correlation of src pathset Lfor.body%1%1=>Lfor.body%1%1[mu 8, delta 3] as correlation candidate for L1%1%0=>L1%1%0[mu 1, delta 1] at Lfor.body%1%1_L1%1%0: failcond = invariant_state_instability
</MSG>
<MSG>1:00 : Attempting correlation of src pathset Lfor.body%1%1=>Lfor.body%1%1[mu 8, delta 4] as correlation candidate for L1%1%0=>L1%1%0[mu 1, delta 1] at Lfor.body%1%1_L1%1%0
</MSG>
<MSG>1:02 : Attempting correlation of src pathset Lfor.body%1%1=>Lfor.body%1%1[mu 8, delta 5] as correlation candidate for L1%1%0=>L1%1%0[mu 1, delta 1] at Lfor.body%1%1_L1%1%0
</MSG>
<MSG>1:02 : Failed correlation of src pathset Lfor.body%1%1=>Lfor.body%1%1[mu 8, delta 5] as correlation candidate for L1%1%0=>L1%1%0[mu 1, delta 1] at Lfor.body%1%1_L1%1%0: failcond = invariant_state_instability
</MSG>
<MSG>1:02 : Attempting correlation of src pathset Lfor.body%1%1=>Lfor.body%1%1[mu 8, delta 6] as correlation candidate for L1%1%0=>L1%1%0[mu 1, delta 1] at Lfor.body%1%1_L1%1%0
</MSG>
<MSG>1:03 : Failed correlation of src pathset Lfor.body%1%1=>Lfor.body%1%1[mu 8, delta 6] as correlation candidate for L1%1%0=>L1%1%0[mu 1, delta 1] at Lfor.body%1%1_L1%1%0: failcond = invariant_state_instability
</MSG>
<MSG>1:03 : Attempting correlation of src pathset Lfor.body%1%1=>Lfor.body%1%1[mu 8, delta 7] as correlation candidate for L1%1%0=>L1%1%0[mu 1, delta 1] at Lfor.body%1%1_L1%1%0
</MSG>
<MSG>1:04 : Failed correlation of src pathset Lfor.body%1%1=>Lfor.body%1%1[mu 8, delta 7] as correlation candidate for L1%1%0=>L1%1%0[mu 1, delta 1] at Lfor.body%1%1_L1%1%0: failcond = invariant_state_instability
</MSG>
<MSG>1:04 : Attempting correlation of src pathset Lfor.body%1%1=>Lfor.body%1%1[mu 8, delta 8] as correlation candidate for L1%1%0=>L1%1%0[mu 1, delta 1] at Lfor.body%1%1_L1%1%0
</MSG>
<MSG>1:05 : Failed correlation of src pathset Lfor.body%1%1=>Lfor.body%1%1[mu 8, delta 8] as correlation candidate for L1%1%0=>L1%1%0[mu 1, delta 1] at Lfor.body%1%1_L1%1%0: failcond = invariant_state_instability
</MSG>
<MSG>1:05 : Found 1 feasible correlations for paths to src pc Lfor.body%1%1 as correlation candidates for L1%1%0=>L1%1%0[mu 1, delta 1] at Lfor.body%1%1_L1%1%0
</MSG>
<MSG>1:05 : Considering 1 paths to src pc Lfor.end%1%1 as correlation candidates for L1%1%0=>L1%1%0[mu 1, delta 1] at Lfor.body%1%1_L1%1%0
</MSG>
<MSG>1:05 : Attempting correlation of src pathset Lfor.body%1%1=>Lfor.end%1%1[mu 8, delta 1] as correlation candidate for L1%1%0=>L1%1%0[mu 1, delta 1] at Lfor.body%1%1_L1%1%0
</MSG>
<MSG>1:05 : Failed correlation of src pathset Lfor.body%1%1=>Lfor.end%1%1[mu 8, delta 1] as correlation candidate for L1%1%0=>L1%1%0[mu 1, delta 1] at Lfor.body%1%1_L1%1%0: failcond = compute_well_formedness_conditions_for_edge for Lfor.body%1%1_L1%1%0=>Lfor.end%1%1_L1%1%0[ src: ((Lfor.body%1%1=>Lfor.cond%1%0)*((Lfor.cond%1%0=>Lfor.cond%2%1)*(((Lfor.cond%2%1=>Lfor.body%1%1)*((Lfor.body%1%1=>Lfor.cond%1%0)*((Lfor.cond%1%0=>Lfor.cond%2%1)*(((Lfor.cond%2%1=>Lfor.body%1%1)*((Lfor.body%1%1=>Lfor.cond%1%0)*((Lfor.cond%1%0=>Lfor.cond%2%1)*(((Lfor.cond%2%1=>Lfor.body%1%1)*((Lfor.body%1%1=>Lfor.cond%1%0)*((Lfor.cond%1%0=>Lfor.cond%2%1)*(((Lfor.cond%2%1=>Lfor.body%1%1)*((Lfor.body%1%1=>Lfor.cond%1%0)*((Lfor.cond%1%0=>Lfor.cond%2%1)*(((Lfor.cond%2%1=>Lfor.body%1%1)*((Lfor.body%1%1=>Lfor.cond%1%0)*((Lfor.cond%1%0=>Lfor.cond%2%1)*(((Lfor.cond%2%1=>Lfor.body%1%1)*((Lfor.body%1%1=>Lfor.cond%1%0)*((Lfor.cond%1%0=>Lfor.cond%2%1)*(((Lfor.cond%2%1=>Lfor.body%1%1)*((Lfor.body%1%1=>Lfor.cond%1%0)*((Lfor.cond%1%0=>Lfor.cond%2%1)*(Lfor.cond%2%1=>Lfor.end%1%1))))+(Lfor.cond%2%1=>Lfor.end%1%1)))))+(Lfor.cond%2%1=>Lfor.end%1%1)))))+(Lfor.cond%2%1=>Lfor.end%1%1)))))+(Lfor.cond%2%1=>Lfor.end%1%1)))))+(Lfor.cond%2%1=>Lfor.end%1%1)))))+(Lfor.cond%2%1=>Lfor.end%1%1)))))+(Lfor.cond%2%1=>Lfor.end%1%1)))); dst: ((L1%1%0=>L9%1%1)*(L9%1%1=>L1%1%0))]
</MSG>
<MSG>1:05 : Found 0 feasible correlations for paths to src pc Lfor.end%1%1 as correlation candidates for L1%1%0=>L1%1%0[mu 1, delta 1] at Lfor.body%1%1_L1%1%0
</MSG>
<MSG>1:05 : product-TFG s2244.A1.B3: Found 3 correlations for L1%1%0=>L1%1%0[mu 1, delta 1] starting at Lfor.body%1%1_L1%1%0
</MSG>
<MSG>1:05 : product-TFG s2244.A1.B3 created 3 possibilities in group s2244.A1.B3.C...</MSG>
<MSG>1:05 : Chose product-TFG s2244.A1.B3.C3 from a frontier of size 30...</MSG>
<cg>
  Edges: L0%0%1_L0%0%1=>L0%0%1_L1%1%0 (C L0%0%1 => C L0%0%1 at mu 0 delta 0, A line 11 => A line 19 at mu 1 delta 1)
         L0%0%1_L1%1%0=>Lfor.body%1%1_L1%1%0 (C L0%0%1 => C (line 10 at column 13) at mu 8 delta 5, A line 19 => A line 19 at mu 1 delta 1)
         Lfor.body%1%1_L1%1%0=>Lfor.body%1%1_L1%1%0 (C (line 10 at column 13) => C (line 10 at column 13) at mu 8 delta 4, A line 19 => A line 19 at mu 1 delta 1)
  Nodes: L0%0%1_L0%0%1 (C L0%0%1, A line 11)
                L0%0%1_L0%0%1 contains 39 counterexamples (for correlating 0 bv exprs)
         L0%0%1_L1%1%0 (C L0%0%1, A line 19)
                L0%0%1_L1%1%0 contains 22 counterexamples (for correlating 20 bv exprs)
                SRCMEM{@b,@c,heap,@e,@a} = DSTMEM{@b,@c,heap,@e,@a}
                (-36868) = (%esp - %eax)
                (-36868) = (SPL0%1%1 - %eax)
                return-address = DSTMEM[SPentry]_4
                %eax = 0
                (%eax <=_s 0)
                (%eax <= 0)
                (%eax >=_s 0)
         Lfor.body%1%1_L1%1%0 (C (line 10 at column 13), A line 19)
                Lfor.body%1%1_L1%1%0 contains 55 counterexamples (for correlating 58 bv exprs)
                SRCMEM{@b,@c,heap,@e,@a} = DSTMEM{@b,@c,heap,@e,@a}
                0..((i + 3) <_s 31999) = 1
                0..((i + 1) <_s 31999) = 1
                return-address = DSTMEM[SPentry]_4
                bvmul(i, 4) = %eax
                0..((i + 8) <_s 31999) = 1
                0..((i + 2) <_s 31999) = 1
                0..(i <_s 31999) = 1
                i[1:0] = 0
                (-36868) = SPL0%1%1
                (-36868) = %esp
                0..((i + 6) <_s 31999) = 1
                0..((i + 4) <_s 31999) = 1
                0..((i + 5) <_s 31999) = 1
                0..((i + 7) <_s 31999) = 1
                (%eax <=_s 64)
                (i >= 4)
                (i <=_s 16)
                (i <= 16)
                (%eax >= 16)
                (i >=_s 4)
                (%eax <= 64)
                (%eax >=_s 16)
                ismemlabel((i*4 + 1610485856), 4, memlabel-mem-symbol.2.0)
                ismemlabel((i*4 + 2147221568), 4, memlabel-mem-symbol.1.0)
                ismemlabel((i*4 + 134090832), 4, memlabel-mem-symbol.4.0)
                ismemlabel((i*4 + 2147221572), 4, memlabel-mem-symbol.1.0)
                ismemlabel((i*4 + 2147221584), 4, memlabel-mem-symbol.1.0)
                ismemlabel((i*4 + 2147221576), 4, memlabel-mem-symbol.1.0)
                ismemlabel((i*4 + 134090848), 4, memlabel-mem-symbol.4.0)
                ismemlabel((i*4 + 1610485872), 4, memlabel-mem-symbol.2.0)
                ismemlabel((i*4 + 2147221588), 4, memlabel-mem-symbol.1.0)
                ismemlabel((i*4 + 1610485880), 4, memlabel-mem-symbol.2.0)
                ismemlabel((i*4 + 2147221596), 4, memlabel-mem-symbol.1.0)
                ismemlabel((i*4 + 1610485868), 4, memlabel-mem-symbol.2.0)
                ismemlabel((i*4 + 134090856), 4, memlabel-mem-symbol.4.0)
                ismemlabel((i*4 + 134090840), 4, memlabel-mem-symbol.4.0)
                ismemlabel((i*4 + 134090852), 4, memlabel-mem-symbol.4.0)
                ismemlabel((i*4 + 134090860), 4, memlabel-mem-symbol.4.0)
                ismemlabel((i*4 + 134090836), 4, memlabel-mem-symbol.4.0)
                ismemlabel((i*4 + 134090844), 4, memlabel-mem-symbol.4.0)
                ismemlabel((i*4 + 1610485876), 4, memlabel-mem-symbol.2.0)
                ismemlabel((i*4 + 1610485884), 4, memlabel-mem-symbol.2.0)
                ismemlabel((i*4 + 2147221592), 4, memlabel-mem-symbol.1.0)
                ismemlabel((i*4 + 1610485860), 4, memlabel-mem-symbol.2.0)
                ismemlabel((i*4 + 1610485864), 4, memlabel-mem-symbol.2.0)
                ismemlabel((i*4 + 2147221580), 4, memlabel-mem-symbol.1.0)

</cg>

ERROR_KILLED_TERM
