argv[0] = /home/adityanathan/superopt-project/superopt/build/etfg_i386/eq
argv[1] = --unroll-factor
argv[2] = 16
argv[3] = --proof
argv[4] = logs/s243_s243.clang.eqchecker.O3.i386.ALL.proof
argv[5] = -f
argv[6] = ALL
argv[7] = /home/adityanathan/superopt-project/superopt-tests/TSVC_prior_work/s243.c
argv[8] = /home/adityanathan/superopt-project/superopt-tests/build/TSVC_prior_work/s243.clang.eqchecker.O3.i386.s
argv[0] = /home/adityanathan/superopt-project/usr/local/bin/clang
argv[1] = -Xclang
argv[2] = -disable-llvm-passes
argv[3] = -Xclang
argv[4] = -disable-O0-optnone
argv[5] = -c
argv[6] = -g
argv[7] = -emit-llvm
argv[8] = -O0
argv[9] = /home/adityanathan/superopt-project/superopt-tests/TSVC_prior_work/s243.c
argv[10] = -o
argv[11] = /home/adityanathan/superopt-project/superopt-tests/TSVC_prior_work/s243.c.bc.tmp
argv[12] = -m32

<MSG>0:00 : Converting LLVM IR bitcode to Transfer Function Graph (TFG) for function s243</MSG>
 /home/adityanathan/superopt-project/usr/local/bin/harvest32 -functions_only -live_callee_save -allow_unsupported -no_canonicalize_imms -no_eliminate_unreachable_bbls -no_eliminate_duplicates -f ALL -o /home/adityanathan/superopt-project/superopt-tests/build/TSVC_prior_work/s243.clang.eqchecker.O3.i386.s.o.harvest -l /home/adityanathan/superopt-project/superopt-tests/build/TSVC_prior_work/s243.clang.eqchecker.O3.i386.s.o.harvest.log /home/adityanathan/superopt-project/superopt-tests/build/TSVC_prior_work/s243.clang.eqchecker.O3.i386.s.o
 /home/adityanathan/superopt-project/usr/local/bin/eqgen32 -tfg_llvm /home/adityanathan/superopt-project/superopt-tests/TSVC_prior_work/s243.c.bc.etfg -l /home/adityanathan/superopt-project/superopt-tests/build/TSVC_prior_work/s243.clang.eqchecker.O3.i386.s.o.harvest.log -o /home/adityanathan/superopt-project/superopt-tests/build/TSVC_prior_work/s243.clang.eqchecker.O3.i386.s.o.tfg -e /home/adityanathan/superopt-project/superopt-tests/build/TSVC_prior_work/s243.clang.eqchecker.O3.i386.s.o -f ALL /home/adityanathan/superopt-project/superopt-tests/build/TSVC_prior_work/s243.clang.eqchecker.O3.i386.s.o.harvest
graph_with_predicates 89: name = src.llvm.s243, pcs size 100
graph_with_simplified_assets 14: name = src.llvm.s243, pcs size 100
tfg 202: name = src.llvm.s243, pcs size 100
tfg_llvm_t 274: all_pcs = (size 100): L0%0%1 Lentry%1%1 Lentry%1%100003 Lentry%1%100004 Lentry%1%100005 Lentry%1%100006 Lfor.cond%1%0 Lfor.cond%1%1 Lfor.cond%2%1 Lfor.cond%2%100003 Lfor.cond%2%100004 Lfor.cond%2%100005 Lfor.cond%2%100006 Lfor.body%1%1 Lfor.body%1%100003 Lfor.body%1%100004 Lfor.body%1%100005 Lfor.body%2%1 Lfor.body%2%100003 Lfor.body%3%1 Lfor.body%3%100003 Lfor.body%3%100004 Lfor.body%3%100005 Lfor.body%4%1 Lfor.body%4%100003 Lfor.body%5%1 Lfor.body%5%100003 Lfor.body%5%100004 Lfor.body%5%100005 Lfor.body%6%1 Lfor.body%6%100003 Lfor.body%7%1 Lfor.body%8%1 Lfor.body%9%1 Lfor.body%9%100003 Lfor.body%9%100004 Lfor.body%9%100005 Lfor.body%10%1 Lfor.body%11%1 Lfor.body%11%100003 Lfor.body%11%100004 Lfor.body%11%100005 Lfor.body%12%1 Lfor.body%12%100003 Lfor.body%13%1 Lfor.body%13%100003 Lfor.body%13%100004 Lfor.body%13%100005 Lfor.body%14%1 Lfor.body%14%100003 Lfor.body%15%1 Lfor.body%15%100003 Lfor.body%15%100004 Lfor.body%15%100005 Lfor.body%16%1 Lfor.body%16%100003 Lfor.body%17%1 Lfor.body%18%1 Lfor.body%19%1 Lfor.body%19%100003 Lfor.body%19%100004 Lfor.body%19%100005 Lfor.body%20%1 Lfor.body%21%1 Lfor.body%21%100003 Lfor.body%21%100004 Lfor.body%21%100005 Lfor.body%22%1 Lfor.body%22%100003 Lfor.body%23%1 Lfor.body%24%1 Lfor.body%24%100003 Lfor.body%24%100004 Lfor.body%24%100005 Lfor.body%25%1 Lfor.body%25%100003 Lfor.body%26%1 Lfor.body%26%100003 Lfor.body%26%100004 Lfor.body%26%100005 Lfor.body%27%1 Lfor.body%27%100003 Lfor.body%28%1 Lfor.body%29%1 Lfor.body%30%1 Lfor.body%30%100003 Lfor.body%30%100004 Lfor.body%30%100005 Lfor.body%31%1 Lfor.body%32%1 Lfor.body%32%100003 Lfor.body%32%100004 Lfor.end%1%1 Lfor.inc%1%1 Lfor.inc%2%1 Lfor.inc%2%100003 Lfor.inc%2%100004 Lfor.inc%2%100005 Lfor.inc%2%100006 E0%0%1
main 459:Printing stats:

expr_simplify_solver: num_starts 8166 time spent: 0:0:0 [0.219812]
expr_simplify_syntactic: num_starts 8166 time spent: 0:0:0 [0.083857]
insn_md_assemble: num_starts 102 time spent: 0:0:0 [0.000098]
expr_linear_relation_holds_visit: num_starts 6624 time spent: 0:0:0 [0.030227]
expr_is_consts_struct_constant: num_starts 53235 time spent: 0:0:0 [0.011013]
graph_loc_get_value: num_starts 3140 time spent: 0:0:0 [0.012989]
manager_register_object: num_starts 1098259 time spent: 0:0:0 [0.331473]
manager_deregister_object: num_starts 30374 time spent: 0:0:0 [0.058640]
expr_do_simplify_helper: num_starts 17223 time spent: 0:0:0 [0.430187]
expr_do_simplify_helper_cache: num_starts 17223 time spent: 0:0:0 [0.005504]
expr_prune_obviously_false_branches_using_assume_clause_visitor_cache: num_starts 294 time spent: 0:0:0 [0.000035]
expr_prune_obviously_false_branches_using_assume_clause_visitor: num_starts 294 time spent: 0:0:0 [0.000230]
expr_evaluates_to_constant: num_starts 30187 time spent: 0:0:0 [0.024236]
is_overlapping_syntactic_using_lhs_set_and_precond: num_starts 268 time spent: 0:0:0 [0.020839]
is_overlapping_atoms_pair_syntactic: num_starts 268 time spent: 0:0:0 [0.018828]
total: num_starts 1 time spent: 0:0:14 [14.543847]
num_syntactic_match_tests = 0.
num_execution_tests = 0.
num_boolean_tests = 0.
fingerprinting rate: 0.00 per second (total), -nan per second (itable_enumerate_timer), -nan per second (excluding execution/boolean tests).

timers:
etfg_init.: 0s (num_starts 1)
context_constructor.init.: 1e-06s (num_starts 1)
i386_init_costfns.: 6e-06s (num_starts 1)
context_constructor.solver.: 1.5e-05s (num_starts 1)
vconstants_alloc.: 1.8e-05s (num_starts 1)
context_constructor.: 2.4e-05s (num_starts 1)
i386_iseq_copy.: 3.1e-05s (num_starts 1)
alias_val_t::constructor_with_map_arg.: 3.5e-05s (num_starts 112)
graph_locs_add_location_memmasked.: 6.4e-05s (num_starts 28)
lr_status_meet.: 7.4e-05s (num_starts 50)
allocate_stack_memory_at_start_pc.: 8.4e-05s (num_starts 1)
dst_iseq_inv_rename.: 0.000121s (num_starts 1)
regmap_assign_using_regcons.: 0.000136s (num_starts 1)
x86_assemble.: 0.000139s (num_starts 1)
graph_locs_add_all_llvmvars.: 0.000167s (num_starts 4)
peep_preprocess_using_regmap.: 0.000287s (num_starts 51)
i386_infer_regcons_from_assembly.: 0.00039s (num_starts 1)
determinize_value_expr_map.: 0.000415s (num_starts 564)
imm_vt_map_copy.: 0.000492s (num_starts 3312)
alias_val_meet.: 0.000513s (num_starts 110)
dst_iseq_disassemble_with_bin_offsets.: 0.000582s (num_starts 1)
populate_branch_affecting_locs.: 0.000669s (num_starts 1)
tfg::collect_assumes_around_edge.: 0.001067s (num_starts 210)
i386_insn_init_constants.: 0.001406s (num_starts 1)
dst_iseq_from_string.: 0.001741s (num_starts 1)
gas_init.: 0.002091s (num_starts 1)
compute_sprel_relations.: 0.002247s (num_starts 6)
expr_label_memlabels_using_memlabel_map_visitor.memaccess.: 0.002735s (num_starts 1188)
propagate_sprels.: 0.002997s (num_starts 6)
avail_exprs_analysis.meet.: 0.003015s (num_starts 408)
expr_represents_llvm_undef.: 0.004201s (num_starts 1975)
graph_edge_composition_get_edge_cond.: 0.004241s (num_starts 100)
tfg_suffixpath_get_expr_helper.: 0.004285s (num_starts 100)
populate_simplified_to_state.: 0.004701s (num_starts 2)
opctable_init.: 0.004826s (num_starts 1)
graph_locs_add_all_exvregs.: 0.005097s (num_starts 4)
populate_locid2expr_map.: 0.008721s (num_starts 5)
populate_memlabel_map.visit.: 0.01274s (num_starts 12570)
graph_add_location_slots_using_state_mem_acc_map.: 0.012851s (num_starts 4)
expr_simplify_using_sprel_and_memlabel_maps.sprel.: 0.014324s (num_starts 1900)
expr_linear_relation_holds::visit.var.: 0.02582s (num_starts 2094)
insn_db_list_get_all_matches.: 0.026273s (num_starts 51)
query:convert_to_z3.: 0.026469s (num_starts 1897)
insn_db_get_all_matches.: 0.026706s (num_starts 51)
compute_new_lr_status_on_locs.loc_lr_status.simplify_and_compute_lr_status.: 0.030151s (num_starts 486)
compute_new_lr_status_on_locs.: 0.031331s (num_starts 110)
src_usedef_tab_read_from_file.: 0.032494s (num_starts 1)
src_usedef_tab_init.: 0.032498s (num_starts 1)
graph_visit_exprs_const.const.: 0.032853s (num_starts 8)
graph_visit_exprs.: 0.036208s (num_starts 58)
compute_lr_status_for_expr.: 0.038476s (num_starts 1156)
expr_model_callee_readable_writeable_regions_in_fcalls_visitor.other.: 0.046615s (num_starts 47697)
canonicalize_expr_tree.: 0.059307s (num_starts 8166)
expr_simplify_using_sprel_pair_and_memlabel_maps.sprel.: 0.064215s (num_starts 4530)
expr_label_memlabels_using_memlabel_map_visitor.: 0.069845s (num_starts 87056)
graph_to_stream.: 0.070096s (num_starts 1)
expr_model_callee_readable_writeable_regions_in_fcalls_visitor.: 0.07813s (num_starts 87049)
xfer_and_meet.: 0.083863s (num_starts 660)
expr_simplify_syntactic().: 0.086812s (num_starts 8166)
populate_loc_liveness.: 0.086907s (num_starts 10)
query:convert_from_z3.: 0.089909s (num_starts 1897)
expr_model_callee_readable_writeable_regions_in_fcalls.: 0.115551s (num_starts 6430)
dst_insn_get_tfg.: 0.122722s (num_starts 51)
compute_loc_avail_exprs.: 0.148778s (num_starts 6)
query:simplify_internal.: 0.153965s (num_starts 1897)
query:simplify-z3.: 0.165555s (num_starts 1897)
parse_consts_db.: 0.186847s (num_starts 1)
edge_update_memlabel_map_for_mlvars.populate_memlabel_map.update_potentially_mod_locs.: 0.205681s (num_starts 110)
populate_locs_potentially_modified_on_edge.: 0.210747s (num_starts 6)
edge_update_memlabel_map_for_mlvars.populate_memlabel_map.: 0.225148s (num_starts 110)
edge_update_memlabel_map_for_mlvars.: 0.225368s (num_starts 110)
expr_simplify_using_sprel_and_memlabel_maps.model.: 0.231335s (num_starts 1900)
expr_simplify_using_sprel_pair_and_memlabel_maps.model.: 0.249411s (num_starts 4530)
alias_analysis.xfer_and_meet.: 0.257857s (num_starts 110)
split_memory_in_graph.: 0.273024s (num_starts 2)
expr_simplify_using_sprel_and_memlabel_maps.: 0.280674s (num_starts 1900)
populate_auxilliary_structures_dependent_on_locs.: 0.305411s (num_starts 4)
expr_simplify_using_sprel_pair_and_memlabel_maps.: 0.328839s (num_starts 4530)
expr_label_memlabels_using_memlabel_map_visitor.simplify.: 0.360083s (num_starts 6430)
refresh_graph_locs.: 0.393468s (num_starts 4)
expr_simplify_using_lhs_set_helper.: 0.421394s (num_starts 1004)
expr_do_simplify_using_lhs_set_and_precond.: 0.422248s (num_starts 1004)
init_graph_locs.: 0.738622s (num_starts 2)
split_memory_in_graph_initialize.: 0.740995s (num_starts 2)
split_memory_in_graph_and_propagate_sprels_until_fixpoint.: 1.12787s (num_starts 1)
total-preprocess-split_memory.: 1.12787s (num_starts 1)
total-preprocess.: 1.14049s (num_starts 1)
tfg_preprocess.dst.: 1.14307s (num_starts 1)
tfg_preprocess.: 1.14307s (num_starts 1)
dst_parse_sym_exec_db.: 2.1677s (num_starts 1)
dst_iseq_deserialize.: 3.59183s (num_starts 88172)
opc_init.: 4.00957s (num_starts 1)
i386_init.: 4.01175s (num_starts 1)
dst_usedef_tab_read_from_file.: 5.89081s (num_starts 1)
dst_usedef_tab_init.: 5.89081s (num_starts 1)
usedef_init.: 5.92332s (num_starts 1)

counters:

flags:

info:

Context stats:
exprs: count: 25057
sorts: count: 161
num_proof_queries: 0
num_proof_queries_answered_by_syntactic_check: 0
num_proof_queries_answered_by_counter_examples: 0
cache_stats:
m_simplify:
	----------- total:	17223
	        hit ratio:	0.941706
m_simplify_solver:
	----------- total:	8166
	        hit ratio:	0.767083
m_prune_obviously_false_branches_using_assume_clause:
	----------- total:	1034
	        hit ratio:	0.431335
m_z3_solver_simplify:
	----------- total:	1897
	        hit ratio:	0
m_z3_solver_simplify_internal:
	----------- total:	1897
	        hit ratio:	0
m_replace_donotsimplify_using_solver_expressions_by_free_vars:
	----------- total:	1902
	        hit ratio:	0
m_expr_size:
	----------- total:	17452
	        hit ratio:	0.878639
m_contains_only_constants_or_arguments_or_esp_versions:
	----------- total:	2316
	        hit ratio:	0.995682
m_expr_evaluates_to_constant_visitor:
	----------- total:	44614
	        hit ratio:	0.840611

stats 170:z3_solver expr_query_cache entry count: 0
histogram:

<MSG>0:00 : Converting C source code to LLVM IR bitcode...</MSG>
<MSG>0:00 : Converting LLVM IR bitcode to Transfer Function Graph (TFG)...</MSG>
<MSG>0:01 : Converting assembly code to object file...</MSG>
<MSG>0:01 : Harvesting object code to obtain harvested assembly...</MSG>
<MSG>0:11 : Converting harvested assembly to Transfer Function Graph (TFG)...</MSG>
<MSG>0:26 : Searching for equivalence at unroll factor 16</MSG>
graph_with_predicates 89: name = src.llvm.s243, pcs size 100
graph_with_simplified_assets 14: name = src.llvm.s243, pcs size 100
tfg 202: name = src.llvm.s243, pcs size 100
tfg_llvm_t 274: all_pcs = (size 100): L0%0%1 Lentry%1%1 Lentry%1%100003 Lentry%1%100004 Lentry%1%100005 Lentry%1%100006 Lfor.cond%1%0 Lfor.cond%1%1 Lfor.cond%2%1 Lfor.cond%2%100003 Lfor.cond%2%100004 Lfor.cond%2%100005 Lfor.cond%2%100006 Lfor.body%1%1 Lfor.body%1%100003 Lfor.body%1%100004 Lfor.body%1%100005 Lfor.body%2%1 Lfor.body%2%100003 Lfor.body%3%1 Lfor.body%3%100003 Lfor.body%3%100004 Lfor.body%3%100005 Lfor.body%4%1 Lfor.body%4%100003 Lfor.body%5%1 Lfor.body%5%100003 Lfor.body%5%100004 Lfor.body%5%100005 Lfor.body%6%1 Lfor.body%6%100003 Lfor.body%7%1 Lfor.body%8%1 Lfor.body%9%1 Lfor.body%9%100003 Lfor.body%9%100004 Lfor.body%9%100005 Lfor.body%10%1 Lfor.body%11%1 Lfor.body%11%100003 Lfor.body%11%100004 Lfor.body%11%100005 Lfor.body%12%1 Lfor.body%12%100003 Lfor.body%13%1 Lfor.body%13%100003 Lfor.body%13%100004 Lfor.body%13%100005 Lfor.body%14%1 Lfor.body%14%100003 Lfor.body%15%1 Lfor.body%15%100003 Lfor.body%15%100004 Lfor.body%15%100005 Lfor.body%16%1 Lfor.body%16%100003 Lfor.body%17%1 Lfor.body%18%1 Lfor.body%19%1 Lfor.body%19%100003 Lfor.body%19%100004 Lfor.body%19%100005 Lfor.body%20%1 Lfor.body%21%1 Lfor.body%21%100003 Lfor.body%21%100004 Lfor.body%21%100005 Lfor.body%22%1 Lfor.body%22%100003 Lfor.body%23%1 Lfor.body%24%1 Lfor.body%24%100003 Lfor.body%24%100004 Lfor.body%24%100005 Lfor.body%25%1 Lfor.body%25%100003 Lfor.body%26%1 Lfor.body%26%100003 Lfor.body%26%100004 Lfor.body%26%100005 Lfor.body%27%1 Lfor.body%27%100003 Lfor.body%28%1 Lfor.body%29%1 Lfor.body%30%1 Lfor.body%30%100003 Lfor.body%30%100004 Lfor.body%30%100005 Lfor.body%31%1 Lfor.body%32%1 Lfor.body%32%100003 Lfor.body%32%100004 Lfor.end%1%1 Lfor.inc%1%1 Lfor.inc%2%1 Lfor.inc%2%100003 Lfor.inc%2%100004 Lfor.inc%2%100005 Lfor.inc%2%100006 E0%0%1
graph_with_predicates 89: name = dst, pcs size 55
graph_with_simplified_assets 14: name = dst, pcs size 55
tfg 202: name = dst, pcs size 55
<MSG>0:27 : Computing equivalence for function: s243...</MSG>

ERROR_KILLED_TERM
