argv[0] = /home/adityanathan/superopt-project/superopt/build/etfg_i386/eq
argv[1] = --unroll-factor
argv[2] = 8
argv[3] = --proof
argv[4] = logs/s3251_s3251.gcc.eqchecker.O3.i386.ALL.proof
argv[5] = -f
argv[6] = ALL
argv[7] = /home/adityanathan/superopt-project/superopt-tests/TSVC_prior_work/s3251.c
argv[8] = /home/adityanathan/superopt-project/superopt-tests/build/TSVC_prior_work/s3251.gcc.eqchecker.O3.i386.s
argv[0] = /home/adityanathan/superopt-project/usr/local/bin/clang
argv[1] = -Xclang
argv[2] = -disable-llvm-passes
argv[3] = -Xclang
argv[4] = -disable-O0-optnone
argv[5] = -c
argv[6] = -g
argv[7] = -emit-llvm
argv[8] = -O0
argv[9] = /home/adityanathan/superopt-project/superopt-tests/TSVC_prior_work/s3251.c
argv[10] = -o
argv[11] = /home/adityanathan/superopt-project/superopt-tests/TSVC_prior_work/s3251.c.bc.tmp
argv[12] = -m32

<MSG>0:00 : Converting LLVM IR bitcode to Transfer Function Graph (TFG) for function s3251</MSG>
 /home/adityanathan/superopt-project/usr/local/bin/harvest32 -functions_only -live_callee_save -allow_unsupported -no_canonicalize_imms -no_eliminate_unreachable_bbls -no_eliminate_duplicates -f ALL -o /home/adityanathan/superopt-project/superopt-tests/build/TSVC_prior_work/s3251.gcc.eqchecker.O3.i386.s.o.harvest -l /home/adityanathan/superopt-project/superopt-tests/build/TSVC_prior_work/s3251.gcc.eqchecker.O3.i386.s.o.harvest.log /home/adityanathan/superopt-project/superopt-tests/build/TSVC_prior_work/s3251.gcc.eqchecker.O3.i386.s.o
 /home/adityanathan/superopt-project/usr/local/bin/eqgen32 -tfg_llvm /home/adityanathan/superopt-project/superopt-tests/TSVC_prior_work/s3251.c.bc.etfg -l /home/adityanathan/superopt-project/superopt-tests/build/TSVC_prior_work/s3251.gcc.eqchecker.O3.i386.s.o.harvest.log -o /home/adityanathan/superopt-project/superopt-tests/build/TSVC_prior_work/s3251.gcc.eqchecker.O3.i386.s.o.tfg -e /home/adityanathan/superopt-project/superopt-tests/build/TSVC_prior_work/s3251.gcc.eqchecker.O3.i386.s.o -f ALL /home/adityanathan/superopt-project/superopt-tests/build/TSVC_prior_work/s3251.gcc.eqchecker.O3.i386.s.o.harvest
tfg_llvm_t 274: all_pcs = (size 79): L0%0%1 Lentry%1%1 Lentry%1%100003 Lentry%1%100004 Lentry%1%100005 Lentry%1%100006 Lfor.cond%1%0 Lfor.cond%1%1 Lfor.cond%2%1 Lfor.cond%2%100003 Lfor.cond%2%100004 Lfor.cond%2%100005 Lfor.cond%2%100006 Lfor.body%1%1 Lfor.body%1%100003 Lfor.body%1%100004 Lfor.body%1%100005 Lfor.body%2%1 Lfor.body%2%100003 Lfor.body%3%1 Lfor.body%3%100003 Lfor.body%3%100004 Lfor.body%3%100005 Lfor.body%4%1 Lfor.body%4%100003 Lfor.body%5%1 Lfor.body%6%1 Lfor.body%7%1 Lfor.body%7%100003 Lfor.body%7%100004 Lfor.body%7%100005 Lfor.body%8%1 Lfor.body%9%1 Lfor.body%9%100003 Lfor.body%9%100004 Lfor.body%9%100005 Lfor.body%10%1 Lfor.body%10%100003 Lfor.body%11%1 Lfor.body%11%100003 Lfor.body%11%100004 Lfor.body%11%100005 Lfor.body%12%1 Lfor.body%12%100003 Lfor.body%13%1 Lfor.body%14%1 Lfor.body%14%100003 Lfor.body%14%100004 Lfor.body%14%100005 Lfor.body%15%1 Lfor.body%16%1 Lfor.body%16%100003 Lfor.body%16%100004 Lfor.body%16%100005 Lfor.body%17%1 Lfor.body%17%100003 Lfor.body%18%1 Lfor.body%18%100003 Lfor.body%18%100004 Lfor.body%18%100005 Lfor.body%19%1 Lfor.body%19%100003 Lfor.body%20%1 Lfor.body%21%1 Lfor.body%21%100003 Lfor.body%21%100004 Lfor.body%21%100005 Lfor.body%22%1 Lfor.body%23%1 Lfor.body%23%100003 Lfor.body%23%100004 Lfor.end%1%1 Lfor.inc%1%1 Lfor.inc%2%1 Lfor.inc%2%100003 Lfor.inc%2%100004 Lfor.inc%2%100005 Lfor.inc%2%100006 E0%0%1
main 459:Printing stats:

expr_simplify_solver: num_starts 6873 time spent: 0:0:0 [0.169337]
expr_simplify_syntactic: num_starts 6873 time spent: 0:0:0 [0.114560]
insn_md_assemble: num_starts 88 time spent: 0:0:0 [0.000088]
expr_linear_relation_holds_visit: num_starts 8894 time spent: 0:0:0 [0.037461]
expr_is_consts_struct_constant: num_starts 43616 time spent: 0:0:0 [0.008932]
graph_loc_get_value: num_starts 2586 time spent: 0:0:0 [0.014467]
manager_register_object: num_starts 921673 time spent: 0:0:0 [0.267791]
manager_deregister_object: num_starts 29132 time spent: 0:0:0 [0.039513]
expr_do_simplify_helper: num_starts 16389 time spent: 0:0:0 [0.376029]
expr_do_simplify_helper_cache: num_starts 16389 time spent: 0:0:0 [0.004852]
expr_prune_obviously_false_branches_using_assume_clause_visitor_cache: num_starts 142 time spent: 0:0:0 [0.000016]
expr_prune_obviously_false_branches_using_assume_clause_visitor: num_starts 142 time spent: 0:0:0 [0.000113]
expr_evaluates_to_constant: num_starts 35803 time spent: 0:0:0 [0.023176]
is_overlapping_syntactic_using_lhs_set_and_precond: num_starts 443 time spent: 0:0:0 [0.035327]
is_overlapping_atoms_pair_syntactic: num_starts 443 time spent: 0:0:0 [0.031714]
total: num_starts 1 time spent: 0:0:14 [14.598042]
num_syntactic_match_tests = 0.
num_execution_tests = 0.
num_boolean_tests = 0.
fingerprinting rate: 0.00 per second (total), -nan per second (itable_enumerate_timer), -nan per second (excluding execution/boolean tests).

timers:
etfg_init.: 0s (num_starts 1)
context_constructor.init.: 1e-06s (num_starts 1)
i386_init_costfns.: 6e-06s (num_starts 1)
context_constructor.solver.: 1e-05s (num_starts 1)
context_constructor.: 1.7e-05s (num_starts 1)
vconstants_alloc.: 1.7e-05s (num_starts 1)
i386_iseq_copy.: 2.6e-05s (num_starts 1)
alias_val_t::constructor_with_map_arg.: 3.3e-05s (num_starts 98)
lr_status_meet.: 7.1e-05s (num_starts 52)
graph_locs_add_location_memmasked.: 7.6e-05s (num_starts 35)
allocate_stack_memory_at_start_pc.: 7.9e-05s (num_starts 1)
x86_assemble.: 0.000126s (num_starts 1)
dst_iseq_inv_rename.: 0.000133s (num_starts 1)
regmap_assign_using_regcons.: 0.000145s (num_starts 1)
graph_locs_add_all_llvmvars.: 0.000161s (num_starts 5)
peep_preprocess_using_regmap.: 0.000228s (num_starts 44)
i386_infer_regcons_from_assembly.: 0.00029s (num_starts 1)
determinize_value_expr_map.: 0.000375s (num_starts 508)
imm_vt_map_copy.: 0.00047s (num_starts 3186)
alias_val_meet.: 0.000471s (num_starts 96)
dst_iseq_disassemble_with_bin_offsets.: 0.000616s (num_starts 1)
populate_branch_affecting_locs.: 0.000712s (num_starts 1)
tfg::collect_assumes_around_edge.: 0.000889s (num_starts 175)
i386_insn_init_constants.: 0.001404s (num_starts 1)
expr_label_memlabels_using_memlabel_map_visitor.memaccess.: 0.001536s (num_starts 643)
dst_iseq_from_string.: 0.001618s (num_starts 1)
gas_init.: 0.002071s (num_starts 1)
compute_sprel_relations.: 0.002878s (num_starts 7)
propagate_sprels.: 0.003727s (num_starts 7)
avail_exprs_analysis.meet.: 0.003777s (num_starts 350)
graph_locs_add_all_exvregs.: 0.003805s (num_starts 5)
expr_represents_llvm_undef.: 0.004657s (num_starts 2482)
opctable_init.: 0.004808s (num_starts 1)
graph_edge_composition_get_edge_cond.: 0.004909s (num_starts 79)
tfg_suffixpath_get_expr_helper.: 0.004985s (num_starts 79)
populate_memlabel_map.visit.: 0.006448s (num_starts 7008)
populate_simplified_to_state.: 0.00668s (num_starts 2)
expr_simplify_using_sprel_and_memlabel_maps.sprel.: 0.010883s (num_starts 1890)
populate_locid2expr_map.: 0.011105s (num_starts 6)
graph_add_location_slots_using_state_mem_acc_map.: 0.019749s (num_starts 5)
query:convert_to_z3.: 0.019804s (num_starts 1715)
graph_visit_exprs_const.const.: 0.020729s (num_starts 9)
graph_visit_exprs.: 0.021046s (num_starts 51)
insn_db_list_get_all_matches.: 0.026563s (num_starts 44)
insn_db_get_all_matches.: 0.026959s (num_starts 44)
expr_model_callee_readable_writeable_regions_in_fcalls_visitor.other.: 0.029695s (num_starts 30520)
expr_linear_relation_holds::visit.var.: 0.031948s (num_starts 2657)
src_usedef_tab_read_from_file.: 0.033201s (num_starts 1)
src_usedef_tab_init.: 0.033206s (num_starts 1)
canonicalize_expr_tree.: 0.037955s (num_starts 6873)
compute_new_lr_status_on_locs.loc_lr_status.simplify_and_compute_lr_status.: 0.042407s (num_starts 712)
expr_simplify_using_sprel_pair_and_memlabel_maps.sprel.: 0.043358s (num_starts 3805)
expr_label_memlabels_using_memlabel_map_visitor.: 0.043476s (num_starts 58137)
compute_new_lr_status_on_locs.: 0.043567s (num_starts 96)
compute_lr_status_for_expr.: 0.048861s (num_starts 1374)
expr_model_callee_readable_writeable_regions_in_fcalls_visitor.: 0.050802s (num_starts 58162)
graph_to_stream.: 0.055563s (num_starts 1)
query:convert_from_z3.: 0.069899s (num_starts 1715)
expr_model_callee_readable_writeable_regions_in_fcalls.: 0.075523s (num_starts 5695)
dst_insn_get_tfg.: 0.106521s (num_starts 44)
expr_simplify_syntactic().: 0.117001s (num_starts 6873)
query:simplify_internal.: 0.120692s (num_starts 1715)
expr_simplify_using_sprel_pair_and_memlabel_maps.model.: 0.125136s (num_starts 3805)
query:simplify-z3.: 0.129438s (num_starts 1715)
edge_update_memlabel_map_for_mlvars.populate_memlabel_map.update_potentially_mod_locs.: 0.131719s (num_starts 96)
compute_loc_avail_exprs.: 0.137032s (num_starts 7)
edge_update_memlabel_map_for_mlvars.populate_memlabel_map.: 0.141832s (num_starts 96)
edge_update_memlabel_map_for_mlvars.: 0.142032s (num_starts 96)
xfer_and_meet.: 0.145613s (num_starts 667)
populate_loc_liveness.: 0.148578s (num_starts 12)
expr_simplify_using_sprel_pair_and_memlabel_maps.: 0.173159s (num_starts 3805)
expr_simplify_using_sprel_and_memlabel_maps.model.: 0.181135s (num_starts 1890)
alias_analysis.xfer_and_meet.: 0.186664s (num_starts 96)
parse_consts_db.: 0.195593s (num_starts 1)
populate_locs_potentially_modified_on_edge.: 0.205511s (num_starts 7)
split_memory_in_graph.: 0.207496s (num_starts 2)
expr_simplify_using_sprel_and_memlabel_maps.: 0.216459s (num_starts 1890)
expr_label_memlabels_using_memlabel_map_visitor.simplify.: 0.226207s (num_starts 5695)
refresh_graph_locs.: 0.305226s (num_starts 5)
populate_auxilliary_structures_dependent_on_locs.: 0.344508s (num_starts 5)
expr_simplify_using_lhs_set_helper.: 0.367786s (num_starts 1214)
expr_do_simplify_using_lhs_set_and_precond.: 0.36874s (num_starts 1214)
init_graph_locs.: 0.716568s (num_starts 2)
split_memory_in_graph_initialize.: 0.718053s (num_starts 2)
split_memory_in_graph_and_propagate_sprels_until_fixpoint.: 1.0154s (num_starts 1)
total-preprocess-split_memory.: 1.0154s (num_starts 1)
total-preprocess.: 1.02323s (num_starts 1)
tfg_preprocess.dst.: 1.02587s (num_starts 1)
tfg_preprocess.: 1.02587s (num_starts 1)
dst_parse_sym_exec_db.: 2.23878s (num_starts 1)
dst_iseq_deserialize.: 3.61779s (num_starts 88172)
opc_init.: 4.4864s (num_starts 1)
i386_init.: 4.48854s (num_starts 1)
dst_usedef_tab_read_from_file.: 5.93737s (num_starts 1)
dst_usedef_tab_init.: 5.93737s (num_starts 1)
usedef_init.: 5.97059s (num_starts 1)

counters:

flags:

info:

Context stats:
exprs: count: 23611
sorts: count: 161
num_proof_queries: 0
num_proof_queries_answered_by_syntactic_check: 0
num_proof_queries_answered_by_counter_examples: 0
cache_stats:
m_simplify:
	----------- total:	16389
	        hit ratio:	0.925926
m_simplify_solver:
	----------- total:	6873
	        hit ratio:	0.749745
m_prune_obviously_false_branches_using_assume_clause:
	----------- total:	532
	        hit ratio:	0.466165
m_z3_solver_simplify:
	----------- total:	1715
	        hit ratio:	0
m_z3_solver_simplify_internal:
	----------- total:	1715
	        hit ratio:	0
m_replace_donotsimplify_using_solver_expressions_by_free_vars:
	----------- total:	1720
	        hit ratio:	0
m_expr_size:
	----------- total:	14644
	        hit ratio:	0.868547
m_contains_only_constants_or_arguments_or_esp_versions:
	----------- total:	2915
	        hit ratio:	0.996226
m_expr_evaluates_to_constant_visitor:
	----------- total:	48858
	        hit ratio:	0.873245

stats 170:z3_solver expr_query_cache entry count: 0
histogram:

<MSG>0:00 : Converting C source code to LLVM IR bitcode...</MSG>
<MSG>0:01 : Converting LLVM IR bitcode to Transfer Function Graph (TFG)...</MSG>
<MSG>0:02 : Converting assembly code to object file...</MSG>
<MSG>0:02 : Harvesting object code to obtain harvested assembly...</MSG>
<MSG>0:13 : Converting harvested assembly to Transfer Function Graph (TFG)...</MSG>
<MSG>0:27 : Searching for equivalence at unroll factor 8</MSG>
tfg_llvm_t 274: all_pcs = (size 79): L0%0%1 Lentry%1%1 Lentry%1%100003 Lentry%1%100004 Lentry%1%100005 Lentry%1%100006 Lfor.cond%1%0 Lfor.cond%1%1 Lfor.cond%2%1 Lfor.cond%2%100003 Lfor.cond%2%100004 Lfor.cond%2%100005 Lfor.cond%2%100006 Lfor.body%1%1 Lfor.body%1%100003 Lfor.body%1%100004 Lfor.body%1%100005 Lfor.body%2%1 Lfor.body%2%100003 Lfor.body%3%1 Lfor.body%3%100003 Lfor.body%3%100004 Lfor.body%3%100005 Lfor.body%4%1 Lfor.body%4%100003 Lfor.body%5%1 Lfor.body%6%1 Lfor.body%7%1 Lfor.body%7%100003 Lfor.body%7%100004 Lfor.body%7%100005 Lfor.body%8%1 Lfor.body%9%1 Lfor.body%9%100003 Lfor.body%9%100004 Lfor.body%9%100005 Lfor.body%10%1 Lfor.body%10%100003 Lfor.body%11%1 Lfor.body%11%100003 Lfor.body%11%100004 Lfor.body%11%100005 Lfor.body%12%1 Lfor.body%12%100003 Lfor.body%13%1 Lfor.body%14%1 Lfor.body%14%100003 Lfor.body%14%100004 Lfor.body%14%100005 Lfor.body%15%1 Lfor.body%16%1 Lfor.body%16%100003 Lfor.body%16%100004 Lfor.body%16%100005 Lfor.body%17%1 Lfor.body%17%100003 Lfor.body%18%1 Lfor.body%18%100003 Lfor.body%18%100004 Lfor.body%18%100005 Lfor.body%19%1 Lfor.body%19%100003 Lfor.body%20%1 Lfor.body%21%1 Lfor.body%21%100003 Lfor.body%21%100004 Lfor.body%21%100005 Lfor.body%22%1 Lfor.body%23%1 Lfor.body%23%100003 Lfor.body%23%100004 Lfor.end%1%1 Lfor.inc%1%1 Lfor.inc%2%1 Lfor.inc%2%100003 Lfor.inc%2%100004 Lfor.inc%2%100005 Lfor.inc%2%100006 E0%0%1
<MSG>0:28 : Computing equivalence for function: s3251...</MSG>
<MSG>0:33 : Computing equivalence of the two TFGs (LLVM IR and x86 assembly)...</MSG>
<MSG>0:33 : Chose product-TFG s3251 from a frontier of size 1...</MSG>
<cg>
  Nodes: L0%0%1_L0%0%1 (C L0%0%1, A line 11)
                L0%0%1_L0%0%1 contains 0 counterexamples (for correlating 0 bv exprs)

</cg>
<MSG>0:33 : product-TFG s3251: Enumerating correlations for L0%0%1=>L2%1%0[mu 1, delta 1] starting at L0%0%1_L0%0%1
</MSG>
<MSG>0:33 : Considering 1 paths to src pc L0%0%1 as correlation candidates for L0%0%1=>L2%1%0[mu 1, delta 1] at L0%0%1_L0%0%1
</MSG>
<MSG>0:33 : Attempting correlation of src pathset L0%0%1=>L0%0%1[mu 0, delta 0] as correlation candidate for L0%0%1=>L2%1%0[mu 1, delta 1] at L0%0%1_L0%0%1
</MSG>
<MSG>0:34 : Found 1 feasible correlations for paths to src pc L0%0%1 as correlation candidates for L0%0%1=>L2%1%0[mu 1, delta 1] at L0%0%1_L0%0%1
</MSG>
<MSG>0:34 : Considering 8 paths to src pc Lfor.cond%1%0 as correlation candidates for L0%0%1=>L2%1%0[mu 1, delta 1] at L0%0%1_L0%0%1
</MSG>
<MSG>0:34 : Attempting correlation of src pathset L0%0%1=>Lfor.cond%1%0[mu 8, delta 1] as correlation candidate for L0%0%1=>L2%1%0[mu 1, delta 1] at L0%0%1_L0%0%1
</MSG>
<MSG>0:34 : Attempting correlation of src pathset L0%0%1=>Lfor.cond%1%0[mu 8, delta 2] as correlation candidate for L0%0%1=>L2%1%0[mu 1, delta 1] at L0%0%1_L0%0%1
</MSG>
<MSG>0:34 : Attempting correlation of src pathset L0%0%1=>Lfor.cond%1%0[mu 8, delta 3] as correlation candidate for L0%0%1=>L2%1%0[mu 1, delta 1] at L0%0%1_L0%0%1
</MSG>
<MSG>0:34 : Attempting correlation of src pathset L0%0%1=>Lfor.cond%1%0[mu 8, delta 4] as correlation candidate for L0%0%1=>L2%1%0[mu 1, delta 1] at L0%0%1_L0%0%1
</MSG>
<MSG>0:34 : Attempting correlation of src pathset L0%0%1=>Lfor.cond%1%0[mu 8, delta 5] as correlation candidate for L0%0%1=>L2%1%0[mu 1, delta 1] at L0%0%1_L0%0%1
</MSG>
<MSG>0:34 : Attempting correlation of src pathset L0%0%1=>Lfor.cond%1%0[mu 8, delta 6] as correlation candidate for L0%0%1=>L2%1%0[mu 1, delta 1] at L0%0%1_L0%0%1
</MSG>
<MSG>0:34 : Attempting correlation of src pathset L0%0%1=>Lfor.cond%1%0[mu 8, delta 7] as correlation candidate for L0%0%1=>L2%1%0[mu 1, delta 1] at L0%0%1_L0%0%1
</MSG>
<MSG>0:34 : Attempting correlation of src pathset L0%0%1=>Lfor.cond%1%0[mu 8, delta 8] as correlation candidate for L0%0%1=>L2%1%0[mu 1, delta 1] at L0%0%1_L0%0%1
</MSG>
<MSG>0:34 : Found 8 feasible correlations for paths to src pc Lfor.cond%1%0 as correlation candidates for L0%0%1=>L2%1%0[mu 1, delta 1] at L0%0%1_L0%0%1
</MSG>
<MSG>0:34 : Considering 8 paths to src pc Lfor.cond%2%1 as correlation candidates for L0%0%1=>L2%1%0[mu 1, delta 1] at L0%0%1_L0%0%1
</MSG>
<MSG>0:34 : Attempting correlation of src pathset L0%0%1=>Lfor.cond%2%1[mu 8, delta 1] as correlation candidate for L0%0%1=>L2%1%0[mu 1, delta 1] at L0%0%1_L0%0%1
</MSG>
<MSG>0:34 : Attempting correlation of src pathset L0%0%1=>Lfor.cond%2%1[mu 8, delta 2] as correlation candidate for L0%0%1=>L2%1%0[mu 1, delta 1] at L0%0%1_L0%0%1
</MSG>
<MSG>0:34 : Attempting correlation of src pathset L0%0%1=>Lfor.cond%2%1[mu 8, delta 3] as correlation candidate for L0%0%1=>L2%1%0[mu 1, delta 1] at L0%0%1_L0%0%1
</MSG>
<MSG>0:34 : Attempting correlation of src pathset L0%0%1=>Lfor.cond%2%1[mu 8, delta 4] as correlation candidate for L0%0%1=>L2%1%0[mu 1, delta 1] at L0%0%1_L0%0%1
</MSG>
<MSG>0:34 : Attempting correlation of src pathset L0%0%1=>Lfor.cond%2%1[mu 8, delta 5] as correlation candidate for L0%0%1=>L2%1%0[mu 1, delta 1] at L0%0%1_L0%0%1
</MSG>
<MSG>0:34 : Attempting correlation of src pathset L0%0%1=>Lfor.cond%2%1[mu 8, delta 6] as correlation candidate for L0%0%1=>L2%1%0[mu 1, delta 1] at L0%0%1_L0%0%1
</MSG>
<MSG>0:34 : Attempting correlation of src pathset L0%0%1=>Lfor.cond%2%1[mu 8, delta 7] as correlation candidate for L0%0%1=>L2%1%0[mu 1, delta 1] at L0%0%1_L0%0%1
</MSG>
<MSG>0:34 : Attempting correlation of src pathset L0%0%1=>Lfor.cond%2%1[mu 8, delta 8] as correlation candidate for L0%0%1=>L2%1%0[mu 1, delta 1] at L0%0%1_L0%0%1
</MSG>
<MSG>0:35 : Found 8 feasible correlations for paths to src pc Lfor.cond%2%1 as correlation candidates for L0%0%1=>L2%1%0[mu 1, delta 1] at L0%0%1_L0%0%1
</MSG>
<MSG>0:35 : Considering 8 paths to src pc Lfor.body%1%1 as correlation candidates for L0%0%1=>L2%1%0[mu 1, delta 1] at L0%0%1_L0%0%1
</MSG>
<MSG>0:35 : Attempting correlation of src pathset L0%0%1=>Lfor.body%1%1[mu 8, delta 1] as correlation candidate for L0%0%1=>L2%1%0[mu 1, delta 1] at L0%0%1_L0%0%1
</MSG>
<MSG>0:35 : Attempting correlation of src pathset L0%0%1=>Lfor.body%1%1[mu 8, delta 2] as correlation candidate for L0%0%1=>L2%1%0[mu 1, delta 1] at L0%0%1_L0%0%1
</MSG>
<MSG>0:35 : Attempting correlation of src pathset L0%0%1=>Lfor.body%1%1[mu 8, delta 3] as correlation candidate for L0%0%1=>L2%1%0[mu 1, delta 1] at L0%0%1_L0%0%1
</MSG>
<MSG>0:35 : Attempting correlation of src pathset L0%0%1=>Lfor.body%1%1[mu 8, delta 4] as correlation candidate for L0%0%1=>L2%1%0[mu 1, delta 1] at L0%0%1_L0%0%1
</MSG>
<MSG>0:35 : Attempting correlation of src pathset L0%0%1=>Lfor.body%1%1[mu 8, delta 5] as correlation candidate for L0%0%1=>L2%1%0[mu 1, delta 1] at L0%0%1_L0%0%1
</MSG>
<MSG>0:35 : Attempting correlation of src pathset L0%0%1=>Lfor.body%1%1[mu 8, delta 6] as correlation candidate for L0%0%1=>L2%1%0[mu 1, delta 1] at L0%0%1_L0%0%1
</MSG>
<MSG>0:35 : Attempting correlation of src pathset L0%0%1=>Lfor.body%1%1[mu 8, delta 7] as correlation candidate for L0%0%1=>L2%1%0[mu 1, delta 1] at L0%0%1_L0%0%1
</MSG>
<MSG>0:35 : Attempting correlation of src pathset L0%0%1=>Lfor.body%1%1[mu 8, delta 8] as correlation candidate for L0%0%1=>L2%1%0[mu 1, delta 1] at L0%0%1_L0%0%1
</MSG>
<MSG>0:35 : Found 8 feasible correlations for paths to src pc Lfor.body%1%1 as correlation candidates for L0%0%1=>L2%1%0[mu 1, delta 1] at L0%0%1_L0%0%1
</MSG>
<MSG>0:35 : Considering 1 paths to src pc Lfor.end%1%1 as correlation candidates for L0%0%1=>L2%1%0[mu 1, delta 1] at L0%0%1_L0%0%1
</MSG>
<MSG>0:35 : Attempting correlation of src pathset L0%0%1=>Lfor.end%1%1[mu 8, delta 1] as correlation candidate for L0%0%1=>L2%1%0[mu 1, delta 1] at L0%0%1_L0%0%1
</MSG>
<MSG>0:35 : Found 1 feasible correlations for paths to src pc Lfor.end%1%1 as correlation candidates for L0%0%1=>L2%1%0[mu 1, delta 1] at L0%0%1_L0%0%1
</MSG>
<MSG>0:35 : product-TFG s3251: Found 26 correlations for L0%0%1=>L2%1%0[mu 1, delta 1] starting at L0%0%1_L0%0%1
</MSG>
<MSG>0:35 : product-TFG s3251 created 26 possibilities in group s3251.A...</MSG>
<MSG>0:35 : Chose product-TFG s3251.A1 from a frontier of size 26...</MSG>
<cg>
  Edges: L0%0%1_L0%0%1=>L0%0%1_L2%1%0 (C L0%0%1 => C L0%0%1 at mu 0 delta 0, A line 11 => A line 23 at mu 1 delta 1)
  Nodes: L0%0%1_L0%0%1 (C L0%0%1, A line 11)
                L0%0%1_L0%0%1 contains 0 counterexamples (for correlating 0 bv exprs)
         L0%0%1_L2%1%0 (C L0%0%1, A line 23)
                L0%0%1_L2%1%0 contains 0 counterexamples (for correlating 27 bv exprs)
                false

</cg>
<MSG>0:36 : s3251.A1: checked newly added edge and inferred invariants...</MSG>
<MSG>0:36 : s3251.A1: Chosen CG is still the most promising correlation entry; proceeding with it...</MSG>
<MSG>0:36 : product-TFG s3251.A1: Enumerating correlations for L2%1%0=>L2%1%0[mu 1, delta 1] starting at L0%0%1_L2%1%0
</MSG>
<MSG>0:36 : Considering 8 paths to src pc Lfor.cond%1%0 as correlation candidates for L2%1%0=>L2%1%0[mu 1, delta 1] at L0%0%1_L2%1%0
</MSG>
<MSG>0:36 : Attempting correlation of src pathset L0%0%1=>Lfor.cond%1%0[mu 8, delta 1] as correlation candidate for L2%1%0=>L2%1%0[mu 1, delta 1] at L0%0%1_L2%1%0
</MSG>
<MSG>0:37 : Failed correlation of src pathset L0%0%1=>Lfor.cond%1%0[mu 8, delta 1] as correlation candidate for L2%1%0=>L2%1%0[mu 1, delta 1] at L0%0%1_L2%1%0: failcond = invariant_state_instability
</MSG>
<MSG>0:37 : Attempting correlation of src pathset L0%0%1=>Lfor.cond%1%0[mu 8, delta 2] as correlation candidate for L2%1%0=>L2%1%0[mu 1, delta 1] at L0%0%1_L2%1%0
</MSG>
<MSG>0:37 : Failed correlation of src pathset L0%0%1=>Lfor.cond%1%0[mu 8, delta 2] as correlation candidate for L2%1%0=>L2%1%0[mu 1, delta 1] at L0%0%1_L2%1%0: failcond = invariant_state_instability
</MSG>
<MSG>0:37 : Attempting correlation of src pathset L0%0%1=>Lfor.cond%1%0[mu 8, delta 3] as correlation candidate for L2%1%0=>L2%1%0[mu 1, delta 1] at L0%0%1_L2%1%0
</MSG>
<MSG>0:38 : Failed correlation of src pathset L0%0%1=>Lfor.cond%1%0[mu 8, delta 3] as correlation candidate for L2%1%0=>L2%1%0[mu 1, delta 1] at L0%0%1_L2%1%0: failcond = invariant_state_instability
</MSG>
<MSG>0:38 : Attempting correlation of src pathset L0%0%1=>Lfor.cond%1%0[mu 8, delta 4] as correlation candidate for L2%1%0=>L2%1%0[mu 1, delta 1] at L0%0%1_L2%1%0
</MSG>
<MSG>0:38 : Failed correlation of src pathset L0%0%1=>Lfor.cond%1%0[mu 8, delta 4] as correlation candidate for L2%1%0=>L2%1%0[mu 1, delta 1] at L0%0%1_L2%1%0: failcond = invariant_state_instability
</MSG>
<MSG>0:38 : Attempting correlation of src pathset L0%0%1=>Lfor.cond%1%0[mu 8, delta 5] as correlation candidate for L2%1%0=>L2%1%0[mu 1, delta 1] at L0%0%1_L2%1%0
</MSG>
<MSG>0:42 : Attempting correlation of src pathset L0%0%1=>Lfor.cond%1%0[mu 8, delta 6] as correlation candidate for L2%1%0=>L2%1%0[mu 1, delta 1] at L0%0%1_L2%1%0
</MSG>
<MSG>0:42 : Failed correlation of src pathset L0%0%1=>Lfor.cond%1%0[mu 8, delta 6] as correlation candidate for L2%1%0=>L2%1%0[mu 1, delta 1] at L0%0%1_L2%1%0: failcond = invariant_state_instability
</MSG>
<MSG>0:42 : Attempting correlation of src pathset L0%0%1=>Lfor.cond%1%0[mu 8, delta 7] as correlation candidate for L2%1%0=>L2%1%0[mu 1, delta 1] at L0%0%1_L2%1%0
</MSG>
<MSG>0:43 : Failed correlation of src pathset L0%0%1=>Lfor.cond%1%0[mu 8, delta 7] as correlation candidate for L2%1%0=>L2%1%0[mu 1, delta 1] at L0%0%1_L2%1%0: failcond = invariant_state_instability
</MSG>
<MSG>0:43 : Attempting correlation of src pathset L0%0%1=>Lfor.cond%1%0[mu 8, delta 8] as correlation candidate for L2%1%0=>L2%1%0[mu 1, delta 1] at L0%0%1_L2%1%0
</MSG>
<MSG>0:44 : Failed correlation of src pathset L0%0%1=>Lfor.cond%1%0[mu 8, delta 8] as correlation candidate for L2%1%0=>L2%1%0[mu 1, delta 1] at L0%0%1_L2%1%0: failcond = invariant_state_instability
</MSG>
<MSG>0:44 : Found 1 feasible correlations for paths to src pc Lfor.cond%1%0 as correlation candidates for L2%1%0=>L2%1%0[mu 1, delta 1] at L0%0%1_L2%1%0
</MSG>
<MSG>0:44 : Considering 8 paths to src pc Lfor.cond%2%1 as correlation candidates for L2%1%0=>L2%1%0[mu 1, delta 1] at L0%0%1_L2%1%0
</MSG>
<MSG>0:44 : Attempting correlation of src pathset L0%0%1=>Lfor.cond%2%1[mu 8, delta 1] as correlation candidate for L2%1%0=>L2%1%0[mu 1, delta 1] at L0%0%1_L2%1%0
</MSG>
<MSG>0:44 : Failed correlation of src pathset L0%0%1=>Lfor.cond%2%1[mu 8, delta 1] as correlation candidate for L2%1%0=>L2%1%0[mu 1, delta 1] at L0%0%1_L2%1%0: failcond = invariant_state_instability
</MSG>
<MSG>0:44 : Attempting correlation of src pathset L0%0%1=>Lfor.cond%2%1[mu 8, delta 2] as correlation candidate for L2%1%0=>L2%1%0[mu 1, delta 1] at L0%0%1_L2%1%0
</MSG>
<MSG>0:45 : Failed correlation of src pathset L0%0%1=>Lfor.cond%2%1[mu 8, delta 2] as correlation candidate for L2%1%0=>L2%1%0[mu 1, delta 1] at L0%0%1_L2%1%0: failcond = invariant_state_instability
</MSG>
<MSG>0:45 : Attempting correlation of src pathset L0%0%1=>Lfor.cond%2%1[mu 8, delta 3] as correlation candidate for L2%1%0=>L2%1%0[mu 1, delta 1] at L0%0%1_L2%1%0
</MSG>
<MSG>0:45 : Failed correlation of src pathset L0%0%1=>Lfor.cond%2%1[mu 8, delta 3] as correlation candidate for L2%1%0=>L2%1%0[mu 1, delta 1] at L0%0%1_L2%1%0: failcond = invariant_state_instability
</MSG>
<MSG>0:45 : Attempting correlation of src pathset L0%0%1=>Lfor.cond%2%1[mu 8, delta 4] as correlation candidate for L2%1%0=>L2%1%0[mu 1, delta 1] at L0%0%1_L2%1%0
</MSG>
<MSG>0:46 : Failed correlation of src pathset L0%0%1=>Lfor.cond%2%1[mu 8, delta 4] as correlation candidate for L2%1%0=>L2%1%0[mu 1, delta 1] at L0%0%1_L2%1%0: failcond = invariant_state_instability
</MSG>
<MSG>0:46 : Attempting correlation of src pathset L0%0%1=>Lfor.cond%2%1[mu 8, delta 5] as correlation candidate for L2%1%0=>L2%1%0[mu 1, delta 1] at L0%0%1_L2%1%0
</MSG>
<MSG>0:47 : Attempting correlation of src pathset L0%0%1=>Lfor.cond%2%1[mu 8, delta 6] as correlation candidate for L2%1%0=>L2%1%0[mu 1, delta 1] at L0%0%1_L2%1%0
</MSG>
<MSG>0:48 : Failed correlation of src pathset L0%0%1=>Lfor.cond%2%1[mu 8, delta 6] as correlation candidate for L2%1%0=>L2%1%0[mu 1, delta 1] at L0%0%1_L2%1%0: failcond = invariant_state_instability
</MSG>
<MSG>0:48 : Attempting correlation of src pathset L0%0%1=>Lfor.cond%2%1[mu 8, delta 7] as correlation candidate for L2%1%0=>L2%1%0[mu 1, delta 1] at L0%0%1_L2%1%0
</MSG>
<MSG>0:48 : Failed correlation of src pathset L0%0%1=>Lfor.cond%2%1[mu 8, delta 7] as correlation candidate for L2%1%0=>L2%1%0[mu 1, delta 1] at L0%0%1_L2%1%0: failcond = invariant_state_instability
</MSG>
<MSG>0:48 : Attempting correlation of src pathset L0%0%1=>Lfor.cond%2%1[mu 8, delta 8] as correlation candidate for L2%1%0=>L2%1%0[mu 1, delta 1] at L0%0%1_L2%1%0
</MSG>
<MSG>0:49 : Failed correlation of src pathset L0%0%1=>Lfor.cond%2%1[mu 8, delta 8] as correlation candidate for L2%1%0=>L2%1%0[mu 1, delta 1] at L0%0%1_L2%1%0: failcond = invariant_state_instability
</MSG>
<MSG>0:49 : Found 1 feasible correlations for paths to src pc Lfor.cond%2%1 as correlation candidates for L2%1%0=>L2%1%0[mu 1, delta 1] at L0%0%1_L2%1%0
</MSG>
<MSG>0:49 : Considering 8 paths to src pc Lfor.body%1%1 as correlation candidates for L2%1%0=>L2%1%0[mu 1, delta 1] at L0%0%1_L2%1%0
</MSG>
<MSG>0:49 : Attempting correlation of src pathset L0%0%1=>Lfor.body%1%1[mu 8, delta 1] as correlation candidate for L2%1%0=>L2%1%0[mu 1, delta 1] at L0%0%1_L2%1%0
</MSG>
<MSG>0:50 : Failed correlation of src pathset L0%0%1=>Lfor.body%1%1[mu 8, delta 1] as correlation candidate for L2%1%0=>L2%1%0[mu 1, delta 1] at L0%0%1_L2%1%0: failcond = invariant_state_instability
</MSG>
<MSG>0:50 : Attempting correlation of src pathset L0%0%1=>Lfor.body%1%1[mu 8, delta 2] as correlation candidate for L2%1%0=>L2%1%0[mu 1, delta 1] at L0%0%1_L2%1%0
</MSG>
<MSG>0:50 : Failed correlation of src pathset L0%0%1=>Lfor.body%1%1[mu 8, delta 2] as correlation candidate for L2%1%0=>L2%1%0[mu 1, delta 1] at L0%0%1_L2%1%0: failcond = invariant_state_instability
</MSG>
<MSG>0:50 : Attempting correlation of src pathset L0%0%1=>Lfor.body%1%1[mu 8, delta 3] as correlation candidate for L2%1%0=>L2%1%0[mu 1, delta 1] at L0%0%1_L2%1%0
</MSG>
<MSG>0:51 : Failed correlation of src pathset L0%0%1=>Lfor.body%1%1[mu 8, delta 3] as correlation candidate for L2%1%0=>L2%1%0[mu 1, delta 1] at L0%0%1_L2%1%0: failcond = invariant_state_instability
</MSG>
<MSG>0:51 : Attempting correlation of src pathset L0%0%1=>Lfor.body%1%1[mu 8, delta 4] as correlation candidate for L2%1%0=>L2%1%0[mu 1, delta 1] at L0%0%1_L2%1%0
</MSG>
<MSG>0:51 : Failed correlation of src pathset L0%0%1=>Lfor.body%1%1[mu 8, delta 4] as correlation candidate for L2%1%0=>L2%1%0[mu 1, delta 1] at L0%0%1_L2%1%0: failcond = invariant_state_instability
</MSG>
<MSG>0:51 : Attempting correlation of src pathset L0%0%1=>Lfor.body%1%1[mu 8, delta 5] as correlation candidate for L2%1%0=>L2%1%0[mu 1, delta 1] at L0%0%1_L2%1%0
</MSG>
<MSG>0:52 : Attempting correlation of src pathset L0%0%1=>Lfor.body%1%1[mu 8, delta 6] as correlation candidate for L2%1%0=>L2%1%0[mu 1, delta 1] at L0%0%1_L2%1%0
</MSG>
<MSG>0:53 : Failed correlation of src pathset L0%0%1=>Lfor.body%1%1[mu 8, delta 6] as correlation candidate for L2%1%0=>L2%1%0[mu 1, delta 1] at L0%0%1_L2%1%0: failcond = invariant_state_instability
</MSG>
<MSG>0:53 : Attempting correlation of src pathset L0%0%1=>Lfor.body%1%1[mu 8, delta 7] as correlation candidate for L2%1%0=>L2%1%0[mu 1, delta 1] at L0%0%1_L2%1%0
</MSG>
<MSG>0:54 : Failed correlation of src pathset L0%0%1=>Lfor.body%1%1[mu 8, delta 7] as correlation candidate for L2%1%0=>L2%1%0[mu 1, delta 1] at L0%0%1_L2%1%0: failcond = invariant_state_instability
</MSG>
<MSG>0:54 : Attempting correlation of src pathset L0%0%1=>Lfor.body%1%1[mu 8, delta 8] as correlation candidate for L2%1%0=>L2%1%0[mu 1, delta 1] at L0%0%1_L2%1%0
</MSG>
<MSG>0:55 : Failed correlation of src pathset L0%0%1=>Lfor.body%1%1[mu 8, delta 8] as correlation candidate for L2%1%0=>L2%1%0[mu 1, delta 1] at L0%0%1_L2%1%0: failcond = invariant_state_instability
</MSG>
<MSG>0:55 : Found 1 feasible correlations for paths to src pc Lfor.body%1%1 as correlation candidates for L2%1%0=>L2%1%0[mu 1, delta 1] at L0%0%1_L2%1%0
</MSG>
<MSG>0:55 : Considering 1 paths to src pc Lfor.end%1%1 as correlation candidates for L2%1%0=>L2%1%0[mu 1, delta 1] at L0%0%1_L2%1%0
</MSG>
<MSG>0:55 : Attempting correlation of src pathset L0%0%1=>Lfor.end%1%1[mu 8, delta 1] as correlation candidate for L2%1%0=>L2%1%0[mu 1, delta 1] at L0%0%1_L2%1%0
</MSG>
<MSG>0:55 : Failed correlation of src pathset L0%0%1=>Lfor.end%1%1[mu 8, delta 1] as correlation candidate for L2%1%0=>L2%1%0[mu 1, delta 1] at L0%0%1_L2%1%0: failcond = compute_well_formedness_conditions_for_edge for L0%0%1_L2%1%0=>Lfor.end%1%1_L2%1%0[ src: ((L0%0%1=>Lfor.cond%1%0)*((Lfor.cond%1%0=>Lfor.cond%2%1)*(((Lfor.cond%2%1=>Lfor.body%1%1)*((Lfor.body%1%1=>Lfor.cond%1%0)*((Lfor.cond%1%0=>Lfor.cond%2%1)*(((Lfor.cond%2%1=>Lfor.body%1%1)*((Lfor.body%1%1=>Lfor.cond%1%0)*((Lfor.cond%1%0=>Lfor.cond%2%1)*(((Lfor.cond%2%1=>Lfor.body%1%1)*((Lfor.body%1%1=>Lfor.cond%1%0)*((Lfor.cond%1%0=>Lfor.cond%2%1)*(((Lfor.cond%2%1=>Lfor.body%1%1)*((Lfor.body%1%1=>Lfor.cond%1%0)*((Lfor.cond%1%0=>Lfor.cond%2%1)*(((Lfor.cond%2%1=>Lfor.body%1%1)*((Lfor.body%1%1=>Lfor.cond%1%0)*((Lfor.cond%1%0=>Lfor.cond%2%1)*(((Lfor.cond%2%1=>Lfor.body%1%1)*((Lfor.body%1%1=>Lfor.cond%1%0)*((Lfor.cond%1%0=>Lfor.cond%2%1)*(((Lfor.cond%2%1=>Lfor.body%1%1)*((Lfor.body%1%1=>Lfor.cond%1%0)*((Lfor.cond%1%0=>Lfor.cond%2%1)*(Lfor.cond%2%1=>Lfor.end%1%1))))+(Lfor.cond%2%1=>Lfor.end%1%1)))))+(Lfor.cond%2%1=>Lfor.end%1%1)))))+(Lfor.cond%2%1=>Lfor.end%1%1)))))+(Lfor.cond%2%1=>Lfor.end%1%1)))))+(Lfor.cond%2%1=>Lfor.end%1%1)))))+(Lfor.cond%2%1=>Lfor.end%1%1)))))+(Lfor.cond%2%1=>Lfor.end%1%1)))); dst: ((L2%1%0=>L13%1%1)*(L13%1%1=>L2%1%0))]
</MSG>
<MSG>0:55 : Found 0 feasible correlations for paths to src pc Lfor.end%1%1 as correlation candidates for L2%1%0=>L2%1%0[mu 1, delta 1] at L0%0%1_L2%1%0
</MSG>
<MSG>0:55 : product-TFG s3251.A1: Found 3 correlations for L2%1%0=>L2%1%0[mu 1, delta 1] starting at L0%0%1_L2%1%0
</MSG>
<MSG>0:55 : product-TFG s3251.A1 created 3 possibilities in group s3251.A1.B...</MSG>
<MSG>0:55 : Chose product-TFG s3251.A1.B3 from a frontier of size 28...</MSG>
<cg>
  Edges: L0%0%1_L0%0%1=>L0%0%1_L2%1%0 (C L0%0%1 => C L0%0%1 at mu 0 delta 0, A line 11 => A line 23 at mu 1 delta 1)
         L0%0%1_L2%1%0=>Lfor.body%1%1_L2%1%0 (C L0%0%1 => C (line 10 at column 13) at mu 8 delta 5, A line 23 => A line 23 at mu 1 delta 1)
  Nodes: L0%0%1_L0%0%1 (C L0%0%1, A line 11)
                L0%0%1_L0%0%1 contains 48 counterexamples (for correlating 0 bv exprs)
         L0%0%1_L2%1%0 (C L0%0%1, A line 23)
                L0%0%1_L2%1%0 contains 28 counterexamples (for correlating 27 bv exprs)
                SRCMEM{@b,@c,@a,@d,@e,heap} = DSTMEM{@b,@c,@a,@d,@e,heap}
                (-21233672) = (SPL1%1%1 - %eax)
                (-21233668) = (SPL0%1%1 - %eax)
                return-address = DSTMEM[SPentry]_4
                bvmul((-1), %ebx) = bvneg(DSTMEM[(SPentry + (-4))]_4)
                (-21233672) = (%esp - %eax)
                %eax = 0
                (%eax >=_s 0)
                (%eax <=_s 0)
                (%eax <= 0)
         Lfor.body%1%1_L2%1%0 (C (line 10 at column 13), A line 23)
                Lfor.body%1%1_L2%1%0 contains 27 counterexamples (for correlating 83 bv exprs)
                SRCMEM{@b,@c,@a,@d,@e,heap} = DSTMEM{@b,@c,@a,@d,@e,heap}
                i = 4
                bvmul(SRCMEM[(@b + i*4 + 20)]_4, (-379822956)) + bvmul(SRCMEM[(@e + i*4 + 20)]_4, 9608574) + bvmul(SRCMEM[(@b + i*4 + 24)]_4, (-1148260689)) + bvmul(SRCMEM[(@c + 4 + i*4)]_4, SRCMEM[(@e + 4 + i*4)]_4, 792106874) + bvmul(SRCMEM[(@c + i*4 + 16)]_4, SRCMEM[(@e + i*4 + 16)]_4, (-1303644230)) + bvmul((SRCMEM[(@b + i*4 + 16)]_4 + SRCMEM[(@c + i*4 + 16)]_4), SRCMEM[(@e + i*4 + 20)]_4, (-932087642)) = SRCMEM[(@e + i*4 + 16)]_4
                SRCMEM[(@b + i*4 + 24)]_4 = SRCMEM[(@c + i*4 + 24)]_4
                SRCMEM[(@b + i*4 + 28)]_4 = SRCMEM[(@c + i*4 + 28)]_4
                bvmul(SRCMEM[(@b + i*4 + 20)]_4, (-1292383724)) + bvmul(SRCMEM[(@e + i*4 + 20)]_4, 1258000) + bvmul(SRCMEM[(@b + i*4 + 24)]_4, 213055645) + bvmul(SRCMEM[(@c + 4 + i*4)]_4, SRCMEM[(@e + 4 + i*4)]_4, (-2006131534)) + bvmul(SRCMEM[(@c + i*4 + 16)]_4, SRCMEM[(@e + i*4 + 16)]_4, (-1295607118)) + bvmul((SRCMEM[(@b + i*4 + 16)]_4 + SRCMEM[(@c + i*4 + 16)]_4), SRCMEM[(@e + i*4 + 20)]_4, (-1768587890)) = SRCMEM[(@e + i*4 + 8)]_4
                0..(i <_s 31999) = 1
                bvmul(SRCMEM[(@b + i*4 + 20)]_4, 130888938) + bvmul(SRCMEM[(@e + i*4 + 20)]_4, 16478581) + bvmul(SRCMEM[(@b + i*4 + 24)]_4, (-169468638)) + bvmul(SRCMEM[(@c + 4 + i*4)]_4, SRCMEM[(@e + 4 + i*4)]_4, 949623312) + bvmul(SRCMEM[(@c + i*4 + 16)]_4, SRCMEM[(@e + i*4 + 16)]_4, 903583632) + bvmul((SRCMEM[(@b + i*4 + 16)]_4 + SRCMEM[(@c + i*4 + 16)]_4), SRCMEM[(@e + i*4 + 20)]_4, (-330827920)) = SRCMEM[(@e + i*4 + 28)]_4
                bvmul(SRCMEM[(@b + i*4 + 20)]_4, (-1542911057)) + bvmul(SRCMEM[(@e + i*4 + 20)]_4, 12823852) + bvmul(SRCMEM[(@b + i*4 + 24)]_4, 530372198) + bvmul(SRCMEM[(@c + 4 + i*4)]_4, SRCMEM[(@e + 4 + i*4)]_4, 576548666) + bvmul(SRCMEM[(@c + i*4 + 16)]_4, SRCMEM[(@e + i*4 + 16)]_4, 100712314) + bvmul((SRCMEM[(@b + i*4 + 16)]_4 + SRCMEM[(@c + i*4 + 16)]_4), SRCMEM[(@e + i*4 + 20)]_4, 209074726) = SRCMEM[(@b + i*4 + 12)]_4
                SRCMEM[(@b + i*4 + 8)]_4 = SRCMEM[(@c + i*4 + 8)]_4
                bvmul(SRCMEM[(@b + i*4 + 20)]_4, (-1437783974)) + bvmul(SRCMEM[(@e + i*4 + 20)]_4, 14804342) + bvmul(SRCMEM[(@b + i*4 + 24)]_4, 1866746160) + bvmul(SRCMEM[(@c + 4 + i*4)]_4, SRCMEM[(@e + 4 + i*4)]_4, (-1630772244)) + bvmul(SRCMEM[(@c + i*4 + 16)]_4, SRCMEM[(@e + i*4 + 16)]_4, 1071689604) + bvmul((SRCMEM[(@b + i*4 + 16)]_4 + SRCMEM[(@c + i*4 + 16)]_4), SRCMEM[(@e + i*4 + 20)]_4, (-452934711)) = bvmul((SRCMEM[(@b + i*4 + 24)]_4 + SRCMEM[(@c + i*4 + 24)]_4), SRCMEM[(@e + i*4 + 28)]_4)
                16 = %eax
                bvmul(SRCMEM[(@c + 4 + i*4)]_1, SRCMEM[(@e + 4 + i*4)]_1, 124) + bvmul(SRCMEM[(@c + i*4 + 16)]_1, SRCMEM[(@e + i*4 + 16)]_1, (-4)) + bvmul((-103), SRCMEM[(@b + i*4 + 20)]_1) + bvmul(SRCMEM[(@e + i*4 + 20)]_1, (SRCMEM[(@c + i*4 + 16)]_1 + SRCMEM[(@b + i*4 + 16)]_1), 4) + bvmul(104, SRCMEM[(@b + i*4 + 24)]_1) = SRCMEM[(@e + i*4 + 20)]_1
                0..((i + 2) <_s 31999) = 1
                bvmul(SRCMEM[(@b + i*4 + 20)]_4, 1238799457) + bvmul(SRCMEM[(@e + i*4 + 20)]_4, 12913303) + bvmul(SRCMEM[(@b + i*4 + 24)]_4, (-1625438712)) + bvmul(SRCMEM[(@c + 4 + i*4)]_4, SRCMEM[(@e + 4 + i*4)]_4, 460662344) + bvmul(SRCMEM[(@c + i*4 + 16)]_4, SRCMEM[(@e + i*4 + 16)]_4, 1111097317) + bvmul((SRCMEM[(@b + i*4 + 16)]_4 + SRCMEM[(@c + i*4 + 16)]_4), SRCMEM[(@e + i*4 + 20)]_4, (-1258231254)) = bvmul(SRCMEM[(@c + i*4 + 24)]_4, SRCMEM[(@e + i*4 + 24)]_4)
                0..((i + 8) <_s 31999) = 1
                SRCMEM[(@b + i*4 + 12)]_4 = SRCMEM[(@c + i*4 + 12)]_4
                bvmul((-1), %ebx) = bvneg(DSTMEM[(SPentry + (-4))]_4)
                bvmul(SRCMEM[(@b + i*4 + 20)]_4, 762247701) + bvmul(SRCMEM[(@e + i*4 + 20)]_4, 16685583) + bvmul(SRCMEM[(@b + i*4 + 24)]_4, (-579297123)) + bvmul(SRCMEM[(@c + 4 + i*4)]_4, SRCMEM[(@e + 4 + i*4)]_4, 625000114) + bvmul(SRCMEM[(@c + i*4 + 16)]_4, SRCMEM[(@e + i*4 + 16)]_4, (-1701135182)) + bvmul((SRCMEM[(@b + i*4 + 16)]_4 + SRCMEM[(@c + i*4 + 16)]_4), SRCMEM[(@e + i*4 + 20)]_4, (-127534194)) = SRCMEM[(@b + i*4 + 8)]_4
                bvmul(SRCMEM[(@b + i*4 + 20)]_4, 1796442024) + bvmul(SRCMEM[(@e + i*4 + 20)]_4, 9839512) + bvmul(SRCMEM[(@b + i*4 + 24)]_4, (-1472343872)) + bvmul(SRCMEM[(@c + 4 + i*4)]_4, SRCMEM[(@e + 4 + i*4)]_4, 600453796) + bvmul(SRCMEM[(@c + i*4 + 16)]_4, SRCMEM[(@e + i*4 + 16)]_4, (-1540639604)) + bvmul((SRCMEM[(@b + i*4 + 16)]_4 + SRCMEM[(@c + i*4 + 16)]_4), SRCMEM[(@e + i*4 + 20)]_4, (-945063831)) = bvmul((SRCMEM[(@b + i*4 + 8)]_4 + SRCMEM[(@c + i*4 + 8)]_4), SRCMEM[(@e + i*4 + 12)]_4)
                bvmul(SRCMEM[(@b + i*4 + 20)]_4, 1025037632) + bvmul(SRCMEM[(@e + i*4 + 20)]_4, 2969760) + bvmul(SRCMEM[(@b + i*4 + 24)]_4, 1852998176) + bvmul(SRCMEM[(@c + 4 + i*4)]_4, SRCMEM[(@e + 4 + i*4)]_4, 597681529) + bvmul(SRCMEM[(@c + i*4 + 16)]_4, SRCMEM[(@e + i*4 + 16)]_4, 159423596) + bvmul((SRCMEM[(@b + i*4 + 16)]_4 + SRCMEM[(@c + i*4 + 16)]_4), SRCMEM[(@e + i*4 + 20)]_4, (-1877179762)) = bvmul(SRCMEM[(@c + i*4 + 28)]_4, SRCMEM[(@e + i*4 + 28)]_4)
                0..((i + 1) <_s 31999) = 1
                (-21233672) = SPL1%1%1
                SRCMEM[(@b + 4 + i*4)]_4 = SRCMEM[(@c + 4 + i*4)]_4
                (-21233668) = SPL0%1%1
                bvmul(SRCMEM[(@b + i*4 + 20)]_4[6:0], 12) + bvmul(SRCMEM[(@c + 4 + i*4)]_4[6:0], SRCMEM[(@e + 4 + i*4)]_4[6:0], (-63)) + bvmul(SRCMEM[(@c + i*4 + 16)]_4[6:0], SRCMEM[(@e + i*4 + 16)]_4[6:0], (-63)) + bvmul(20, SRCMEM[(@b + i*4 + 24)]_4[6:0]) = bvmul(SRCMEM[(@e + i*4 + 20)]_4[6:0], (SRCMEM[(@b + i*4 + 16)]_4[6:0] + SRCMEM[(@c + i*4 + 16)]_4[6:0]))
                SRCMEM[(@b + i*4 + 20)]_4[0:0] = bvneg(bvmul(SRCMEM[(@c + 4 + i*4)]_4[0:0], SRCMEM[(@e + 4 + i*4)]_4[0:0]))
                bvmul(SRCMEM[(@b + i*4 + 20)]_4, (-1186871710)) + bvmul(SRCMEM[(@e + i*4 + 20)]_4, 12143374) + bvmul(SRCMEM[(@b + i*4 + 24)]_4, (-1727545712)) + bvmul(SRCMEM[(@c + 4 + i*4)]_4, SRCMEM[(@e + 4 + i*4)]_4, 1667680433) + bvmul(SRCMEM[(@c + i*4 + 16)]_4, SRCMEM[(@e + i*4 + 16)]_4, 137241388) + bvmul((SRCMEM[(@b + i*4 + 16)]_4 + SRCMEM[(@c + i*4 + 16)]_4), SRCMEM[(@e + i*4 + 20)]_4, 1760284434) = bvmul(SRCMEM[(@c + i*4 + 12)]_4, SRCMEM[(@e + i*4 + 12)]_4)
                0..((i + 4) <_s 31999) = 1
                (-21233672) = %esp
                bvmul(SRCMEM[(@b + i*4 + 20)]_4, 929446328) + bvmul(SRCMEM[(@e + i*4 + 20)]_4, 12339726) + bvmul(SRCMEM[(@b + i*4 + 24)]_4, 534058875) + bvmul(SRCMEM[(@c + 4 + i*4)]_4, SRCMEM[(@e + 4 + i*4)]_4, (-937869778)) + bvmul(SRCMEM[(@c + i*4 + 16)]_4, SRCMEM[(@e + i*4 + 16)]_4, 2125314926) + bvmul((SRCMEM[(@b + i*4 + 16)]_4 + SRCMEM[(@c + i*4 + 16)]_4), SRCMEM[(@e + i*4 + 20)]_4, (-1728532750)) = SRCMEM[(@e + i*4)]_4
                0..((i + 6) <_s 31999) = 1
                bvmul(SRCMEM[(@b + i*4 + 20)]_4, (-32270923)) + bvmul(SRCMEM[(@e + i*4 + 20)]_4, 10715523) + bvmul(SRCMEM[(@b + i*4 + 24)]_4, (-485516600)) + bvmul(SRCMEM[(@c + 4 + i*4)]_4, SRCMEM[(@e + 4 + i*4)]_4, 62499452) + bvmul(SRCMEM[(@c + i*4 + 16)]_4, SRCMEM[(@e + i*4 + 16)]_4, (-2141827003)) + bvmul((SRCMEM[(@b + i*4 + 16)]_4 + SRCMEM[(@c + i*4 + 16)]_4), SRCMEM[(@e + i*4 + 20)]_4, (-689592352)) = bvmul(SRCMEM[(@c + i*4)]_4, SRCMEM[(@e + i*4)]_4)
                bvmul(SRCMEM[(@b + i*4 + 20)]_4, 1410352854) + bvmul(SRCMEM[(@e + i*4 + 20)]_4, 3611770) + bvmul(SRCMEM[(@b + i*4 + 24)]_4, (-183422288)) + bvmul(SRCMEM[(@c + 4 + i*4)]_4, SRCMEM[(@e + 4 + i*4)]_4, (-933699084)) + bvmul(SRCMEM[(@c + i*4 + 16)]_4, SRCMEM[(@e + i*4 + 16)]_4, 1006152992) + bvmul((SRCMEM[(@b + i*4 + 16)]_4 + SRCMEM[(@c + i*4 + 16)]_4), SRCMEM[(@e + i*4 + 20)]_4, (-2041502729)) = bvmul((SRCMEM[(@b + 4 + i*4)]_4 + SRCMEM[(@c + 4 + i*4)]_4), SRCMEM[(@e + i*4 + 8)]_4)
                bvmul(SRCMEM[(@b + i*4 + 20)]_4, (-1063622188)) + bvmul(SRCMEM[(@e + i*4 + 20)]_4, 16179946) + bvmul(SRCMEM[(@b + i*4 + 24)]_4, 2076981828) + bvmul(SRCMEM[(@c + 4 + i*4)]_4, SRCMEM[(@e + 4 + i*4)]_4, 1865692192) + bvmul(SRCMEM[(@c + i*4 + 16)]_4, SRCMEM[(@e + i*4 + 16)]_4, (-373870816)) + bvmul((SRCMEM[(@b + i*4 + 16)]_4 + SRCMEM[(@c + i*4 + 16)]_4), SRCMEM[(@e + i*4 + 20)]_4, (-628101408)) = SRCMEM[(@a + i*4)]_4
                bvmul(SRCMEM[(@b + i*4 + 20)]_4, 574144208) + bvmul(SRCMEM[(@e + i*4 + 20)]_4, 4751024) + bvmul(SRCMEM[(@b + i*4 + 24)]_4, 1838523008) + bvmul(SRCMEM[(@c + 4 + i*4)]_4, SRCMEM[(@e + 4 + i*4)]_4, (-404981808)) + bvmul(SRCMEM[(@c + i*4 + 16)]_4, SRCMEM[(@e + i*4 + 16)]_4, (-776489644)) + bvmul((SRCMEM[(@b + i*4 + 16)]_4 + SRCMEM[(@c + i*4 + 16)]_4), SRCMEM[(@e + i*4 + 20)]_4, 311358831) = bvmul((SRCMEM[(@b + i*4 + 12)]_4 + SRCMEM[(@c + i*4 + 12)]_4), SRCMEM[(@e + i*4 + 16)]_4)
                bvmul(SRCMEM[(@b + i*4 + 20)]_4, (-747817806)) + bvmul(SRCMEM[(@e + i*4 + 20)]_4, 10435454) + bvmul(SRCMEM[(@b + i*4 + 24)]_4, 130546640) + bvmul(SRCMEM[(@c + 4 + i*4)]_4, SRCMEM[(@e + 4 + i*4)]_4, 44015760) + bvmul(SRCMEM[(@c + i*4 + 16)]_4, SRCMEM[(@e + i*4 + 16)]_4, (-1323729184)) + bvmul((SRCMEM[(@b + i*4 + 16)]_4 + SRCMEM[(@c + i*4 + 16)]_4), SRCMEM[(@e + i*4 + 20)]_4, 1312561865) = bvmul((SRCMEM[(@b + i*4)]_4 + SRCMEM[(@c + i*4)]_4), SRCMEM[(@e + 4 + i*4)]_4)
                bvmul(SRCMEM[(@b + i*4 + 20)]_4, 1723506915) + bvmul(SRCMEM[(@e + i*4 + 20)]_4, 8558760) + bvmul(SRCMEM[(@b + i*4 + 24)]_4, 256250614) + bvmul(SRCMEM[(@c + 4 + i*4)]_4, SRCMEM[(@e + 4 + i*4)]_4, (-489702192)) + bvmul(SRCMEM[(@c + i*4 + 16)]_4, SRCMEM[(@e + i*4 + 16)]_4, (-459539824)) + bvmul((SRCMEM[(@b + i*4 + 16)]_4 + SRCMEM[(@c + i*4 + 16)]_4), SRCMEM[(@e + i*4 + 20)]_4, (-466863856)) = SRCMEM[(@e + i*4 + 12)]_4
                return-address = DSTMEM[SPentry]_4
                bvmul(SRCMEM[(@b + i*4 + 20)]_4, 291888057) + bvmul(SRCMEM[(@e + i*4 + 20)]_4, 2902029) + bvmul(SRCMEM[(@b + i*4 + 24)]_4, (-1177815173)) + bvmul(SRCMEM[(@c + 4 + i*4)]_4, SRCMEM[(@e + 4 + i*4)]_4, (-544687570)) + bvmul(SRCMEM[(@c + i*4 + 16)]_4, SRCMEM[(@e + i*4 + 16)]_4, (-316901522)) + bvmul((SRCMEM[(@b + i*4 + 16)]_4 + SRCMEM[(@c + i*4 + 16)]_4), SRCMEM[(@e + i*4 + 20)]_4, (-2130963726)) = SRCMEM[(@b + i*4)]_4
                SRCMEM[(@b + i*4)]_4 = SRCMEM[(@c + i*4)]_4
                bvmul(SRCMEM[(@b + i*4 + 20)]_4, (-1812737667)) + bvmul(SRCMEM[(@e + i*4 + 20)]_4, 12255899) + bvmul(SRCMEM[(@b + i*4 + 24)]_4, (-267806488)) + bvmul(SRCMEM[(@c + 4 + i*4)]_4, SRCMEM[(@e + 4 + i*4)]_4, (-1911498024)) + bvmul(SRCMEM[(@c + i*4 + 16)]_4, SRCMEM[(@e + i*4 + 16)]_4, (-711558275)) + bvmul((SRCMEM[(@b + i*4 + 16)]_4 + SRCMEM[(@c + i*4 + 16)]_4), SRCMEM[(@e + i*4 + 20)]_4, 1195467286) = bvmul(SRCMEM[(@c + i*4 + 8)]_4, SRCMEM[(@e + i*4 + 8)]_4)
                bvmul(SRCMEM[(@b + i*4 + 20)]_4, (-1785029426)) + bvmul(SRCMEM[(@e + i*4 + 20)]_4, 5511879) + bvmul(SRCMEM[(@b + i*4 + 24)]_4, 1490429292) + bvmul(SRCMEM[(@c + 4 + i*4)]_4, SRCMEM[(@e + 4 + i*4)]_4, 1572562000) + bvmul(SRCMEM[(@c + i*4 + 16)]_4, SRCMEM[(@e + i*4 + 16)]_4, 973025744) + bvmul((SRCMEM[(@b + i*4 + 16)]_4 + SRCMEM[(@c + i*4 + 16)]_4), SRCMEM[(@e + i*4 + 20)]_4, 180761584) = SRCMEM[(@e + 4 + i*4)]_4
                0..((i + 5) <_s 31999) = 1
                bvmul(SRCMEM[(@b + i*4 + 20)]_4, (-1007322602)) + bvmul(SRCMEM[(@e + i*4 + 20)]_4, 4360633) + bvmul(SRCMEM[(@b + i*4 + 24)]_4, 1268186610) + bvmul(SRCMEM[(@c + 4 + i*4)]_4, SRCMEM[(@e + 4 + i*4)]_4, 200165410) + bvmul(SRCMEM[(@c + i*4 + 16)]_4, SRCMEM[(@e + i*4 + 16)]_4, (-1045571486)) + bvmul((SRCMEM[(@b + i*4 + 16)]_4 + SRCMEM[(@c + i*4 + 16)]_4), SRCMEM[(@e + i*4 + 20)]_4, 97288958) = SRCMEM[(@b + i*4 + 28)]_4
                0..((i + 3) <_s 31999) = 1
                bvmul(SRCMEM[(@b + i*4 + 20)]_4, 963496968) + bvmul(SRCMEM[(@e + i*4 + 20)]_4, 1166968) + bvmul(SRCMEM[(@b + i*4 + 24)]_4, 761153408) + bvmul(SRCMEM[(@c + 4 + i*4)]_4, SRCMEM[(@e + 4 + i*4)]_4, 1541751208) + bvmul(SRCMEM[(@c + i*4 + 16)]_4, SRCMEM[(@e + i*4 + 16)]_4, 1062397692) + bvmul((SRCMEM[(@b + i*4 + 16)]_4 + SRCMEM[(@c + i*4 + 16)]_4), SRCMEM[(@e + i*4 + 20)]_4, 1677092783) = bvmul(SRCMEM[(@e + i*4)]_4, SRCMEM[(@a + i*4)]_4)
                SRCMEM[(@b + i*4 + 20)]_4 = SRCMEM[(@c + i*4 + 20)]_4
                bvmul(SRCMEM[(@b + i*4 + 20)]_4, 395345919) + bvmul(SRCMEM[(@e + i*4 + 20)]_4, 5050454) + bvmul(SRCMEM[(@b + i*4 + 24)]_4, 943301292) + bvmul(SRCMEM[(@c + 4 + i*4)]_4, SRCMEM[(@e + 4 + i*4)]_4, (-82413936)) + bvmul(SRCMEM[(@c + i*4 + 16)]_4, SRCMEM[(@e + i*4 + 16)]_4, (-1427053488)) + bvmul((SRCMEM[(@b + i*4 + 16)]_4 + SRCMEM[(@c + i*4 + 16)]_4), SRCMEM[(@e + i*4 + 20)]_4, (-378177392)) = SRCMEM[(@b + 4 + i*4)]_4
                0..((i + 7) <_s 31999) = 1
                bvmul(SRCMEM[(@b + i*4 + 20)]_4, (-165146062)) + bvmul(SRCMEM[(@e + i*4 + 20)]_4, 15327336) + bvmul(SRCMEM[(@b + i*4 + 24)]_4, (-1465453145)) + bvmul(SRCMEM[(@c + 4 + i*4)]_4, SRCMEM[(@e + 4 + i*4)]_4, 1724710370) + bvmul(SRCMEM[(@c + i*4 + 16)]_4, SRCMEM[(@e + i*4 + 16)]_4, (-1115013598)) + bvmul((SRCMEM[(@b + i*4 + 16)]_4 + SRCMEM[(@c + i*4 + 16)]_4), SRCMEM[(@e + i*4 + 20)]_4, (-414300546)) = SRCMEM[(@b + i*4 + 16)]_4
                SRCMEM[(@e + i*4 + 8)]_4 = DSTMEM[(@c + 127992)]_4
                SRCMEM[(@b + i*4 + 16)]_4 = SRCMEM[(@c + i*4 + 16)]_4
                bvmul(SRCMEM[(@b + i*4 + 20)]_4, (-1976891282)) + bvmul(SRCMEM[(@e + i*4 + 20)]_4, 11315218) + bvmul(SRCMEM[(@b + i*4 + 24)]_4, (-1642290176)) + bvmul(SRCMEM[(@c + 4 + i*4)]_4, SRCMEM[(@e + 4 + i*4)]_4, 398715621) + bvmul(SRCMEM[(@c + i*4 + 16)]_4, SRCMEM[(@e + i*4 + 16)]_4, (-1297530340)) + bvmul((SRCMEM[(@b + i*4 + 16)]_4 + SRCMEM[(@c + i*4 + 16)]_4), SRCMEM[(@e + i*4 + 20)]_4, 1135425280) = bvmul(SRCMEM[(@c + i*4 + 20)]_4, SRCMEM[(@e + i*4 + 20)]_4)
                bvmul(SRCMEM[(@b + i*4 + 20)]_4, (-632110826)) + bvmul(SRCMEM[(@e + i*4 + 20)]_4, 12702394) + bvmul(SRCMEM[(@b + i*4 + 24)]_4, 370290161) + bvmul(SRCMEM[(@c + 4 + i*4)]_4, SRCMEM[(@e + 4 + i*4)]_4, (-2025280990)) + bvmul(SRCMEM[(@c + i*4 + 16)]_4, SRCMEM[(@e + i*4 + 16)]_4, 322484834) + bvmul((SRCMEM[(@b + i*4 + 16)]_4 + SRCMEM[(@c + i*4 + 16)]_4), SRCMEM[(@e + i*4 + 20)]_4, (-812375810)) = SRCMEM[(@e + i*4 + 24)]_4
                bvmul(SRCMEM[(@b + i*4 + 20)]_4, (-481132306)) + bvmul(SRCMEM[(@e + i*4 + 20)]_4, 1843810) + bvmul(SRCMEM[(@b + i*4 + 24)]_4, (-175369040)) + bvmul(SRCMEM[(@c + 4 + i*4)]_4, SRCMEM[(@e + 4 + i*4)]_4, 782308508) + bvmul(SRCMEM[(@c + i*4 + 16)]_4, SRCMEM[(@e + i*4 + 16)]_4, (-195660296)) + bvmul((SRCMEM[(@b + i*4 + 16)]_4 + SRCMEM[(@c + i*4 + 16)]_4), SRCMEM[(@e + i*4 + 20)]_4, 432830007) = bvmul((SRCMEM[(@b + i*4 + 20)]_4 + SRCMEM[(@c + i*4 + 20)]_4), SRCMEM[(@e + i*4 + 24)]_4)
                bvmul(SRCMEM[(@c + 4 + i*4)]_4[2:0], SRCMEM[(@e + 4 + i*4)]_4[2:0], (-3)) + bvmul((-4), SRCMEM[(@b + i*4 + 24)]_4[2:0]) = bvmul(SRCMEM[(@c + i*4 + 16)]_4[2:0], SRCMEM[(@e + i*4 + 16)]_4[2:0])
                bvmul(SRCMEM[(@c + 4 + i*4)]_4[1:0], SRCMEM[(@e + 4 + i*4)]_4[1:0], (-2)) + bvneg(SRCMEM[(@b + i*4 + 24)]_4[1:0]) = SRCMEM[(@b + i*4 + 20)]_4[1:0]
                (%eax >=_s 16)
                (%eax >= 16)
                (%eax <= 16)
                (%eax <=_s 16)
                (i <= 4)
                (i >= 4)
                (i <=_s 4)
                (i >=_s 4)
                ismemlabel((i*4 + (-20474872)), 4, memlabel-mem-symbol.2.0)
                ismemlabel((i*4 + (-131332)), 4, memlabel-mem-symbol.4.0)
                ismemlabel((i*4 + 130072), 4, memlabel-mem-symbol.1.0)
                ismemlabel((i*4 + (-131344)), 4, memlabel-mem-symbol.4.0)
                ismemlabel((i*4 + (-131336)), 4, memlabel-mem-symbol.4.0)
                ismemlabel((i*4 + 130068), 4, memlabel-mem-symbol.1.0)
                ismemlabel((i*4 + (-131356)), 4, memlabel-mem-symbol.4.0)
                ismemlabel((i*4 + (-20474880)), 4, memlabel-mem-symbol.2.0)
                ismemlabel((i*4 + (-131360)), 4, memlabel-mem-symbol.4.0)
                ismemlabel((i*4 + 130056), 4, memlabel-mem-symbol.1.0)
                ismemlabel((i*4 + 130052), 4, memlabel-mem-symbol.1.0)
                ismemlabel((i*4 + 130064), 4, memlabel-mem-symbol.1.0)
                ismemlabel((i*4 + (-20474876)), 4, memlabel-mem-symbol.2.0)
                ismemlabel((i*4 + (-131352)), 4, memlabel-mem-symbol.4.0)
                ismemlabel((i*4 + 130076), 4, memlabel-mem-symbol.1.0)
                ismemlabel((i*4 + (-20474852)), 4, memlabel-mem-symbol.2.0)
                ismemlabel((i*4 + 130048), 4, memlabel-mem-symbol.1.0)
                ismemlabel((i*4 + (-20474868)), 4, memlabel-mem-symbol.2.0)
                ismemlabel((i*4 + 130060), 4, memlabel-mem-symbol.1.0)
                ismemlabel((i*4 + (-131348)), 4, memlabel-mem-symbol.4.0)
                ismemlabel((i*4 + (-20474856)), 4, memlabel-mem-symbol.2.0)
                ismemlabel((i*4 + (-20474860)), 4, memlabel-mem-symbol.2.0)
                ismemlabel((i*4 + (-20474864)), 4, memlabel-mem-symbol.2.0)
                ismemlabel((i*4 + 2048), 4, memlabel-mem-symbol.3.0)
                ismemlabel((i*4 + (-131340)), 4, memlabel-mem-symbol.4.0)

</cg>
<MSG>1:39 : s3251.A1.B3: checked newly added edge and inferred invariants...</MSG>
<MSG>1:39 : s3251.A1.B3: Chosen CG is still the most promising correlation entry; proceeding with it...</MSG>
<MSG>1:40 : product-TFG s3251.A1.B3: Enumerating correlations for L2%1%0=>L2%1%0[mu 1, delta 1] starting at Lfor.body%1%1_L2%1%0
</MSG>
<MSG>1:40 : Considering 8 paths to src pc Lfor.cond%1%0 as correlation candidates for L2%1%0=>L2%1%0[mu 1, delta 1] at Lfor.body%1%1_L2%1%0
</MSG>
<MSG>1:40 : Attempting correlation of src pathset Lfor.body%1%1=>Lfor.cond%1%0[mu 8, delta 1] as correlation candidate for L2%1%0=>L2%1%0[mu 1, delta 1] at Lfor.body%1%1_L2%1%0
</MSG>
<MSG>1:41 : Failed correlation of src pathset Lfor.body%1%1=>Lfor.cond%1%0[mu 8, delta 1] as correlation candidate for L2%1%0=>L2%1%0[mu 1, delta 1] at Lfor.body%1%1_L2%1%0: failcond = invariant_state_instability
</MSG>
<MSG>1:41 : Attempting correlation of src pathset Lfor.body%1%1=>Lfor.cond%1%0[mu 8, delta 2] as correlation candidate for L2%1%0=>L2%1%0[mu 1, delta 1] at Lfor.body%1%1_L2%1%0
</MSG>
<MSG>1:42 : Failed correlation of src pathset Lfor.body%1%1=>Lfor.cond%1%0[mu 8, delta 2] as correlation candidate for L2%1%0=>L2%1%0[mu 1, delta 1] at Lfor.body%1%1_L2%1%0: failcond = invariant_state_instability
</MSG>
<MSG>1:42 : Attempting correlation of src pathset Lfor.body%1%1=>Lfor.cond%1%0[mu 8, delta 3] as correlation candidate for L2%1%0=>L2%1%0[mu 1, delta 1] at Lfor.body%1%1_L2%1%0
</MSG>
<MSG>1:43 : Failed correlation of src pathset Lfor.body%1%1=>Lfor.cond%1%0[mu 8, delta 3] as correlation candidate for L2%1%0=>L2%1%0[mu 1, delta 1] at Lfor.body%1%1_L2%1%0: failcond = invariant_state_instability
</MSG>
<MSG>1:43 : Attempting correlation of src pathset Lfor.body%1%1=>Lfor.cond%1%0[mu 8, delta 4] as correlation candidate for L2%1%0=>L2%1%0[mu 1, delta 1] at Lfor.body%1%1_L2%1%0
</MSG>
<MSG>1:50 : Attempting correlation of src pathset Lfor.body%1%1=>Lfor.cond%1%0[mu 8, delta 5] as correlation candidate for L2%1%0=>L2%1%0[mu 1, delta 1] at Lfor.body%1%1_L2%1%0
</MSG>
<MSG>1:52 : Failed correlation of src pathset Lfor.body%1%1=>Lfor.cond%1%0[mu 8, delta 5] as correlation candidate for L2%1%0=>L2%1%0[mu 1, delta 1] at Lfor.body%1%1_L2%1%0: failcond = invariant_state_instability
</MSG>
<MSG>1:52 : Attempting correlation of src pathset Lfor.body%1%1=>Lfor.cond%1%0[mu 8, delta 6] as correlation candidate for L2%1%0=>L2%1%0[mu 1, delta 1] at Lfor.body%1%1_L2%1%0
</MSG>
<MSG>1:54 : Failed correlation of src pathset Lfor.body%1%1=>Lfor.cond%1%0[mu 8, delta 6] as correlation candidate for L2%1%0=>L2%1%0[mu 1, delta 1] at Lfor.body%1%1_L2%1%0: failcond = invariant_state_instability
</MSG>
<MSG>1:54 : Attempting correlation of src pathset Lfor.body%1%1=>Lfor.cond%1%0[mu 8, delta 7] as correlation candidate for L2%1%0=>L2%1%0[mu 1, delta 1] at Lfor.body%1%1_L2%1%0
</MSG>
<MSG>1:56 : Failed correlation of src pathset Lfor.body%1%1=>Lfor.cond%1%0[mu 8, delta 7] as correlation candidate for L2%1%0=>L2%1%0[mu 1, delta 1] at Lfor.body%1%1_L2%1%0: failcond = invariant_state_instability
</MSG>
<MSG>1:56 : Attempting correlation of src pathset Lfor.body%1%1=>Lfor.cond%1%0[mu 8, delta 8] as correlation candidate for L2%1%0=>L2%1%0[mu 1, delta 1] at Lfor.body%1%1_L2%1%0
</MSG>
<MSG>1:58 : Failed correlation of src pathset Lfor.body%1%1=>Lfor.cond%1%0[mu 8, delta 8] as correlation candidate for L2%1%0=>L2%1%0[mu 1, delta 1] at Lfor.body%1%1_L2%1%0: failcond = invariant_state_instability
</MSG>
<MSG>1:58 : Found 1 feasible correlations for paths to src pc Lfor.cond%1%0 as correlation candidates for L2%1%0=>L2%1%0[mu 1, delta 1] at Lfor.body%1%1_L2%1%0
</MSG>
<MSG>1:58 : Considering 8 paths to src pc Lfor.cond%2%1 as correlation candidates for L2%1%0=>L2%1%0[mu 1, delta 1] at Lfor.body%1%1_L2%1%0
</MSG>
<MSG>1:58 : Attempting correlation of src pathset Lfor.body%1%1=>Lfor.cond%2%1[mu 8, delta 1] as correlation candidate for L2%1%0=>L2%1%0[mu 1, delta 1] at Lfor.body%1%1_L2%1%0
</MSG>
<MSG>1:59 : Failed correlation of src pathset Lfor.body%1%1=>Lfor.cond%2%1[mu 8, delta 1] as correlation candidate for L2%1%0=>L2%1%0[mu 1, delta 1] at Lfor.body%1%1_L2%1%0: failcond = invariant_state_instability
</MSG>
<MSG>1:59 : Attempting correlation of src pathset Lfor.body%1%1=>Lfor.cond%2%1[mu 8, delta 2] as correlation candidate for L2%1%0=>L2%1%0[mu 1, delta 1] at Lfor.body%1%1_L2%1%0
</MSG>
<MSG>2:00 : Failed correlation of src pathset Lfor.body%1%1=>Lfor.cond%2%1[mu 8, delta 2] as correlation candidate for L2%1%0=>L2%1%0[mu 1, delta 1] at Lfor.body%1%1_L2%1%0: failcond = invariant_state_instability
</MSG>
<MSG>2:00 : Attempting correlation of src pathset Lfor.body%1%1=>Lfor.cond%2%1[mu 8, delta 3] as correlation candidate for L2%1%0=>L2%1%0[mu 1, delta 1] at Lfor.body%1%1_L2%1%0
</MSG>
<MSG>2:01 : Failed correlation of src pathset Lfor.body%1%1=>Lfor.cond%2%1[mu 8, delta 3] as correlation candidate for L2%1%0=>L2%1%0[mu 1, delta 1] at Lfor.body%1%1_L2%1%0: failcond = invariant_state_instability
</MSG>
<MSG>2:01 : Attempting correlation of src pathset Lfor.body%1%1=>Lfor.cond%2%1[mu 8, delta 4] as correlation candidate for L2%1%0=>L2%1%0[mu 1, delta 1] at Lfor.body%1%1_L2%1%0
</MSG>
<MSG>2:05 : Attempting correlation of src pathset Lfor.body%1%1=>Lfor.cond%2%1[mu 8, delta 5] as correlation candidate for L2%1%0=>L2%1%0[mu 1, delta 1] at Lfor.body%1%1_L2%1%0
</MSG>
<MSG>2:06 : Failed correlation of src pathset Lfor.body%1%1=>Lfor.cond%2%1[mu 8, delta 5] as correlation candidate for L2%1%0=>L2%1%0[mu 1, delta 1] at Lfor.body%1%1_L2%1%0: failcond = invariant_state_instability
</MSG>
<MSG>2:06 : Attempting correlation of src pathset Lfor.body%1%1=>Lfor.cond%2%1[mu 8, delta 6] as correlation candidate for L2%1%0=>L2%1%0[mu 1, delta 1] at Lfor.body%1%1_L2%1%0
</MSG>
<MSG>2:08 : Failed correlation of src pathset Lfor.body%1%1=>Lfor.cond%2%1[mu 8, delta 6] as correlation candidate for L2%1%0=>L2%1%0[mu 1, delta 1] at Lfor.body%1%1_L2%1%0: failcond = invariant_state_instability
</MSG>
<MSG>2:08 : Attempting correlation of src pathset Lfor.body%1%1=>Lfor.cond%2%1[mu 8, delta 7] as correlation candidate for L2%1%0=>L2%1%0[mu 1, delta 1] at Lfor.body%1%1_L2%1%0
</MSG>
<MSG>2:10 : Failed correlation of src pathset Lfor.body%1%1=>Lfor.cond%2%1[mu 8, delta 7] as correlation candidate for L2%1%0=>L2%1%0[mu 1, delta 1] at Lfor.body%1%1_L2%1%0: failcond = invariant_state_instability
</MSG>
<MSG>2:10 : Attempting correlation of src pathset Lfor.body%1%1=>Lfor.cond%2%1[mu 8, delta 8] as correlation candidate for L2%1%0=>L2%1%0[mu 1, delta 1] at Lfor.body%1%1_L2%1%0
</MSG>
<MSG>2:13 : Failed correlation of src pathset Lfor.body%1%1=>Lfor.cond%2%1[mu 8, delta 8] as correlation candidate for L2%1%0=>L2%1%0[mu 1, delta 1] at Lfor.body%1%1_L2%1%0: failcond = invariant_state_instability
</MSG>
<MSG>2:13 : Found 1 feasible correlations for paths to src pc Lfor.cond%2%1 as correlation candidates for L2%1%0=>L2%1%0[mu 1, delta 1] at Lfor.body%1%1_L2%1%0
</MSG>
<MSG>2:13 : Considering 9 paths to src pc Lfor.body%1%1 as correlation candidates for L2%1%0=>L2%1%0[mu 1, delta 1] at Lfor.body%1%1_L2%1%0
</MSG>
<MSG>2:13 : Attempting correlation of src pathset Lfor.body%1%1=>Lfor.body%1%1[mu 8, delta 0] as correlation candidate for L2%1%0=>L2%1%0[mu 1, delta 1] at Lfor.body%1%1_L2%1%0
</MSG>
<MSG>2:13 : Failed correlation of src pathset Lfor.body%1%1=>Lfor.body%1%1[mu 8, delta 0] as correlation candidate for L2%1%0=>L2%1%0[mu 1, delta 1] at Lfor.body%1%1_L2%1%0: failcond = invariant_state_instability
</MSG>
<MSG>2:13 : Attempting correlation of src pathset Lfor.body%1%1=>Lfor.body%1%1[mu 8, delta 1] as correlation candidate for L2%1%0=>L2%1%0[mu 1, delta 1] at Lfor.body%1%1_L2%1%0
</MSG>
<MSG>2:14 : Failed correlation of src pathset Lfor.body%1%1=>Lfor.body%1%1[mu 8, delta 1] as correlation candidate for L2%1%0=>L2%1%0[mu 1, delta 1] at Lfor.body%1%1_L2%1%0: failcond = invariant_state_instability
</MSG>
<MSG>2:14 : Attempting correlation of src pathset Lfor.body%1%1=>Lfor.body%1%1[mu 8, delta 2] as correlation candidate for L2%1%0=>L2%1%0[mu 1, delta 1] at Lfor.body%1%1_L2%1%0
</MSG>
<MSG>2:16 : Failed correlation of src pathset Lfor.body%1%1=>Lfor.body%1%1[mu 8, delta 2] as correlation candidate for L2%1%0=>L2%1%0[mu 1, delta 1] at Lfor.body%1%1_L2%1%0: failcond = invariant_state_instability
</MSG>
<MSG>2:16 : Attempting correlation of src pathset Lfor.body%1%1=>Lfor.body%1%1[mu 8, delta 3] as correlation candidate for L2%1%0=>L2%1%0[mu 1, delta 1] at Lfor.body%1%1_L2%1%0
</MSG>

ERROR_KILLED_TERM
