argv[0] = /home/adityanathan/superopt-project/superopt/build/etfg_i386/eq
argv[1] = --unroll-factor
argv[2] = 8
argv[3] = --proof
argv[4] = logs/s351_s351.gcc.eqchecker.O3.i386.ALL.proof
argv[5] = -f
argv[6] = ALL
argv[7] = /home/adityanathan/superopt-project/superopt-tests/TSVC_prior_work/s351.c
argv[8] = /home/adityanathan/superopt-project/superopt-tests/build/TSVC_prior_work/s351.gcc.eqchecker.O3.i386.s
argv[0] = /home/adityanathan/superopt-project/usr/local/bin/clang
argv[1] = -Xclang
argv[2] = -disable-llvm-passes
argv[3] = -Xclang
argv[4] = -disable-O0-optnone
argv[5] = -c
argv[6] = -g
argv[7] = -emit-llvm
argv[8] = -O0
argv[9] = /home/adityanathan/superopt-project/superopt-tests/TSVC_prior_work/s351.c
argv[10] = -o
argv[11] = /home/adityanathan/superopt-project/superopt-tests/TSVC_prior_work/s351.c.bc.tmp
argv[12] = -m32

<MSG>0:00 : Converting LLVM IR bitcode to Transfer Function Graph (TFG) for function s351</MSG>
 /home/adityanathan/superopt-project/usr/local/bin/harvest32 -functions_only -live_callee_save -allow_unsupported -no_canonicalize_imms -no_eliminate_unreachable_bbls -no_eliminate_duplicates -f ALL -o /home/adityanathan/superopt-project/superopt-tests/build/TSVC_prior_work/s351.gcc.eqchecker.O3.i386.s.o.harvest -l /home/adityanathan/superopt-project/superopt-tests/build/TSVC_prior_work/s351.gcc.eqchecker.O3.i386.s.o.harvest.log /home/adityanathan/superopt-project/superopt-tests/build/TSVC_prior_work/s351.gcc.eqchecker.O3.i386.s.o
 /home/adityanathan/superopt-project/usr/local/bin/eqgen32 -tfg_llvm /home/adityanathan/superopt-project/superopt-tests/TSVC_prior_work/s351.c.bc.etfg -l /home/adityanathan/superopt-project/superopt-tests/build/TSVC_prior_work/s351.gcc.eqchecker.O3.i386.s.o.harvest.log -o /home/adityanathan/superopt-project/superopt-tests/build/TSVC_prior_work/s351.gcc.eqchecker.O3.i386.s.o.tfg -e /home/adityanathan/superopt-project/superopt-tests/build/TSVC_prior_work/s351.gcc.eqchecker.O3.i386.s.o -f ALL /home/adityanathan/superopt-project/superopt-tests/build/TSVC_prior_work/s351.gcc.eqchecker.O3.i386.s.o.harvest
tfg_llvm_t 274: all_pcs = (size 118): L0%0%1 Lentry%1%1 Lentry%1%100003 Lentry%1%100004 Lentry%1%100005 Lentry%1%100006 Lentry%1%100007 Lentry%2%1 Lentry%2%100003 Lentry%2%100004 Lentry%2%100005 Lentry%2%100006 Lentry%2%100007 Lentry%2%100008 Lfor.cond%1%0 Lfor.cond%1%1 Lfor.cond%2%1 Lfor.cond%2%100003 Lfor.cond%2%100004 Lfor.cond%2%100005 Lfor.cond%2%100006 Lfor.body%1%1 Lfor.body%2%1 Lfor.body%2%100003 Lfor.body%2%100004 Lfor.body%2%100005 Lfor.body%3%1 Lfor.body%3%100003 Lfor.body%4%1 Lfor.body%5%1 Lfor.body%5%100003 Lfor.body%5%100004 Lfor.body%5%100005 Lfor.body%6%1 Lfor.body%6%100003 Lfor.body%7%1 Lfor.body%8%1 Lfor.body%9%1 Lfor.body%10%1 Lfor.body%10%100003 Lfor.body%10%100004 Lfor.body%10%100005 Lfor.body%11%1 Lfor.body%11%100003 Lfor.body%12%1 Lfor.body%13%1 Lfor.body%14%1 Lfor.body%14%100003 Lfor.body%14%100004 Lfor.body%14%100005 Lfor.body%15%1 Lfor.body%15%100003 Lfor.body%16%1 Lfor.body%17%1 Lfor.body%18%1 Lfor.body%19%1 Lfor.body%19%100003 Lfor.body%19%100004 Lfor.body%19%100005 Lfor.body%20%1 Lfor.body%20%100003 Lfor.body%21%1 Lfor.body%22%1 Lfor.body%23%1 Lfor.body%23%100003 Lfor.body%23%100004 Lfor.body%23%100005 Lfor.body%24%1 Lfor.body%24%100003 Lfor.body%25%1 Lfor.body%26%1 Lfor.body%27%1 Lfor.body%28%1 Lfor.body%28%100003 Lfor.body%28%100004 Lfor.body%28%100005 Lfor.body%29%1 Lfor.body%29%100003 Lfor.body%30%1 Lfor.body%31%1 Lfor.body%32%1 Lfor.body%32%100003 Lfor.body%32%100004 Lfor.body%32%100005 Lfor.body%33%1 Lfor.body%33%100003 Lfor.body%34%1 Lfor.body%35%1 Lfor.body%36%1 Lfor.body%37%1 Lfor.body%37%100003 Lfor.body%37%100004 Lfor.body%37%100005 Lfor.body%38%1 Lfor.body%38%100003 Lfor.body%39%1 Lfor.body%40%1 Lfor.body%41%1 Lfor.body%41%100003 Lfor.body%41%100004 Lfor.body%41%100005 Lfor.body%42%1 Lfor.body%42%100003 Lfor.body%43%1 Lfor.body%44%1 Lfor.body%45%1 Lfor.body%45%100003 Lfor.body%45%100004 Lfor.end%1%1 Lfor.inc%1%1 Lfor.inc%2%1 Lfor.inc%2%100003 Lfor.inc%2%100004 Lfor.inc%2%100005 Lfor.inc%2%100006 Lfor.inc%2%100007 Lfor.inc%2%100008 E0%0%1
main 459:Printing stats:

expr_simplify_solver: num_starts 2604 time spent: 0:0:0 [0.072700]
expr_simplify_syntactic: num_starts 2604 time spent: 0:0:0 [0.025092]
insn_md_assemble: num_starts 56 time spent: 0:0:0 [0.000077]
expr_linear_relation_holds_visit: num_starts 2167 time spent: 0:0:0 [0.008152]
expr_is_consts_struct_constant: num_starts 18547 time spent: 0:0:0 [0.003887]
graph_loc_get_value: num_starts 1253 time spent: 0:0:0 [0.003264]
manager_register_object: num_starts 657283 time spent: 0:0:0 [0.186435]
manager_deregister_object: num_starts 27987 time spent: 0:0:0 [0.027716]
expr_do_simplify_helper: num_starts 6622 time spent: 0:0:0 [0.135067]
expr_do_simplify_helper_cache: num_starts 6622 time spent: 0:0:0 [0.001862]
expr_prune_obviously_false_branches_using_assume_clause_visitor_cache: num_starts 54 time spent: 0:0:0 [0.000011]
expr_prune_obviously_false_branches_using_assume_clause_visitor: num_starts 54 time spent: 0:0:0 [0.000037]
expr_evaluates_to_constant: num_starts 8220 time spent: 0:0:0 [0.011207]
is_overlapping_syntactic_using_lhs_set_and_precond: num_starts 16 time spent: 0:0:0 [0.001887]
is_overlapping_atoms_pair_syntactic: num_starts 16 time spent: 0:0:0 [0.001762]
total: num_starts 1 time spent: 0:0:14 [14.473319]
num_syntactic_match_tests = 0.
num_execution_tests = 0.
num_boolean_tests = 0.
fingerprinting rate: 0.00 per second (total), -nan per second (itable_enumerate_timer), -nan per second (excluding execution/boolean tests).

timers:
etfg_init.: 0s (num_starts 1)
context_constructor.init.: 1e-06s (num_starts 1)
i386_init_costfns.: 1e-06s (num_starts 1)
context_constructor.solver.: 7e-06s (num_starts 1)
vconstants_alloc.: 1.1e-05s (num_starts 1)
context_constructor.: 1.3e-05s (num_starts 1)
alias_val_t::constructor_with_map_arg.: 2.2e-05s (num_starts 66)
lr_status_meet.: 2.3e-05s (num_starts 18)
graph_locs_add_location_memmasked.: 3.4e-05s (num_starts 20)
i386_iseq_copy.: 4e-05s (num_starts 1)
dst_iseq_inv_rename.: 9.9e-05s (num_starts 1)
x86_assemble.: 0.000101s (num_starts 1)
graph_locs_add_all_llvmvars.: 0.000111s (num_starts 4)
allocate_stack_memory_at_start_pc.: 0.000112s (num_starts 1)
peep_preprocess_using_regmap.: 0.000133s (num_starts 28)
regmap_assign_using_regcons.: 0.000143s (num_starts 1)
alias_val_meet.: 0.000145s (num_starts 64)
i386_infer_regcons_from_assembly.: 0.000162s (num_starts 1)
dst_iseq_disassemble_with_bin_offsets.: 0.000297s (num_starts 1)
determinize_value_expr_map.: 0.0003s (num_starts 542)
populate_branch_affecting_locs.: 0.000377s (num_starts 1)
expr_label_memlabels_using_memlabel_map_visitor.memaccess.: 0.000627s (num_starts 246)
imm_vt_map_copy.: 0.000646s (num_starts 3408)
dst_iseq_from_string.: 0.000997s (num_starts 1)
expr_represents_llvm_undef.: 0.001317s (num_starts 720)
i386_insn_init_constants.: 0.001393s (num_starts 1)
tfg::collect_assumes_around_edge.: 0.001394s (num_starts 182)
compute_sprel_relations.: 0.001687s (num_starts 6)
populate_locid2expr_map.: 0.001831s (num_starts 5)
gas_init.: 0.002076s (num_starts 1)
graph_locs_add_all_exvregs.: 0.002097s (num_starts 4)
propagate_sprels.: 0.002216s (num_starts 6)
populate_simplified_to_state.: 0.002901s (num_starts 2)
avail_exprs_analysis.meet.: 0.002951s (num_starts 198)
populate_memlabel_map.visit.: 0.003266s (num_starts 2958)
expr_simplify_using_sprel_and_memlabel_maps.sprel.: 0.003918s (num_starts 828)
opctable_init.: 0.00484s (num_starts 1)
graph_edge_composition_get_edge_cond.: 0.006028s (num_starts 118)
tfg_suffixpath_get_expr_helper.: 0.006079s (num_starts 118)
expr_linear_relation_holds::visit.var.: 0.006871s (num_starts 794)
compute_new_lr_status_on_locs.loc_lr_status.simplify_and_compute_lr_status.: 0.007659s (num_starts 128)
compute_new_lr_status_on_locs.: 0.007989s (num_starts 64)
graph_add_location_slots_using_state_mem_acc_map.: 0.008103s (num_starts 4)
query:convert_to_z3.: 0.009031s (num_starts 840)
graph_visit_exprs_const.const.: 0.009645s (num_starts 8)
compute_lr_status_for_expr.: 0.010225s (num_starts 425)
expr_model_callee_readable_writeable_regions_in_fcalls_visitor.other.: 0.012049s (num_starts 11817)
canonicalize_expr_tree.: 0.013474s (num_starts 2604)
graph_visit_exprs.: 0.013877s (num_starts 35)
graph_to_stream.: 0.017976s (num_starts 1)
expr_label_memlabels_using_memlabel_map_visitor.: 0.018189s (num_starts 22484)
expr_model_callee_readable_writeable_regions_in_fcalls_visitor.: 0.020308s (num_starts 22477)
src_usedef_tab_read_from_file.: 0.023875s (num_starts 1)
src_usedef_tab_init.: 0.023879s (num_starts 1)
expr_simplify_syntactic().: 0.025961s (num_starts 2604)
xfer_and_meet.: 0.026329s (num_starts 548)
populate_loc_liveness.: 0.027238s (num_starts 10)
expr_simplify_using_sprel_pair_and_memlabel_maps.sprel.: 0.02758s (num_starts 1921)
expr_model_callee_readable_writeable_regions_in_fcalls.: 0.029801s (num_starts 2749)
query:convert_from_z3.: 0.03094s (num_starts 840)
insn_db_list_get_all_matches.: 0.031392s (num_starts 28)
insn_db_get_all_matches.: 0.031618s (num_starts 28)
edge_update_memlabel_map_for_mlvars.populate_memlabel_map.update_potentially_mod_locs.: 0.043633s (num_starts 64)
edge_update_memlabel_map_for_mlvars.populate_memlabel_map.: 0.048712s (num_starts 64)
edge_update_memlabel_map_for_mlvars.: 0.048845s (num_starts 64)
populate_locs_potentially_modified_on_edge.: 0.053545s (num_starts 6)
query:simplify_internal.: 0.053724s (num_starts 840)
alias_analysis.xfer_and_meet.: 0.057279s (num_starts 64)
query:simplify-z3.: 0.058044s (num_starts 840)
split_memory_in_graph.: 0.06172s (num_starts 2)
expr_simplify_using_sprel_pair_and_memlabel_maps.model.: 0.068302s (num_starts 1921)
compute_loc_avail_exprs.: 0.069785s (num_starts 6)
dst_insn_get_tfg.: 0.07024s (num_starts 28)
expr_simplify_using_sprel_and_memlabel_maps.model.: 0.075666s (num_starts 828)
expr_simplify_using_sprel_pair_and_memlabel_maps.: 0.088758s (num_starts 1921)
expr_simplify_using_sprel_and_memlabel_maps.: 0.089584s (num_starts 828)
populate_auxilliary_structures_dependent_on_locs.: 0.10439s (num_starts 4)
expr_label_memlabels_using_memlabel_map_visitor.simplify.: 0.112007s (num_starts 2749)
refresh_graph_locs.: 0.119309s (num_starts 4)
expr_simplify_using_lhs_set_helper.: 0.131945s (num_starts 392)
expr_do_simplify_using_lhs_set_and_precond.: 0.1323s (num_starts 392)
parse_consts_db.: 0.178094s (num_starts 1)
init_graph_locs.: 0.237497s (num_starts 2)
split_memory_in_graph_initialize.: 0.238391s (num_starts 2)
split_memory_in_graph_and_propagate_sprels_until_fixpoint.: 0.339933s (num_starts 1)
total-preprocess-split_memory.: 0.339936s (num_starts 1)
total-preprocess.: 0.346225s (num_starts 1)
tfg_preprocess.dst.: 0.348286s (num_starts 1)
tfg_preprocess.: 0.348289s (num_starts 1)
dst_parse_sym_exec_db.: 2.22203s (num_starts 1)
dst_iseq_deserialize.: 3.6945s (num_starts 88172)
opc_init.: 4.19587s (num_starts 1)
i386_init.: 4.19797s (num_starts 1)
dst_usedef_tab_read_from_file.: 6.08801s (num_starts 1)
dst_usedef_tab_init.: 6.08801s (num_starts 1)
usedef_init.: 6.11189s (num_starts 1)

counters:

flags:

info:

Context stats:
exprs: count: 21231
sorts: count: 162
num_proof_queries: 0
num_proof_queries_answered_by_syntactic_check: 0
num_proof_queries_answered_by_counter_examples: 0
cache_stats:
m_simplify:
	----------- total:	6622
	        hit ratio:	0.940803
m_simplify_solver:
	----------- total:	2604
	        hit ratio:	0.675499
m_prune_obviously_false_branches_using_assume_clause:
	----------- total:	186
	        hit ratio:	0.419355
m_z3_solver_simplify:
	----------- total:	840
	        hit ratio:	0
m_z3_solver_simplify_internal:
	----------- total:	840
	        hit ratio:	0
m_replace_donotsimplify_using_solver_expressions_by_free_vars:
	----------- total:	845
	        hit ratio:	0
m_expr_size:
	----------- total:	5904
	        hit ratio:	0.824865
m_contains_only_constants_or_arguments_or_esp_versions:
	----------- total:	1396
	        hit ratio:	0.992837
m_expr_evaluates_to_constant_visitor:
	----------- total:	14759
	        hit ratio:	0.762992

stats 170:z3_solver expr_query_cache entry count: 0
histogram:

<MSG>0:00 : Converting C source code to LLVM IR bitcode...</MSG>
<MSG>0:01 : Converting LLVM IR bitcode to Transfer Function Graph (TFG)...</MSG>
<MSG>0:03 : Converting assembly code to object file...</MSG>
<MSG>0:03 : Harvesting object code to obtain harvested assembly...</MSG>
<MSG>0:13 : Converting harvested assembly to Transfer Function Graph (TFG)...</MSG>
<MSG>0:28 : Searching for equivalence at unroll factor 8</MSG>
tfg_llvm_t 274: all_pcs = (size 118): L0%0%1 Lentry%1%1 Lentry%1%100003 Lentry%1%100004 Lentry%1%100005 Lentry%1%100006 Lentry%1%100007 Lentry%2%1 Lentry%2%100003 Lentry%2%100004 Lentry%2%100005 Lentry%2%100006 Lentry%2%100007 Lentry%2%100008 Lfor.cond%1%0 Lfor.cond%1%1 Lfor.cond%2%1 Lfor.cond%2%100003 Lfor.cond%2%100004 Lfor.cond%2%100005 Lfor.cond%2%100006 Lfor.body%1%1 Lfor.body%2%1 Lfor.body%2%100003 Lfor.body%2%100004 Lfor.body%2%100005 Lfor.body%3%1 Lfor.body%3%100003 Lfor.body%4%1 Lfor.body%5%1 Lfor.body%5%100003 Lfor.body%5%100004 Lfor.body%5%100005 Lfor.body%6%1 Lfor.body%6%100003 Lfor.body%7%1 Lfor.body%8%1 Lfor.body%9%1 Lfor.body%10%1 Lfor.body%10%100003 Lfor.body%10%100004 Lfor.body%10%100005 Lfor.body%11%1 Lfor.body%11%100003 Lfor.body%12%1 Lfor.body%13%1 Lfor.body%14%1 Lfor.body%14%100003 Lfor.body%14%100004 Lfor.body%14%100005 Lfor.body%15%1 Lfor.body%15%100003 Lfor.body%16%1 Lfor.body%17%1 Lfor.body%18%1 Lfor.body%19%1 Lfor.body%19%100003 Lfor.body%19%100004 Lfor.body%19%100005 Lfor.body%20%1 Lfor.body%20%100003 Lfor.body%21%1 Lfor.body%22%1 Lfor.body%23%1 Lfor.body%23%100003 Lfor.body%23%100004 Lfor.body%23%100005 Lfor.body%24%1 Lfor.body%24%100003 Lfor.body%25%1 Lfor.body%26%1 Lfor.body%27%1 Lfor.body%28%1 Lfor.body%28%100003 Lfor.body%28%100004 Lfor.body%28%100005 Lfor.body%29%1 Lfor.body%29%100003 Lfor.body%30%1 Lfor.body%31%1 Lfor.body%32%1 Lfor.body%32%100003 Lfor.body%32%100004 Lfor.body%32%100005 Lfor.body%33%1 Lfor.body%33%100003 Lfor.body%34%1 Lfor.body%35%1 Lfor.body%36%1 Lfor.body%37%1 Lfor.body%37%100003 Lfor.body%37%100004 Lfor.body%37%100005 Lfor.body%38%1 Lfor.body%38%100003 Lfor.body%39%1 Lfor.body%40%1 Lfor.body%41%1 Lfor.body%41%100003 Lfor.body%41%100004 Lfor.body%41%100005 Lfor.body%42%1 Lfor.body%42%100003 Lfor.body%43%1 Lfor.body%44%1 Lfor.body%45%1 Lfor.body%45%100003 Lfor.body%45%100004 Lfor.end%1%1 Lfor.inc%1%1 Lfor.inc%2%1 Lfor.inc%2%100003 Lfor.inc%2%100004 Lfor.inc%2%100005 Lfor.inc%2%100006 Lfor.inc%2%100007 Lfor.inc%2%100008 E0%0%1
<MSG>0:29 : Computing equivalence for function: s351...</MSG>
<MSG>0:43 : Computing equivalence of the two TFGs (LLVM IR and x86 assembly)...</MSG>
<MSG>0:43 : Chose product-TFG s351 from a frontier of size 1...</MSG>
<cg>
  Nodes: L0%0%1_L0%0%1 (C L0%0%1, A line 11)
                L0%0%1_L0%0%1 contains 0 counterexamples (for correlating 0 bv exprs)

</cg>
<MSG>0:43 : product-TFG s351: Enumerating correlations for L0%0%1=>L3%1%0[mu 1, delta 1] starting at L0%0%1_L0%0%1
</MSG>
<MSG>0:43 : Considering 1 paths to src pc L0%0%1 as correlation candidates for L0%0%1=>L3%1%0[mu 1, delta 1] at L0%0%1_L0%0%1
</MSG>
<MSG>0:43 : Attempting correlation of src pathset L0%0%1=>L0%0%1[mu 0, delta 0] as correlation candidate for L0%0%1=>L3%1%0[mu 1, delta 1] at L0%0%1_L0%0%1
</MSG>
<MSG>0:43 : Found 1 feasible correlations for paths to src pc L0%0%1 as correlation candidates for L0%0%1=>L3%1%0[mu 1, delta 1] at L0%0%1_L0%0%1
</MSG>
<MSG>0:43 : Considering 8 paths to src pc Lfor.cond%1%0 as correlation candidates for L0%0%1=>L3%1%0[mu 1, delta 1] at L0%0%1_L0%0%1
</MSG>
<MSG>0:43 : Attempting correlation of src pathset L0%0%1=>Lfor.cond%1%0[mu 8, delta 1] as correlation candidate for L0%0%1=>L3%1%0[mu 1, delta 1] at L0%0%1_L0%0%1
</MSG>
<MSG>0:43 : Attempting correlation of src pathset L0%0%1=>Lfor.cond%1%0[mu 8, delta 2] as correlation candidate for L0%0%1=>L3%1%0[mu 1, delta 1] at L0%0%1_L0%0%1
</MSG>
<MSG>0:43 : Attempting correlation of src pathset L0%0%1=>Lfor.cond%1%0[mu 8, delta 3] as correlation candidate for L0%0%1=>L3%1%0[mu 1, delta 1] at L0%0%1_L0%0%1
</MSG>
<MSG>0:43 : Attempting correlation of src pathset L0%0%1=>Lfor.cond%1%0[mu 8, delta 4] as correlation candidate for L0%0%1=>L3%1%0[mu 1, delta 1] at L0%0%1_L0%0%1
</MSG>
<MSG>0:43 : Attempting correlation of src pathset L0%0%1=>Lfor.cond%1%0[mu 8, delta 5] as correlation candidate for L0%0%1=>L3%1%0[mu 1, delta 1] at L0%0%1_L0%0%1
</MSG>
<MSG>0:43 : Attempting correlation of src pathset L0%0%1=>Lfor.cond%1%0[mu 8, delta 6] as correlation candidate for L0%0%1=>L3%1%0[mu 1, delta 1] at L0%0%1_L0%0%1
</MSG>
<MSG>0:44 : Attempting correlation of src pathset L0%0%1=>Lfor.cond%1%0[mu 8, delta 7] as correlation candidate for L0%0%1=>L3%1%0[mu 1, delta 1] at L0%0%1_L0%0%1
</MSG>
<MSG>0:44 : Attempting correlation of src pathset L0%0%1=>Lfor.cond%1%0[mu 8, delta 8] as correlation candidate for L0%0%1=>L3%1%0[mu 1, delta 1] at L0%0%1_L0%0%1
</MSG>
<MSG>0:44 : Found 8 feasible correlations for paths to src pc Lfor.cond%1%0 as correlation candidates for L0%0%1=>L3%1%0[mu 1, delta 1] at L0%0%1_L0%0%1
</MSG>
<MSG>0:44 : Considering 8 paths to src pc Lfor.cond%2%1 as correlation candidates for L0%0%1=>L3%1%0[mu 1, delta 1] at L0%0%1_L0%0%1
</MSG>
<MSG>0:44 : Attempting correlation of src pathset L0%0%1=>Lfor.cond%2%1[mu 8, delta 1] as correlation candidate for L0%0%1=>L3%1%0[mu 1, delta 1] at L0%0%1_L0%0%1
</MSG>
<MSG>0:44 : Attempting correlation of src pathset L0%0%1=>Lfor.cond%2%1[mu 8, delta 2] as correlation candidate for L0%0%1=>L3%1%0[mu 1, delta 1] at L0%0%1_L0%0%1
</MSG>
<MSG>0:44 : Attempting correlation of src pathset L0%0%1=>Lfor.cond%2%1[mu 8, delta 3] as correlation candidate for L0%0%1=>L3%1%0[mu 1, delta 1] at L0%0%1_L0%0%1
</MSG>
<MSG>0:44 : Attempting correlation of src pathset L0%0%1=>Lfor.cond%2%1[mu 8, delta 4] as correlation candidate for L0%0%1=>L3%1%0[mu 1, delta 1] at L0%0%1_L0%0%1
</MSG>
<MSG>0:44 : Attempting correlation of src pathset L0%0%1=>Lfor.cond%2%1[mu 8, delta 5] as correlation candidate for L0%0%1=>L3%1%0[mu 1, delta 1] at L0%0%1_L0%0%1
</MSG>
<MSG>0:44 : Attempting correlation of src pathset L0%0%1=>Lfor.cond%2%1[mu 8, delta 6] as correlation candidate for L0%0%1=>L3%1%0[mu 1, delta 1] at L0%0%1_L0%0%1
</MSG>
<MSG>0:44 : Attempting correlation of src pathset L0%0%1=>Lfor.cond%2%1[mu 8, delta 7] as correlation candidate for L0%0%1=>L3%1%0[mu 1, delta 1] at L0%0%1_L0%0%1
</MSG>
<MSG>0:45 : Attempting correlation of src pathset L0%0%1=>Lfor.cond%2%1[mu 8, delta 8] as correlation candidate for L0%0%1=>L3%1%0[mu 1, delta 1] at L0%0%1_L0%0%1
</MSG>
<MSG>0:45 : Found 8 feasible correlations for paths to src pc Lfor.cond%2%1 as correlation candidates for L0%0%1=>L3%1%0[mu 1, delta 1] at L0%0%1_L0%0%1
</MSG>
<MSG>0:45 : Considering 8 paths to src pc Lfor.body%1%1 as correlation candidates for L0%0%1=>L3%1%0[mu 1, delta 1] at L0%0%1_L0%0%1
</MSG>
<MSG>0:45 : Attempting correlation of src pathset L0%0%1=>Lfor.body%1%1[mu 8, delta 1] as correlation candidate for L0%0%1=>L3%1%0[mu 1, delta 1] at L0%0%1_L0%0%1
</MSG>
<MSG>0:45 : Attempting correlation of src pathset L0%0%1=>Lfor.body%1%1[mu 8, delta 2] as correlation candidate for L0%0%1=>L3%1%0[mu 1, delta 1] at L0%0%1_L0%0%1
</MSG>
<MSG>0:45 : Attempting correlation of src pathset L0%0%1=>Lfor.body%1%1[mu 8, delta 3] as correlation candidate for L0%0%1=>L3%1%0[mu 1, delta 1] at L0%0%1_L0%0%1
</MSG>
<MSG>0:45 : Attempting correlation of src pathset L0%0%1=>Lfor.body%1%1[mu 8, delta 4] as correlation candidate for L0%0%1=>L3%1%0[mu 1, delta 1] at L0%0%1_L0%0%1
</MSG>
<MSG>0:45 : Attempting correlation of src pathset L0%0%1=>Lfor.body%1%1[mu 8, delta 5] as correlation candidate for L0%0%1=>L3%1%0[mu 1, delta 1] at L0%0%1_L0%0%1
</MSG>
<MSG>0:45 : Attempting correlation of src pathset L0%0%1=>Lfor.body%1%1[mu 8, delta 6] as correlation candidate for L0%0%1=>L3%1%0[mu 1, delta 1] at L0%0%1_L0%0%1
</MSG>
<MSG>0:45 : Attempting correlation of src pathset L0%0%1=>Lfor.body%1%1[mu 8, delta 7] as correlation candidate for L0%0%1=>L3%1%0[mu 1, delta 1] at L0%0%1_L0%0%1
</MSG>
<MSG>0:46 : Attempting correlation of src pathset L0%0%1=>Lfor.body%1%1[mu 8, delta 8] as correlation candidate for L0%0%1=>L3%1%0[mu 1, delta 1] at L0%0%1_L0%0%1
</MSG>
<MSG>0:46 : Found 8 feasible correlations for paths to src pc Lfor.body%1%1 as correlation candidates for L0%0%1=>L3%1%0[mu 1, delta 1] at L0%0%1_L0%0%1
</MSG>
<MSG>0:46 : Considering 1 paths to src pc Lfor.end%1%1 as correlation candidates for L0%0%1=>L3%1%0[mu 1, delta 1] at L0%0%1_L0%0%1
</MSG>
<MSG>0:46 : Attempting correlation of src pathset L0%0%1=>Lfor.end%1%1[mu 8, delta 1] as correlation candidate for L0%0%1=>L3%1%0[mu 1, delta 1] at L0%0%1_L0%0%1
</MSG>
<MSG>0:46 : Found 1 feasible correlations for paths to src pc Lfor.end%1%1 as correlation candidates for L0%0%1=>L3%1%0[mu 1, delta 1] at L0%0%1_L0%0%1
</MSG>
<MSG>0:46 : product-TFG s351: Found 26 correlations for L0%0%1=>L3%1%0[mu 1, delta 1] starting at L0%0%1_L0%0%1
</MSG>
<MSG>0:46 : product-TFG s351 created 26 possibilities in group s351.A...</MSG>
<MSG>0:46 : Chose product-TFG s351.A1 from a frontier of size 26...</MSG>
<cg>
  Edges: L0%0%1_L0%0%1=>L0%0%1_L3%1%0 (C L0%0%1 => C L0%0%1 at mu 0 delta 0, A line 11 => A line 23 at mu 1 delta 1)
  Nodes: L0%0%1_L0%0%1 (C L0%0%1, A line 11)
                L0%0%1_L0%0%1 contains 0 counterexamples (for correlating 0 bv exprs)
         L0%0%1_L3%1%0 (C L0%0%1, A line 23)
                L0%0%1_L3%1%0 contains 0 counterexamples (for correlating 15 bv exprs)
                false

</cg>
<MSG>0:46 : s351.A1: checked newly added edge and inferred invariants...</MSG>
<MSG>0:46 : s351.A1: Chosen CG is still the most promising correlation entry; proceeding with it...</MSG>
<MSG>0:46 : product-TFG s351.A1: Enumerating correlations for L3%1%0=>L3%1%0[mu 1, delta 1] starting at L0%0%1_L3%1%0
</MSG>
<MSG>0:46 : Considering 8 paths to src pc Lfor.cond%1%0 as correlation candidates for L3%1%0=>L3%1%0[mu 1, delta 1] at L0%0%1_L3%1%0
</MSG>
<MSG>0:46 : Attempting correlation of src pathset L0%0%1=>Lfor.cond%1%0[mu 8, delta 1] as correlation candidate for L3%1%0=>L3%1%0[mu 1, delta 1] at L0%0%1_L3%1%0
</MSG>
<MSG>0:47 : Failed correlation of src pathset L0%0%1=>Lfor.cond%1%0[mu 8, delta 1] as correlation candidate for L3%1%0=>L3%1%0[mu 1, delta 1] at L0%0%1_L3%1%0: failcond = invariant_state_instability
</MSG>
<MSG>0:47 : Attempting correlation of src pathset L0%0%1=>Lfor.cond%1%0[mu 8, delta 2] as correlation candidate for L3%1%0=>L3%1%0[mu 1, delta 1] at L0%0%1_L3%1%0
</MSG>
<MSG>0:48 : Failed correlation of src pathset L0%0%1=>Lfor.cond%1%0[mu 8, delta 2] as correlation candidate for L3%1%0=>L3%1%0[mu 1, delta 1] at L0%0%1_L3%1%0: failcond = invariant_state_instability
</MSG>
<MSG>0:48 : Attempting correlation of src pathset L0%0%1=>Lfor.cond%1%0[mu 8, delta 3] as correlation candidate for L3%1%0=>L3%1%0[mu 1, delta 1] at L0%0%1_L3%1%0
</MSG>
<MSG>0:48 : Failed correlation of src pathset L0%0%1=>Lfor.cond%1%0[mu 8, delta 3] as correlation candidate for L3%1%0=>L3%1%0[mu 1, delta 1] at L0%0%1_L3%1%0: failcond = invariant_state_instability
</MSG>
<MSG>0:48 : Attempting correlation of src pathset L0%0%1=>Lfor.cond%1%0[mu 8, delta 4] as correlation candidate for L3%1%0=>L3%1%0[mu 1, delta 1] at L0%0%1_L3%1%0
</MSG>
<MSG>0:48 : Failed correlation of src pathset L0%0%1=>Lfor.cond%1%0[mu 8, delta 4] as correlation candidate for L3%1%0=>L3%1%0[mu 1, delta 1] at L0%0%1_L3%1%0: failcond = invariant_state_instability
</MSG>
<MSG>0:48 : Attempting correlation of src pathset L0%0%1=>Lfor.cond%1%0[mu 8, delta 5] as correlation candidate for L3%1%0=>L3%1%0[mu 1, delta 1] at L0%0%1_L3%1%0
</MSG>
<MSG>0:49 : Attempting correlation of src pathset L0%0%1=>Lfor.cond%1%0[mu 8, delta 6] as correlation candidate for L3%1%0=>L3%1%0[mu 1, delta 1] at L0%0%1_L3%1%0
</MSG>
<MSG>0:50 : Failed correlation of src pathset L0%0%1=>Lfor.cond%1%0[mu 8, delta 6] as correlation candidate for L3%1%0=>L3%1%0[mu 1, delta 1] at L0%0%1_L3%1%0: failcond = invariant_state_instability
</MSG>
<MSG>0:50 : Attempting correlation of src pathset L0%0%1=>Lfor.cond%1%0[mu 8, delta 7] as correlation candidate for L3%1%0=>L3%1%0[mu 1, delta 1] at L0%0%1_L3%1%0
</MSG>
<MSG>0:51 : Failed correlation of src pathset L0%0%1=>Lfor.cond%1%0[mu 8, delta 7] as correlation candidate for L3%1%0=>L3%1%0[mu 1, delta 1] at L0%0%1_L3%1%0: failcond = invariant_state_instability
</MSG>
<MSG>0:51 : Attempting correlation of src pathset L0%0%1=>Lfor.cond%1%0[mu 8, delta 8] as correlation candidate for L3%1%0=>L3%1%0[mu 1, delta 1] at L0%0%1_L3%1%0
</MSG>
<MSG>0:52 : Failed correlation of src pathset L0%0%1=>Lfor.cond%1%0[mu 8, delta 8] as correlation candidate for L3%1%0=>L3%1%0[mu 1, delta 1] at L0%0%1_L3%1%0: failcond = invariant_state_instability
</MSG>
<MSG>0:52 : Found 1 feasible correlations for paths to src pc Lfor.cond%1%0 as correlation candidates for L3%1%0=>L3%1%0[mu 1, delta 1] at L0%0%1_L3%1%0
</MSG>
<MSG>0:52 : Considering 8 paths to src pc Lfor.cond%2%1 as correlation candidates for L3%1%0=>L3%1%0[mu 1, delta 1] at L0%0%1_L3%1%0
</MSG>
<MSG>0:52 : Attempting correlation of src pathset L0%0%1=>Lfor.cond%2%1[mu 8, delta 1] as correlation candidate for L3%1%0=>L3%1%0[mu 1, delta 1] at L0%0%1_L3%1%0
</MSG>
<MSG>0:52 : Failed correlation of src pathset L0%0%1=>Lfor.cond%2%1[mu 8, delta 1] as correlation candidate for L3%1%0=>L3%1%0[mu 1, delta 1] at L0%0%1_L3%1%0: failcond = invariant_state_instability
</MSG>
<MSG>0:52 : Attempting correlation of src pathset L0%0%1=>Lfor.cond%2%1[mu 8, delta 2] as correlation candidate for L3%1%0=>L3%1%0[mu 1, delta 1] at L0%0%1_L3%1%0
</MSG>
<MSG>0:53 : Failed correlation of src pathset L0%0%1=>Lfor.cond%2%1[mu 8, delta 2] as correlation candidate for L3%1%0=>L3%1%0[mu 1, delta 1] at L0%0%1_L3%1%0: failcond = invariant_state_instability
</MSG>
<MSG>0:53 : Attempting correlation of src pathset L0%0%1=>Lfor.cond%2%1[mu 8, delta 3] as correlation candidate for L3%1%0=>L3%1%0[mu 1, delta 1] at L0%0%1_L3%1%0
</MSG>
<MSG>0:53 : Failed correlation of src pathset L0%0%1=>Lfor.cond%2%1[mu 8, delta 3] as correlation candidate for L3%1%0=>L3%1%0[mu 1, delta 1] at L0%0%1_L3%1%0: failcond = invariant_state_instability
</MSG>
<MSG>0:53 : Attempting correlation of src pathset L0%0%1=>Lfor.cond%2%1[mu 8, delta 4] as correlation candidate for L3%1%0=>L3%1%0[mu 1, delta 1] at L0%0%1_L3%1%0
</MSG>
<MSG>0:54 : Failed correlation of src pathset L0%0%1=>Lfor.cond%2%1[mu 8, delta 4] as correlation candidate for L3%1%0=>L3%1%0[mu 1, delta 1] at L0%0%1_L3%1%0: failcond = invariant_state_instability
</MSG>
<MSG>0:54 : Attempting correlation of src pathset L0%0%1=>Lfor.cond%2%1[mu 8, delta 5] as correlation candidate for L3%1%0=>L3%1%0[mu 1, delta 1] at L0%0%1_L3%1%0
</MSG>
<MSG>0:54 : Attempting correlation of src pathset L0%0%1=>Lfor.cond%2%1[mu 8, delta 6] as correlation candidate for L3%1%0=>L3%1%0[mu 1, delta 1] at L0%0%1_L3%1%0
</MSG>
<MSG>0:55 : Failed correlation of src pathset L0%0%1=>Lfor.cond%2%1[mu 8, delta 6] as correlation candidate for L3%1%0=>L3%1%0[mu 1, delta 1] at L0%0%1_L3%1%0: failcond = invariant_state_instability
</MSG>
<MSG>0:55 : Attempting correlation of src pathset L0%0%1=>Lfor.cond%2%1[mu 8, delta 7] as correlation candidate for L3%1%0=>L3%1%0[mu 1, delta 1] at L0%0%1_L3%1%0
</MSG>
<MSG>0:55 : Failed correlation of src pathset L0%0%1=>Lfor.cond%2%1[mu 8, delta 7] as correlation candidate for L3%1%0=>L3%1%0[mu 1, delta 1] at L0%0%1_L3%1%0: failcond = invariant_state_instability
</MSG>
<MSG>0:55 : Attempting correlation of src pathset L0%0%1=>Lfor.cond%2%1[mu 8, delta 8] as correlation candidate for L3%1%0=>L3%1%0[mu 1, delta 1] at L0%0%1_L3%1%0
</MSG>
<MSG>0:56 : Failed correlation of src pathset L0%0%1=>Lfor.cond%2%1[mu 8, delta 8] as correlation candidate for L3%1%0=>L3%1%0[mu 1, delta 1] at L0%0%1_L3%1%0: failcond = invariant_state_instability
</MSG>
<MSG>0:56 : Found 1 feasible correlations for paths to src pc Lfor.cond%2%1 as correlation candidates for L3%1%0=>L3%1%0[mu 1, delta 1] at L0%0%1_L3%1%0
</MSG>
<MSG>0:56 : Considering 8 paths to src pc Lfor.body%1%1 as correlation candidates for L3%1%0=>L3%1%0[mu 1, delta 1] at L0%0%1_L3%1%0
</MSG>
<MSG>0:56 : Attempting correlation of src pathset L0%0%1=>Lfor.body%1%1[mu 8, delta 1] as correlation candidate for L3%1%0=>L3%1%0[mu 1, delta 1] at L0%0%1_L3%1%0
</MSG>
<MSG>0:57 : Failed correlation of src pathset L0%0%1=>Lfor.body%1%1[mu 8, delta 1] as correlation candidate for L3%1%0=>L3%1%0[mu 1, delta 1] at L0%0%1_L3%1%0: failcond = invariant_state_instability
</MSG>
<MSG>0:57 : Attempting correlation of src pathset L0%0%1=>Lfor.body%1%1[mu 8, delta 2] as correlation candidate for L3%1%0=>L3%1%0[mu 1, delta 1] at L0%0%1_L3%1%0
</MSG>
<MSG>0:57 : Failed correlation of src pathset L0%0%1=>Lfor.body%1%1[mu 8, delta 2] as correlation candidate for L3%1%0=>L3%1%0[mu 1, delta 1] at L0%0%1_L3%1%0: failcond = invariant_state_instability
</MSG>
<MSG>0:57 : Attempting correlation of src pathset L0%0%1=>Lfor.body%1%1[mu 8, delta 3] as correlation candidate for L3%1%0=>L3%1%0[mu 1, delta 1] at L0%0%1_L3%1%0
</MSG>
<MSG>0:57 : Failed correlation of src pathset L0%0%1=>Lfor.body%1%1[mu 8, delta 3] as correlation candidate for L3%1%0=>L3%1%0[mu 1, delta 1] at L0%0%1_L3%1%0: failcond = invariant_state_instability
</MSG>
<MSG>0:57 : Attempting correlation of src pathset L0%0%1=>Lfor.body%1%1[mu 8, delta 4] as correlation candidate for L3%1%0=>L3%1%0[mu 1, delta 1] at L0%0%1_L3%1%0
</MSG>
<MSG>0:58 : Failed correlation of src pathset L0%0%1=>Lfor.body%1%1[mu 8, delta 4] as correlation candidate for L3%1%0=>L3%1%0[mu 1, delta 1] at L0%0%1_L3%1%0: failcond = invariant_state_instability
</MSG>
<MSG>0:58 : Attempting correlation of src pathset L0%0%1=>Lfor.body%1%1[mu 8, delta 5] as correlation candidate for L3%1%0=>L3%1%0[mu 1, delta 1] at L0%0%1_L3%1%0
</MSG>
<MSG>0:59 : Attempting correlation of src pathset L0%0%1=>Lfor.body%1%1[mu 8, delta 6] as correlation candidate for L3%1%0=>L3%1%0[mu 1, delta 1] at L0%0%1_L3%1%0
</MSG>
<MSG>0:59 : Failed correlation of src pathset L0%0%1=>Lfor.body%1%1[mu 8, delta 6] as correlation candidate for L3%1%0=>L3%1%0[mu 1, delta 1] at L0%0%1_L3%1%0: failcond = invariant_state_instability
</MSG>
<MSG>0:59 : Attempting correlation of src pathset L0%0%1=>Lfor.body%1%1[mu 8, delta 7] as correlation candidate for L3%1%0=>L3%1%0[mu 1, delta 1] at L0%0%1_L3%1%0
</MSG>
<MSG>1:00 : Failed correlation of src pathset L0%0%1=>Lfor.body%1%1[mu 8, delta 7] as correlation candidate for L3%1%0=>L3%1%0[mu 1, delta 1] at L0%0%1_L3%1%0: failcond = invariant_state_instability
</MSG>
<MSG>1:00 : Attempting correlation of src pathset L0%0%1=>Lfor.body%1%1[mu 8, delta 8] as correlation candidate for L3%1%0=>L3%1%0[mu 1, delta 1] at L0%0%1_L3%1%0
</MSG>
<MSG>1:01 : Failed correlation of src pathset L0%0%1=>Lfor.body%1%1[mu 8, delta 8] as correlation candidate for L3%1%0=>L3%1%0[mu 1, delta 1] at L0%0%1_L3%1%0: failcond = invariant_state_instability
</MSG>
<MSG>1:01 : Found 1 feasible correlations for paths to src pc Lfor.body%1%1 as correlation candidates for L3%1%0=>L3%1%0[mu 1, delta 1] at L0%0%1_L3%1%0
</MSG>
<MSG>1:01 : Considering 1 paths to src pc Lfor.end%1%1 as correlation candidates for L3%1%0=>L3%1%0[mu 1, delta 1] at L0%0%1_L3%1%0
</MSG>
<MSG>1:01 : Attempting correlation of src pathset L0%0%1=>Lfor.end%1%1[mu 8, delta 1] as correlation candidate for L3%1%0=>L3%1%0[mu 1, delta 1] at L0%0%1_L3%1%0
</MSG>
<MSG>1:01 : Failed correlation of src pathset L0%0%1=>Lfor.end%1%1[mu 8, delta 1] as correlation candidate for L3%1%0=>L3%1%0[mu 1, delta 1] at L0%0%1_L3%1%0: failcond = compute_well_formedness_conditions_for_edge for L0%0%1_L3%1%0=>Lfor.end%1%1_L3%1%0[ src: ((L0%0%1=>Lfor.cond%1%0)*((Lfor.cond%1%0=>Lfor.cond%2%1)*(((Lfor.cond%2%1=>Lfor.body%1%1)*((Lfor.body%1%1=>Lfor.cond%1%0)*((Lfor.cond%1%0=>Lfor.cond%2%1)*(((Lfor.cond%2%1=>Lfor.body%1%1)*((Lfor.body%1%1=>Lfor.cond%1%0)*((Lfor.cond%1%0=>Lfor.cond%2%1)*(((Lfor.cond%2%1=>Lfor.body%1%1)*((Lfor.body%1%1=>Lfor.cond%1%0)*((Lfor.cond%1%0=>Lfor.cond%2%1)*(((Lfor.cond%2%1=>Lfor.body%1%1)*((Lfor.body%1%1=>Lfor.cond%1%0)*((Lfor.cond%1%0=>Lfor.cond%2%1)*(((Lfor.cond%2%1=>Lfor.body%1%1)*((Lfor.body%1%1=>Lfor.cond%1%0)*((Lfor.cond%1%0=>Lfor.cond%2%1)*(((Lfor.cond%2%1=>Lfor.body%1%1)*((Lfor.body%1%1=>Lfor.cond%1%0)*((Lfor.cond%1%0=>Lfor.cond%2%1)*(((Lfor.cond%2%1=>Lfor.body%1%1)*((Lfor.body%1%1=>Lfor.cond%1%0)*((Lfor.cond%1%0=>Lfor.cond%2%1)*(Lfor.cond%2%1=>Lfor.end%1%1))))+(Lfor.cond%2%1=>Lfor.end%1%1)))))+(Lfor.cond%2%1=>Lfor.end%1%1)))))+(Lfor.cond%2%1=>Lfor.end%1%1)))))+(Lfor.cond%2%1=>Lfor.end%1%1)))))+(Lfor.cond%2%1=>Lfor.end%1%1)))))+(Lfor.cond%2%1=>Lfor.end%1%1)))))+(Lfor.cond%2%1=>Lfor.end%1%1)))); dst: ((L3%1%0=>L25%1%1)*(L25%1%1=>L3%1%0))]
</MSG>
<MSG>1:01 : Found 0 feasible correlations for paths to src pc Lfor.end%1%1 as correlation candidates for L3%1%0=>L3%1%0[mu 1, delta 1] at L0%0%1_L3%1%0
</MSG>
<MSG>1:01 : product-TFG s351.A1: Found 3 correlations for L3%1%0=>L3%1%0[mu 1, delta 1] starting at L0%0%1_L3%1%0
</MSG>
<MSG>1:01 : product-TFG s351.A1 created 3 possibilities in group s351.A1.B...</MSG>
<MSG>1:01 : Chose product-TFG s351.A1.B3 from a frontier of size 28...</MSG>
<cg>
  Edges: L0%0%1_L0%0%1=>L0%0%1_L3%1%0 (C L0%0%1 => C L0%0%1 at mu 0 delta 0, A line 11 => A line 23 at mu 1 delta 1)
         L0%0%1_L3%1%0=>Lfor.body%1%1_L3%1%0 (C L0%0%1 => C line 12 at mu 8 delta 5, A line 23 => A line 23 at mu 1 delta 1)
  Nodes: L0%0%1_L0%0%1 (C L0%0%1, A line 11)
                L0%0%1_L0%0%1 contains 18 counterexamples (for correlating 0 bv exprs)
         L0%0%1_L3%1%0 (C L0%0%1, A line 23)
                L0%0%1_L3%1%0 contains 7 counterexamples (for correlating 15 bv exprs)
                SRCMEM{heap,@c,@b,@a} = DSTMEM{heap,@c,@b,@a}
                (-270340) = (%esp - %eax)
                (-270340) = (SPL0%1%1 - %eax)
                return-address = DSTMEM[SPentry]_4
                SRCMEM[@c]_4 = DSTMEM[@c]_4
                SRCMEM[@c]_4 = %xmm0[31:0]
                SRCMEM[@c]_4 = %xmm0[63:32]
                SRCMEM[@c]_4 = %xmm0[95:64]
                SRCMEM[@c]_4 = %xmm0[127:96]
                %eax = 0
                (%eax >=_s 0)
                (%eax <=_s 0)
                (%eax <= 0)
         Lfor.body%1%1_L3%1%0 (C line 12, A line 23)
                Lfor.body%1%1_L3%1%0 contains 7 counterexamples (for correlating 149 bv exprs)
                SRCMEM{heap,@c,@b,@a} = DSTMEM{heap,@c,@b,@a}
                SRCMEM[(@a + 4*i + 24)]_4 = SRCMEM[(@b + 4*i + 56)]_4
                input.src.llvm-%0 = %xmm0[31:0]
                (-270340) = %esp
                bvmul(input.src.llvm-%0, SRCMEM[(@b + 4*i + 28)]_4) = bvmul(input.src.llvm-%0, SRCMEM[(@b + 4*i + 156)]_4)
                SRCMEM[(@a + 4*i + 20)]_4 = SRCMEM[(@a + 4*i + 148)]_4
                0..((i + 10) <_s 32000) = 1
                bvmul(SRCMEM[(@b + 4*i)]_4, 490150561) = bvmul(input.src.llvm-%0, SRCMEM[(@b + 4*i + 44)]_4)
                input.src.llvm-%0 = SRCMEM[@c]_4
                SRCMEM[(@b + 4*i + 24)]_4 = SRCMEM[(@a + 4*i + 120)]_4
                0..((i + 40) <_s 32000) = 1
                SRCMEM[(@a + 4*i + 92)]_4 = SRCMEM[(@b + 4*i + 124)]_4
                bvmul(SRCMEM[(@b + 4*i)]_4, 1715151953) = SRCMEM[(@a + 4*i + 56)]_4
                bvmul(input.src.llvm-%0, SRCMEM[(@b + 4*i + 12)]_4) = bvmul(input.src.llvm-%0, SRCMEM[(@b + 4*i + 140)]_4)
                bvmul(SRCMEM[(@b + 4*i)]_4, (-732236839)) = bvmul(input.src.llvm-%0, SRCMEM[(@b + 4*i + 48)]_4)
                SRCMEM[(@a + 4*i)]_4 = SRCMEM[(@b + 4*i + 32)]_4
                bvmul(SRCMEM[(@b + 4*i)]_4, (-1677484415)) = bvmul(input.src.llvm-%0, SRCMEM[(@b + 4*i + 60)]_4)
                SRCMEM[(@a + 4*i + 28)]_4 = SRCMEM[(@b + 4*i + 60)]_4
                bvmul(SRCMEM[(@b + 4*i)]_4, (-298042967)) = bvmul(input.src.llvm-%0, SRCMEM[(@b + 4*i + 8)]_4)
                SRCMEM[(@a + 4*i + 24)]_4 = SRCMEM[(@a + 4*i + 152)]_4
                bvmul(SRCMEM[(@b + 4*i)]_4, 1289901553) = SRCMEM[(@b + 4*i + 8)]_4
                bvmul(SRCMEM[(@b + 4*i)]_4, (-1759245207)) = SRCMEM[(@a + 4*i + 44)]_4
                bvmul(SRCMEM[(@b + 4*i)]_4, (-1329275983)) = SRCMEM[(@a + 4*i + 8)]_4
                bvmul(SRCMEM[(@b + 4*i)]_4, 247196689) = bvmul(input.src.llvm-%0, SRCMEM[(@b + 4*i + 52)]_4)
                SRCMEM[(@a + 4*i + 8)]_4 = SRCMEM[(@b + 4*i + 40)]_4
                bvmul(SRCMEM[(@b + 4*i)]_4, 601196345) = bvmul(input.src.llvm-%0, SRCMEM[(@b + 4*i)]_4)
                SRCMEM[(@a + 4 + 4*i)]_4 = SRCMEM[(@b + 4*i + 36)]_4
                bvmul(SRCMEM[(@b + 4*i)]_4, 425244281) = SRCMEM[(@a + 4*i + 36)]_4
                bvmul(SRCMEM[(@b + 4*i)]_4, (-425250399)) = SRCMEM[(@a + 4*i + 16)]_4
                bvmul(SRCMEM[(@b + 4*i)]_4, (-2145127295)) = SRCMEM[(@a + 4*i + 32)]_4
                bvmul(SRCMEM[(@b + 4*i)]_4, (-1683190023)) = bvmul(input.src.llvm-%0, SRCMEM[(@b + 4*i + 32)]_4)
                bvmul(SRCMEM[(@b + 4*i)]_4, (-859938447)) = SRCMEM[(@a + 4*i + 40)]_4
                input.src.llvm-%0 = %xmm0[95:64]
                SRCMEM[(@b + 4*i + 20)]_4 = SRCMEM[(@a + 4*i + 116)]_4
                0..(i <_s 32000) = 1
                0..((i + 30) <_s 32000) = 1
                SRCMEM[(@b + 4 + 4*i)]_4 = SRCMEM[(@a + 4*i + 100)]_4
                input.src.llvm-%0 = %xmm0[127:96]
                SRCMEM[(@b + 4*i + 20)]_4 = SRCMEM[(@b + 4*i + 148)]_4
                bvmul(SRCMEM[(@b + 4*i)]_4, (-1243290543)) = bvmul(input.src.llvm-%0, SRCMEM[(@b + 4*i + 20)]_4)
                bvmul(SRCMEM[(@b + 4*i)]_4, 55956689) = bvmul(input.src.llvm-%0, SRCMEM[(@b + 4*i + 84)]_4)
                SRCMEM[(@a + 4*i + 28)]_4 = SRCMEM[(@a + 4*i + 156)]_4
                bvmul(SRCMEM[(@b + 4*i)]_4, 429963105) = SRCMEM[(@a + 4*i + 48)]_4
                bvmul(SRCMEM[(@b + 4*i)]_4, (-899306759)) = SRCMEM[(@b + 4 + 4*i)]_4
                input.src.llvm-%0 = SRCMEM[(@b + 4*i + 16)]_4
                SRCMEM[(@a + 4*i + 12)]_4 = SRCMEM[(@b + 4*i + 44)]_4
                bvmul(SRCMEM[(@b + 4*i)]_4, (-455097015)) = bvmul(input.src.llvm-%0, SRCMEM[(@b + 4*i + 56)]_4)
                SRCMEM[(@a + 4*i + 64)]_4 = SRCMEM[(@b + 4*i + 96)]_4
                SRCMEM[(@a + 4*i + 16)]_4 = SRCMEM[(@a + 4*i + 144)]_4
                SRCMEM[(@a + 4*i + 56)]_4 = SRCMEM[(@b + 4*i + 88)]_4
                bvmul(SRCMEM[(@b + 4*i)]_4, 859932329) = SRCMEM[(@a + 4*i + 12)]_4
                SRCMEM[(@b + 4*i + 8)]_4 = SRCMEM[(@a + 4*i + 104)]_4
                SRCMEM[(@a + 4*i + 52)]_4 = SRCMEM[(@b + 4*i + 84)]_4
                SRCMEM[(@b + 4*i + 28)]_4 = SRCMEM[(@b + 4*i + 156)]_4
                bvmul(SRCMEM[(@b + 4*i)]_4, 820570137) = SRCMEM[(@a + 4*i + 84)]_4
                bvmul(input.src.llvm-%0, SRCMEM[(@b + 4*i + 16)]_4) = bvmul(input.src.llvm-%0, SRCMEM[(@b + 4*i + 144)]_4)
                bvmul(SRCMEM[(@b + 4*i)]_4, 1245814417) = SRCMEM[(@a + 4*i + 24)]_4
                bvmul(SRCMEM[(@b + 4*i)]_4, 687096169) = bvmul(input.src.llvm-%0, SRCMEM[(@b + 4*i + 40)]_4)
                bvmul(SRCMEM[(@b + 4*i)]_4, 844150217) = bvmul(input.src.llvm-%0, SRCMEM[(@b + 4*i + 120)]_4)
                bvmul(SRCMEM[(@b + 4*i)]_4, (-894996495)) = bvmul(input.src.llvm-%0, SRCMEM[(@b + 4*i + 68)]_4)
                bvmul(SRCMEM[(@b + 4*i)]_4, (-434694167)) = SRCMEM[(@b + 4*i + 12)]_4
                i = 20
                bvmul(SRCMEM[(@b + 4*i)]_4, 1035390217) = bvmul(input.src.llvm-%0, SRCMEM[(@b + 4*i + 88)]_4)
                bvmul(SRCMEM[(@b + 4*i)]_4, 681390561) = bvmul(input.src.llvm-%0, SRCMEM[(@b + 4*i + 12)]_4)
                SRCMEM[(@a + 4*i + 16)]_4 = SRCMEM[(@b + 4*i + 48)]_4
                SRCMEM[(@a + 4*i + 88)]_4 = SRCMEM[(@b + 4*i + 120)]_4
                input.src.llvm-%0 = SRCMEM[(@a + 4*i + 112)]_4
                bvmul(SRCMEM[(@b + 4*i)]_4, 2145121177) = SRCMEM[(@a + 4*i + 20)]_4
                bvmul(input.src.llvm-%0, SRCMEM[(@b + 4*i + 20)]_4) = bvmul(input.src.llvm-%0, SRCMEM[(@b + 4*i + 148)]_4)
                (-270340) = SPL0%1%1
                bvmul(SRCMEM[(@b + 4*i)]_4, (-1329190367)) = bvmul(input.src.llvm-%0, SRCMEM[(@b + 4*i + 108)]_4)
                bvmul(input.src.llvm-%0, SRCMEM[(@b + 4*i + 24)]_4) = bvmul(input.src.llvm-%0, SRCMEM[(@b + 4*i + 152)]_4)
                bvmul(SRCMEM[(@b + 4*i)]_4, (-2031484071)) = bvmul(input.src.llvm-%0, SRCMEM[(@b + 4*i + 112)]_4)
                bvmul(SRCMEM[(@b + 4*i)]_4, (-540996839)) = bvmul(input.src.llvm-%0, SRCMEM[(@b + 4*i + 16)]_4)
                SRCMEM[(@a + 4 + 4*i)]_4 = SRCMEM[(@a + 4*i + 132)]_4
                bvmul(SRCMEM[(@b + 4*i)]_4, 1389389873) = bvmul(input.src.llvm-%0, SRCMEM[(@b + 4*i + 36)]_4)
                SRCMEM[(@a + 4*i + 72)]_4 = SRCMEM[(@b + 4*i + 104)]_4
                bvmul(SRCMEM[(@b + 4*i)]_4, (-469337535)) = SRCMEM[(@a + 4*i + 64)]_4
                bvmul(SRCMEM[(@b + 4*i)]_4, 1719870777) = SRCMEM[(@a + 4*i + 68)]_4
                bvmul(SRCMEM[(@b + 4*i)]_4, (-1285188847)) = SRCMEM[(@a + 4*i + 88)]_4
                SRCMEM[(@a + 4*i + 48)]_4 = SRCMEM[(@b + 4*i + 80)]_4
                bvmul(SRCMEM[(@b + 4*i)]_4, (-1715158071)) = SRCMEM[(@b + 4*i + 28)]_4
                input.src.llvm-%0 = SRCMEM[(@b + 4*i + 144)]_4
                bvmul(SRCMEM[(@b + 4*i)]_4, 390600913) = SRCMEM[(@b + 4*i + 24)]_4
                bvmul(SRCMEM[(@b + 4*i)]_4, (-101097359)) = bvmul(input.src.llvm-%0, SRCMEM[(@b + 4 + 4*i)]_4)
                SRCMEM[(@a + 4*i + 84)]_4 = SRCMEM[(@b + 4*i + 116)]_4
                SRCMEM[(@a + 4*i + 36)]_4 = SRCMEM[(@b + 4*i + 68)]_4
                0..((i + 5) <_s 32000) = 1
                bvmul(input.src.llvm-%0, SRCMEM[(@b + 4*i + 8)]_4) = bvmul(input.src.llvm-%0, SRCMEM[(@b + 4*i + 136)]_4)
                bvmul(SRCMEM[(@b + 4*i)]_4, 1632343745) = bvmul(input.src.llvm-%0, SRCMEM[(@b + 4*i + 28)]_4)
                return-address = DSTMEM[SPentry]_4
                0..((i + 20) <_s 32000) = 1
                SRCMEM[(@a + 4*i + 44)]_4 = SRCMEM[(@b + 4*i + 76)]_4
                bvmul(SRCMEM[(@b + 4*i)]_4, 1285182729) = SRCMEM[(@a + 4*i + 92)]_4
                SRCMEM[(@b + 4*i + 12)]_4 = SRCMEM[(@a + 4*i + 108)]_4
                bvmul(SRCMEM[(@b + 4*i)]_4, (-2117383895)) = bvmul(input.src.llvm-%0, SRCMEM[(@b + 4*i + 72)]_4)
                bvmul(SRCMEM[(@b + 4*i)]_4, 1829289353) = bvmul(input.src.llvm-%0, SRCMEM[(@b + 4*i + 24)]_4)
                bvmul(SRCMEM[(@b + 4*i)]_4, (-1719876895)) = input.src.llvm-%0
                SRCMEM[(@a + 4*i + 32)]_4 = SRCMEM[(@b + 4*i + 64)]_4
                SRCMEM[(@a + 4*i + 60)]_4 = SRCMEM[(@b + 4*i + 92)]_4
                SRCMEM[(@a + 4*i + 40)]_4 = SRCMEM[(@b + 4*i + 72)]_4
                SRCMEM[(@a + 4*i)]_4 = SRCMEM[(@a + 4*i + 128)]_4
                bvmul(SRCMEM[(@b + 4*i)]_4, (-1289907671)) = SRCMEM[(@a + 4*i + 76)]_4
                bvmul(SRCMEM[(@b + 4*i)]_4, (-186997183)) = bvmul(input.src.llvm-%0, SRCMEM[(@b + 4*i + 92)]_4)
                bvmul(SRCMEM[(@b + 4*i)]_4, 2105752865) = SRCMEM[(@a + 4*i + 80)]_4
                SRCMEM[(@b + 4*i)]_4 = SRCMEM[(@a + 4*i + 96)]_4
                bvmul(SRCMEM[(@b + 4*i)]_4, 1823583745) = bvmul(input.src.llvm-%0, SRCMEM[(@b + 4*i + 124)]_4)
                bvmul(SRCMEM[(@b + 4*i)]_4, (-429969223)) = SRCMEM[(@a + 4 + 4*i)]_4
                bvmul(SRCMEM[(@b + 4*i)]_4, (-1874430023)) = bvmul(input.src.llvm-%0, SRCMEM[(@b + 4*i + 64)]_4)
                SRCMEM[(@a + 4*i + 68)]_4 = SRCMEM[(@b + 4*i + 100)]_4
                bvmul(SRCMEM[(@b + 4*i)]_4, (-855219623)) = SRCMEM[(@a + 4*i + 52)]_4
                bvmul(SRCMEM[(@b + 4*i)]_4, (-1086236495)) = bvmul(input.src.llvm-%0, SRCMEM[(@b + 4*i + 100)]_4)
                bvmul(SRCMEM[(@b + 4*i)]_4, (-889290887)) = bvmul(input.src.llvm-%0, SRCMEM[(@b + 4*i + 96)]_4)
                bvmul(SRCMEM[(@b + 4*i)]_4, (-4724943)) = SRCMEM[(@a + 4*i + 72)]_4
                SRCMEM[(@a + 4*i + 20)]_4 = SRCMEM[(@b + 4*i + 52)]_4
                input.src.llvm-%0 = %xmm0[63:32]
                bvmul(SRCMEM[(@b + 4*i)]_4, 1475289697) = bvmul(input.src.llvm-%0, SRCMEM[(@b + 4*i + 76)]_4)
                bvmul(SRCMEM[(@b + 4*i)]_4, (-106802967)) = bvmul(input.src.llvm-%0, SRCMEM[(@b + 4*i + 104)]_4)
                bvmul(SRCMEM[(@b + 4*i)]_4, 1675783641) = SRCMEM[(@b + 4*i + 20)]_4
                SRCMEM[(@a + 4*i + 76)]_4 = SRCMEM[(@b + 4*i + 108)]_4
                input.src.llvm-%0 = DSTMEM[@c]_4
                bvmul(SRCMEM[(@b + 4*i)]_4, 429969225) = SRCMEM[(@a + 4*i + 60)]_4
                bvmul(SRCMEM[(@b + 4*i)]_4, 1041095825) = bvmul(input.src.llvm-%0, SRCMEM[(@b + 4*i + 116)]_4)
                SRCMEM[(@b + 4*i + 28)]_4 = SRCMEM[(@a + 4*i + 124)]_4
                SRCMEM[(@b + 4*i)]_4 = SRCMEM[(@b + 4*i + 128)]_4
                bvmul(input.src.llvm-%0, SRCMEM[(@b + 4*i)]_4) = bvmul(input.src.llvm-%0, SRCMEM[(@b + 4*i + 128)]_4)
                0..((i + 25) <_s 32000) = 1
                SRCMEM[(@b + 4*i + 24)]_4 = SRCMEM[(@b + 4*i + 152)]_4
                SRCMEM[(@a + 4*i + 80)]_4 = SRCMEM[(@b + 4*i + 112)]_4
                bvmul(SRCMEM[(@b + 4*i)]_4, 1278344089) = bvmul(input.src.llvm-%0, SRCMEM[(@b + 4*i + 80)]_4)
                0..((i + 15) <_s 32000) = 1
                80 = %eax
                SRCMEM[(@b + 4 + 4*i)]_4 = SRCMEM[(@b + 4*i + 132)]_4
                bvmul(input.src.llvm-%0, SRCMEM[(@b + 4 + 4*i)]_4) = bvmul(input.src.llvm-%0, SRCMEM[(@b + 4*i + 132)]_4)
                bvmul(SRCMEM[(@b + 4*i)]_4, (-39368311)) = SRCMEM[(@a + 4*i + 28)]_4
                SRCMEM[(@a + 4*i + 8)]_4 = SRCMEM[(@a + 4*i + 136)]_4
                SRCMEM[(@b + 4*i + 8)]_4 = SRCMEM[(@b + 4*i + 136)]_4
                SRCMEM[(@b + 4*i + 12)]_4 = SRCMEM[(@b + 4*i + 140)]_4
                bvmul(SRCMEM[(@b + 4*i)]_4, 855213505) = SRCMEM[(@a + 4*i)]_4
                SRCMEM[(@a + 4*i + 12)]_4 = SRCMEM[(@a + 4*i + 140)]_4
                0..((i + 35) <_s 32000) = 1
                (%eax <=_s 128)
                (i >=_s 16)
                (%eax <= 128)
                (%eax >= 64)
                (%eax >=_s 64)
                (i <= 32)
                (i >= 16)
                (i <=_s 32)
                ismemlabel((4*i + 48548), 4, memlabel-mem-symbol.2.0)
                ismemlabel((4*i + (-128312)), 4, memlabel-mem-symbol.3.0)
                ismemlabel((4*i + (-128304)), 4, memlabel-mem-symbol.3.0)
                ismemlabel((4*i + (-128308)), 4, memlabel-mem-symbol.3.0)
                ismemlabel((4*i + 48432), 4, memlabel-mem-symbol.2.0)
                ismemlabel((4*i + 48436), 4, memlabel-mem-symbol.2.0)
                ismemlabel((4*i + (-128300)), 4, memlabel-mem-symbol.3.0)
                ismemlabel((4*i + (-128296)), 4, memlabel-mem-symbol.3.0)
                ismemlabel((4*i + 48440), 4, memlabel-mem-symbol.2.0)
                ismemlabel((4*i + (-128292)), 4, memlabel-mem-symbol.3.0)
                ismemlabel((4*i + (-128288)), 4, memlabel-mem-symbol.3.0)
                ismemlabel((4*i + 48448), 4, memlabel-mem-symbol.2.0)
                ismemlabel((4*i + (-128320)), 4, memlabel-mem-symbol.3.0)
                ismemlabel((4*i + (-128284)), 4, memlabel-mem-symbol.3.0)
                ismemlabel((4*i + 48420), 4, memlabel-mem-symbol.2.0)
                ismemlabel((4*i + 48452), 4, memlabel-mem-symbol.2.0)
                ismemlabel((4*i + 48424), 4, memlabel-mem-symbol.2.0)
                ismemlabel((4*i + 48456), 4, memlabel-mem-symbol.2.0)
                ismemlabel((4*i + 48428), 4, memlabel-mem-symbol.2.0)
                ismemlabel((4*i + (-128280)), 4, memlabel-mem-symbol.3.0)
                ismemlabel((4*i + (-128276)), 4, memlabel-mem-symbol.3.0)
                ismemlabel((4*i + 48492), 4, memlabel-mem-symbol.2.0)
                ismemlabel((4*i + (-128272)), 4, memlabel-mem-symbol.3.0)
                ismemlabel((4*i + 48468), 4, memlabel-mem-symbol.2.0)
                ismemlabel((4*i + (-128236)), 4, memlabel-mem-symbol.3.0)
                ismemlabel((4*i + (-128264)), 4, memlabel-mem-symbol.3.0)
                ismemlabel((4*i + (-128232)), 4, memlabel-mem-symbol.3.0)
                ismemlabel((4*i + 48472), 4, memlabel-mem-symbol.2.0)
                ismemlabel((4*i + 48520), 4, memlabel-mem-symbol.2.0)
                ismemlabel((4*i + (-128240)), 4, memlabel-mem-symbol.3.0)
                ismemlabel((4*i + 48504), 4, memlabel-mem-symbol.2.0)
                ismemlabel((4*i + 48476), 4, memlabel-mem-symbol.2.0)
                ismemlabel((4*i + (-128260)), 4, memlabel-mem-symbol.3.0)
                ismemlabel((4*i + 48508), 4, memlabel-mem-symbol.2.0)
                ismemlabel((4*i + (-128224)), 4, memlabel-mem-symbol.3.0)
                ismemlabel((4*i + 48480), 4, memlabel-mem-symbol.2.0)
                ismemlabel((4*i + (-128252)), 4, memlabel-mem-symbol.3.0)
                ismemlabel((4*i + 48516), 4, memlabel-mem-symbol.2.0)
                ismemlabel((4*i + 48484), 4, memlabel-mem-symbol.2.0)
                ismemlabel((4*i + (-128220)), 4, memlabel-mem-symbol.3.0)
                ismemlabel((4*i + (-128216)), 4, memlabel-mem-symbol.3.0)
                ismemlabel((4*i + (-128208)), 4, memlabel-mem-symbol.3.0)
                ismemlabel((4*i + 48540), 4, memlabel-mem-symbol.2.0)
                ismemlabel((4*i + 48528), 4, memlabel-mem-symbol.2.0)
                ismemlabel((4*i + (-128204)), 4, memlabel-mem-symbol.3.0)
                ismemlabel((4*i + (-128184)), 4, memlabel-mem-symbol.3.0)
                ismemlabel((4*i + 48532), 4, memlabel-mem-symbol.2.0)
                ismemlabel((4*i + (-128200)), 4, memlabel-mem-symbol.3.0)
                ismemlabel((4*i + 48544), 4, memlabel-mem-symbol.2.0)
                ismemlabel((4*i + (-128180)), 4, memlabel-mem-symbol.3.0)
                ismemlabel((4*i + 48560), 4, memlabel-mem-symbol.2.0)
                ismemlabel((4*i + (-128172)), 4, memlabel-mem-symbol.3.0)
                ismemlabel((4*i + 48564), 4, memlabel-mem-symbol.2.0)
                ismemlabel((4*i + (-128168)), 4, memlabel-mem-symbol.3.0)
                ismemlabel((4*i + 48568), 4, memlabel-mem-symbol.2.0)
                ismemlabel((4*i + (-128164)), 4, memlabel-mem-symbol.3.0)
                ismemlabel((4*i + 48500), 4, memlabel-mem-symbol.2.0)
                ismemlabel((4*i + 48552), 4, memlabel-mem-symbol.2.0)
                ismemlabel((4*i + 48512), 4, memlabel-mem-symbol.2.0)
                ismemlabel((4*i + (-128188)), 4, memlabel-mem-symbol.3.0)
                ismemlabel((4*i + (-128228)), 4, memlabel-mem-symbol.3.0)
                ismemlabel((4*i + 48536), 4, memlabel-mem-symbol.2.0)
                ismemlabel((4*i + (-128192)), 4, memlabel-mem-symbol.3.0)
                ismemlabel((4*i + 48524), 4, memlabel-mem-symbol.2.0)
                ismemlabel((4*i + 48572), 4, memlabel-mem-symbol.2.0)
                ismemlabel((4*i + (-128248)), 4, memlabel-mem-symbol.3.0)
                ismemlabel((4*i + 48488), 4, memlabel-mem-symbol.2.0)
                ismemlabel((4*i + (-128268)), 4, memlabel-mem-symbol.3.0)
                ismemlabel((4*i + (-128212)), 4, memlabel-mem-symbol.3.0)
                ismemlabel((4*i + (-128244)), 4, memlabel-mem-symbol.3.0)
                ismemlabel((4*i + (-128176)), 4, memlabel-mem-symbol.3.0)
                ismemlabel((4*i + (-128316)), 4, memlabel-mem-symbol.3.0)
                ismemlabel((4*i + 48556), 4, memlabel-mem-symbol.2.0)
                ismemlabel((4*i + 48444), 4, memlabel-mem-symbol.2.0)
                ismemlabel((4*i + 48416), 4, memlabel-mem-symbol.2.0)
                ismemlabel((4*i + 48460), 4, memlabel-mem-symbol.2.0)
                ismemlabel((4*i + 48464), 4, memlabel-mem-symbol.2.0)
                ismemlabel((4*i + 48496), 4, memlabel-mem-symbol.2.0)
                ismemlabel((4*i + (-128196)), 4, memlabel-mem-symbol.3.0)
                ismemlabel((4*i + (-128256)), 4, memlabel-mem-symbol.3.0)

</cg>

ERROR_KILLED_TERM
