argv[0] = /home/adityanathan/superopt-project/superopt/build/etfg_i386/eq
argv[1] = --unroll-factor
argv[2] = 16
argv[3] = --proof
argv[4] = logs/s452_s452.clang.eqchecker.O3.i386.ALL.proof
argv[5] = -f
argv[6] = ALL
argv[7] = /home/adityanathan/superopt-project/superopt-tests/TSVC_prior_work/s452.c
argv[8] = /home/adityanathan/superopt-project/superopt-tests/build/TSVC_prior_work/s452.clang.eqchecker.O3.i386.s
argv[0] = /home/adityanathan/superopt-project/usr/local/bin/clang
argv[1] = -Xclang
argv[2] = -disable-llvm-passes
argv[3] = -Xclang
argv[4] = -disable-O0-optnone
argv[5] = -c
argv[6] = -g
argv[7] = -emit-llvm
argv[8] = -O0
argv[9] = /home/adityanathan/superopt-project/superopt-tests/TSVC_prior_work/s452.c
argv[10] = -o
argv[11] = /home/adityanathan/superopt-project/superopt-tests/TSVC_prior_work/s452.c.bc.tmp
argv[12] = -m32

<MSG>0:00 : Converting LLVM IR bitcode to Transfer Function Graph (TFG) for function s452</MSG>
 /home/adityanathan/superopt-project/usr/local/bin/harvest32 -functions_only -live_callee_save -allow_unsupported -no_canonicalize_imms -no_eliminate_unreachable_bbls -no_eliminate_duplicates -f ALL -o /home/adityanathan/superopt-project/superopt-tests/build/TSVC_prior_work/s452.clang.eqchecker.O3.i386.s.o.harvest -l /home/adityanathan/superopt-project/superopt-tests/build/TSVC_prior_work/s452.clang.eqchecker.O3.i386.s.o.harvest.log /home/adityanathan/superopt-project/superopt-tests/build/TSVC_prior_work/s452.clang.eqchecker.O3.i386.s.o
 /home/adityanathan/superopt-project/usr/local/bin/eqgen32 -tfg_llvm /home/adityanathan/superopt-project/superopt-tests/TSVC_prior_work/s452.c.bc.etfg -l /home/adityanathan/superopt-project/superopt-tests/build/TSVC_prior_work/s452.clang.eqchecker.O3.i386.s.o.harvest.log -o /home/adityanathan/superopt-project/superopt-tests/build/TSVC_prior_work/s452.clang.eqchecker.O3.i386.s.o.tfg -e /home/adityanathan/superopt-project/superopt-tests/build/TSVC_prior_work/s452.clang.eqchecker.O3.i386.s.o -f ALL /home/adityanathan/superopt-project/superopt-tests/build/TSVC_prior_work/s452.clang.eqchecker.O3.i386.s.o.harvest

ERROR_KILLED_TERM
<MSG>0:00 : Converting C source code to LLVM IR bitcode...</MSG>
<MSG>0:01 : Converting LLVM IR bitcode to Transfer Function Graph (TFG)...</MSG>
<MSG>0:01 : Converting assembly code to object file...</MSG>
<MSG>0:01 : Harvesting object code to obtain harvested assembly...</MSG>
<MSG>0:11 : Converting harvested assembly to Transfer Function Graph (TFG)...</MSG>

ERROR_KILLED_TERM
