argv[0] = /home/adityanathan/superopt-project/superopt/build/etfg_i386/eq
argv[1] = --unroll-factor
argv[2] = 8
argv[3] = --proof
argv[4] = logs/vpv_vpv.gcc.eqchecker.O3.i386.ALL.proof
argv[5] = -f
argv[6] = ALL
argv[7] = /home/adityanathan/superopt-project/superopt-tests/TSVC_prior_work/vpv.c
argv[8] = /home/adityanathan/superopt-project/superopt-tests/build/TSVC_prior_work/vpv.gcc.eqchecker.O3.i386.s
argv[0] = /home/adityanathan/superopt-project/usr/local/bin/clang
argv[1] = -Xclang
argv[2] = -disable-llvm-passes
argv[3] = -Xclang
argv[4] = -disable-O0-optnone
argv[5] = -c
argv[6] = -g
argv[7] = -emit-llvm
argv[8] = -O0
argv[9] = /home/adityanathan/superopt-project/superopt-tests/TSVC_prior_work/vpv.c
argv[10] = -o
argv[11] = /home/adityanathan/superopt-project/superopt-tests/TSVC_prior_work/vpv.c.bc.tmp
argv[12] = -m32

<MSG>0:00 : Converting LLVM IR bitcode to Transfer Function Graph (TFG) for function vpv</MSG>
 /home/adityanathan/superopt-project/usr/local/bin/harvest32 -functions_only -live_callee_save -allow_unsupported -no_canonicalize_imms -no_eliminate_unreachable_bbls -no_eliminate_duplicates -f ALL -o /home/adityanathan/superopt-project/superopt-tests/build/TSVC_prior_work/vpv.gcc.eqchecker.O3.i386.s.o.harvest -l /home/adityanathan/superopt-project/superopt-tests/build/TSVC_prior_work/vpv.gcc.eqchecker.O3.i386.s.o.harvest.log /home/adityanathan/superopt-project/superopt-tests/build/TSVC_prior_work/vpv.gcc.eqchecker.O3.i386.s.o
 /home/adityanathan/superopt-project/usr/local/bin/eqgen32 -tfg_llvm /home/adityanathan/superopt-project/superopt-tests/TSVC_prior_work/vpv.c.bc.etfg -l /home/adityanathan/superopt-project/superopt-tests/build/TSVC_prior_work/vpv.gcc.eqchecker.O3.i386.s.o.harvest.log -o /home/adityanathan/superopt-project/superopt-tests/build/TSVC_prior_work/vpv.gcc.eqchecker.O3.i386.s.o.tfg -e /home/adityanathan/superopt-project/superopt-tests/build/TSVC_prior_work/vpv.gcc.eqchecker.O3.i386.s.o -f ALL /home/adityanathan/superopt-project/superopt-tests/build/TSVC_prior_work/vpv.gcc.eqchecker.O3.i386.s.o.harvest
graph_with_predicates 89: name = src.llvm.vpv, pcs size 38
graph_with_simplified_assets 14: name = src.llvm.vpv, pcs size 38
tfg 202: name = src.llvm.vpv, pcs size 38
tfg_llvm_t 274: all_pcs = (size 38): L0%0%1 Lentry%1%1 Lentry%1%100003 Lentry%1%100004 Lentry%1%100005 Lentry%1%100006 Lfor.cond%1%0 Lfor.cond%1%1 Lfor.cond%2%1 Lfor.cond%2%100003 Lfor.cond%2%100004 Lfor.cond%2%100005 Lfor.cond%2%100006 Lfor.body%1%1 Lfor.body%1%100003 Lfor.body%1%100004 Lfor.body%1%100005 Lfor.body%2%1 Lfor.body%2%100003 Lfor.body%3%1 Lfor.body%3%100003 Lfor.body%3%100004 Lfor.body%3%100005 Lfor.body%4%1 Lfor.body%4%100003 Lfor.body%5%1 Lfor.body%6%1 Lfor.body%7%1 Lfor.body%7%100003 Lfor.body%7%100004 Lfor.end%1%1 Lfor.inc%1%1 Lfor.inc%2%1 Lfor.inc%2%100003 Lfor.inc%2%100004 Lfor.inc%2%100005 Lfor.inc%2%100006 E0%0%1
main 459:Printing stats:

expr_simplify_solver: num_starts 1260 time spent: 0:0:0 [0.037610]
expr_simplify_syntactic: num_starts 1260 time spent: 0:0:0 [0.007512]
insn_md_assemble: num_starts 18 time spent: 0:0:0 [0.000039]
expr_linear_relation_holds_visit: num_starts 396 time spent: 0:0:0 [0.001548]
expr_is_consts_struct_constant: num_starts 14295 time spent: 0:0:0 [0.002940]
graph_loc_get_value: num_starts 899 time spent: 0:0:0 [0.002056]
manager_register_object: num_starts 209512 time spent: 0:0:0 [0.102830]
manager_deregister_object: num_starts 4329 time spent: 0:0:0 [0.011953]
expr_do_simplify_helper: num_starts 3993 time spent: 0:0:0 [0.062901]
expr_do_simplify_helper_cache: num_starts 3993 time spent: 0:0:0 [0.000882]
expr_prune_obviously_false_branches_using_assume_clause_visitor_cache: num_starts 54 time spent: 0:0:0 [0.000006]
expr_prune_obviously_false_branches_using_assume_clause_visitor: num_starts 54 time spent: 0:0:0 [0.000041]
expr_evaluates_to_constant: num_starts 3101 time spent: 0:0:0 [0.004121]
is_overlapping_syntactic_using_lhs_set_and_precond: num_starts 1 time spent: 0:0:0 [0.000167]
is_overlapping_atoms_pair_syntactic: num_starts 1 time spent: 0:0:0 [0.000159]
total: num_starts 1 time spent: 0:0:12 [12.758089]
num_syntactic_match_tests = 0.
num_execution_tests = 0.
num_boolean_tests = 0.
fingerprinting rate: 0.00 per second (total), -nan per second (itable_enumerate_timer), -nan per second (excluding execution/boolean tests).

timers:
etfg_init.: 0s (num_starts 1)
context_constructor.init.: 1e-06s (num_starts 1)
i386_init_costfns.: 5e-06s (num_starts 1)
vconstants_alloc.: 5e-06s (num_starts 1)
alias_val_t::constructor_with_map_arg.: 1e-05s (num_starts 28)
i386_iseq_copy.: 1.1e-05s (num_starts 1)
context_constructor.solver.: 1.2e-05s (num_starts 1)
lr_status_meet.: 1.4e-05s (num_starts 12)
context_constructor.: 2.2e-05s (num_starts 1)
graph_locs_add_location_memmasked.: 3e-05s (num_starts 16)
dst_iseq_inv_rename.: 3.3e-05s (num_starts 1)
alias_val_meet.: 4.4e-05s (num_starts 26)
graph_locs_add_all_llvmvars.: 5.3e-05s (num_starts 4)
x86_assemble.: 5.7e-05s (num_starts 1)
allocate_stack_memory_at_start_pc.: 7.6e-05s (num_starts 1)
peep_preprocess_using_regmap.: 8e-05s (num_starts 9)
i386_infer_regcons_from_assembly.: 9e-05s (num_starts 1)
regmap_assign_using_regcons.: 0.000138s (num_starts 1)
expr_label_memlabels_using_memlabel_map_visitor.memaccess.: 0.000161s (num_starts 69)
dst_iseq_disassemble_with_bin_offsets.: 0.000165s (num_starts 1)
populate_branch_affecting_locs.: 0.000177s (num_starts 1)
determinize_value_expr_map.: 0.000227s (num_starts 338)
expr_represents_llvm_undef.: 0.00025s (num_starts 145)
imm_vt_map_copy.: 0.00034s (num_starts 2556)
tfg::collect_assumes_around_edge.: 0.000371s (num_starts 64)
graph_edge_composition_get_edge_cond.: 0.000596s (num_starts 38)
dst_iseq_from_string.: 0.000601s (num_starts 1)
tfg_suffixpath_get_expr_helper.: 0.00061s (num_starts 38)
compute_sprel_relations.: 0.000615s (num_starts 6)
propagate_sprels.: 0.000763s (num_starts 6)
populate_memlabel_map.visit.: 0.000798s (num_starts 2084)
populate_simplified_to_state.: 0.001083s (num_starts 2)
graph_locs_add_all_exvregs.: 0.001122s (num_starts 4)
populate_locid2expr_map.: 0.001173s (num_starts 5)
compute_new_lr_status_on_locs.loc_lr_status.simplify_and_compute_lr_status.: 0.001196s (num_starts 34)
compute_new_lr_status_on_locs.: 0.001286s (num_starts 26)
expr_linear_relation_holds::visit.var.: 0.001351s (num_starts 180)
i386_insn_init_constants.: 0.001401s (num_starts 1)
graph_add_location_slots_using_state_mem_acc_map.: 0.001583s (num_starts 4)
compute_lr_status_for_expr.: 0.001911s (num_starts 156)
gas_init.: 0.002124s (num_starts 1)
avail_exprs_analysis.meet.: 0.002401s (num_starts 96)
expr_simplify_using_sprel_and_memlabel_maps.sprel.: 0.002467s (num_starts 472)
xfer_and_meet.: 0.003394s (num_starts 178)
populate_loc_liveness.: 0.003831s (num_starts 10)
opctable_init.: 0.004816s (num_starts 1)
query:convert_to_z3.: 0.004848s (num_starts 376)
graph_visit_exprs_const.const.: 0.005544s (num_starts 8)
graph_visit_exprs.: 0.006969s (num_starts 16)
canonicalize_expr_tree.: 0.007058s (num_starts 1260)
expr_model_callee_readable_writeable_regions_in_fcalls_visitor.other.: 0.007807s (num_starts 8332)
expr_simplify_syntactic().: 0.007915s (num_starts 1260)
graph_to_stream.: 0.008722s (num_starts 1)
expr_simplify_using_sprel_pair_and_memlabel_maps.sprel.: 0.009659s (num_starts 1109)
expr_label_memlabels_using_memlabel_map_visitor.: 0.010452s (num_starts 14484)
expr_model_callee_readable_writeable_regions_in_fcalls_visitor.: 0.012859s (num_starts 14477)
edge_update_memlabel_map_for_mlvars.populate_memlabel_map.update_potentially_mod_locs.: 0.012929s (num_starts 26)
edge_update_memlabel_map_for_mlvars.populate_memlabel_map.: 0.014724s (num_starts 26)
edge_update_memlabel_map_for_mlvars.: 0.014765s (num_starts 26)
query:convert_from_z3.: 0.016048s (num_starts 376)
alias_analysis.xfer_and_meet.: 0.016182s (num_starts 26)
split_memory_in_graph.: 0.01694s (num_starts 2)
expr_model_callee_readable_writeable_regions_in_fcalls.: 0.018891s (num_starts 1581)
insn_db_list_get_all_matches.: 0.023121s (num_starts 9)
insn_db_get_all_matches.: 0.023204s (num_starts 9)
populate_locs_potentially_modified_on_edge.: 0.026772s (num_starts 6)
query:simplify_internal.: 0.027662s (num_starts 376)
expr_simplify_using_sprel_pair_and_memlabel_maps.model.: 0.027707s (num_starts 1109)
query:simplify-z3.: 0.029755s (num_starts 376)
src_usedef_tab_read_from_file.: 0.032065s (num_starts 1)
src_usedef_tab_init.: 0.032069s (num_starts 1)
compute_loc_avail_exprs.: 0.035405s (num_starts 6)
expr_simplify_using_sprel_pair_and_memlabel_maps.: 0.039587s (num_starts 1109)
populate_auxilliary_structures_dependent_on_locs.: 0.046732s (num_starts 4)
expr_simplify_using_sprel_and_memlabel_maps.model.: 0.051524s (num_starts 472)
dst_insn_get_tfg.: 0.052892s (num_starts 9)
expr_label_memlabels_using_memlabel_map_visitor.simplify.: 0.059179s (num_starts 1581)
expr_simplify_using_sprel_and_memlabel_maps.: 0.05958s (num_starts 472)
expr_simplify_using_lhs_set_helper.: 0.061495s (num_starts 192)
expr_do_simplify_using_lhs_set_and_precond.: 0.061618s (num_starts 192)
refresh_graph_locs.: 0.077872s (num_starts 4)
init_graph_locs.: 0.126968s (num_starts 2)
split_memory_in_graph_initialize.: 0.127432s (num_starts 2)
split_memory_in_graph_and_propagate_sprels_until_fixpoint.: 0.165337s (num_starts 1)
total-preprocess-split_memory.: 0.16534s (num_starts 1)
total-preprocess.: 0.169128s (num_starts 1)
tfg_preprocess.dst.: 0.170282s (num_starts 1)
tfg_preprocess.: 0.170284s (num_starts 1)
parse_consts_db.: 0.189712s (num_starts 1)
dst_parse_sym_exec_db.: 2.17s (num_starts 1)
dst_iseq_deserialize.: 3.5966s (num_starts 88172)
opc_init.: 4.12217s (num_starts 1)
i386_init.: 4.12437s (num_starts 1)
dst_usedef_tab_read_from_file.: 5.91752s (num_starts 1)
dst_usedef_tab_init.: 5.91752s (num_starts 1)
usedef_init.: 5.9496s (num_starts 1)

counters:

flags:

info:

Context stats:
exprs: count: 19418
sorts: count: 161
num_proof_queries: 0
num_proof_queries_answered_by_syntactic_check: 0
num_proof_queries_answered_by_counter_examples: 0
cache_stats:
m_simplify:
	----------- total:	3993
	        hit ratio:	0.951916
m_simplify_solver:
	----------- total:	1260
	        hit ratio:	0.697619
m_prune_obviously_false_branches_using_assume_clause:
	----------- total:	186
	        hit ratio:	0.419355
m_z3_solver_simplify:
	----------- total:	376
	        hit ratio:	0
m_z3_solver_simplify_internal:
	----------- total:	376
	        hit ratio:	0
m_replace_donotsimplify_using_solver_expressions_by_free_vars:
	----------- total:	381
	        hit ratio:	0
m_expr_size:
	----------- total:	3052
	        hit ratio:	0.832896
m_contains_only_constants_or_arguments_or_esp_versions:
	----------- total:	600
	        hit ratio:	0.983333
m_expr_evaluates_to_constant_visitor:
	----------- total:	6241
	        hit ratio:	0.723282

stats 170:z3_solver expr_query_cache entry count: 0
histogram:

<MSG>0:00 : Converting C source code to LLVM IR bitcode...</MSG>
<MSG>0:00 : Converting LLVM IR bitcode to Transfer Function Graph (TFG)...</MSG>
<MSG>0:00 : Converting assembly code to object file...</MSG>
<MSG>0:00 : Harvesting object code to obtain harvested assembly...</MSG>
<MSG>0:11 : Converting harvested assembly to Transfer Function Graph (TFG)...</MSG>
<MSG>0:24 : Searching for equivalence at unroll factor 8</MSG>
graph_with_predicates 89: name = src.llvm.vpv, pcs size 38
graph_with_simplified_assets 14: name = src.llvm.vpv, pcs size 38
tfg 202: name = src.llvm.vpv, pcs size 38
tfg_llvm_t 274: all_pcs = (size 38): L0%0%1 Lentry%1%1 Lentry%1%100003 Lentry%1%100004 Lentry%1%100005 Lentry%1%100006 Lfor.cond%1%0 Lfor.cond%1%1 Lfor.cond%2%1 Lfor.cond%2%100003 Lfor.cond%2%100004 Lfor.cond%2%100005 Lfor.cond%2%100006 Lfor.body%1%1 Lfor.body%1%100003 Lfor.body%1%100004 Lfor.body%1%100005 Lfor.body%2%1 Lfor.body%2%100003 Lfor.body%3%1 Lfor.body%3%100003 Lfor.body%3%100004 Lfor.body%3%100005 Lfor.body%4%1 Lfor.body%4%100003 Lfor.body%5%1 Lfor.body%6%1 Lfor.body%7%1 Lfor.body%7%100003 Lfor.body%7%100004 Lfor.end%1%1 Lfor.inc%1%1 Lfor.inc%2%1 Lfor.inc%2%100003 Lfor.inc%2%100004 Lfor.inc%2%100005 Lfor.inc%2%100006 E0%0%1
graph_with_predicates 89: name = dst, pcs size 13
graph_with_simplified_assets 14: name = dst, pcs size 13
tfg 202: name = dst, pcs size 13
<MSG>0:24 : Computing equivalence for function: vpv...</MSG>
<MSG>0:24 : Computing equivalence of the two TFGs (LLVM IR and x86 assembly)...</MSG>
<MSG>0:24 : Chose product-TFG vpv from a frontier of size 1...</MSG>
<cg>
  Nodes: L0%0%1_L0%0%1 (C L0%0%1, A line 11)
                L0%0%1_L0%0%1 contains 0 counterexamples (for correlating 0 bv exprs)

</cg>
<MSG>0:24 : product-TFG vpv: Enumerating correlations for L0%0%1=>L1%1%0[mu 1, delta 1] starting at L0%0%1_L0%0%1
</MSG>
<MSG>0:24 : Considering 1 paths to src pc L0%0%1 as correlation candidates for L0%0%1=>L1%1%0[mu 1, delta 1] at L0%0%1_L0%0%1
</MSG>
<MSG>0:24 : Attempting correlation of src pathset L0%0%1=>L0%0%1[mu 0, delta 0] as correlation candidate for L0%0%1=>L1%1%0[mu 1, delta 1] at L0%0%1_L0%0%1
</MSG>
<MSG>0:24 : Found 1 feasible correlations for paths to src pc L0%0%1 as correlation candidates for L0%0%1=>L1%1%0[mu 1, delta 1] at L0%0%1_L0%0%1
</MSG>
<MSG>0:24 : Considering 8 paths to src pc Lfor.cond%1%0 as correlation candidates for L0%0%1=>L1%1%0[mu 1, delta 1] at L0%0%1_L0%0%1
</MSG>
<MSG>0:24 : Attempting correlation of src pathset L0%0%1=>Lfor.cond%1%0[mu 8, delta 1] as correlation candidate for L0%0%1=>L1%1%0[mu 1, delta 1] at L0%0%1_L0%0%1
</MSG>
<MSG>0:24 : Attempting correlation of src pathset L0%0%1=>Lfor.cond%1%0[mu 8, delta 2] as correlation candidate for L0%0%1=>L1%1%0[mu 1, delta 1] at L0%0%1_L0%0%1
</MSG>
<MSG>0:24 : Attempting correlation of src pathset L0%0%1=>Lfor.cond%1%0[mu 8, delta 3] as correlation candidate for L0%0%1=>L1%1%0[mu 1, delta 1] at L0%0%1_L0%0%1
</MSG>
<MSG>0:24 : Attempting correlation of src pathset L0%0%1=>Lfor.cond%1%0[mu 8, delta 4] as correlation candidate for L0%0%1=>L1%1%0[mu 1, delta 1] at L0%0%1_L0%0%1
</MSG>
<MSG>0:24 : Attempting correlation of src pathset L0%0%1=>Lfor.cond%1%0[mu 8, delta 5] as correlation candidate for L0%0%1=>L1%1%0[mu 1, delta 1] at L0%0%1_L0%0%1
</MSG>
<MSG>0:24 : Attempting correlation of src pathset L0%0%1=>Lfor.cond%1%0[mu 8, delta 6] as correlation candidate for L0%0%1=>L1%1%0[mu 1, delta 1] at L0%0%1_L0%0%1
</MSG>
<MSG>0:24 : Attempting correlation of src pathset L0%0%1=>Lfor.cond%1%0[mu 8, delta 7] as correlation candidate for L0%0%1=>L1%1%0[mu 1, delta 1] at L0%0%1_L0%0%1
</MSG>
<MSG>0:24 : Attempting correlation of src pathset L0%0%1=>Lfor.cond%1%0[mu 8, delta 8] as correlation candidate for L0%0%1=>L1%1%0[mu 1, delta 1] at L0%0%1_L0%0%1
</MSG>
<MSG>0:24 : Found 8 feasible correlations for paths to src pc Lfor.cond%1%0 as correlation candidates for L0%0%1=>L1%1%0[mu 1, delta 1] at L0%0%1_L0%0%1
</MSG>
<MSG>0:24 : Considering 8 paths to src pc Lfor.cond%2%1 as correlation candidates for L0%0%1=>L1%1%0[mu 1, delta 1] at L0%0%1_L0%0%1
</MSG>
<MSG>0:24 : Attempting correlation of src pathset L0%0%1=>Lfor.cond%2%1[mu 8, delta 1] as correlation candidate for L0%0%1=>L1%1%0[mu 1, delta 1] at L0%0%1_L0%0%1
</MSG>
<MSG>0:24 : Attempting correlation of src pathset L0%0%1=>Lfor.cond%2%1[mu 8, delta 2] as correlation candidate for L0%0%1=>L1%1%0[mu 1, delta 1] at L0%0%1_L0%0%1
</MSG>
<MSG>0:24 : Attempting correlation of src pathset L0%0%1=>Lfor.cond%2%1[mu 8, delta 3] as correlation candidate for L0%0%1=>L1%1%0[mu 1, delta 1] at L0%0%1_L0%0%1
</MSG>
<MSG>0:24 : Attempting correlation of src pathset L0%0%1=>Lfor.cond%2%1[mu 8, delta 4] as correlation candidate for L0%0%1=>L1%1%0[mu 1, delta 1] at L0%0%1_L0%0%1
</MSG>
<MSG>0:24 : Attempting correlation of src pathset L0%0%1=>Lfor.cond%2%1[mu 8, delta 5] as correlation candidate for L0%0%1=>L1%1%0[mu 1, delta 1] at L0%0%1_L0%0%1
</MSG>
<MSG>0:24 : Attempting correlation of src pathset L0%0%1=>Lfor.cond%2%1[mu 8, delta 6] as correlation candidate for L0%0%1=>L1%1%0[mu 1, delta 1] at L0%0%1_L0%0%1
</MSG>
<MSG>0:25 : Attempting correlation of src pathset L0%0%1=>Lfor.cond%2%1[mu 8, delta 7] as correlation candidate for L0%0%1=>L1%1%0[mu 1, delta 1] at L0%0%1_L0%0%1
</MSG>
<MSG>0:25 : Attempting correlation of src pathset L0%0%1=>Lfor.cond%2%1[mu 8, delta 8] as correlation candidate for L0%0%1=>L1%1%0[mu 1, delta 1] at L0%0%1_L0%0%1
</MSG>
<MSG>0:25 : Found 8 feasible correlations for paths to src pc Lfor.cond%2%1 as correlation candidates for L0%0%1=>L1%1%0[mu 1, delta 1] at L0%0%1_L0%0%1
</MSG>
<MSG>0:25 : Considering 8 paths to src pc Lfor.body%1%1 as correlation candidates for L0%0%1=>L1%1%0[mu 1, delta 1] at L0%0%1_L0%0%1
</MSG>
<MSG>0:25 : Attempting correlation of src pathset L0%0%1=>Lfor.body%1%1[mu 8, delta 1] as correlation candidate for L0%0%1=>L1%1%0[mu 1, delta 1] at L0%0%1_L0%0%1
</MSG>
<MSG>0:25 : Attempting correlation of src pathset L0%0%1=>Lfor.body%1%1[mu 8, delta 2] as correlation candidate for L0%0%1=>L1%1%0[mu 1, delta 1] at L0%0%1_L0%0%1
</MSG>
<MSG>0:25 : Attempting correlation of src pathset L0%0%1=>Lfor.body%1%1[mu 8, delta 3] as correlation candidate for L0%0%1=>L1%1%0[mu 1, delta 1] at L0%0%1_L0%0%1
</MSG>
<MSG>0:25 : Attempting correlation of src pathset L0%0%1=>Lfor.body%1%1[mu 8, delta 4] as correlation candidate for L0%0%1=>L1%1%0[mu 1, delta 1] at L0%0%1_L0%0%1
</MSG>
<MSG>0:25 : Attempting correlation of src pathset L0%0%1=>Lfor.body%1%1[mu 8, delta 5] as correlation candidate for L0%0%1=>L1%1%0[mu 1, delta 1] at L0%0%1_L0%0%1
</MSG>
<MSG>0:25 : Attempting correlation of src pathset L0%0%1=>Lfor.body%1%1[mu 8, delta 6] as correlation candidate for L0%0%1=>L1%1%0[mu 1, delta 1] at L0%0%1_L0%0%1
</MSG>
<MSG>0:25 : Attempting correlation of src pathset L0%0%1=>Lfor.body%1%1[mu 8, delta 7] as correlation candidate for L0%0%1=>L1%1%0[mu 1, delta 1] at L0%0%1_L0%0%1
</MSG>
<MSG>0:25 : Attempting correlation of src pathset L0%0%1=>Lfor.body%1%1[mu 8, delta 8] as correlation candidate for L0%0%1=>L1%1%0[mu 1, delta 1] at L0%0%1_L0%0%1
</MSG>
<MSG>0:25 : Found 8 feasible correlations for paths to src pc Lfor.body%1%1 as correlation candidates for L0%0%1=>L1%1%0[mu 1, delta 1] at L0%0%1_L0%0%1
</MSG>
<MSG>0:25 : Considering 1 paths to src pc Lfor.end%1%1 as correlation candidates for L0%0%1=>L1%1%0[mu 1, delta 1] at L0%0%1_L0%0%1
</MSG>
<MSG>0:25 : Attempting correlation of src pathset L0%0%1=>Lfor.end%1%1[mu 8, delta 1] as correlation candidate for L0%0%1=>L1%1%0[mu 1, delta 1] at L0%0%1_L0%0%1
</MSG>
<MSG>0:25 : Found 1 feasible correlations for paths to src pc Lfor.end%1%1 as correlation candidates for L0%0%1=>L1%1%0[mu 1, delta 1] at L0%0%1_L0%0%1
</MSG>
<MSG>0:25 : product-TFG vpv: Found 26 correlations for L0%0%1=>L1%1%0[mu 1, delta 1] starting at L0%0%1_L0%0%1
</MSG>
<MSG>0:25 : product-TFG vpv created 26 possibilities in group vpv.A...</MSG>
<MSG>0:25 : Chose product-TFG vpv.A1 from a frontier of size 26...</MSG>
<cg>
  Edges: L0%0%1_L0%0%1=>L0%0%1_L1%1%0 (C L0%0%1 => C L0%0%1 at mu 0 delta 0, A line 11 => A line 19 at mu 1 delta 1)
  Nodes: L0%0%1_L0%0%1 (C L0%0%1, A line 11)
                L0%0%1_L0%0%1 contains 0 counterexamples (for correlating 0 bv exprs)
         L0%0%1_L1%1%0 (C L0%0%1, A line 19)
                L0%0%1_L1%1%0 contains 0 counterexamples (for correlating 9 bv exprs)
                false

Segmentation fault (core dumped)
