argv[0] = /home/adityanathan/superopt-project/superopt/build/etfg_i386/eq
argv[1] = --unroll-factor
argv[2] = 8
argv[3] = --proof
argv[4] = logs/vtvtv_vtvtv.gcc.eqchecker.O3.i386.ALL.proof
argv[5] = -f
argv[6] = ALL
argv[7] = /home/adityanathan/superopt-project/superopt-tests/TSVC_prior_work/vtvtv.c
argv[8] = /home/adityanathan/superopt-project/superopt-tests/build/TSVC_prior_work/vtvtv.gcc.eqchecker.O3.i386.s
argv[0] = /home/adityanathan/superopt-project/usr/local/bin/clang
argv[1] = -Xclang
argv[2] = -disable-llvm-passes
argv[3] = -Xclang
argv[4] = -disable-O0-optnone
argv[5] = -c
argv[6] = -g
argv[7] = -emit-llvm
argv[8] = -O0
argv[9] = /home/adityanathan/superopt-project/superopt-tests/TSVC_prior_work/vtvtv.c
argv[10] = -o
argv[11] = /home/adityanathan/superopt-project/superopt-tests/TSVC_prior_work/vtvtv.c.bc.tmp
argv[12] = -m32

<MSG>0:00 : Converting LLVM IR bitcode to Transfer Function Graph (TFG) for function vtvtv</MSG>
 /home/adityanathan/superopt-project/usr/local/bin/harvest32 -functions_only -live_callee_save -allow_unsupported -no_canonicalize_imms -no_eliminate_unreachable_bbls -no_eliminate_duplicates -f ALL -o /home/adityanathan/superopt-project/superopt-tests/build/TSVC_prior_work/vtvtv.gcc.eqchecker.O3.i386.s.o.harvest -l /home/adityanathan/superopt-project/superopt-tests/build/TSVC_prior_work/vtvtv.gcc.eqchecker.O3.i386.s.o.harvest.log /home/adityanathan/superopt-project/superopt-tests/build/TSVC_prior_work/vtvtv.gcc.eqchecker.O3.i386.s.o
 /home/adityanathan/superopt-project/usr/local/bin/eqgen32 -tfg_llvm /home/adityanathan/superopt-project/superopt-tests/TSVC_prior_work/vtvtv.c.bc.etfg -l /home/adityanathan/superopt-project/superopt-tests/build/TSVC_prior_work/vtvtv.gcc.eqchecker.O3.i386.s.o.harvest.log -o /home/adityanathan/superopt-project/superopt-tests/build/TSVC_prior_work/vtvtv.gcc.eqchecker.O3.i386.s.o.tfg -e /home/adityanathan/superopt-project/superopt-tests/build/TSVC_prior_work/vtvtv.gcc.eqchecker.O3.i386.s.o -f ALL /home/adityanathan/superopt-project/superopt-tests/build/TSVC_prior_work/vtvtv.gcc.eqchecker.O3.i386.s.o.harvest
graph_with_predicates 89: name = src.llvm.vtvtv, pcs size 49
graph_with_simplified_assets 14: name = src.llvm.vtvtv, pcs size 49
tfg 202: name = src.llvm.vtvtv, pcs size 49
tfg_llvm_t 274: all_pcs = (size 49): L0%0%1 Lentry%1%1 Lentry%1%100003 Lentry%1%100004 Lentry%1%100005 Lentry%1%100006 Lfor.cond%1%0 Lfor.cond%1%1 Lfor.cond%2%1 Lfor.cond%2%100003 Lfor.cond%2%100004 Lfor.cond%2%100005 Lfor.cond%2%100006 Lfor.body%1%1 Lfor.body%1%100003 Lfor.body%1%100004 Lfor.body%1%100005 Lfor.body%2%1 Lfor.body%2%100003 Lfor.body%3%1 Lfor.body%3%100003 Lfor.body%3%100004 Lfor.body%3%100005 Lfor.body%4%1 Lfor.body%4%100003 Lfor.body%5%1 Lfor.body%6%1 Lfor.body%6%100003 Lfor.body%6%100004 Lfor.body%6%100005 Lfor.body%7%1 Lfor.body%7%100003 Lfor.body%8%1 Lfor.body%9%1 Lfor.body%9%100003 Lfor.body%9%100004 Lfor.body%9%100005 Lfor.body%10%1 Lfor.body%11%1 Lfor.body%11%100003 Lfor.body%11%100004 Lfor.end%1%1 Lfor.inc%1%1 Lfor.inc%2%1 Lfor.inc%2%100003 Lfor.inc%2%100004 Lfor.inc%2%100005 Lfor.inc%2%100006 E0%0%1
main 459:Printing stats:

expr_simplify_solver: num_starts 1461 time spent: 0:0:0 [0.042552]
expr_simplify_syntactic: num_starts 1461 time spent: 0:0:0 [0.009882]
insn_md_assemble: num_starts 20 time spent: 0:0:0 [0.000038]
expr_linear_relation_holds_visit: num_starts 555 time spent: 0:0:0 [0.002216]
expr_is_consts_struct_constant: num_starts 14823 time spent: 0:0:0 [0.003011]
graph_loc_get_value: num_starts 947 time spent: 0:0:0 [0.002279]
manager_register_object: num_starts 238398 time spent: 0:0:0 [0.088894]
manager_deregister_object: num_starts 6507 time spent: 0:0:0 [0.012645]
expr_do_simplify_helper: num_starts 4184 time spent: 0:0:0 [0.072296]
expr_do_simplify_helper_cache: num_starts 4184 time spent: 0:0:0 [0.001062]
expr_prune_obviously_false_branches_using_assume_clause_visitor_cache: num_starts 54 time spent: 0:0:0 [0.000007]
expr_prune_obviously_false_branches_using_assume_clause_visitor: num_starts 54 time spent: 0:0:0 [0.000044]
expr_evaluates_to_constant: num_starts 3790 time spent: 0:0:0 [0.004576]
is_overlapping_syntactic_using_lhs_set_and_precond: num_starts 1 time spent: 0:0:0 [0.000156]
is_overlapping_atoms_pair_syntactic: num_starts 1 time spent: 0:0:0 [0.000149]
total: num_starts 1 time spent: 0:0:12 [12.836116]
num_syntactic_match_tests = 0.
num_execution_tests = 0.
num_boolean_tests = 0.
fingerprinting rate: 0.00 per second (total), -nan per second (itable_enumerate_timer), -nan per second (excluding execution/boolean tests).

timers:
etfg_init.: 0s (num_starts 1)
context_constructor.init.: 1e-06s (num_starts 1)
i386_init_costfns.: 1e-06s (num_starts 1)
vconstants_alloc.: 6e-06s (num_starts 1)
alias_val_t::constructor_with_map_arg.: 1.1e-05s (num_starts 30)
i386_iseq_copy.: 1.3e-05s (num_starts 1)
context_constructor.solver.: 1.9e-05s (num_starts 1)
lr_status_meet.: 2e-05s (num_starts 14)
context_constructor.: 2.9e-05s (num_starts 1)
dst_iseq_inv_rename.: 3.4e-05s (num_starts 1)
graph_locs_add_location_memmasked.: 3.9e-05s (num_starts 20)
graph_locs_add_all_llvmvars.: 5.7e-05s (num_starts 4)
x86_assemble.: 5.7e-05s (num_starts 1)
alias_val_meet.: 5.9e-05s (num_starts 28)
allocate_stack_memory_at_start_pc.: 6.5e-05s (num_starts 1)
peep_preprocess_using_regmap.: 7.9e-05s (num_starts 10)
i386_infer_regcons_from_assembly.: 9.3e-05s (num_starts 1)
regmap_assign_using_regcons.: 0.000136s (num_starts 1)
dst_iseq_disassemble_with_bin_offsets.: 0.000142s (num_starts 1)
populate_branch_affecting_locs.: 0.000192s (num_starts 1)
expr_label_memlabels_using_memlabel_map_visitor.memaccess.: 0.000212s (num_starts 82)
determinize_value_expr_map.: 0.00024s (num_starts 362)
imm_vt_map_copy.: 0.000351s (num_starts 2574)
expr_represents_llvm_undef.: 0.000352s (num_starts 194)
tfg::collect_assumes_around_edge.: 0.000399s (num_starts 77)
dst_iseq_from_string.: 0.000576s (num_starts 1)
compute_sprel_relations.: 0.000724s (num_starts 6)
propagate_sprels.: 0.000926s (num_starts 6)
graph_edge_composition_get_edge_cond.: 0.00102s (num_starts 49)
tfg_suffixpath_get_expr_helper.: 0.001042s (num_starts 49)
populate_memlabel_map.visit.: 0.001052s (num_starts 2172)
populate_simplified_to_state.: 0.001175s (num_starts 2)
graph_locs_add_all_exvregs.: 0.001241s (num_starts 4)
populate_locid2expr_map.: 0.00132s (num_starts 5)
i386_insn_init_constants.: 0.001398s (num_starts 1)
compute_new_lr_status_on_locs.loc_lr_status.simplify_and_compute_lr_status.: 0.001837s (num_starts 40)
expr_linear_relation_holds::visit.var.: 0.001934s (num_starts 231)
compute_new_lr_status_on_locs.: 0.001941s (num_starts 28)
gas_init.: 0.002019s (num_starts 1)
avail_exprs_analysis.meet.: 0.002459s (num_starts 96)
expr_simplify_using_sprel_and_memlabel_maps.sprel.: 0.002614s (num_starts 504)
graph_add_location_slots_using_state_mem_acc_map.: 0.002744s (num_starts 4)
compute_lr_status_for_expr.: 0.002802s (num_starts 171)
xfer_and_meet.: 0.004283s (num_starts 199)
populate_loc_liveness.: 0.00478s (num_starts 10)
opctable_init.: 0.004813s (num_starts 1)
query:convert_to_z3.: 0.00541s (num_starts 453)
graph_visit_exprs_const.const.: 0.006009s (num_starts 8)
graph_visit_exprs.: 0.006449s (num_starts 17)
canonicalize_expr_tree.: 0.008121s (num_starts 1461)
expr_model_callee_readable_writeable_regions_in_fcalls_visitor.other.: 0.00819s (num_starts 8756)
graph_to_stream.: 0.009791s (num_starts 1)
expr_simplify_syntactic().: 0.010343s (num_starts 1461)
expr_label_memlabels_using_memlabel_map_visitor.: 0.011418s (num_starts 15355)
expr_simplify_using_sprel_pair_and_memlabel_maps.sprel.: 0.013645s (num_starts 1159)
expr_model_callee_readable_writeable_regions_in_fcalls_visitor.: 0.013739s (num_starts 15348)
edge_update_memlabel_map_for_mlvars.populate_memlabel_map.update_potentially_mod_locs.: 0.017632s (num_starts 28)
query:convert_from_z3.: 0.018079s (num_starts 453)
edge_update_memlabel_map_for_mlvars.populate_memlabel_map.: 0.019767s (num_starts 28)
edge_update_memlabel_map_for_mlvars.: 0.019813s (num_starts 28)
expr_model_callee_readable_writeable_regions_in_fcalls.: 0.020171s (num_starts 1663)
alias_analysis.xfer_and_meet.: 0.021916s (num_starts 28)
insn_db_list_get_all_matches.: 0.022623s (num_starts 10)
insn_db_get_all_matches.: 0.022723s (num_starts 10)
split_memory_in_graph.: 0.022922s (num_starts 2)
src_usedef_tab_read_from_file.: 0.023837s (num_starts 1)
src_usedef_tab_init.: 0.023841s (num_starts 1)
populate_locs_potentially_modified_on_edge.: 0.030399s (num_starts 6)
query:simplify_internal.: 0.031575s (num_starts 453)
query:simplify-z3.: 0.034045s (num_starts 453)
expr_simplify_using_sprel_pair_and_memlabel_maps.model.: 0.03495s (num_starts 1159)
compute_loc_avail_exprs.: 0.039686s (num_starts 6)
expr_simplify_using_sprel_pair_and_memlabel_maps.: 0.047821s (num_starts 1159)
dst_insn_get_tfg.: 0.050178s (num_starts 10)
expr_simplify_using_sprel_and_memlabel_maps.model.: 0.052503s (num_starts 504)
populate_auxilliary_structures_dependent_on_locs.: 0.052944s (num_starts 4)
expr_simplify_using_sprel_and_memlabel_maps.: 0.061277s (num_starts 504)
expr_label_memlabels_using_memlabel_map_visitor.simplify.: 0.066055s (num_starts 1663)
expr_simplify_using_lhs_set_helper.: 0.070637s (num_starts 211)
expr_do_simplify_using_lhs_set_and_precond.: 0.070778s (num_starts 211)
refresh_graph_locs.: 0.08067s (num_starts 4)
init_graph_locs.: 0.136432s (num_starts 2)
split_memory_in_graph_initialize.: 0.13696s (num_starts 2)
parse_consts_db.: 0.182746s (num_starts 1)
split_memory_in_graph_and_propagate_sprels_until_fixpoint.: 0.183453s (num_starts 1)
total-preprocess-split_memory.: 0.183455s (num_starts 1)
total-preprocess.: 0.187204s (num_starts 1)
tfg_preprocess.dst.: 0.188385s (num_starts 1)
tfg_preprocess.: 0.188387s (num_starts 1)
dst_parse_sym_exec_db.: 2.16854s (num_starts 1)
dst_iseq_deserialize.: 3.67971s (num_starts 88172)
opc_init.: 4.06048s (num_starts 1)
i386_init.: 4.06253s (num_starts 1)
dst_usedef_tab_read_from_file.: 5.99541s (num_starts 1)
dst_usedef_tab_init.: 5.99541s (num_starts 1)
usedef_init.: 6.01926s (num_starts 1)

counters:

flags:

info:

Context stats:
exprs: count: 19862
sorts: count: 161
num_proof_queries: 0
num_proof_queries_answered_by_syntactic_check: 0
num_proof_queries_answered_by_counter_examples: 0
cache_stats:
m_simplify:
	----------- total:	4184
	        hit ratio:	0.94957
m_simplify_solver:
	----------- total:	1461
	        hit ratio:	0.686516
m_prune_obviously_false_branches_using_assume_clause:
	----------- total:	186
	        hit ratio:	0.419355
m_z3_solver_simplify:
	----------- total:	453
	        hit ratio:	0
m_z3_solver_simplify_internal:
	----------- total:	453
	        hit ratio:	0
m_replace_donotsimplify_using_solver_expressions_by_free_vars:
	----------- total:	458
	        hit ratio:	0
m_expr_size:
	----------- total:	3474
	        hit ratio:	0.828728
m_contains_only_constants_or_arguments_or_esp_versions:
	----------- total:	638
	        hit ratio:	0.984326
m_expr_evaluates_to_constant_visitor:
	----------- total:	7498
	        hit ratio:	0.730862

stats 170:z3_solver expr_query_cache entry count: 0
histogram:

<MSG>0:00 : Converting C source code to LLVM IR bitcode...</MSG>
<MSG>0:00 : Converting LLVM IR bitcode to Transfer Function Graph (TFG)...</MSG>
<MSG>0:00 : Converting assembly code to object file...</MSG>
<MSG>0:01 : Harvesting object code to obtain harvested assembly...</MSG>
<MSG>0:11 : Converting harvested assembly to Transfer Function Graph (TFG)...</MSG>
<MSG>0:24 : Searching for equivalence at unroll factor 8</MSG>
graph_with_predicates 89: name = src.llvm.vtvtv, pcs size 49
graph_with_simplified_assets 14: name = src.llvm.vtvtv, pcs size 49
tfg 202: name = src.llvm.vtvtv, pcs size 49
tfg_llvm_t 274: all_pcs = (size 49): L0%0%1 Lentry%1%1 Lentry%1%100003 Lentry%1%100004 Lentry%1%100005 Lentry%1%100006 Lfor.cond%1%0 Lfor.cond%1%1 Lfor.cond%2%1 Lfor.cond%2%100003 Lfor.cond%2%100004 Lfor.cond%2%100005 Lfor.cond%2%100006 Lfor.body%1%1 Lfor.body%1%100003 Lfor.body%1%100004 Lfor.body%1%100005 Lfor.body%2%1 Lfor.body%2%100003 Lfor.body%3%1 Lfor.body%3%100003 Lfor.body%3%100004 Lfor.body%3%100005 Lfor.body%4%1 Lfor.body%4%100003 Lfor.body%5%1 Lfor.body%6%1 Lfor.body%6%100003 Lfor.body%6%100004 Lfor.body%6%100005 Lfor.body%7%1 Lfor.body%7%100003 Lfor.body%8%1 Lfor.body%9%1 Lfor.body%9%100003 Lfor.body%9%100004 Lfor.body%9%100005 Lfor.body%10%1 Lfor.body%11%1 Lfor.body%11%100003 Lfor.body%11%100004 Lfor.end%1%1 Lfor.inc%1%1 Lfor.inc%2%1 Lfor.inc%2%100003 Lfor.inc%2%100004 Lfor.inc%2%100005 Lfor.inc%2%100006 E0%0%1
graph_with_predicates 89: name = dst, pcs size 14
graph_with_simplified_assets 14: name = dst, pcs size 14
tfg 202: name = dst, pcs size 14
<MSG>0:24 : Computing equivalence for function: vtvtv...</MSG>
<MSG>0:25 : Computing equivalence of the two TFGs (LLVM IR and x86 assembly)...</MSG>
<MSG>0:25 : Chose product-TFG vtvtv from a frontier of size 1...</MSG>
<cg>
  Nodes: L0%0%1_L0%0%1 (C L0%0%1, A line 11)
                L0%0%1_L0%0%1 contains 0 counterexamples (for correlating 0 bv exprs)

</cg>
<MSG>0:25 : product-TFG vtvtv: Enumerating correlations for L0%0%1=>L1%1%0[mu 1, delta 1] starting at L0%0%1_L0%0%1
</MSG>
<MSG>0:25 : Considering 1 paths to src pc L0%0%1 as correlation candidates for L0%0%1=>L1%1%0[mu 1, delta 1] at L0%0%1_L0%0%1
</MSG>
<MSG>0:25 : Attempting correlation of src pathset L0%0%1=>L0%0%1[mu 0, delta 0] as correlation candidate for L0%0%1=>L1%1%0[mu 1, delta 1] at L0%0%1_L0%0%1
</MSG>
<MSG>0:25 : Found 1 feasible correlations for paths to src pc L0%0%1 as correlation candidates for L0%0%1=>L1%1%0[mu 1, delta 1] at L0%0%1_L0%0%1
</MSG>
<MSG>0:25 : Considering 8 paths to src pc Lfor.cond%1%0 as correlation candidates for L0%0%1=>L1%1%0[mu 1, delta 1] at L0%0%1_L0%0%1
</MSG>
<MSG>0:25 : Attempting correlation of src pathset L0%0%1=>Lfor.cond%1%0[mu 8, delta 1] as correlation candidate for L0%0%1=>L1%1%0[mu 1, delta 1] at L0%0%1_L0%0%1
</MSG>
<MSG>0:25 : Attempting correlation of src pathset L0%0%1=>Lfor.cond%1%0[mu 8, delta 2] as correlation candidate for L0%0%1=>L1%1%0[mu 1, delta 1] at L0%0%1_L0%0%1
</MSG>
<MSG>0:25 : Attempting correlation of src pathset L0%0%1=>Lfor.cond%1%0[mu 8, delta 3] as correlation candidate for L0%0%1=>L1%1%0[mu 1, delta 1] at L0%0%1_L0%0%1
</MSG>
<MSG>0:25 : Attempting correlation of src pathset L0%0%1=>Lfor.cond%1%0[mu 8, delta 4] as correlation candidate for L0%0%1=>L1%1%0[mu 1, delta 1] at L0%0%1_L0%0%1
</MSG>
<MSG>0:25 : Attempting correlation of src pathset L0%0%1=>Lfor.cond%1%0[mu 8, delta 5] as correlation candidate for L0%0%1=>L1%1%0[mu 1, delta 1] at L0%0%1_L0%0%1
</MSG>
<MSG>0:25 : Attempting correlation of src pathset L0%0%1=>Lfor.cond%1%0[mu 8, delta 6] as correlation candidate for L0%0%1=>L1%1%0[mu 1, delta 1] at L0%0%1_L0%0%1
</MSG>
<MSG>0:25 : Attempting correlation of src pathset L0%0%1=>Lfor.cond%1%0[mu 8, delta 7] as correlation candidate for L0%0%1=>L1%1%0[mu 1, delta 1] at L0%0%1_L0%0%1
</MSG>
<MSG>0:25 : Attempting correlation of src pathset L0%0%1=>Lfor.cond%1%0[mu 8, delta 8] as correlation candidate for L0%0%1=>L1%1%0[mu 1, delta 1] at L0%0%1_L0%0%1
</MSG>
<MSG>0:25 : Found 8 feasible correlations for paths to src pc Lfor.cond%1%0 as correlation candidates for L0%0%1=>L1%1%0[mu 1, delta 1] at L0%0%1_L0%0%1
</MSG>
<MSG>0:25 : Considering 8 paths to src pc Lfor.cond%2%1 as correlation candidates for L0%0%1=>L1%1%0[mu 1, delta 1] at L0%0%1_L0%0%1
</MSG>
<MSG>0:25 : Attempting correlation of src pathset L0%0%1=>Lfor.cond%2%1[mu 8, delta 1] as correlation candidate for L0%0%1=>L1%1%0[mu 1, delta 1] at L0%0%1_L0%0%1
</MSG>
<MSG>0:25 : Attempting correlation of src pathset L0%0%1=>Lfor.cond%2%1[mu 8, delta 2] as correlation candidate for L0%0%1=>L1%1%0[mu 1, delta 1] at L0%0%1_L0%0%1
</MSG>
<MSG>0:25 : Attempting correlation of src pathset L0%0%1=>Lfor.cond%2%1[mu 8, delta 3] as correlation candidate for L0%0%1=>L1%1%0[mu 1, delta 1] at L0%0%1_L0%0%1
</MSG>
<MSG>0:25 : Attempting correlation of src pathset L0%0%1=>Lfor.cond%2%1[mu 8, delta 4] as correlation candidate for L0%0%1=>L1%1%0[mu 1, delta 1] at L0%0%1_L0%0%1
</MSG>
<MSG>0:25 : Attempting correlation of src pathset L0%0%1=>Lfor.cond%2%1[mu 8, delta 5] as correlation candidate for L0%0%1=>L1%1%0[mu 1, delta 1] at L0%0%1_L0%0%1
</MSG>
<MSG>0:25 : Attempting correlation of src pathset L0%0%1=>Lfor.cond%2%1[mu 8, delta 6] as correlation candidate for L0%0%1=>L1%1%0[mu 1, delta 1] at L0%0%1_L0%0%1
</MSG>
<MSG>0:25 : Attempting correlation of src pathset L0%0%1=>Lfor.cond%2%1[mu 8, delta 7] as correlation candidate for L0%0%1=>L1%1%0[mu 1, delta 1] at L0%0%1_L0%0%1
</MSG>
<MSG>0:25 : Attempting correlation of src pathset L0%0%1=>Lfor.cond%2%1[mu 8, delta 8] as correlation candidate for L0%0%1=>L1%1%0[mu 1, delta 1] at L0%0%1_L0%0%1
</MSG>
<MSG>0:25 : Found 8 feasible correlations for paths to src pc Lfor.cond%2%1 as correlation candidates for L0%0%1=>L1%1%0[mu 1, delta 1] at L0%0%1_L0%0%1
</MSG>
<MSG>0:25 : Considering 8 paths to src pc Lfor.body%1%1 as correlation candidates for L0%0%1=>L1%1%0[mu 1, delta 1] at L0%0%1_L0%0%1
</MSG>
<MSG>0:25 : Attempting correlation of src pathset L0%0%1=>Lfor.body%1%1[mu 8, delta 1] as correlation candidate for L0%0%1=>L1%1%0[mu 1, delta 1] at L0%0%1_L0%0%1
</MSG>
<MSG>0:25 : Attempting correlation of src pathset L0%0%1=>Lfor.body%1%1[mu 8, delta 2] as correlation candidate for L0%0%1=>L1%1%0[mu 1, delta 1] at L0%0%1_L0%0%1
</MSG>
<MSG>0:26 : Attempting correlation of src pathset L0%0%1=>Lfor.body%1%1[mu 8, delta 3] as correlation candidate for L0%0%1=>L1%1%0[mu 1, delta 1] at L0%0%1_L0%0%1
</MSG>
<MSG>0:26 : Attempting correlation of src pathset L0%0%1=>Lfor.body%1%1[mu 8, delta 4] as correlation candidate for L0%0%1=>L1%1%0[mu 1, delta 1] at L0%0%1_L0%0%1
</MSG>
<MSG>0:26 : Attempting correlation of src pathset L0%0%1=>Lfor.body%1%1[mu 8, delta 5] as correlation candidate for L0%0%1=>L1%1%0[mu 1, delta 1] at L0%0%1_L0%0%1
</MSG>
<MSG>0:26 : Attempting correlation of src pathset L0%0%1=>Lfor.body%1%1[mu 8, delta 6] as correlation candidate for L0%0%1=>L1%1%0[mu 1, delta 1] at L0%0%1_L0%0%1
</MSG>
<MSG>0:26 : Attempting correlation of src pathset L0%0%1=>Lfor.body%1%1[mu 8, delta 7] as correlation candidate for L0%0%1=>L1%1%0[mu 1, delta 1] at L0%0%1_L0%0%1
</MSG>
<MSG>0:26 : Attempting correlation of src pathset L0%0%1=>Lfor.body%1%1[mu 8, delta 8] as correlation candidate for L0%0%1=>L1%1%0[mu 1, delta 1] at L0%0%1_L0%0%1
</MSG>
<MSG>0:26 : Found 8 feasible correlations for paths to src pc Lfor.body%1%1 as correlation candidates for L0%0%1=>L1%1%0[mu 1, delta 1] at L0%0%1_L0%0%1
</MSG>
<MSG>0:26 : Considering 1 paths to src pc Lfor.end%1%1 as correlation candidates for L0%0%1=>L1%1%0[mu 1, delta 1] at L0%0%1_L0%0%1
</MSG>
<MSG>0:26 : Attempting correlation of src pathset L0%0%1=>Lfor.end%1%1[mu 8, delta 1] as correlation candidate for L0%0%1=>L1%1%0[mu 1, delta 1] at L0%0%1_L0%0%1
</MSG>
<MSG>0:26 : Found 1 feasible correlations for paths to src pc Lfor.end%1%1 as correlation candidates for L0%0%1=>L1%1%0[mu 1, delta 1] at L0%0%1_L0%0%1
</MSG>
<MSG>0:26 : product-TFG vtvtv: Found 26 correlations for L0%0%1=>L1%1%0[mu 1, delta 1] starting at L0%0%1_L0%0%1
</MSG>
<MSG>0:26 : product-TFG vtvtv created 26 possibilities in group vtvtv.A...</MSG>
<MSG>0:26 : Chose product-TFG vtvtv.A1 from a frontier of size 26...</MSG>
<cg>
  Edges: L0%0%1_L0%0%1=>L0%0%1_L1%1%0 (C L0%0%1 => C L0%0%1 at mu 0 delta 0, A line 11 => A line 19 at mu 1 delta 1)
  Nodes: L0%0%1_L0%0%1 (C L0%0%1, A line 11)
                L0%0%1_L0%0%1 contains 0 counterexamples (for correlating 0 bv exprs)
         L0%0%1_L1%1%0 (C L0%0%1, A line 19)
                L0%0%1_L1%1%0 contains 0 counterexamples (for correlating 9 bv exprs)
                false

Segmentation fault (core dumped)
