Running benchmarks for memccpy
	Running the tool for benchmark memccpy with src=dietlibc, dst=freebsd
		Proved memccpy to be inequivalent for dietlibc, freebsd.
	Running the tool for benchmark memccpy with src=dietlibc, dst=klibc
		Proved memccpy to be inequivalent for dietlibc, klibc.
	Running the tool for benchmark memccpy with src=dietlibc, dst=musl
		Proved memccpy to be inequivalent for dietlibc, musl.
	Running the tool for benchmark memccpy with src=dietlibc, dst=newlib_v1
		Proved memccpy to be inequivalent for dietlibc, newlib_v1.
	Running the tool for benchmark memccpy with src=dietlibc, dst=openbsd
		Proved memccpy to be inequivalent for dietlibc, openbsd.
	Running the tool for benchmark memccpy with src=freebsd, dst=klibc
		Proved memccpy to be inequivalent for freebsd, klibc.
	Running the tool for benchmark memccpy with src=freebsd, dst=musl
		Proved memccpy to be inequivalent for freebsd, musl.
	Running the tool for benchmark memccpy with src=freebsd, dst=newlib_v1
		Proved memccpy to be inequivalent for freebsd, newlib_v1.
	Running the tool for benchmark memccpy with src=freebsd, dst=openbsd
		Proved memccpy to be equivalent for freebsd, openbsd.
	Running the tool for benchmark memccpy with src=klibc, dst=musl
		Proved memccpy to be inequivalent for klibc, musl.
	Running the tool for benchmark memccpy with src=klibc, dst=newlib_v1
		Proved memccpy to be equivalent for klibc, newlib_v1.
Ran all experiments for memccpy
Benchmark = memccpy
Eq Classes:
	{'dietlibc'}
	{'openbsd', 'freebsd'}
	{'klibc', 'newlib_v1'}
	{'musl'}
Inequivalence Classes:
	dietlibc inequivalent with the classes {'musl', 'klibc', 'freebsd'}
	freebsd inequivalent with the classes {'musl', 'klibc', 'dietlibc'}
	klibc inequivalent with the classes {'musl', 'freebsd', 'dietlibc'}
	musl inequivalent with the classes {'freebsd', 'klibc', 'dietlibc'}
	newlib_v1 inequivalent with the classes {'musl', 'dietlibc', 'freebsd'}
	openbsd inequivalent with the classes {'musl', 'klibc', 'dietlibc'}
Running benchmarks for memcmp
	Running the tool for benchmark memcmp with src=dietlibc, dst=freebsd
		Proved memcmp to be inequivalent for dietlibc, freebsd.
	Running the tool for benchmark memcmp with src=dietlibc, dst=klibc
		Proved memcmp to be equivalent for dietlibc, klibc.
	Running the tool for benchmark memcmp with src=dietlibc, dst=musl
		Proved memcmp to be equivalent for dietlibc, musl.
	Running the tool for benchmark memcmp with src=dietlibc, dst=newlib_v1
		Proved memcmp to be equivalent for dietlibc, newlib_v1.
	Running the tool for benchmark memcmp with src=dietlibc, dst=openbsd
		Proved memcmp to be inequivalent for dietlibc, openbsd.
	Running the tool for benchmark memcmp with src=freebsd, dst=openbsd
		Proved memcmp to be equivalent for freebsd, openbsd.
Ran all experiments for memcmp
Benchmark = memcmp
Eq Classes:
	{'newlib_v1', 'musl', 'klibc', 'dietlibc'}
	{'openbsd', 'freebsd'}
Inequivalence Classes:
	dietlibc inequivalent with the classes {'freebsd'}
	freebsd inequivalent with the classes {'dietlibc'}
	klibc inequivalent with the classes {'freebsd'}
	musl inequivalent with the classes {'freebsd'}
	newlib_v1 inequivalent with the classes {'freebsd'}
	openbsd inequivalent with the classes {'dietlibc'}
Running benchmarks for memcpy
	Running the tool for benchmark memcpy with src=dietlibc_v1, dst=freebsd
		Proved memcpy to be inequivalent for dietlibc_v1, freebsd.
	Running the tool for benchmark memcpy with src=dietlibc_v1, dst=klibc_v1
		Proved memcpy to be equivalent for dietlibc_v1, klibc_v1.
	Running the tool for benchmark memcpy with src=dietlibc_v1, dst=newlib_v1
		Proved memcpy to be equivalent for dietlibc_v1, newlib_v1.
	Running the tool for benchmark memcpy with src=dietlibc_v1, dst=openbsd
		Proved memcpy to be inequivalent for dietlibc_v1, openbsd.
	Running the tool for benchmark memcpy with src=freebsd, dst=openbsd
		Proved memcpy to be inequivalent for freebsd, openbsd.
Ran all experiments for memcpy
Benchmark = memcpy
Eq Classes:
	{'newlib_v1', 'dietlibc_v1', 'klibc_v1'}
	{'freebsd'}
	{'openbsd'}
Inequivalence Classes:
	dietlibc_v1 inequivalent with the classes {'openbsd', 'freebsd'}
	freebsd inequivalent with the classes {'dietlibc_v1', 'openbsd'}
	klibc_v1 inequivalent with the classes {'openbsd', 'freebsd'}
	newlib_v1 inequivalent with the classes {'openbsd', 'freebsd'}
	openbsd inequivalent with the classes {'dietlibc_v1', 'freebsd'}
Running benchmarks for memmove
	Running the tool for benchmark memmove with src=dietlibc, dst=freebsd
		Proved memmove to be inequivalent for dietlibc, freebsd.
	Running the tool for benchmark memmove with src=dietlibc, dst=klibc_v1
		Proved memmove to be inequivalent for dietlibc, klibc_v1.
	Running the tool for benchmark memmove with src=dietlibc, dst=newlib_v1
		Proved memmove to be inequivalent for dietlibc, newlib_v1.
	Running the tool for benchmark memmove with src=dietlibc, dst=openbsd
		Proved memmove to be inequivalent for dietlibc, openbsd.
	Running the tool for benchmark memmove with src=freebsd, dst=klibc_v1
		Proved memmove to be inequivalent for freebsd, klibc_v1.
	Running the tool for benchmark memmove with src=freebsd, dst=newlib_v1
		Proved memmove to be inequivalent for freebsd, newlib_v1.
	Running the tool for benchmark memmove with src=freebsd, dst=openbsd
		Timeout for benchmark memmove with src=freebsd, dst=openbsd
	Running the tool for benchmark memmove with src=openbsd, dst=freebsd
		Proved memmove to be equivalent for openbsd, freebsd.
	Running the tool for benchmark memmove with src=klibc_v1, dst=newlib_v1
		Proved memmove to be inequivalent for klibc_v1, newlib_v1.
Ran all experiments for memmove
Benchmark = memmove
Eq Classes:
	{'dietlibc'}
	{'openbsd', 'freebsd'}
	{'klibc_v1'}
	{'newlib_v1'}
Inequivalence Classes:
	dietlibc inequivalent with the classes {'klibc_v1', 'openbsd', 'newlib_v1'}
	freebsd inequivalent with the classes {'klibc_v1', 'dietlibc', 'newlib_v1'}
	klibc_v1 inequivalent with the classes {'newlib_v1', 'openbsd', 'dietlibc'}
	newlib_v1 inequivalent with the classes {'klibc_v1', 'openbsd', 'dietlibc'}
	openbsd inequivalent with the classes {'newlib_v1', 'klibc_v1', 'dietlibc'}
Running benchmarks for memrchr
	Running the tool for benchmark memrchr with src=dietlibc, dst=freebsd
		Proved memrchr to be inequivalent for dietlibc, freebsd.
	Running the tool for benchmark memrchr with src=dietlibc, dst=glibc
		Proved memrchr to be inequivalent for dietlibc, glibc.
	Running the tool for benchmark memrchr with src=dietlibc, dst=klibc
		Proved memrchr to be inequivalent for dietlibc, klibc.
	Running the tool for benchmark memrchr with src=dietlibc, dst=musl
		Proved memrchr to be inequivalent for dietlibc, musl.
	Running the tool for benchmark memrchr with src=dietlibc, dst=newlib_v1
		Proved memrchr to be inequivalent for dietlibc, newlib_v1.
	Running the tool for benchmark memrchr with src=dietlibc, dst=openbsd
		Proved memrchr to be inequivalent for dietlibc, openbsd.
	Running the tool for benchmark memrchr with src=freebsd, dst=glibc
		Proved memrchr to be inequivalent for freebsd, glibc.
	Running the tool for benchmark memrchr with src=freebsd, dst=klibc
		Proved memrchr to be inequivalent for freebsd, klibc.
	Running the tool for benchmark memrchr with src=freebsd, dst=musl
		Proved memrchr to be inequivalent for freebsd, musl.
	Running the tool for benchmark memrchr with src=freebsd, dst=newlib_v1
		Proved memrchr to be inequivalent for freebsd, newlib_v1.
	Running the tool for benchmark memrchr with src=freebsd, dst=openbsd
		Proved memrchr to be equivalent for freebsd, openbsd.
	Running the tool for benchmark memrchr with src=glibc, dst=klibc
		Proved memrchr to be inequivalent for glibc, klibc.
	Running the tool for benchmark memrchr with src=glibc, dst=musl
		Proved memrchr to be inequivalent for glibc, musl.
	Running the tool for benchmark memrchr with src=glibc, dst=newlib_v1
		Proved memrchr to be inequivalent for glibc, newlib_v1.
	Running the tool for benchmark memrchr with src=klibc, dst=musl
		Proved memrchr to be equivalent for klibc, musl.
	Running the tool for benchmark memrchr with src=klibc, dst=newlib_v1
		Proved memrchr to be equivalent for klibc, newlib_v1.
Ran all experiments for memrchr
Benchmark = memrchr
Eq Classes:
	{'dietlibc'}
	{'openbsd', 'freebsd'}
	{'glibc'}
	{'musl', 'klibc', 'newlib_v1'}
Inequivalence Classes:
	dietlibc inequivalent with the classes {'glibc', 'klibc', 'freebsd'}
	freebsd inequivalent with the classes {'glibc', 'klibc', 'dietlibc'}
	glibc inequivalent with the classes {'klibc', 'dietlibc', 'freebsd'}
	klibc inequivalent with the classes {'glibc', 'freebsd', 'dietlibc'}
	musl inequivalent with the classes {'glibc', 'dietlibc', 'freebsd'}
	newlib_v1 inequivalent with the classes {'glibc', 'dietlibc', 'freebsd'}
	openbsd inequivalent with the classes {'glibc', 'klibc', 'dietlibc'}
Running benchmarks for memset
	Running the tool for benchmark memset with src=dietlibc, dst=freebsd
		Proved memset to be inequivalent for dietlibc, freebsd.
	Running the tool for benchmark memset with src=dietlibc, dst=glibc
		Proved memset to be inequivalent for dietlibc, glibc.
	Running the tool for benchmark memset with src=dietlibc, dst=klibc_v1
		Proved memset to be equivalent for dietlibc, klibc_v1.
	Running the tool for benchmark memset with src=dietlibc, dst=musl
		Proved memset to be inequivalent for dietlibc, musl.
	Running the tool for benchmark memset with src=dietlibc, dst=newlib_v1
		Proved memset to be equivalent for dietlibc, newlib_v1.
	Running the tool for benchmark memset with src=dietlibc, dst=openbsd
		Proved memset to be inequivalent for dietlibc, openbsd.
	Running the tool for benchmark memset with src=freebsd, dst=glibc
		Proved memset to be inequivalent for freebsd, glibc.
	Running the tool for benchmark memset with src=freebsd, dst=musl
		Proved memset to be inequivalent for freebsd, musl.
	Running the tool for benchmark memset with src=freebsd, dst=openbsd
		Proved memset to be inequivalent for freebsd, openbsd.
	Running the tool for benchmark memset with src=glibc, dst=musl
		Proved memset to be inequivalent for glibc, musl.
	Running the tool for benchmark memset with src=glibc, dst=openbsd
		Proved memset to be inequivalent for glibc, openbsd.
	Running the tool for benchmark memset with src=musl, dst=openbsd
		Found errcode 1 for memset, musl, openbsd.
	Running the tool for benchmark memset with src=openbsd, dst=musl
		Proved memset to be inequivalent for openbsd, musl.
Ran all experiments for memset
Benchmark = memset
Eq Classes:
	{'newlib_v1', 'klibc_v1', 'dietlibc'}
	{'freebsd'}
	{'glibc'}
	{'musl'}
	{'openbsd'}
Inequivalence Classes:
	dietlibc inequivalent with the classes {'glibc', 'musl', 'openbsd', 'freebsd'}
	freebsd inequivalent with the classes {'glibc', 'musl', 'openbsd', 'dietlibc'}
	glibc inequivalent with the classes {'musl', 'freebsd', 'openbsd', 'dietlibc'}
	klibc_v1 inequivalent with the classes {'musl', 'glibc', 'openbsd', 'freebsd'}
	musl inequivalent with the classes {'glibc', 'freebsd', 'openbsd', 'dietlibc'}
	newlib_v1 inequivalent with the classes {'musl', 'glibc', 'openbsd', 'freebsd'}
	openbsd inequivalent with the classes {'musl', 'glibc', 'freebsd', 'dietlibc'}
Running benchmarks for stpcpy
	Running the tool for benchmark stpcpy with src=dietlibc, dst=freebsd
		Proved stpcpy to be equivalent for dietlibc, freebsd.
	Running the tool for benchmark stpcpy with src=dietlibc, dst=musl
		Proved stpcpy to be inequivalent for dietlibc, musl.
	Running the tool for benchmark stpcpy with src=dietlibc, dst=newlib_v1
		Proved stpcpy to be equivalent for dietlibc, newlib_v1.
	Running the tool for benchmark stpcpy with src=dietlibc, dst=openbsd
		Proved stpcpy to be equivalent for dietlibc, openbsd.
Ran all experiments for stpcpy
Benchmark = stpcpy
Eq Classes:
	{'newlib_v1', 'freebsd', 'openbsd', 'dietlibc'}
	{'musl'}
Inequivalence Classes:
	dietlibc inequivalent with the classes {'musl'}
	freebsd inequivalent with the classes {'musl'}
	musl inequivalent with the classes {'dietlibc'}
	newlib_v1 inequivalent with the classes {'musl'}
	openbsd inequivalent with the classes {'musl'}
Running benchmarks for strcasecmp
	Running the tool for benchmark strcasecmp with src=dietlibc, dst=glibc
		Found errcode -6 for strcasecmp, dietlibc, glibc.
	Running the tool for benchmark strcasecmp with src=glibc, dst=dietlibc
		Found errcode -6 for strcasecmp, glibc, dietlibc.
	Running the tool for benchmark strcasecmp with src=dietlibc, dst=klibc
		Found errcode -6 for strcasecmp, dietlibc, klibc.
	Running the tool for benchmark strcasecmp with src=klibc, dst=dietlibc
		Found errcode -6 for strcasecmp, klibc, dietlibc.
	Running the tool for benchmark strcasecmp with src=dietlibc, dst=musl
		Found errcode -6 for strcasecmp, dietlibc, musl.
	Running the tool for benchmark strcasecmp with src=musl, dst=dietlibc
		Found errcode -6 for strcasecmp, musl, dietlibc.
	Running the tool for benchmark strcasecmp with src=dietlibc, dst=newlib
		Found errcode -6 for strcasecmp, dietlibc, newlib.
	Running the tool for benchmark strcasecmp with src=newlib, dst=dietlibc
		Found errcode -6 for strcasecmp, newlib, dietlibc.
	Running the tool for benchmark strcasecmp with src=dietlibc, dst=openbsd
		Found errcode 1 for strcasecmp, dietlibc, openbsd.
	Running the tool for benchmark strcasecmp with src=openbsd, dst=dietlibc
		Found errcode -6 for strcasecmp, openbsd, dietlibc.
	Running the tool for benchmark strcasecmp with src=glibc, dst=klibc
		Found errcode -6 for strcasecmp, glibc, klibc.
	Running the tool for benchmark strcasecmp with src=klibc, dst=glibc
		Found errcode -6 for strcasecmp, klibc, glibc.
	Running the tool for benchmark strcasecmp with src=glibc, dst=musl
		Found errcode -6 for strcasecmp, glibc, musl.
	Running the tool for benchmark strcasecmp with src=musl, dst=glibc
		Found errcode -6 for strcasecmp, musl, glibc.
	Running the tool for benchmark strcasecmp with src=glibc, dst=newlib
		Found errcode -6 for strcasecmp, glibc, newlib.
	Running the tool for benchmark strcasecmp with src=newlib, dst=glibc
		Found errcode -6 for strcasecmp, newlib, glibc.
	Running the tool for benchmark strcasecmp with src=glibc, dst=openbsd
		Found errcode 1 for strcasecmp, glibc, openbsd.
	Running the tool for benchmark strcasecmp with src=openbsd, dst=glibc
		Found errcode -6 for strcasecmp, openbsd, glibc.
	Running the tool for benchmark strcasecmp with src=klibc, dst=musl
		Found errcode -6 for strcasecmp, klibc, musl.
	Running the tool for benchmark strcasecmp with src=musl, dst=klibc
		Found errcode -6 for strcasecmp, musl, klibc.
	Running the tool for benchmark strcasecmp with src=klibc, dst=newlib
		Found errcode -6 for strcasecmp, klibc, newlib.
	Running the tool for benchmark strcasecmp with src=newlib, dst=klibc
		Found errcode -6 for strcasecmp, newlib, klibc.
	Running the tool for benchmark strcasecmp with src=klibc, dst=openbsd
		Found errcode 1 for strcasecmp, klibc, openbsd.
	Running the tool for benchmark strcasecmp with src=openbsd, dst=klibc
		Found errcode -6 for strcasecmp, openbsd, klibc.
	Running the tool for benchmark strcasecmp with src=musl, dst=newlib
		Found errcode -6 for strcasecmp, musl, newlib.
	Running the tool for benchmark strcasecmp with src=newlib, dst=musl
		Found errcode -6 for strcasecmp, newlib, musl.
	Running the tool for benchmark strcasecmp with src=musl, dst=openbsd
		Found errcode 1 for strcasecmp, musl, openbsd.
	Running the tool for benchmark strcasecmp with src=openbsd, dst=musl
		Found errcode -6 for strcasecmp, openbsd, musl.
	Running the tool for benchmark strcasecmp with src=newlib, dst=openbsd
		Found errcode 1 for strcasecmp, newlib, openbsd.
	Running the tool for benchmark strcasecmp with src=openbsd, dst=newlib
		Found errcode -6 for strcasecmp, openbsd, newlib.
Ran all experiments for strcasecmp
Benchmark = strcasecmp
Eq Classes:
	{'dietlibc'}
	{'glibc'}
	{'klibc'}
	{'musl'}
	{'newlib'}
	{'openbsd'}
Inequivalence Classes:
	dietlibc inequivalent with the classes set()
	glibc inequivalent with the classes set()
	klibc inequivalent with the classes set()
	musl inequivalent with the classes set()
	newlib inequivalent with the classes set()
	openbsd inequivalent with the classes set()
Running benchmarks for strchr
	Running the tool for benchmark strchr with src=dietlibc, dst=freebsd
		Found errcode 1 for strchr, dietlibc, freebsd.
	Running the tool for benchmark strchr with src=freebsd, dst=dietlibc
		Found errcode 1 for strchr, freebsd, dietlibc.
	Running the tool for benchmark strchr with src=dietlibc, dst=glibc
		Proved strchr to be inequivalent for dietlibc, glibc.
	Running the tool for benchmark strchr with src=dietlibc, dst=klibc
		Proved strchr to be inequivalent for dietlibc, klibc.
	Running the tool for benchmark strchr with src=dietlibc, dst=musl
		Found errcode 1 for strchr, dietlibc, musl.
	Running the tool for benchmark strchr with src=musl, dst=dietlibc
		Found errcode 1 for strchr, musl, dietlibc.
	Running the tool for benchmark strchr with src=dietlibc, dst=newlib_v1
		Proved strchr to be inequivalent for dietlibc, newlib_v1.
	Running the tool for benchmark strchr with src=dietlibc, dst=openbsd
		Proved strchr to be inequivalent for dietlibc, openbsd.
	Running the tool for benchmark strchr with src=freebsd, dst=glibc
		Found errcode 1 for strchr, freebsd, glibc.
	Running the tool for benchmark strchr with src=glibc, dst=freebsd
		Found errcode 1 for strchr, glibc, freebsd.
	Running the tool for benchmark strchr with src=freebsd, dst=klibc
		Found errcode 1 for strchr, freebsd, klibc.
	Running the tool for benchmark strchr with src=klibc, dst=freebsd
		Found errcode 1 for strchr, klibc, freebsd.
	Running the tool for benchmark strchr with src=freebsd, dst=musl
		Found errcode -6 for strchr, freebsd, musl.
	Running the tool for benchmark strchr with src=musl, dst=freebsd
		Found errcode -6 for strchr, musl, freebsd.
	Running the tool for benchmark strchr with src=freebsd, dst=newlib_v1
		Found errcode 1 for strchr, freebsd, newlib_v1.
	Running the tool for benchmark strchr with src=newlib_v1, dst=freebsd
		Found errcode 1 for strchr, newlib_v1, freebsd.
	Running the tool for benchmark strchr with src=freebsd, dst=openbsd
		Found errcode 1 for strchr, freebsd, openbsd.
	Running the tool for benchmark strchr with src=openbsd, dst=freebsd
		Found errcode 1 for strchr, openbsd, freebsd.
	Running the tool for benchmark strchr with src=glibc, dst=klibc
		Proved strchr to be inequivalent for glibc, klibc.
	Running the tool for benchmark strchr with src=glibc, dst=musl
		Found errcode 1 for strchr, glibc, musl.
	Running the tool for benchmark strchr with src=musl, dst=glibc
		Found errcode 1 for strchr, musl, glibc.
	Running the tool for benchmark strchr with src=glibc, dst=newlib_v1
		Proved strchr to be inequivalent for glibc, newlib_v1.
	Running the tool for benchmark strchr with src=glibc, dst=openbsd
		Proved strchr to be inequivalent for glibc, openbsd.
	Running the tool for benchmark strchr with src=klibc, dst=musl
		Found errcode 1 for strchr, klibc, musl.
	Running the tool for benchmark strchr with src=musl, dst=klibc
		Found errcode 1 for strchr, musl, klibc.
	Running the tool for benchmark strchr with src=klibc, dst=newlib_v1
		Proved strchr to be equivalent for klibc, newlib_v1.
	Running the tool for benchmark strchr with src=klibc, dst=openbsd
		Proved strchr to be equivalent for klibc, openbsd.
	Running the tool for benchmark strchr with src=musl, dst=newlib_v1
		Found errcode 1 for strchr, musl, newlib_v1.
	Running the tool for benchmark strchr with src=newlib_v1, dst=musl
		Found errcode 1 for strchr, newlib_v1, musl.
	Running the tool for benchmark strchr with src=musl, dst=openbsd
		Found errcode 1 for strchr, musl, openbsd.
	Running the tool for benchmark strchr with src=openbsd, dst=musl
		Found errcode 1 for strchr, openbsd, musl.
Ran all experiments for strchr
Benchmark = strchr
Eq Classes:
	{'dietlibc'}
	{'freebsd'}
	{'glibc'}
	{'klibc', 'openbsd', 'newlib_v1'}
	{'musl'}
Inequivalence Classes:
	dietlibc inequivalent with the classes {'glibc', 'klibc'}
	freebsd inequivalent with the classes set()
	glibc inequivalent with the classes {'klibc', 'dietlibc'}
	klibc inequivalent with the classes {'glibc', 'dietlibc'}
	musl inequivalent with the classes set()
	newlib_v1 inequivalent with the classes {'glibc', 'dietlibc'}
	openbsd inequivalent with the classes {'glibc', 'dietlibc'}
Running benchmarks for strcmp
	Running the tool for benchmark strcmp with src=dietlibc_v1, dst=freebsd
		Proved strcmp to be inequivalent for dietlibc_v1, freebsd.
	Running the tool for benchmark strcmp with src=dietlibc_v1, dst=glibc
		Proved strcmp to be inequivalent for dietlibc_v1, glibc.
	Running the tool for benchmark strcmp with src=dietlibc_v1, dst=klibc
		Proved strcmp to be inequivalent for dietlibc_v1, klibc.
	Running the tool for benchmark strcmp with src=dietlibc_v1, dst=musl
		Proved strcmp to be inequivalent for dietlibc_v1, musl.
	Running the tool for benchmark strcmp with src=dietlibc_v1, dst=newlib_v1
		Proved strcmp to be inequivalent for dietlibc_v1, newlib_v1.
	Running the tool for benchmark strcmp with src=dietlibc_v1, dst=openbsd
		Proved strcmp to be inequivalent for dietlibc_v1, openbsd.
	Running the tool for benchmark strcmp with src=freebsd, dst=glibc
		Proved strcmp to be equivalent for freebsd, glibc.
	Running the tool for benchmark strcmp with src=freebsd, dst=klibc
		Proved strcmp to be equivalent for freebsd, klibc.
	Running the tool for benchmark strcmp with src=freebsd, dst=musl
		Proved strcmp to be equivalent for freebsd, musl.
	Running the tool for benchmark strcmp with src=freebsd, dst=newlib_v1
		Proved strcmp to be equivalent for freebsd, newlib_v1.
	Running the tool for benchmark strcmp with src=freebsd, dst=openbsd
		Proved strcmp to be equivalent for freebsd, openbsd.
Ran all experiments for strcmp
Benchmark = strcmp
Eq Classes:
	{'dietlibc_v1'}
	{'musl', 'klibc', 'freebsd', 'glibc', 'openbsd', 'newlib_v1'}
Inequivalence Classes:
	dietlibc_v1 inequivalent with the classes {'freebsd'}
	freebsd inequivalent with the classes {'dietlibc_v1'}
	glibc inequivalent with the classes {'dietlibc_v1'}
	klibc inequivalent with the classes {'dietlibc_v1'}
	musl inequivalent with the classes {'dietlibc_v1'}
	newlib_v1 inequivalent with the classes {'dietlibc_v1'}
	openbsd inequivalent with the classes {'dietlibc_v1'}
Running benchmarks for strcpy
	Running the tool for benchmark strcpy with src=dietlibc_v1, dst=freebsd
		Proved strcpy to be equivalent for dietlibc_v1, freebsd.
	Running the tool for benchmark strcpy with src=dietlibc_v1, dst=klibc
		Proved strcpy to be equivalent for dietlibc_v1, klibc.
	Running the tool for benchmark strcpy with src=dietlibc_v1, dst=newlib_v1
		Proved strcpy to be equivalent for dietlibc_v1, newlib_v1.
	Running the tool for benchmark strcpy with src=dietlibc_v1, dst=openbsd
		Proved strcpy to be equivalent for dietlibc_v1, openbsd.
Ran all experiments for strcpy
Benchmark = strcpy
Eq Classes:
	{'freebsd', 'dietlibc_v1', 'klibc', 'openbsd', 'newlib_v1'}
Inequivalence Classes:
	dietlibc_v1 inequivalent with the classes set()
	freebsd inequivalent with the classes set()
	klibc inequivalent with the classes set()
	newlib_v1 inequivalent with the classes set()
	openbsd inequivalent with the classes set()
Running benchmarks for strcspn
	Running the tool for benchmark strcspn with src=dietlibc, dst=freebsd
		Found errcode -6 for strcspn, dietlibc, freebsd.
	Running the tool for benchmark strcspn with src=freebsd, dst=dietlibc
		Found errcode -6 for strcspn, freebsd, dietlibc.
	Running the tool for benchmark strcspn with src=dietlibc, dst=newlib
		Found errcode -6 for strcspn, dietlibc, newlib.
	Running the tool for benchmark strcspn with src=newlib, dst=dietlibc
		Found errcode -6 for strcspn, newlib, dietlibc.
	Running the tool for benchmark strcspn with src=dietlibc, dst=openbsd
		Proved strcspn to be inequivalent for dietlibc, openbsd.
	Running the tool for benchmark strcspn with src=freebsd, dst=newlib
		Found errcode -6 for strcspn, freebsd, newlib.
	Running the tool for benchmark strcspn with src=newlib, dst=freebsd
		Found errcode -6 for strcspn, newlib, freebsd.
	Running the tool for benchmark strcspn with src=freebsd, dst=openbsd
		Found errcode -6 for strcspn, freebsd, openbsd.
	Running the tool for benchmark strcspn with src=openbsd, dst=freebsd
		Found errcode -6 for strcspn, openbsd, freebsd.
	Running the tool for benchmark strcspn with src=newlib, dst=openbsd
		Proved strcspn to be inequivalent for newlib, openbsd.
Ran all experiments for strcspn
Benchmark = strcspn
Eq Classes:
	{'dietlibc'}
	{'freebsd'}
	{'newlib'}
	{'openbsd'}
Inequivalence Classes:
	dietlibc inequivalent with the classes {'openbsd'}
	freebsd inequivalent with the classes set()
	newlib inequivalent with the classes {'openbsd'}
	openbsd inequivalent with the classes {'newlib', 'dietlibc'}
Running benchmarks for strlcpy
	Running the tool for benchmark strlcpy with src=dietlibc, dst=freebsd
		Proved strlcpy to be inequivalent for dietlibc, freebsd.
	Running the tool for benchmark strlcpy with src=dietlibc, dst=klibc
		Proved strlcpy to be inequivalent for dietlibc, klibc.
	Running the tool for benchmark strlcpy with src=dietlibc, dst=newlib
		Proved strlcpy to be inequivalent for dietlibc, newlib.
	Running the tool for benchmark strlcpy with src=dietlibc, dst=openbsd
		Proved strlcpy to be inequivalent for dietlibc, openbsd.
	Running the tool for benchmark strlcpy with src=freebsd, dst=klibc
		Proved strlcpy to be inequivalent for freebsd, klibc.
	Running the tool for benchmark strlcpy with src=freebsd, dst=newlib
		Proved strlcpy to be equivalent for freebsd, newlib.
	Running the tool for benchmark strlcpy with src=freebsd, dst=openbsd
		Proved strlcpy to be equivalent for freebsd, openbsd.
Ran all experiments for strlcpy
Benchmark = strlcpy
Eq Classes:
	{'dietlibc'}
	{'newlib', 'openbsd', 'freebsd'}
	{'klibc'}
Inequivalence Classes:
	dietlibc inequivalent with the classes {'klibc', 'freebsd'}
	freebsd inequivalent with the classes {'klibc', 'dietlibc'}
	klibc inequivalent with the classes {'freebsd', 'dietlibc'}
	newlib inequivalent with the classes {'klibc', 'dietlibc'}
	openbsd inequivalent with the classes {'klibc', 'dietlibc'}
Running benchmarks for strlen
	Running the tool for benchmark strlen with src=dietlibc, dst=freebsd
		Proved strlen to be inequivalent for dietlibc, freebsd.
	Running the tool for benchmark strlen with src=dietlibc, dst=glibc
		Proved strlen to be inequivalent for dietlibc, glibc.
	Running the tool for benchmark strlen with src=dietlibc, dst=klibc
		Proved strlen to be inequivalent for dietlibc, klibc.
	Running the tool for benchmark strlen with src=dietlibc, dst=musl
		Proved strlen to be inequivalent for dietlibc, musl.
	Running the tool for benchmark strlen with src=dietlibc, dst=newlib
		Proved strlen to be inequivalent for dietlibc, newlib.
	Running the tool for benchmark strlen with src=dietlibc, dst=openbsd
		Proved strlen to be inequivalent for dietlibc, openbsd.
	Running the tool for benchmark strlen with src=freebsd, dst=glibc
		Proved strlen to be inequivalent for freebsd, glibc.
	Running the tool for benchmark strlen with src=freebsd, dst=klibc
		Proved strlen to be inequivalent for freebsd, klibc.
	Running the tool for benchmark strlen with src=freebsd, dst=musl
		Proved strlen to be inequivalent for freebsd, musl.
	Running the tool for benchmark strlen with src=freebsd, dst=newlib
		Proved strlen to be inequivalent for freebsd, newlib.
	Running the tool for benchmark strlen with src=freebsd, dst=openbsd
		Proved strlen to be inequivalent for freebsd, openbsd.
	Running the tool for benchmark strlen with src=glibc, dst=klibc
		Proved strlen to be inequivalent for glibc, klibc.
	Running the tool for benchmark strlen with src=glibc, dst=musl
		Proved strlen to be inequivalent for glibc, musl.
	Running the tool for benchmark strlen with src=glibc, dst=newlib
		Proved strlen to be inequivalent for glibc, newlib.
	Running the tool for benchmark strlen with src=glibc, dst=openbsd
		Proved strlen to be inequivalent for glibc, openbsd.
	Running the tool for benchmark strlen with src=klibc, dst=musl
		Proved strlen to be inequivalent for klibc, musl.
	Running the tool for benchmark strlen with src=klibc, dst=newlib
		Proved strlen to be inequivalent for klibc, newlib.
	Running the tool for benchmark strlen with src=klibc, dst=openbsd
		Proved strlen to be equivalent for klibc, openbsd.
	Running the tool for benchmark strlen with src=musl, dst=newlib
		Found errcode -6 for strlen, musl, newlib.
	Running the tool for benchmark strlen with src=newlib, dst=musl
		Found errcode -6 for strlen, newlib, musl.
Ran all experiments for strlen
Benchmark = strlen
Eq Classes:
	{'dietlibc'}
	{'freebsd'}
	{'glibc'}
	{'klibc', 'openbsd'}
	{'musl'}
	{'newlib'}
Inequivalence Classes:
	dietlibc inequivalent with the classes {'glibc', 'musl', 'klibc', 'freebsd', 'newlib'}
	freebsd inequivalent with the classes {'glibc', 'musl', 'klibc', 'dietlibc', 'newlib'}
	glibc inequivalent with the classes {'musl', 'klibc', 'freebsd', 'dietlibc', 'newlib'}
	klibc inequivalent with the classes {'glibc', 'musl', 'newlib', 'dietlibc', 'freebsd'}
	musl inequivalent with the classes {'glibc', 'freebsd', 'klibc', 'dietlibc'}
	newlib inequivalent with the classes {'glibc', 'freebsd', 'klibc', 'dietlibc'}
	openbsd inequivalent with the classes {'musl', 'newlib', 'glibc', 'dietlibc', 'freebsd'}
Running benchmarks for strncasecmp
	Running the tool for benchmark strncasecmp with src=dietlibc, dst=klibc
		Found errcode -6 for strncasecmp, dietlibc, klibc.
	Running the tool for benchmark strncasecmp with src=klibc, dst=dietlibc
		Found errcode -6 for strncasecmp, klibc, dietlibc.
	Running the tool for benchmark strncasecmp with src=dietlibc, dst=musl
		Found errcode -6 for strncasecmp, dietlibc, musl.
	Running the tool for benchmark strncasecmp with src=musl, dst=dietlibc
		Found errcode -6 for strncasecmp, musl, dietlibc.
	Running the tool for benchmark strncasecmp with src=dietlibc, dst=newlib
		Found errcode -6 for strncasecmp, dietlibc, newlib.
	Running the tool for benchmark strncasecmp with src=newlib, dst=dietlibc
		Found errcode -6 for strncasecmp, newlib, dietlibc.
	Running the tool for benchmark strncasecmp with src=klibc, dst=musl
		Found errcode -6 for strncasecmp, klibc, musl.
	Running the tool for benchmark strncasecmp with src=musl, dst=klibc
		Found errcode -6 for strncasecmp, musl, klibc.
	Running the tool for benchmark strncasecmp with src=klibc, dst=newlib
		Found errcode -6 for strncasecmp, klibc, newlib.
	Running the tool for benchmark strncasecmp with src=newlib, dst=klibc
		Found errcode -6 for strncasecmp, newlib, klibc.
	Running the tool for benchmark strncasecmp with src=musl, dst=newlib
		Found errcode -6 for strncasecmp, musl, newlib.
	Running the tool for benchmark strncasecmp with src=newlib, dst=musl
		Found errcode -6 for strncasecmp, newlib, musl.
Ran all experiments for strncasecmp
Benchmark = strncasecmp
Eq Classes:
	{'dietlibc'}
	{'klibc'}
	{'musl'}
	{'newlib'}
Inequivalence Classes:
	dietlibc inequivalent with the classes set()
	klibc inequivalent with the classes set()
	musl inequivalent with the classes set()
	newlib inequivalent with the classes set()
Running benchmarks for strncmp
	Running the tool for benchmark strncmp with src=dietlibc, dst=freebsd
		Found errcode 1 for strncmp, dietlibc, freebsd.
	Running the tool for benchmark strncmp with src=freebsd, dst=dietlibc
		Proved strncmp to be inequivalent for freebsd, dietlibc.
	Running the tool for benchmark strncmp with src=dietlibc, dst=glibc
		Proved strncmp to be inequivalent for dietlibc, glibc.
	Running the tool for benchmark strncmp with src=dietlibc, dst=klibc
		Proved strncmp to be equivalent for dietlibc, klibc.
	Running the tool for benchmark strncmp with src=dietlibc, dst=musl
		Proved strncmp to be inequivalent for dietlibc, musl.
	Running the tool for benchmark strncmp with src=dietlibc, dst=newlib_v1
		Found errcode 1 for strncmp, dietlibc, newlib_v1.
	Running the tool for benchmark strncmp with src=newlib_v1, dst=dietlibc
		Proved strncmp to be inequivalent for newlib_v1, dietlibc.
	Running the tool for benchmark strncmp with src=dietlibc, dst=openbsd
		Proved strncmp to be inequivalent for dietlibc, openbsd.
	Running the tool for benchmark strncmp with src=freebsd, dst=glibc
		Proved strncmp to be inequivalent for freebsd, glibc.
	Running the tool for benchmark strncmp with src=freebsd, dst=musl
		Proved strncmp to be equivalent for freebsd, musl.
	Running the tool for benchmark strncmp with src=freebsd, dst=newlib_v1
		Proved strncmp to be equivalent for freebsd, newlib_v1.
	Running the tool for benchmark strncmp with src=freebsd, dst=openbsd
		Proved strncmp to be equivalent for freebsd, openbsd.
Ran all experiments for strncmp
Benchmark = strncmp
Eq Classes:
	{'klibc', 'dietlibc'}
	{'newlib_v1', 'musl', 'openbsd', 'freebsd'}
	{'glibc'}
Inequivalence Classes:
	dietlibc inequivalent with the classes {'glibc', 'freebsd'}
	freebsd inequivalent with the classes {'glibc', 'dietlibc'}
	glibc inequivalent with the classes {'freebsd', 'dietlibc'}
	klibc inequivalent with the classes {'glibc', 'freebsd'}
	musl inequivalent with the classes {'glibc', 'dietlibc'}
	newlib_v1 inequivalent with the classes {'glibc', 'dietlibc'}
	openbsd inequivalent with the classes {'glibc', 'dietlibc'}
Running benchmarks for strpbrk
	Running the tool for benchmark strpbrk with src=dietlibc, dst=freebsd
		Found errcode -6 for strpbrk, dietlibc, freebsd.
	Running the tool for benchmark strpbrk with src=freebsd, dst=dietlibc
		Found errcode -6 for strpbrk, freebsd, dietlibc.
	Running the tool for benchmark strpbrk with src=dietlibc, dst=newlib
		Found errcode -6 for strpbrk, dietlibc, newlib.
	Running the tool for benchmark strpbrk with src=newlib, dst=dietlibc
		Proved strpbrk to be inequivalent for newlib, dietlibc.
	Running the tool for benchmark strpbrk with src=dietlibc, dst=openbsd
		Found errcode -6 for strpbrk, dietlibc, openbsd.
	Running the tool for benchmark strpbrk with src=openbsd, dst=dietlibc
		Found errcode -6 for strpbrk, openbsd, dietlibc.
	Running the tool for benchmark strpbrk with src=freebsd, dst=newlib
		Found errcode -6 for strpbrk, freebsd, newlib.
	Running the tool for benchmark strpbrk with src=newlib, dst=freebsd
		Proved strpbrk to be inequivalent for newlib, freebsd.
	Running the tool for benchmark strpbrk with src=freebsd, dst=openbsd
		Found errcode -6 for strpbrk, freebsd, openbsd.
	Running the tool for benchmark strpbrk with src=openbsd, dst=freebsd
		Found errcode -6 for strpbrk, openbsd, freebsd.
	Running the tool for benchmark strpbrk with src=newlib, dst=openbsd
		Proved strpbrk to be inequivalent for newlib, openbsd.
Ran all experiments for strpbrk
Benchmark = strpbrk
Eq Classes:
	{'dietlibc'}
	{'freebsd'}
	{'newlib'}
	{'openbsd'}
Inequivalence Classes:
	dietlibc inequivalent with the classes {'newlib'}
	freebsd inequivalent with the classes {'newlib'}
	newlib inequivalent with the classes {'freebsd', 'openbsd', 'dietlibc'}
	openbsd inequivalent with the classes {'newlib'}
Running benchmarks for strpbrk
	Running the tool for benchmark strpbrk with src=glibc, dst=musl
		Found errcode -6 for strpbrk, glibc, musl.
	Running the tool for benchmark strpbrk with src=musl, dst=glibc
		Found errcode -6 for strpbrk, musl, glibc.
Ran all experiments for strpbrk
Benchmark = strpbrk
Eq Classes:
	{'glibc'}
	{'musl'}
Inequivalence Classes:
	glibc inequivalent with the classes set()
	musl inequivalent with the classes set()
Running benchmarks for strrchr
	Running the tool for benchmark strrchr with src=dietlibc, dst=freebsd
		Proved strrchr to be inequivalent for dietlibc, freebsd.
	Running the tool for benchmark strrchr with src=dietlibc, dst=klibc
		Proved strrchr to be inequivalent for dietlibc, klibc.
	Running the tool for benchmark strrchr with src=dietlibc, dst=musl
		Found errcode 1 for strrchr, dietlibc, musl.
	Running the tool for benchmark strrchr with src=musl, dst=dietlibc
		Found errcode 1 for strrchr, musl, dietlibc.
	Running the tool for benchmark strrchr with src=dietlibc, dst=openbsd
		Proved strrchr to be inequivalent for dietlibc, openbsd.
	Running the tool for benchmark strrchr with src=freebsd, dst=klibc
		Proved strrchr to be inequivalent for freebsd, klibc.
	Running the tool for benchmark strrchr with src=freebsd, dst=musl
		Found errcode 1 for strrchr, freebsd, musl.
	Running the tool for benchmark strrchr with src=musl, dst=freebsd
		Found errcode 1 for strrchr, musl, freebsd.
	Running the tool for benchmark strrchr with src=freebsd, dst=openbsd
		Proved strrchr to be equivalent for freebsd, openbsd.
	Running the tool for benchmark strrchr with src=klibc, dst=musl
		Found errcode 1 for strrchr, klibc, musl.
	Running the tool for benchmark strrchr with src=musl, dst=klibc
		Found errcode 1 for strrchr, musl, klibc.
	Running the tool for benchmark strrchr with src=musl, dst=openbsd
		Found errcode 1 for strrchr, musl, openbsd.
	Running the tool for benchmark strrchr with src=openbsd, dst=musl
		Found errcode 1 for strrchr, openbsd, musl.
Ran all experiments for strrchr
Benchmark = strrchr
Eq Classes:
	{'dietlibc'}
	{'openbsd', 'freebsd'}
	{'klibc'}
	{'musl'}
Inequivalence Classes:
	dietlibc inequivalent with the classes {'klibc', 'freebsd'}
	freebsd inequivalent with the classes {'klibc', 'dietlibc'}
	klibc inequivalent with the classes {'freebsd', 'dietlibc'}
	musl inequivalent with the classes set()
	openbsd inequivalent with the classes {'klibc', 'dietlibc'}
Running benchmarks for strrchr
	Running the tool for benchmark strrchr with src=glibc, dst=newlib
		Found errcode -6 for strrchr, glibc, newlib.
	Running the tool for benchmark strrchr with src=newlib, dst=glibc
		Found errcode -6 for strrchr, newlib, glibc.
Ran all experiments for strrchr
Benchmark = strrchr
Eq Classes:
	{'glibc'}
	{'newlib'}
Inequivalence Classes:
	glibc inequivalent with the classes set()
	newlib inequivalent with the classes set()
Running benchmarks for strsep
	Running the tool for benchmark strsep with src=dietlibc, dst=freebsd
		Found errcode -6 for strsep, dietlibc, freebsd.
	Running the tool for benchmark strsep with src=freebsd, dst=dietlibc
		Found errcode -6 for strsep, freebsd, dietlibc.
	Running the tool for benchmark strsep with src=dietlibc, dst=openbsd
		Found errcode -6 for strsep, dietlibc, openbsd.
	Running the tool for benchmark strsep with src=openbsd, dst=dietlibc
		Found errcode -6 for strsep, openbsd, dietlibc.
	Running the tool for benchmark strsep with src=freebsd, dst=openbsd
		Found errcode -6 for strsep, freebsd, openbsd.
	Running the tool for benchmark strsep with src=openbsd, dst=freebsd
		Found errcode -6 for strsep, openbsd, freebsd.
Ran all experiments for strsep
Benchmark = strsep
Eq Classes:
	{'dietlibc'}
	{'freebsd'}
	{'openbsd'}
Inequivalence Classes:
	dietlibc inequivalent with the classes set()
	freebsd inequivalent with the classes set()
	openbsd inequivalent with the classes set()
Running benchmarks for strsep
	Running the tool for benchmark strsep with src=glibc, dst=musl
		Found errcode -6 for strsep, glibc, musl.
	Running the tool for benchmark strsep with src=musl, dst=glibc
		Found errcode -6 for strsep, musl, glibc.
Ran all experiments for strsep
Benchmark = strsep
Eq Classes:
	{'glibc'}
	{'musl'}
Inequivalence Classes:
	glibc inequivalent with the classes set()
	musl inequivalent with the classes set()
Running benchmarks for strsep
Ran all experiments for strsep
Benchmark = strsep
Eq Classes:
	{'klibc'}
Inequivalence Classes:
	klibc inequivalent with the classes set()
Running benchmarks for strspn
	Running the tool for benchmark strspn with src=dietlibc, dst=freebsd
		Found errcode -6 for strspn, dietlibc, freebsd.
	Running the tool for benchmark strspn with src=freebsd, dst=dietlibc
		Found errcode -6 for strspn, freebsd, dietlibc.
	Running the tool for benchmark strspn with src=dietlibc, dst=musl
		Found errcode -6 for strspn, dietlibc, musl.
	Running the tool for benchmark strspn with src=musl, dst=dietlibc
		Found errcode -6 for strspn, musl, dietlibc.
	Running the tool for benchmark strspn with src=dietlibc, dst=newlib
		Found errcode -6 for strspn, dietlibc, newlib.
	Running the tool for benchmark strspn with src=newlib, dst=dietlibc
		Found errcode -6 for strspn, newlib, dietlibc.
	Running the tool for benchmark strspn with src=dietlibc, dst=openbsd
		Proved strspn to be inequivalent for dietlibc, openbsd.
	Running the tool for benchmark strspn with src=freebsd, dst=musl
		Found errcode -6 for strspn, freebsd, musl.
	Running the tool for benchmark strspn with src=musl, dst=freebsd
		Found errcode -6 for strspn, musl, freebsd.
	Running the tool for benchmark strspn with src=freebsd, dst=newlib
		Found errcode -6 for strspn, freebsd, newlib.
	Running the tool for benchmark strspn with src=newlib, dst=freebsd
		Found errcode -6 for strspn, newlib, freebsd.
	Running the tool for benchmark strspn with src=freebsd, dst=openbsd
		Found errcode -6 for strspn, freebsd, openbsd.
	Running the tool for benchmark strspn with src=openbsd, dst=freebsd
		Found errcode -6 for strspn, openbsd, freebsd.
	Running the tool for benchmark strspn with src=musl, dst=newlib
		Found errcode -6 for strspn, musl, newlib.
	Running the tool for benchmark strspn with src=newlib, dst=musl
		Found errcode -6 for strspn, newlib, musl.
	Running the tool for benchmark strspn with src=musl, dst=openbsd
		Found errcode -6 for strspn, musl, openbsd.
	Running the tool for benchmark strspn with src=openbsd, dst=musl
		Found errcode -6 for strspn, openbsd, musl.
	Running the tool for benchmark strspn with src=newlib, dst=openbsd
		Proved strspn to be inequivalent for newlib, openbsd.
Ran all experiments for strspn
Benchmark = strspn
Eq Classes:
	{'dietlibc'}
	{'freebsd'}
	{'musl'}
	{'newlib'}
	{'openbsd'}
Inequivalence Classes:
	dietlibc inequivalent with the classes {'openbsd'}
	freebsd inequivalent with the classes set()
	musl inequivalent with the classes set()
	newlib inequivalent with the classes {'openbsd'}
	openbsd inequivalent with the classes {'newlib', 'dietlibc'}
Running benchmarks for swab
	Running the tool for benchmark swab with src=dietlibc, dst=freebsd
		Proved swab to be inequivalent for dietlibc, freebsd.
	Running the tool for benchmark swab with src=dietlibc, dst=glibc
		Proved swab to be inequivalent for dietlibc, glibc.
	Running the tool for benchmark swab with src=dietlibc, dst=musl
		Proved swab to be inequivalent for dietlibc, musl.
	Running the tool for benchmark swab with src=dietlibc, dst=newlib
		Proved swab to be inequivalent for dietlibc, newlib.
	Running the tool for benchmark swab with src=dietlibc, dst=openbsd
		Proved swab to be inequivalent for dietlibc, openbsd.
	Running the tool for benchmark swab with src=freebsd, dst=glibc
		Proved swab to be inequivalent for freebsd, glibc.
	Running the tool for benchmark swab with src=freebsd, dst=musl
		Proved swab to be inequivalent for freebsd, musl.
	Running the tool for benchmark swab with src=freebsd, dst=newlib
		Proved swab to be inequivalent for freebsd, newlib.
	Running the tool for benchmark swab with src=freebsd, dst=openbsd
		Proved swab to be inequivalent for freebsd, openbsd.
	Running the tool for benchmark swab with src=glibc, dst=musl
		Proved swab to be inequivalent for glibc, musl.
	Running the tool for benchmark swab with src=glibc, dst=newlib
		Proved swab to be inequivalent for glibc, newlib.
	Running the tool for benchmark swab with src=glibc, dst=openbsd
		Proved swab to be inequivalent for glibc, openbsd.
	Running the tool for benchmark swab with src=musl, dst=newlib
		Proved swab to be inequivalent for musl, newlib.
	Running the tool for benchmark swab with src=musl, dst=openbsd
		Proved swab to be inequivalent for musl, openbsd.
	Running the tool for benchmark swab with src=newlib, dst=openbsd
		Proved swab to be inequivalent for newlib, openbsd.
Ran all experiments for swab
Benchmark = swab
Eq Classes:
	{'dietlibc'}
	{'freebsd'}
	{'glibc'}
	{'musl'}
	{'newlib'}
	{'openbsd'}
Inequivalence Classes:
	dietlibc inequivalent with the classes {'glibc', 'musl', 'newlib', 'openbsd', 'freebsd'}
	freebsd inequivalent with the classes {'glibc', 'musl', 'newlib', 'openbsd', 'dietlibc'}
	glibc inequivalent with the classes {'musl', 'newlib', 'dietlibc', 'openbsd', 'freebsd'}
	musl inequivalent with the classes {'glibc', 'newlib', 'dietlibc', 'openbsd', 'freebsd'}
	newlib inequivalent with the classes {'glibc', 'musl', 'freebsd', 'openbsd', 'dietlibc'}
	openbsd inequivalent with the classes {'glibc', 'musl', 'newlib', 'dietlibc', 'freebsd'}
