memccpy	dietlibc	freebsd	44.45392792671919	2
memccpy	dietlibc	klibc	40.089740335941315	2
memccpy	dietlibc	musl	110.81373333930969	2
memccpy	dietlibc	newlib_v1	40.59296308644116	2
memccpy	dietlibc	openbsd	45.20813131146133	2
memccpy	freebsd	klibc	26.89947913773358	2
memccpy	freebsd	musl	51.070294197648764	2
memccpy	freebsd	newlib_v1	27.298959171399474	2
memccpy	freebsd	openbsd	44.653840485960245	0
memccpy	klibc	musl	106.80061169527471	2
memccpy	klibc	newlib_v1	43.00383982248604	0
memcmp	dietlibc	freebsd	35.982096932828426	2
memcmp	dietlibc	klibc	37.135446013882756	0
memcmp	dietlibc	musl	38.28664377704263	0
memcmp	dietlibc	newlib_v1	37.786258256062865	0
memcmp	dietlibc	openbsd	35.776000037789345	2
memcmp	freebsd	openbsd	39.18712016567588	0
memcpy	dietlibc_v1	freebsd	151.58842661045492	2
memcpy	dietlibc_v1	klibc_v1	28.756022814661264	0
memcpy	dietlibc_v1	newlib_v1	28.152646465227008	0
memcpy	dietlibc_v1	openbsd	51.076613288372755	2
memcpy	freebsd	openbsd	195.64583339355886	2
memmove	dietlibc	freebsd	171.5502661485225	2
memmove	dietlibc	klibc_v1	46.462728610262275	2
memmove	dietlibc	newlib_v1	40.74122872389853	2
memmove	dietlibc	openbsd	172.45273046195507	2
memmove	freebsd	klibc_v1	180.53177407756448	2
memmove	freebsd	newlib_v1	182.48471873812377	2
memmove	freebsd	openbsd	TIMEOUT
memmove	openbsd	freebsd	1116.1306982319802	0
memmove	klibc_v1	newlib_v1	39.238927939906716	2
memrchr	dietlibc	freebsd	35.37795836478472	2
memrchr	dietlibc	glibc	151.4936102423817	2
memrchr	dietlibc	klibc	34.875708317384124	2
memrchr	dietlibc	musl	30.813793716952205	2
memrchr	dietlibc	newlib_v1	36.680642671883106	2
memrchr	dietlibc	openbsd	35.47750184871256	2
memrchr	freebsd	glibc	57.444291396066546	2
memrchr	freebsd	klibc	28.554549794644117	2
memrchr	freebsd	musl	25.540548894554377	2
memrchr	freebsd	newlib_v1	28.80563755147159	2
memrchr	freebsd	openbsd	39.189678153023124	0
memrchr	glibc	klibc	82.47398868389428	2
memrchr	glibc	musl	78.11017139442265	2
memrchr	glibc	newlib_v1	79.36319011636078	2
memrchr	klibc	musl	37.681540712714195	0
memrchr	klibc	newlib_v1	41.697345033288	0
memset	dietlibc	freebsd	72.04000380635262	2
memset	dietlibc	glibc	50.22552992776036	2
memset	dietlibc	klibc_v1	25.697208549827337	0
memset	dietlibc	musl	56.691324727609754	2
memset	dietlibc	newlib_v1	26.148841766640544	0
memset	dietlibc	openbsd	27.595068361610174	2
memset	freebsd	glibc	56.64230760000646	2
memset	freebsd	musl	75.24900489673018	2
memset	freebsd	openbsd	39.438925024122	2
memset	glibc	musl	82.26896365731955	2
memset	glibc	openbsd	46.2595922332257	2
memset	musl	openbsd	63.712832847610116	1
memset	openbsd	musl	56.889878526329994	2
stpcpy	dietlibc	freebsd	28.305219599977136	0
stpcpy	dietlibc	musl	50.62662882357836	2
stpcpy	dietlibc	newlib_v1	28.355231173336506	0
stpcpy	dietlibc	openbsd	27.80406717956066	0
strcasecmp	dietlibc	glibc	23.939776834100485	-6
strcasecmp	glibc	dietlibc	22.283297151327133	-6
strcasecmp	dietlibc	klibc	23.537294702604413	-6
strcasecmp	klibc	dietlibc	21.883523423224688	-6
strcasecmp	dietlibc	musl	25.996096722781658	-6
strcasecmp	musl	dietlibc	24.489761140197515	-6
strcasecmp	dietlibc	newlib	23.538864996284246	-6
strcasecmp	newlib	dietlibc	21.933457549661398	-6
strcasecmp	dietlibc	openbsd	20.880716735497117	1
strcasecmp	openbsd	dietlibc	28.504374051466584	-6
strcasecmp	glibc	klibc	22.084695897996426	-6
strcasecmp	klibc	glibc	22.18521544523537	-6
strcasecmp	glibc	musl	23.438986284658313	-6
strcasecmp	musl	glibc	24.54254719801247	-6
strcasecmp	glibc	newlib	22.035262897610664	-6
strcasecmp	newlib	glibc	22.084499295800924	-6
strcasecmp	glibc	openbsd	20.730722807347775	1
strcasecmp	openbsd	glibc	28.402974147349596	-6
strcasecmp	klibc	musl	23.13562868721783	-6
strcasecmp	musl	klibc	24.64257357083261	-6
strcasecmp	klibc	newlib	22.135053297504783	-6
strcasecmp	newlib	klibc	21.68435627222061	-6
strcasecmp	klibc	openbsd	20.37987358123064	1
strcasecmp	openbsd	klibc	28.10290557704866	-6
strcasecmp	musl	newlib	24.39168167486787	-6
strcasecmp	newlib	musl	23.48776936158538	-6
strcasecmp	musl	openbsd	21.933121372014284	1
strcasecmp	openbsd	musl	29.654372345656157	-6
strcasecmp	newlib	openbsd	20.830858189612627	1
strcasecmp	openbsd	newlib	28.153906241059303	-6
strchr	dietlibc	freebsd	26.046383211389184	1
strchr	freebsd	dietlibc	24.391731252893806	1
strchr	dietlibc	glibc	424.64420313201845	2
strchr	dietlibc	klibc	38.286482287570834	2
strchr	dietlibc	musl	26.29891145788133	1
strchr	musl	dietlibc	24.887245431542397	1
strchr	dietlibc	newlib_v1	41.99817201308906	2
strchr	dietlibc	openbsd	39.18711677193642	2
strchr	freebsd	glibc	35.52652565576136	1
strchr	glibc	freebsd	42.99980454519391	1
strchr	freebsd	klibc	20.37913776934147	1
strchr	klibc	freebsd	19.928206104785204	1
strchr	freebsd	musl	20.02839725278318	-6
strchr	musl	freebsd	20.028344865888357	-6
strchr	freebsd	newlib_v1	20.529504781588912	1
strchr	newlib_v1	freebsd	20.429209453985095	1
strchr	freebsd	openbsd	20.42983029037714	1
strchr	openbsd	freebsd	20.128941126167774	1
strchr	glibc	klibc	65.32113847881556	2
strchr	glibc	musl	42.94903917610645	1
strchr	musl	glibc	35.62638886459172	1
strchr	glibc	newlib_v1	63.66533386707306	2
strchr	glibc	openbsd	65.12021890096366	2
strchr	klibc	musl	20.129192382097244	1
strchr	musl	klibc	20.028675951063633	1
strchr	klibc	newlib_v1	27.20187671482563	0
strchr	klibc	openbsd	26.750384574756026	0
strchr	musl	newlib_v1	20.68027446605265	1
strchr	newlib_v1	musl	20.680487532168627	1
strchr	musl	openbsd	19.97837457433343	1
strchr	openbsd	musl	20.429790752008557	1
strcmp	dietlibc_v1	freebsd	30.111526718363166	2
strcmp	dietlibc_v1	glibc	27.3022995069623	2
strcmp	dietlibc_v1	klibc	28.75601270236075	2
strcmp	dietlibc_v1	musl	28.054869862273335	2
strcmp	dietlibc_v1	newlib_v1	28.305687496438622	2
strcmp	dietlibc_v1	openbsd	29.207908757030964	2
strcmp	freebsd	glibc	28.45405449718237	0
strcmp	freebsd	klibc	29.508104097098112	0
strcmp	freebsd	musl	28.80504342354834	0
strcmp	freebsd	newlib_v1	29.206544304266572	0
strcmp	freebsd	openbsd	29.10710155405104	0
strcpy	dietlibc_v1	freebsd	27.553889833390713	0
strcpy	dietlibc_v1	klibc	27.904330478981137	0
strcpy	dietlibc_v1	newlib_v1	27.151847733184695	0
strcpy	dietlibc_v1	openbsd	27.603409130126238	0
strcspn	dietlibc	freebsd	27.901324002072215	-6
strcspn	freebsd	dietlibc	24.643380856141448	-6
strcspn	dietlibc	newlib	29.809307131916285	-6
strcspn	newlib	dietlibc	30.71212731488049	-6
strcspn	dietlibc	openbsd	38.387808445841074	2
strcspn	freebsd	newlib	25.244746759533882	-6
strcspn	newlib	freebsd	28.10317870043218	-6
strcspn	freebsd	openbsd	24.441140120849013	-6
strcspn	openbsd	freebsd	26.64713096432388	-6
strcspn	newlib	openbsd	47.917787017300725	2
strlcpy	dietlibc	freebsd	36.3262710608542	2
strlcpy	dietlibc	klibc	32.86823830008507	2
strlcpy	dietlibc	newlib	36.479886423796415	2
strlcpy	dietlibc	openbsd	36.5797753483057	2
strlcpy	freebsd	klibc	30.4608456492424	2
strlcpy	freebsd	newlib	76.01084008999169	0
strlcpy	freebsd	openbsd	75.40229695662856	0
strlen	dietlibc	freebsd	37.28167302720249	2
strlen	dietlibc	glibc	27.551491817459464	2
strlen	dietlibc	klibc	22.335514474660158	2
strlen	dietlibc	musl	25.244016408920288	2
strlen	dietlibc	newlib	25.244617622345686	2
strlen	dietlibc	openbsd	22.586258731782436	2
strlen	freebsd	glibc	43.90122916735709	2
strlen	freebsd	klibc	39.38590823300183	2
strlen	freebsd	musl	41.54585983231664	2
strlen	freebsd	newlib	41.84665906056762	2
strlen	freebsd	openbsd	39.436391519382596	2
strlen	glibc	klibc	30.662993108853698	2
strlen	glibc	musl	175.67705901525915	2
strlen	glibc	newlib	182.94620272517204	2
strlen	glibc	openbsd	30.913941238075495	2
strlen	klibc	musl	54.890624806284904	2
strlen	klibc	newlib	60.70735281892121	2
strlen	klibc	openbsd	22.236121088266373	0
strlen	musl	newlib	45.162988878786564	-6
strlen	newlib	musl	46.3173708897084	-6
strncasecmp	dietlibc	klibc	29.808905825018883	-6
strncasecmp	klibc	dietlibc	26.09682721272111	-6
strncasecmp	dietlibc	musl	33.21966052427888	-6
strncasecmp	musl	dietlibc	30.009333673864603	-6
strncasecmp	dietlibc	newlib	29.65805690549314	-6
strncasecmp	newlib	dietlibc	25.846435546875	-6
strncasecmp	klibc	musl	26.19795661792159	-6
strncasecmp	musl	klibc	27.752800496295094	-6
strncasecmp	klibc	newlib	23.53900757804513	-6
strncasecmp	newlib	klibc	23.890294328331947	-6
strncasecmp	musl	newlib	27.95263816229999	-6
strncasecmp	newlib	musl	26.096957191824913	-6
strncmp	dietlibc	freebsd	43.40371812321246	1
strncmp	freebsd	dietlibc	27.150655336678028	2
strncmp	dietlibc	glibc	99.43013137206435	2
strncmp	dietlibc	klibc	39.439315874129534	0
strncmp	dietlibc	musl	46.91204251162708	2
strncmp	dietlibc	newlib_v1	43.80353498831391	1
strncmp	newlib_v1	dietlibc	28.053825544193387	2
strncmp	dietlibc	openbsd	42.501551086083055	2
strncmp	freebsd	glibc	86.94131722487509	2
strncmp	freebsd	musl	46.462445825338364	0
strncmp	freebsd	newlib_v1	42.05093017406762	0
strncmp	freebsd	openbsd	41.448646511882544	0
strpbrk	dietlibc	freebsd	31.666280338540673	-6
strpbrk	freebsd	dietlibc	30.863535102456808	-6
strpbrk	dietlibc	newlib	32.01595674268901	-6
strpbrk	newlib	dietlibc	29.105090975761414	2
strpbrk	dietlibc	openbsd	29.85935163870454	-6
strpbrk	openbsd	dietlibc	31.16372430883348	-6
strpbrk	freebsd	newlib	31.463616408407688	-6
strpbrk	newlib	freebsd	28.604768577963114	2
strpbrk	freebsd	openbsd	32.56840128265321	-6
strpbrk	openbsd	freebsd	32.718485694378614	-6
strpbrk	newlib	openbsd	28.453902853652835	2
strpbrk	glibc	musl	19.476709542796016	-6
strpbrk	musl	glibc	20.028858358040452	-6
strrchr	dietlibc	freebsd	38.68695497140288	2
strrchr	dietlibc	klibc	38.43451853469014	2
strrchr	dietlibc	musl	27.200875911861658	1
strrchr	musl	dietlibc	24.893273727968335	1
strrchr	dietlibc	openbsd	43.65290778875351	2
strrchr	freebsd	klibc	27.451298221945763	2
strrchr	freebsd	musl	20.22750449180603	1
strrchr	musl	freebsd	19.8264322001487	1
strrchr	freebsd	openbsd	27.49936307966709	0
strrchr	klibc	musl	19.775650784373283	1
strrchr	musl	klibc	19.777240470051765	1
strrchr	musl	openbsd	19.777811862528324	1
strrchr	openbsd	musl	20.329780738800764	1
strrchr	glibc	newlib	21.934115322306752	-6
strrchr	newlib	glibc	21.48239533044398	-6
strsep	dietlibc	freebsd	27.200753435492516	-6
strsep	freebsd	dietlibc	27.451179031282663	-6
strsep	dietlibc	openbsd	27.250545410439372	-6
strsep	openbsd	dietlibc	27.450973104685545	-6
strsep	freebsd	openbsd	26.99874520301819	-6
strsep	openbsd	freebsd	27.048943972215056	-6
strsep	glibc	musl	20.428312903270125	-6
strsep	musl	glibc	20.578551752492785	-6
strspn	dietlibc	freebsd	28.202584946528077	-6
strspn	freebsd	dietlibc	24.84197265841067	-6
strspn	dietlibc	musl	31.463037064298987	-6
strspn	musl	dietlibc	32.26565067097545	-6
strspn	dietlibc	newlib	32.36708885617554	-6
strspn	newlib	dietlibc	32.066459119319916	-6
strspn	dietlibc	openbsd	47.115525867789984	2
strspn	freebsd	musl	30.86174275353551	-6
strspn	musl	freebsd	32.51589432172477	-6
strspn	freebsd	newlib	24.54214369878173	-6
strspn	newlib	freebsd	27.65157675370574	-6
strspn	freebsd	openbsd	24.291566867381334	-6
strspn	openbsd	freebsd	26.24770357273519	-6
strspn	musl	newlib	31.61387270130217	-6
strspn	newlib	musl	31.363198632374406	-6
strspn	musl	openbsd	31.46369412727654	-6
strspn	openbsd	musl	29.85896193049848	-6
strspn	newlib	openbsd	40.49433667771518	2
swab	dietlibc	freebsd	1107.0016946215183	2
swab	dietlibc	glibc	32.06665769778192	2
swab	dietlibc	musl	31.91525104828179	2
swab	dietlibc	newlib	31.21369282528758	2
swab	dietlibc	openbsd	30.360091978684068	2
swab	freebsd	glibc	1111.7752592414618	2
swab	freebsd	musl	1111.2046027556062	2
swab	freebsd	newlib	1111.1544734165072	2
swab	freebsd	openbsd	1110.3940645288676	2
swab	glibc	musl	33.31921233609319	2
swab	glibc	newlib	31.66382372379303	2
swab	glibc	openbsd	31.312906954437494	2
swab	musl	newlib	32.41635899618268	2
swab	musl	openbsd	31.011419063434005	2
swab	newlib	openbsd	29.20656344667077	2
